
=INFO REPORT==== 19-Aug-2012::14:30:19 ===
Starting Boss in development mode....

=INFO REPORT==== 19-Aug-2012::14:30:19 ===
Starting master services on 'helpdesk@simba-Aspire-4920'

=INFO REPORT==== 19-Aug-2012::14:30:19 ===
SSL:[]

=INFO REPORT==== 19-Aug-2012::14:30:19 ===
Loading routes from "../cb_admin/priv/cb_admin.routes" ....

=INFO REPORT==== 19-Aug-2012::14:30:19 ===
Loading routes from "/home/simba/hacking/erlang/helpdesk/priv/helpdesk.routes" ....

=INFO REPORT==== 19-Aug-2012::14:30:22 ===
Loading routes from "/home/simba/hacking/erlang/helpdesk/priv/helpdesk.routes" ....

=INFO REPORT==== 19-Aug-2012::14:30:22 ===
GET /request/index [helpdesk] 200 198ms

=INFO REPORT==== 19-Aug-2012::14:30:24 ===
Loading routes from "/home/simba/hacking/erlang/helpdesk/priv/helpdesk.routes" ....

=INFO REPORT==== 19-Aug-2012::14:30:24 ===
GET /request/create [helpdesk] 200 229ms

=INFO REPORT==== 19-Aug-2012::14:30:26 ===
Loading routes from "/home/simba/hacking/erlang/helpdesk/priv/helpdesk.routes" ....

=ERROR REPORT==== 19-Aug-2012::14:30:26 ===
{undef,[{request,new,
                 [id,undefined,undefined,undefined,
                  {{2012,8,19},{14,30,26}},
                  {{2012,8,19},{14,30,26}}]},
        {helpdesk_request_controller,create,4},
        {boss_web_controller,execute_action,5},
        {boss_web_controller,process_request,5},
        {timer,tc,3},
        {boss_web_controller,handle_request,3},
        {mochiweb_http,headers,5},
        {proc_lib,init_p_do_apply,3}]}

=ERROR REPORT==== 19-Aug-2012::14:30:26 ===
POST /request/create [helpdesk] 500 218ms

=INFO REPORT==== 19-Aug-2012::14:30:33 ===
Loading routes from "/home/simba/hacking/erlang/helpdesk/priv/helpdesk.routes" ....

=INFO REPORT==== 19-Aug-2012::14:30:34 ===
GET /request/index [helpdesk] 200 233ms

=INFO REPORT==== 19-Aug-2012::14:35:51 ===
Loading routes from "/home/simba/hacking/erlang/helpdesk/priv/helpdesk.routes" ....

=INFO REPORT==== 19-Aug-2012::14:35:51 ===
GET /request/create [helpdesk] 200 96ms

=INFO REPORT==== 19-Aug-2012::14:37:42 ===
Loading routes from "/home/simba/hacking/erlang/helpdesk/priv/helpdesk.routes" ....

=INFO REPORT==== 19-Aug-2012::14:37:42 ===
GET /request/create [helpdesk] 200 233ms

=INFO REPORT==== 19-Aug-2012::14:37:43 ===
Loading routes from "/home/simba/hacking/erlang/helpdesk/priv/helpdesk.routes" ....

=ERROR REPORT==== 19-Aug-2012::14:37:43 ===
{undef,[{request,new,
                 [id,undefined,undefined,undefined,undefined,
                  {{2012,8,19},{14,37,43}},
                  {{2012,8,19},{14,37,43}},
                  [],[],[]]},
        {helpdesk_request_controller,create,4},
        {boss_web_controller,execute_action,5},
        {boss_web_controller,process_request,5},
        {timer,tc,3},
        {boss_web_controller,handle_request,3},
        {mochiweb_http,headers,5},
        {proc_lib,init_p_do_apply,3}]}

=ERROR REPORT==== 19-Aug-2012::14:37:43 ===
POST /request/create [helpdesk] 500 221ms

=INFO REPORT==== 19-Aug-2012::14:40:20 ===
Loading routes from "/home/simba/hacking/erlang/helpdesk/priv/helpdesk.routes" ....

=INFO REPORT==== 19-Aug-2012::14:40:20 ===
GET /request/index [helpdesk] 200 234ms

=INFO REPORT==== 19-Aug-2012::14:40:22 ===
Loading routes from "/home/simba/hacking/erlang/helpdesk/priv/helpdesk.routes" ....

=INFO REPORT==== 19-Aug-2012::14:40:22 ===
GET /request/create [helpdesk] 200 233ms

=INFO REPORT==== 19-Aug-2012::14:40:31 ===
Loading routes from "/home/simba/hacking/erlang/helpdesk/priv/helpdesk.routes" ....

=ERROR REPORT==== 19-Aug-2012::14:40:31 ===
{undef,[{request,new,
                 [id,undefined,undefined,undefined,undefined,
                  {{2012,8,19},{14,40,31}},
                  {{2012,8,19},{14,40,31}},
                  [],[],[]]},
        {helpdesk_request_controller,create,4},
        {boss_web_controller,execute_action,5},
        {boss_web_controller,process_request,5},
        {timer,tc,3},
        {boss_web_controller,handle_request,3},
        {mochiweb_http,headers,5},
        {proc_lib,init_p_do_apply,3}]}

=ERROR REPORT==== 19-Aug-2012::14:40:31 ===
POST /request/create [helpdesk] 500 219ms

=INFO REPORT==== 19-Aug-2012::14:43:23 ===
Loading routes from "/home/simba/hacking/erlang/helpdesk/priv/helpdesk.routes" ....

=ERROR REPORT==== 19-Aug-2012::14:43:23 ===
{undef,[{unbound_var,'Depart',[]},
        {erlydtl_filters,format_number,1},
        {boss_html_error_template,'-render_internal/4-fun-0-',2},
        {lists,mapfoldl,3},
        {erlydtl_runtime,forloop,3},
        {boss_html_error_template,'-render_internal/4-fun-2-',2},
        {lists,mapfoldl,3},
        {erlydtl_runtime,forloop,3}]}

=ERROR REPORT==== 19-Aug-2012::14:43:23 ===
POST /request/create [helpdesk] 500 105ms

=INFO REPORT==== 19-Aug-2012::14:45:12 ===
Loading routes from "/home/simba/hacking/erlang/helpdesk/priv/helpdesk.routes" ....

=INFO REPORT==== 19-Aug-2012::14:45:12 ===
POST /request/create [helpdesk] 302 246ms

=INFO REPORT==== 19-Aug-2012::14:45:12 ===
Loading routes from "/home/simba/hacking/erlang/helpdesk/priv/helpdesk.routes" ....

=INFO REPORT==== 19-Aug-2012::14:45:12 ===
GET /request/index [helpdesk] 200 233ms

=INFO REPORT==== 19-Aug-2012::14:53:24 ===
Loading routes from "/home/simba/hacking/erlang/helpdesk/priv/helpdesk.routes" ....

=INFO REPORT==== 19-Aug-2012::14:53:24 ===
GET /request/index [helpdesk] 200 347ms

=INFO REPORT==== 19-Aug-2012::14:53:51 ===
Loading routes from "/home/simba/hacking/erlang/helpdesk/priv/helpdesk.routes" ....

=INFO REPORT==== 19-Aug-2012::14:53:51 ===
GET /request/index [helpdesk] 200 339ms

=INFO REPORT==== 19-Aug-2012::14:54:03 ===
Loading routes from "/home/simba/hacking/erlang/helpdesk/priv/helpdesk.routes" ....

=INFO REPORT==== 19-Aug-2012::14:54:03 ===
GET /depart/index [helpdesk] 200 247ms

=INFO REPORT==== 19-Aug-2012::14:55:59 ===
Loading routes from "/home/simba/hacking/erlang/helpdesk/priv/helpdesk.routes" ....

=ERROR REPORT==== 19-Aug-2012::14:55:59 ===
{function_clause,
    [{erlydtl_filters,date,[undefined,<<"j N Y, H:i">>]},
     {helpdesk_view_request_index_html,'-render_internal/4-fun-2-',3},
     {lists,mapfoldl,3},
     {erlydtl_runtime,forloop,3},
     {helpdesk_view_request_index_html,render_internal,4},
     {helpdesk_view_request_index_html,render,2},
     {boss_web_controller,render_view,6},
     {boss_web_controller,execute_action,5}]}

=ERROR REPORT==== 19-Aug-2012::14:55:59 ===
GET /request/index [helpdesk] 500 342ms

=INFO REPORT==== 19-Aug-2012::14:56:45 ===
Loading routes from "/home/simba/hacking/erlang/helpdesk/priv/helpdesk.routes" ....

=ERROR REPORT==== 19-Aug-2012::14:56:45 ===
{function_clause,
    [{erlydtl_filters,date,[undefined,<<"j N Y, H:i">>]},
     {helpdesk_view_request_index_html,'-render_internal/4-fun-2-',3},
     {lists,mapfoldl,3},
     {erlydtl_runtime,forloop,3},
     {helpdesk_view_request_index_html,render_internal,4},
     {helpdesk_view_request_index_html,render,2},
     {boss_web_controller,render_view,6},
     {boss_web_controller,execute_action,5}]}

=ERROR REPORT==== 19-Aug-2012::14:56:45 ===
GET /request/index [helpdesk] 500 244ms

=INFO REPORT==== 19-Aug-2012::14:57:42 ===
Loading routes from "/home/simba/hacking/erlang/helpdesk/priv/helpdesk.routes" ....

=ERROR REPORT==== 19-Aug-2012::14:57:42 ===
{function_clause,
    [{erlydtl_filters,date,[undefined,<<"j N Y, H:i">>]},
     {helpdesk_view_request_index_html,'-render_internal/4-fun-2-',3},
     {lists,mapfoldl,3},
     {erlydtl_runtime,forloop,3},
     {helpdesk_view_request_index_html,render_internal,4},
     {helpdesk_view_request_index_html,render,2},
     {boss_web_controller,render_view,6},
     {boss_web_controller,execute_action,5}]}

=ERROR REPORT==== 19-Aug-2012::14:57:42 ===
GET /request/index [helpdesk] 500 336ms

=INFO REPORT==== 19-Aug-2012::14:57:43 ===
Loading routes from "/home/simba/hacking/erlang/helpdesk/priv/helpdesk.routes" ....

=ERROR REPORT==== 19-Aug-2012::14:57:43 ===
{function_clause,
    [{erlydtl_filters,date,[undefined,<<"j N Y, H:i">>]},
     {helpdesk_view_request_index_html,'-render_internal/4-fun-2-',3},
     {lists,mapfoldl,3},
     {erlydtl_runtime,forloop,3},
     {helpdesk_view_request_index_html,render_internal,4},
     {helpdesk_view_request_index_html,render,2},
     {boss_web_controller,render_view,6},
     {boss_web_controller,execute_action,5}]}

=ERROR REPORT==== 19-Aug-2012::14:57:43 ===
GET /request/index [helpdesk] 500 235ms

=INFO REPORT==== 19-Aug-2012::14:57:46 ===
Loading routes from "/home/simba/hacking/erlang/helpdesk/priv/helpdesk.routes" ....

=ERROR REPORT==== 19-Aug-2012::14:57:46 ===
{function_clause,
    [{erlydtl_filters,date,[undefined,<<"j N Y, H:i">>]},
     {helpdesk_view_request_index_html,'-render_internal/4-fun-2-',3},
     {lists,mapfoldl,3},
     {erlydtl_runtime,forloop,3},
     {helpdesk_view_request_index_html,render_internal,4},
     {helpdesk_view_request_index_html,render,2},
     {boss_web_controller,render_view,6},
     {boss_web_controller,execute_action,5}]}

=ERROR REPORT==== 19-Aug-2012::14:57:46 ===
GET /request/index [helpdesk] 500 237ms

=INFO REPORT==== 19-Aug-2012::15:00:18 ===
Loading routes from "/home/simba/hacking/erlang/helpdesk/priv/helpdesk.routes" ....

=INFO REPORT==== 19-Aug-2012::15:00:18 ===
GET /request/index [helpdesk] 200 331ms

=INFO REPORT==== 19-Aug-2012::15:00:40 ===
Loading routes from "/home/simba/hacking/erlang/helpdesk/priv/helpdesk.routes" ....

=INFO REPORT==== 19-Aug-2012::15:00:40 ===
GET /request/edit/request-4 [helpdesk] 200 292ms

=INFO REPORT==== 19-Aug-2012::15:01:00 ===
Loading routes from "/home/simba/hacking/erlang/helpdesk/priv/helpdesk.routes" ....

=ERROR REPORT==== 19-Aug-2012::15:01:00 ===
** Generic server <0.70.0> terminating 
** Last message in was {save_record,
                           {request,"request-4",null,null,null,null,
                               undefined,
                               {{2012,8,19},{8,45,12.0}},
                               {{2012,8,19},{8,45,12.0}},
                               {{2012,8,19},{8,45,12.0}},
                               {{2012,8,19},{8,45,12.0}},
                               {{2012,8,19},{8,45,12.0}},
                               null}}
** When Server state == {state,boss_db_adapter_pgsql,<0.71.0>,[],
                               {dict,0,16,16,8,80,48,
                                     {[],[],[],[],[],[],[],[],[],[],[],[],[],
                                      [],[],[]},
                                     {{[],[],[],[],[],[],[],[],[],[],[],[],[],
                                       [],[],[]}}},
                               false,60,db,0}
** Reason for termination == 
** {function_clause,[{boss_db_adapter_pgsql,pack_value,[null]},
                     {boss_db_adapter_pgsql,'-build_update_query/1-fun-0-',2},
                     {lists,foldl,3},
                     {boss_db_adapter_pgsql,build_update_query,1},
                     {boss_db_adapter_pgsql,save_record,2},
                     {boss_db_controller,handle_call,3},
                     {gen_server,handle_msg,5},
                     {proc_lib,init_p_do_apply,3}]}

=ERROR REPORT==== 19-Aug-2012::15:01:00 ===
{{function_clause,[{boss_db_adapter_pgsql,pack_value,[null]},
                   {boss_db_adapter_pgsql,'-build_update_query/1-fun-0-',2},
                   {lists,foldl,3},
                   {boss_db_adapter_pgsql,build_update_query,1},
                   {boss_db_adapter_pgsql,save_record,2},
                   {boss_db_controller,handle_call,3},
                   {gen_server,handle_msg,5},
                   {proc_lib,init_p_do_apply,3}]},
 {gen_server,call,
             [<0.70.0>,
              {save_record,{request,"request-4",null,null,null,null,undefined,
                                    {{2012,8,19},{8,45,12.0}},
                                    {{2012,8,19},{8,45,12.0}},
                                    {{2012,8,19},{8,45,12.0}},
                                    {{2012,8,19},{8,45,12.0}},
                                    {{2012,8,19},{8,45,12.0}},
                                    null}},
              30000]}}

=ERROR REPORT==== 19-Aug-2012::15:01:00 ===
POST /request/edit/request-4 [helpdesk] 500 235ms

=INFO REPORT==== 19-Aug-2012::15:02:10 ===
Loading routes from "/home/simba/hacking/erlang/helpdesk/priv/helpdesk.routes" ....

=INFO REPORT==== 19-Aug-2012::15:02:10 ===
GET /about [helpdesk] 200 234ms

=INFO REPORT==== 19-Aug-2012::15:02:11 ===
Loading routes from "/home/simba/hacking/erlang/helpdesk/priv/helpdesk.routes" ....

=ERROR REPORT==== 19-Aug-2012::15:02:11 ===
{function_clause,
    [{erlydtl_filters,date,[undefined,<<"j N Y, H:i">>]},
     {helpdesk_view_request_index_html,'-render_internal/4-fun-2-',3},
     {lists,mapfoldl,3},
     {erlydtl_runtime,forloop,3},
     {helpdesk_view_request_index_html,render_internal,4},
     {helpdesk_view_request_index_html,render,2},
     {boss_web_controller,render_view,6},
     {boss_web_controller,execute_action,5}]}

=ERROR REPORT==== 19-Aug-2012::15:02:11 ===
GET /request/index [helpdesk] 500 334ms

=INFO REPORT==== 19-Aug-2012::15:15:03 ===
Loading routes from "/home/simba/hacking/erlang/helpdesk/priv/helpdesk.routes" ....

=INFO REPORT==== 19-Aug-2012::15:15:04 ===
GET /request/index [helpdesk] 200 341ms

=INFO REPORT==== 19-Aug-2012::15:25:58 ===
Loading routes from "/home/simba/hacking/erlang/helpdesk/priv/helpdesk.routes" ....

=INFO REPORT==== 19-Aug-2012::15:25:58 ===
GET /depart/index [helpdesk] 200 242ms

=INFO REPORT==== 19-Aug-2012::15:25:59 ===
Loading routes from "/home/simba/hacking/erlang/helpdesk/priv/helpdesk.routes" ....

=INFO REPORT==== 19-Aug-2012::15:25:59 ===
GET /request/index [helpdesk] 200 335ms

=INFO REPORT==== 19-Aug-2012::15:27:58 ===
Loading routes from "/home/simba/hacking/erlang/helpdesk/priv/helpdesk.routes" ....

=INFO REPORT==== 19-Aug-2012::15:27:58 ===
GET /request/edit/request-4 [helpdesk] 200 289ms

=INFO REPORT==== 19-Aug-2012::15:28:09 ===
Loading routes from "/home/simba/hacking/erlang/helpdesk/priv/helpdesk.routes" ....

=ERROR REPORT==== 19-Aug-2012::15:28:09 ===
** Generic server <0.76.0> terminating 
** Last message in was {save_record,
                           {request,"request-4",null,null,null,null,"1",
                               {{2012,8,19},{8,45,12.0}},
                               {{2012,8,19},{8,45,12.0}},
                               {{2012,8,19},{8,45,12.0}},
                               {{2012,8,19},{8,45,12.0}},
                               {{2012,8,19},{15,28,9}},
                               null}}
** When Server state == {state,boss_db_adapter_pgsql,<0.77.0>,[],
                               {dict,0,16,16,8,80,48,
                                     {[],[],[],[],[],[],[],[],[],[],[],[],[],
                                      [],[],[]},
                                     {{[],[],[],[],[],[],[],[],[],[],[],[],[],
                                       [],[],[]}}},
                               false,60,db,0}
** Reason for termination == 
** {function_clause,[{boss_db_adapter_pgsql,pack_value,[null]},
                     {boss_db_adapter_pgsql,'-build_update_query/1-fun-0-',2},
                     {lists,foldl,3},
                     {boss_db_adapter_pgsql,build_update_query,1},
                     {boss_db_adapter_pgsql,save_record,2},
                     {boss_db_controller,handle_call,3},
                     {gen_server,handle_msg,5},
                     {proc_lib,init_p_do_apply,3}]}

=ERROR REPORT==== 19-Aug-2012::15:28:09 ===
{{function_clause,[{boss_db_adapter_pgsql,pack_value,[null]},
                   {boss_db_adapter_pgsql,'-build_update_query/1-fun-0-',2},
                   {lists,foldl,3},
                   {boss_db_adapter_pgsql,build_update_query,1},
                   {boss_db_adapter_pgsql,save_record,2},
                   {boss_db_controller,handle_call,3},
                   {gen_server,handle_msg,5},
                   {proc_lib,init_p_do_apply,3}]},
 {gen_server,call,
             [<0.76.0>,
              {save_record,{request,"request-4",null,null,null,null,"1",
                                    {{2012,8,19},{8,45,12.0}},
                                    {{2012,8,19},{8,45,12.0}},
                                    {{2012,8,19},{8,45,12.0}},
                                    {{2012,8,19},{8,45,12.0}},
                                    {{2012,8,19},{15,28,9}},
                                    null}},
              30000]}}

=ERROR REPORT==== 19-Aug-2012::15:28:09 ===
POST /request/edit/request-4 [helpdesk] 500 230ms

=INFO REPORT==== 19-Aug-2012::15:29:49 ===
Loading routes from "/home/simba/hacking/erlang/helpdesk/priv/helpdesk.routes" ....

=ERROR REPORT==== 19-Aug-2012::15:29:49 ===
** Generic server <0.73.0> terminating 
** Last message in was {save_record,
                           {request,"request-4",null,null,null,null,"1",
                               {{2012,8,19},{8,45,12.0}},
                               {{2012,8,19},{8,45,12.0}},
                               {{2012,8,19},{8,45,12.0}},
                               {{2012,8,19},{8,45,12.0}},
                               {{2012,8,19},{15,29,49}},
                               [208,162,208,181,209,129,209,130,208,190,208,
                                178,208,190,208,181,32,208,183,208,176,208,
                                180,208,176,208,189,208,184,208,181,46]}}
** When Server state == {state,boss_db_adapter_pgsql,<0.74.0>,[],
                               {dict,0,16,16,8,80,48,
                                     {[],[],[],[],[],[],[],[],[],[],[],[],[],
                                      [],[],[]},
                                     {{[],[],[],[],[],[],[],[],[],[],[],[],[],
                                       [],[],[]}}},
                               false,60,db,0}
** Reason for termination == 
** {function_clause,[{boss_db_adapter_pgsql,pack_value,[null]},
                     {boss_db_adapter_pgsql,'-build_update_query/1-fun-0-',2},
                     {lists,foldl,3},
                     {boss_db_adapter_pgsql,build_update_query,1},
                     {boss_db_adapter_pgsql,save_record,2},
                     {boss_db_controller,handle_call,3},
                     {gen_server,handle_msg,5},
                     {proc_lib,init_p_do_apply,3}]}

=ERROR REPORT==== 19-Aug-2012::15:29:49 ===
{{function_clause,[{boss_db_adapter_pgsql,pack_value,[null]},
                   {boss_db_adapter_pgsql,'-build_update_query/1-fun-0-',2},
                   {lists,foldl,3},
                   {boss_db_adapter_pgsql,build_update_query,1},
                   {boss_db_adapter_pgsql,save_record,2},
                   {boss_db_controller,handle_call,3},
                   {gen_server,handle_msg,5},
                   {proc_lib,init_p_do_apply,3}]},
 {gen_server,call,
             [<0.73.0>,
              {save_record,{request,"request-4",null,null,null,null,"1",
                                    {{2012,8,19},{8,45,12.0}},
                                    {{2012,8,19},{8,45,12.0}},
                                    {{2012,8,19},{8,45,12.0}},
                                    {{2012,8,19},{8,45,12.0}},
                                    {{2012,8,19},{15,29,49}},
                                    [208,162,208,181,209,129,209,130,208,190,
                                     208,178,208,190,208,181,32,208,183,208,
                                     176,208,180,208,176,208,189,208,184,208,
                                     181,46]}},
              30000]}}

=ERROR REPORT==== 19-Aug-2012::15:29:49 ===
POST /request/edit/request-4 [helpdesk] 500 248ms

=INFO REPORT==== 19-Aug-2012::15:29:52 ===
Loading routes from "/home/simba/hacking/erlang/helpdesk/priv/helpdesk.routes" ....

=ERROR REPORT==== 19-Aug-2012::15:29:52 ===
** Generic server <0.543.0> terminating 
** Last message in was {save_record,
                           {request,"request-4",null,null,null,null,"1",
                               {{2012,8,19},{8,45,12.0}},
                               {{2012,8,19},{8,45,12.0}},
                               {{2012,8,19},{8,45,12.0}},
                               {{2012,8,19},{8,45,12.0}},
                               {{2012,8,19},{15,29,52}},
                               [208,162,208,181,209,129,209,130,208,190,208,
                                178,208,190,208,181,32,208,183,208,176,208,
                                180,208,176,208,189,208,184,208,181,46]}}
** When Server state == {state,boss_db_adapter_pgsql,<0.544.0>,[],
                               {dict,0,16,16,8,80,48,
                                     {[],[],[],[],[],[],[],[],[],[],[],[],[],
                                      [],[],[]},
                                     {{[],[],[],[],[],[],[],[],[],[],[],[],[],
                                       [],[],[]}}},
                               false,60,db,0}
** Reason for termination == 
** {function_clause,[{boss_db_adapter_pgsql,pack_value,[null]},
                     {boss_db_adapter_pgsql,'-build_update_query/1-fun-0-',2},
                     {lists,foldl,3},
                     {boss_db_adapter_pgsql,build_update_query,1},
                     {boss_db_adapter_pgsql,save_record,2},
                     {boss_db_controller,handle_call,3},
                     {gen_server,handle_msg,5},
                     {proc_lib,init_p_do_apply,3}]}

=ERROR REPORT==== 19-Aug-2012::15:29:52 ===
{{function_clause,[{boss_db_adapter_pgsql,pack_value,[null]},
                   {boss_db_adapter_pgsql,'-build_update_query/1-fun-0-',2},
                   {lists,foldl,3},
                   {boss_db_adapter_pgsql,build_update_query,1},
                   {boss_db_adapter_pgsql,save_record,2},
                   {boss_db_controller,handle_call,3},
                   {gen_server,handle_msg,5},
                   {proc_lib,init_p_do_apply,3}]},
 {gen_server,call,
             [<0.543.0>,
              {save_record,{request,"request-4",null,null,null,null,"1",
                                    {{2012,8,19},{8,45,12.0}},
                                    {{2012,8,19},{8,45,12.0}},
                                    {{2012,8,19},{8,45,12.0}},
                                    {{2012,8,19},{8,45,12.0}},
                                    {{2012,8,19},{15,29,52}},
                                    [208,162,208,181,209,129,209,130,208,190,
                                     208,178,208,190,208,181,32,208,183,208,
                                     176,208,180,208,176,208,189,208,184,208,
                                     181,46]}},
              30000]}}

=ERROR REPORT==== 19-Aug-2012::15:29:52 ===
POST /request/edit/request-4 [helpdesk] 500 234ms

=INFO REPORT==== 19-Aug-2012::15:32:28 ===
Loading routes from "/home/simba/hacking/erlang/helpdesk/priv/helpdesk.routes" ....

=ERROR REPORT==== 19-Aug-2012::15:32:28 ===
** Generic server <0.65.0> terminating 
** Last message in was {save_record,
                           {request,"request-4",null,null,null,null,"1",
                               {{2012,8,19},{8,45,12.0}},
                               {{2012,8,19},{8,45,12.0}},
                               {{2012,8,19},{8,45,12.0}},
                               {{2012,8,19},{8,45,12.0}},
                               {{2012,8,19},{15,32,28}},
                               [208,162,208,181,209,129,209,130,208,190,208,
                                178,208,190,208,181,32,208,183,208,176,208,
                                180,208,176,208,189,208,184,208,181,46]}}
** When Server state == {state,boss_db_adapter_pgsql,<0.66.0>,[],
                               {dict,0,16,16,8,80,48,
                                     {[],[],[],[],[],[],[],[],[],[],[],[],[],
                                      [],[],[]},
                                     {{[],[],[],[],[],[],[],[],[],[],[],[],[],
                                       [],[],[]}}},
                               false,60,db,0}
** Reason for termination == 
** {function_clause,[{boss_db_adapter_pgsql,pack_value,[null]},
                     {boss_db_adapter_pgsql,'-build_update_query/1-fun-0-',2},
                     {lists,foldl,3},
                     {boss_db_adapter_pgsql,build_update_query,1},
                     {boss_db_adapter_pgsql,save_record,2},
                     {boss_db_controller,handle_call,3},
                     {gen_server,handle_msg,5},
                     {proc_lib,init_p_do_apply,3}]}

=ERROR REPORT==== 19-Aug-2012::15:32:28 ===
{{function_clause,[{boss_db_adapter_pgsql,pack_value,[null]},
                   {boss_db_adapter_pgsql,'-build_update_query/1-fun-0-',2},
                   {lists,foldl,3},
                   {boss_db_adapter_pgsql,build_update_query,1},
                   {boss_db_adapter_pgsql,save_record,2},
                   {boss_db_controller,handle_call,3},
                   {gen_server,handle_msg,5},
                   {proc_lib,init_p_do_apply,3}]},
 {gen_server,call,
             [<0.65.0>,
              {save_record,{request,"request-4",null,null,null,null,"1",
                                    {{2012,8,19},{8,45,12.0}},
                                    {{2012,8,19},{8,45,12.0}},
                                    {{2012,8,19},{8,45,12.0}},
                                    {{2012,8,19},{8,45,12.0}},
                                    {{2012,8,19},{15,32,28}},
                                    [208,162,208,181,209,129,209,130,208,190,
                                     208,178,208,190,208,181,32,208,183,208,
                                     176,208,180,208,176,208,189,208,184,208,
                                     181,46]}},
              30000]}}

=ERROR REPORT==== 19-Aug-2012::15:32:28 ===
POST /request/edit/request-4 [helpdesk] 500 228ms

=INFO REPORT==== 19-Aug-2012::15:32:49 ===
Loading routes from "/home/simba/hacking/erlang/helpdesk/priv/helpdesk.routes" ....

=ERROR REPORT==== 19-Aug-2012::15:32:50 ===
** Generic server <0.79.0> terminating 
** Last message in was {save_record,
                           {request,"request-4",null,null,null,null,"1",
                               {{2012,8,19},{8,45,12.0}},
                               {{2012,8,19},{8,45,12.0}},
                               {{2012,8,19},{8,45,12.0}},
                               {{2012,8,19},{8,45,12.0}},
                               {{2012,8,19},{15,32,50}},
                               [208,162,208,181,209,129,209,130,208,190,208,
                                178,208,190,208,181,32,208,183,208,176,208,
                                180,208,176,208,189,208,184,208,181,46]}}
** When Server state == {state,boss_db_adapter_pgsql,<0.80.0>,[],
                               {dict,0,16,16,8,80,48,
                                     {[],[],[],[],[],[],[],[],[],[],[],[],[],
                                      [],[],[]},
                                     {{[],[],[],[],[],[],[],[],[],[],[],[],[],
                                       [],[],[]}}},
                               false,60,db,0}
** Reason for termination == 
** {function_clause,[{boss_db_adapter_pgsql,pack_value,[null]},
                     {boss_db_adapter_pgsql,'-build_update_query/1-fun-0-',2},
                     {lists,foldl,3},
                     {boss_db_adapter_pgsql,build_update_query,1},
                     {boss_db_adapter_pgsql,save_record,2},
                     {boss_db_controller,handle_call,3},
                     {gen_server,handle_msg,5},
                     {proc_lib,init_p_do_apply,3}]}

=ERROR REPORT==== 19-Aug-2012::15:32:50 ===
{{function_clause,[{boss_db_adapter_pgsql,pack_value,[null]},
                   {boss_db_adapter_pgsql,'-build_update_query/1-fun-0-',2},
                   {lists,foldl,3},
                   {boss_db_adapter_pgsql,build_update_query,1},
                   {boss_db_adapter_pgsql,save_record,2},
                   {boss_db_controller,handle_call,3},
                   {gen_server,handle_msg,5},
                   {proc_lib,init_p_do_apply,3}]},
 {gen_server,call,
             [<0.79.0>,
              {save_record,{request,"request-4",null,null,null,null,"1",
                                    {{2012,8,19},{8,45,12.0}},
                                    {{2012,8,19},{8,45,12.0}},
                                    {{2012,8,19},{8,45,12.0}},
                                    {{2012,8,19},{8,45,12.0}},
                                    {{2012,8,19},{15,32,50}},
                                    [208,162,208,181,209,129,209,130,208,190,
                                     208,178,208,190,208,181,32,208,183,208,
                                     176,208,180,208,176,208,189,208,184,208,
                                     181,46]}},
              30000]}}

=ERROR REPORT==== 19-Aug-2012::15:32:50 ===
POST /request/edit/request-4 [helpdesk] 500 229ms

=INFO REPORT==== 19-Aug-2012::15:34:52 ===
Loading routes from "/home/simba/hacking/erlang/helpdesk/priv/helpdesk.routes" ....

=INFO REPORT==== 19-Aug-2012::15:34:53 ===
GET /request/index [helpdesk] 200 241ms

=INFO REPORT==== 19-Aug-2012::15:34:55 ===
Loading routes from "/home/simba/hacking/erlang/helpdesk/priv/helpdesk.routes" ....

=INFO REPORT==== 19-Aug-2012::15:34:55 ===
GET /request/edit/request-4 [helpdesk] 200 241ms

=INFO REPORT==== 19-Aug-2012::15:34:57 ===
Loading routes from "/home/simba/hacking/erlang/helpdesk/priv/helpdesk.routes" ....

=ERROR REPORT==== 19-Aug-2012::15:34:58 ===
** Generic server <0.691.0> terminating 
** Last message in was {save_record,
                           {request,"request-4",null,null,null,null,"null",
                               {{2012,8,19},{8,45,12.0}},
                               {{2012,8,19},{8,45,12.0}},
                               {{2012,8,19},{8,45,12.0}},
                               {{2012,8,19},{8,45,12.0}},
                               {{2012,8,19},{15,34,58}},
                               "null"}}
** When Server state == {state,boss_db_adapter_pgsql,<0.692.0>,[],
                               {dict,0,16,16,8,80,48,
                                     {[],[],[],[],[],[],[],[],[],[],[],[],[],
                                      [],[],[]},
                                     {{[],[],[],[],[],[],[],[],[],[],[],[],[],
                                       [],[],[]}}},
                               false,60,db,0}
** Reason for termination == 
** {function_clause,[{boss_db_adapter_pgsql,pack_value,[null]},
                     {boss_db_adapter_pgsql,'-build_update_query/1-fun-0-',2},
                     {lists,foldl,3},
                     {boss_db_adapter_pgsql,build_update_query,1},
                     {boss_db_adapter_pgsql,save_record,2},
                     {boss_db_controller,handle_call,3},
                     {gen_server,handle_msg,5},
                     {proc_lib,init_p_do_apply,3}]}

=ERROR REPORT==== 19-Aug-2012::15:34:58 ===
{{function_clause,[{boss_db_adapter_pgsql,pack_value,[null]},
                   {boss_db_adapter_pgsql,'-build_update_query/1-fun-0-',2},
                   {lists,foldl,3},
                   {boss_db_adapter_pgsql,build_update_query,1},
                   {boss_db_adapter_pgsql,save_record,2},
                   {boss_db_controller,handle_call,3},
                   {gen_server,handle_msg,5},
                   {proc_lib,init_p_do_apply,3}]},
 {gen_server,call,
             [<0.691.0>,
              {save_record,{request,"request-4",null,null,null,null,"null",
                                    {{2012,8,19},{8,45,12.0}},
                                    {{2012,8,19},{8,45,12.0}},
                                    {{2012,8,19},{8,45,12.0}},
                                    {{2012,8,19},{8,45,12.0}},
                                    {{2012,8,19},{15,34,58}},
                                    "null"}},
              30000]}}

=ERROR REPORT==== 19-Aug-2012::15:34:58 ===
POST /request/edit/request-4 [helpdesk] 500 231ms

=INFO REPORT==== 19-Aug-2012::15:35:09 ===
Loading routes from "/home/simba/hacking/erlang/helpdesk/priv/helpdesk.routes" ....

=ERROR REPORT==== 19-Aug-2012::15:35:10 ===
** Generic server <0.709.0> terminating 
** Last message in was {save_record,
                           {request,"request-4",null,null,null,null,"123",
                               {{2012,8,19},{8,45,12.0}},
                               {{2012,8,19},{8,45,12.0}},
                               {{2012,8,19},{8,45,12.0}},
                               {{2012,8,19},{8,45,12.0}},
                               {{2012,8,19},{15,35,10}},
                               "123"}}
** When Server state == {state,boss_db_adapter_pgsql,<0.710.0>,[],
                               {dict,0,16,16,8,80,48,
                                     {[],[],[],[],[],[],[],[],[],[],[],[],[],
                                      [],[],[]},
                                     {{[],[],[],[],[],[],[],[],[],[],[],[],[],
                                       [],[],[]}}},
                               false,60,db,0}
** Reason for termination == 
** {function_clause,[{boss_db_adapter_pgsql,pack_value,[null]},
                     {boss_db_adapter_pgsql,'-build_update_query/1-fun-0-',2},
                     {lists,foldl,3},
                     {boss_db_adapter_pgsql,build_update_query,1},
                     {boss_db_adapter_pgsql,save_record,2},
                     {boss_db_controller,handle_call,3},
                     {gen_server,handle_msg,5},
                     {proc_lib,init_p_do_apply,3}]}

=ERROR REPORT==== 19-Aug-2012::15:35:10 ===
{{function_clause,[{boss_db_adapter_pgsql,pack_value,[null]},
                   {boss_db_adapter_pgsql,'-build_update_query/1-fun-0-',2},
                   {lists,foldl,3},
                   {boss_db_adapter_pgsql,build_update_query,1},
                   {boss_db_adapter_pgsql,save_record,2},
                   {boss_db_controller,handle_call,3},
                   {gen_server,handle_msg,5},
                   {proc_lib,init_p_do_apply,3}]},
 {gen_server,call,
             [<0.709.0>,
              {save_record,{request,"request-4",null,null,null,null,"123",
                                    {{2012,8,19},{8,45,12.0}},
                                    {{2012,8,19},{8,45,12.0}},
                                    {{2012,8,19},{8,45,12.0}},
                                    {{2012,8,19},{8,45,12.0}},
                                    {{2012,8,19},{15,35,10}},
                                    "123"}},
              30000]}}

=ERROR REPORT==== 19-Aug-2012::15:35:10 ===
POST /request/edit/request-4 [helpdesk] 500 232ms

=INFO REPORT==== 19-Aug-2012::15:35:28 ===
Loading routes from "/home/simba/hacking/erlang/helpdesk/priv/helpdesk.routes" ....

=ERROR REPORT==== 19-Aug-2012::15:35:28 ===
** Generic server <0.726.0> terminating 
** Last message in was {save_record,
                           {request,"request-4",null,null,null,null,"1",
                               {{2012,8,19},{8,45,12.0}},
                               {{2012,8,19},{8,45,12.0}},
                               {{2012,8,19},{8,45,12.0}},
                               {{2012,8,19},{8,45,12.0}},
                               {{2012,8,19},{15,35,28}},
                               "3"}}
** When Server state == {state,boss_db_adapter_pgsql,<0.727.0>,[],
                               {dict,0,16,16,8,80,48,
                                     {[],[],[],[],[],[],[],[],[],[],[],[],[],
                                      [],[],[]},
                                     {{[],[],[],[],[],[],[],[],[],[],[],[],[],
                                       [],[],[]}}},
                               false,60,db,0}
** Reason for termination == 
** {function_clause,[{boss_db_adapter_pgsql,pack_value,[null]},
                     {boss_db_adapter_pgsql,'-build_update_query/1-fun-0-',2},
                     {lists,foldl,3},
                     {boss_db_adapter_pgsql,build_update_query,1},
                     {boss_db_adapter_pgsql,save_record,2},
                     {boss_db_controller,handle_call,3},
                     {gen_server,handle_msg,5},
                     {proc_lib,init_p_do_apply,3}]}

=ERROR REPORT==== 19-Aug-2012::15:35:28 ===
{{function_clause,[{boss_db_adapter_pgsql,pack_value,[null]},
                   {boss_db_adapter_pgsql,'-build_update_query/1-fun-0-',2},
                   {lists,foldl,3},
                   {boss_db_adapter_pgsql,build_update_query,1},
                   {boss_db_adapter_pgsql,save_record,2},
                   {boss_db_controller,handle_call,3},
                   {gen_server,handle_msg,5},
                   {proc_lib,init_p_do_apply,3}]},
 {gen_server,call,
             [<0.726.0>,
              {save_record,{request,"request-4",null,null,null,null,"1",
                                    {{2012,8,19},{8,45,12.0}},
                                    {{2012,8,19},{8,45,12.0}},
                                    {{2012,8,19},{8,45,12.0}},
                                    {{2012,8,19},{8,45,12.0}},
                                    {{2012,8,19},{15,35,28}},
                                    "3"}},
              30000]}}

=ERROR REPORT==== 19-Aug-2012::15:35:28 ===
POST /request/edit/request-4 [helpdesk] 500 236ms

=INFO REPORT==== 19-Aug-2012::15:36:50 ===
Loading routes from "/home/simba/hacking/erlang/helpdesk/priv/helpdesk.routes" ....

=ERROR REPORT==== 19-Aug-2012::15:36:50 ===
** Generic server <0.657.0> terminating 
** Last message in was {save_record,
                           {request,"request-4",null,null,null,null,"1",
                               {{2012,8,19},{8,45,12.0}},
                               {{2012,8,19},{8,45,12.0}},
                               {{2012,8,19},{8,45,12.0}},
                               {{2012,8,19},{8,45,12.0}},
                               {{2012,8,19},{15,36,50}},
                               "3"}}
** When Server state == {state,boss_db_adapter_pgsql,<0.658.0>,[],
                               {dict,0,16,16,8,80,48,
                                     {[],[],[],[],[],[],[],[],[],[],[],[],[],
                                      [],[],[]},
                                     {{[],[],[],[],[],[],[],[],[],[],[],[],[],
                                       [],[],[]}}},
                               false,60,db,0}
** Reason for termination == 
** {function_clause,[{boss_db_adapter_pgsql,pack_value,[null]},
                     {boss_db_adapter_pgsql,'-build_update_query/1-fun-0-',2},
                     {lists,foldl,3},
                     {boss_db_adapter_pgsql,build_update_query,1},
                     {boss_db_adapter_pgsql,save_record,2},
                     {boss_db_controller,handle_call,3},
                     {gen_server,handle_msg,5},
                     {proc_lib,init_p_do_apply,3}]}

=ERROR REPORT==== 19-Aug-2012::15:36:50 ===
{{function_clause,[{boss_db_adapter_pgsql,pack_value,[null]},
                   {boss_db_adapter_pgsql,'-build_update_query/1-fun-0-',2},
                   {lists,foldl,3},
                   {boss_db_adapter_pgsql,build_update_query,1},
                   {boss_db_adapter_pgsql,save_record,2},
                   {boss_db_controller,handle_call,3},
                   {gen_server,handle_msg,5},
                   {proc_lib,init_p_do_apply,3}]},
 {gen_server,call,
             [<0.657.0>,
              {save_record,{request,"request-4",null,null,null,null,"1",
                                    {{2012,8,19},{8,45,12.0}},
                                    {{2012,8,19},{8,45,12.0}},
                                    {{2012,8,19},{8,45,12.0}},
                                    {{2012,8,19},{8,45,12.0}},
                                    {{2012,8,19},{15,36,50}},
                                    "3"}},
              30000]}}

=ERROR REPORT==== 19-Aug-2012::15:36:50 ===
POST /request/edit/request-4 [helpdesk] 500 231ms

=INFO REPORT==== 19-Aug-2012::15:36:57 ===
Loading routes from "/home/simba/hacking/erlang/helpdesk/priv/helpdesk.routes" ....

=ERROR REPORT==== 19-Aug-2012::15:36:57 ===
** Generic server <0.674.0> terminating 
** Last message in was {save_record,
                           {request,"request-4",null,null,null,null,"1",
                               {{2012,8,19},{8,45,12.0}},
                               {{2012,8,19},{8,45,12.0}},
                               {{2012,8,19},{8,45,12.0}},
                               {{2012,8,19},{8,45,12.0}},
                               {{2012,8,19},{15,36,57}},
                               "3"}}
** When Server state == {state,boss_db_adapter_pgsql,<0.675.0>,[],
                               {dict,0,16,16,8,80,48,
                                     {[],[],[],[],[],[],[],[],[],[],[],[],[],
                                      [],[],[]},
                                     {{[],[],[],[],[],[],[],[],[],[],[],[],[],
                                       [],[],[]}}},
                               false,60,db,0}
** Reason for termination == 
** {function_clause,[{boss_db_adapter_pgsql,pack_value,[null]},
                     {boss_db_adapter_pgsql,'-build_update_query/1-fun-0-',2},
                     {lists,foldl,3},
                     {boss_db_adapter_pgsql,build_update_query,1},
                     {boss_db_adapter_pgsql,save_record,2},
                     {boss_db_controller,handle_call,3},
                     {gen_server,handle_msg,5},
                     {proc_lib,init_p_do_apply,3}]}

=ERROR REPORT==== 19-Aug-2012::15:36:57 ===
{{function_clause,[{boss_db_adapter_pgsql,pack_value,[null]},
                   {boss_db_adapter_pgsql,'-build_update_query/1-fun-0-',2},
                   {lists,foldl,3},
                   {boss_db_adapter_pgsql,build_update_query,1},
                   {boss_db_adapter_pgsql,save_record,2},
                   {boss_db_controller,handle_call,3},
                   {gen_server,handle_msg,5},
                   {proc_lib,init_p_do_apply,3}]},
 {gen_server,call,
             [<0.674.0>,
              {save_record,{request,"request-4",null,null,null,null,"1",
                                    {{2012,8,19},{8,45,12.0}},
                                    {{2012,8,19},{8,45,12.0}},
                                    {{2012,8,19},{8,45,12.0}},
                                    {{2012,8,19},{8,45,12.0}},
                                    {{2012,8,19},{15,36,57}},
                                    "3"}},
              30000]}}

=ERROR REPORT==== 19-Aug-2012::15:36:57 ===
POST /request/edit/request-4 [helpdesk] 500 230ms

=INFO REPORT==== 19-Aug-2012::15:37:00 ===
Loading routes from "/home/simba/hacking/erlang/helpdesk/priv/helpdesk.routes" ....

=INFO REPORT==== 19-Aug-2012::15:37:00 ===
GET /request/index [helpdesk] 200 246ms

=INFO REPORT==== 19-Aug-2012::15:37:01 ===
Loading routes from "/home/simba/hacking/erlang/helpdesk/priv/helpdesk.routes" ....

=INFO REPORT==== 19-Aug-2012::15:37:02 ===
GET /request/edit/request-4 [helpdesk] 200 296ms

=INFO REPORT==== 19-Aug-2012::15:37:08 ===
Loading routes from "/home/simba/hacking/erlang/helpdesk/priv/helpdesk.routes" ....

=ERROR REPORT==== 19-Aug-2012::15:37:08 ===
** Generic server <0.808.0> terminating 
** Last message in was {save_record,
                           {request,"request-4",null,null,null,null,"1",
                               {{2012,8,19},{8,45,12.0}},
                               {{2012,8,19},{8,45,12.0}},
                               {{2012,8,19},{8,45,12.0}},
                               {{2012,8,19},{8,45,12.0}},
                               {{2012,8,19},{15,37,8}},
                               "3"}}
** When Server state == {state,boss_db_adapter_pgsql,<0.809.0>,[],
                               {dict,0,16,16,8,80,48,
                                     {[],[],[],[],[],[],[],[],[],[],[],[],[],
                                      [],[],[]},
                                     {{[],[],[],[],[],[],[],[],[],[],[],[],[],
                                       [],[],[]}}},
                               false,60,db,0}
** Reason for termination == 
** {function_clause,[{boss_db_adapter_pgsql,pack_value,[null]},
                     {boss_db_adapter_pgsql,'-build_update_query/1-fun-0-',2},
                     {lists,foldl,3},
                     {boss_db_adapter_pgsql,build_update_query,1},
                     {boss_db_adapter_pgsql,save_record,2},
                     {boss_db_controller,handle_call,3},
                     {gen_server,handle_msg,5},
                     {proc_lib,init_p_do_apply,3}]}

=ERROR REPORT==== 19-Aug-2012::15:37:08 ===
{{function_clause,[{boss_db_adapter_pgsql,pack_value,[null]},
                   {boss_db_adapter_pgsql,'-build_update_query/1-fun-0-',2},
                   {lists,foldl,3},
                   {boss_db_adapter_pgsql,build_update_query,1},
                   {boss_db_adapter_pgsql,save_record,2},
                   {boss_db_controller,handle_call,3},
                   {gen_server,handle_msg,5},
                   {proc_lib,init_p_do_apply,3}]},
 {gen_server,call,
             [<0.808.0>,
              {save_record,{request,"request-4",null,null,null,null,"1",
                                    {{2012,8,19},{8,45,12.0}},
                                    {{2012,8,19},{8,45,12.0}},
                                    {{2012,8,19},{8,45,12.0}},
                                    {{2012,8,19},{8,45,12.0}},
                                    {{2012,8,19},{15,37,8}},
                                    "3"}},
              30000]}}

=ERROR REPORT==== 19-Aug-2012::15:37:08 ===
POST /request/edit/request-4 [helpdesk] 500 231ms

=INFO REPORT==== 19-Aug-2012::15:38:26 ===
Loading routes from "/home/simba/hacking/erlang/helpdesk/priv/helpdesk.routes" ....

=INFO REPORT==== 19-Aug-2012::15:38:26 ===
GET /request/index [helpdesk] 200 251ms

=INFO REPORT==== 19-Aug-2012::15:38:29 ===
Loading routes from "/home/simba/hacking/erlang/helpdesk/priv/helpdesk.routes" ....

=INFO REPORT==== 19-Aug-2012::15:38:29 ===
GET /request/edit/request-4 [helpdesk] 200 298ms

=INFO REPORT==== 19-Aug-2012::15:38:40 ===
Loading routes from "/home/simba/hacking/erlang/helpdesk/priv/helpdesk.routes" ....

=ERROR REPORT==== 19-Aug-2012::15:38:40 ===
** Generic server <0.774.0> terminating 
** Last message in was {save_record,
                           {request,"request-4",null,null,null,null,"1",
                               {{2012,8,19},{8,45,12.0}},
                               {{2012,8,19},{8,45,12.0}},
                               {{2012,8,19},{8,45,12.0}},
                               {{2012,8,19},{8,45,12.0}},
                               {{2012,8,19},{15,38,40}},
                               "3"}}
** When Server state == {state,boss_db_adapter_pgsql,<0.775.0>,[],
                               {dict,0,16,16,8,80,48,
                                     {[],[],[],[],[],[],[],[],[],[],[],[],[],
                                      [],[],[]},
                                     {{[],[],[],[],[],[],[],[],[],[],[],[],[],
                                       [],[],[]}}},
                               false,60,db,0}
** Reason for termination == 
** {function_clause,[{boss_db_adapter_pgsql,pack_value,[null]},
                     {boss_db_adapter_pgsql,'-build_update_query/1-fun-0-',2},
                     {lists,foldl,3},
                     {boss_db_adapter_pgsql,build_update_query,1},
                     {boss_db_adapter_pgsql,save_record,2},
                     {boss_db_controller,handle_call,3},
                     {gen_server,handle_msg,5},
                     {proc_lib,init_p_do_apply,3}]}

=ERROR REPORT==== 19-Aug-2012::15:38:40 ===
{{function_clause,[{boss_db_adapter_pgsql,pack_value,[null]},
                   {boss_db_adapter_pgsql,'-build_update_query/1-fun-0-',2},
                   {lists,foldl,3},
                   {boss_db_adapter_pgsql,build_update_query,1},
                   {boss_db_adapter_pgsql,save_record,2},
                   {boss_db_controller,handle_call,3},
                   {gen_server,handle_msg,5},
                   {proc_lib,init_p_do_apply,3}]},
 {gen_server,call,
             [<0.774.0>,
              {save_record,{request,"request-4",null,null,null,null,"1",
                                    {{2012,8,19},{8,45,12.0}},
                                    {{2012,8,19},{8,45,12.0}},
                                    {{2012,8,19},{8,45,12.0}},
                                    {{2012,8,19},{8,45,12.0}},
                                    {{2012,8,19},{15,38,40}},
                                    "3"}},
              30000]}}

=ERROR REPORT==== 19-Aug-2012::15:38:40 ===
POST /request/edit/request-4 [helpdesk] 500 234ms

=INFO REPORT==== 19-Aug-2012::15:39:46 ===
Loading routes from "/home/simba/hacking/erlang/helpdesk/priv/helpdesk.routes" ....

=ERROR REPORT==== 19-Aug-2012::15:39:46 ===
** Generic server <0.791.0> terminating 
** Last message in was {save_record,
                           {request,"request-4",null,"2",null,null,"1",
                               {{2012,8,19},{8,45,12.0}},
                               {{2012,8,19},{8,45,12.0}},
                               {{2012,8,19},{8,45,12.0}},
                               {{2012,8,19},{8,45,12.0}},
                               {{2012,8,19},{15,39,46}},
                               "3"}}
** When Server state == {state,boss_db_adapter_pgsql,<0.792.0>,[],
                               {dict,0,16,16,8,80,48,
                                     {[],[],[],[],[],[],[],[],[],[],[],[],[],
                                      [],[],[]},
                                     {{[],[],[],[],[],[],[],[],[],[],[],[],[],
                                       [],[],[]}}},
                               false,60,db,0}
** Reason for termination == 
** {function_clause,[{boss_db_adapter_pgsql,pack_value,[null]},
                     {boss_db_adapter_pgsql,'-build_update_query/1-fun-0-',2},
                     {lists,foldl,3},
                     {boss_db_adapter_pgsql,build_update_query,1},
                     {boss_db_adapter_pgsql,save_record,2},
                     {boss_db_controller,handle_call,3},
                     {gen_server,handle_msg,5},
                     {proc_lib,init_p_do_apply,3}]}

=ERROR REPORT==== 19-Aug-2012::15:39:46 ===
{{function_clause,[{boss_db_adapter_pgsql,pack_value,[null]},
                   {boss_db_adapter_pgsql,'-build_update_query/1-fun-0-',2},
                   {lists,foldl,3},
                   {boss_db_adapter_pgsql,build_update_query,1},
                   {boss_db_adapter_pgsql,save_record,2},
                   {boss_db_controller,handle_call,3},
                   {gen_server,handle_msg,5},
                   {proc_lib,init_p_do_apply,3}]},
 {gen_server,call,
             [<0.791.0>,
              {save_record,{request,"request-4",null,"2",null,null,"1",
                                    {{2012,8,19},{8,45,12.0}},
                                    {{2012,8,19},{8,45,12.0}},
                                    {{2012,8,19},{8,45,12.0}},
                                    {{2012,8,19},{8,45,12.0}},
                                    {{2012,8,19},{15,39,46}},
                                    "3"}},
              30000]}}

=ERROR REPORT==== 19-Aug-2012::15:39:46 ===
POST /request/edit/request-4 [helpdesk] 500 228ms

=INFO REPORT==== 19-Aug-2012::15:41:58 ===
Loading routes from "/home/simba/hacking/erlang/helpdesk/priv/helpdesk.routes" ....

=INFO REPORT==== 19-Aug-2012::15:41:58 ===
POST /request/edit/request-4 [helpdesk] 200 102ms

=INFO REPORT==== 19-Aug-2012::15:43:02 ===
Loading routes from "/home/simba/hacking/erlang/helpdesk/priv/helpdesk.routes" ....

=INFO REPORT==== 19-Aug-2012::15:43:02 ===
POST /request/edit/request-4 [helpdesk] 200 101ms

=INFO REPORT==== 19-Aug-2012::15:43:50 ===
Loading routes from "/home/simba/hacking/erlang/helpdesk/priv/helpdesk.routes" ....

=ERROR REPORT==== 19-Aug-2012::15:43:51 ===
** Generic server <0.890.0> terminating 
** Last message in was {save_record,
                           {request,"request-4",
                               {error,invalid_id},
                               "2",null,null,"1",
                               {{2012,8,19},{8,45,12.0}},
                               {{2012,8,19},{8,45,12.0}},
                               {{2012,8,19},{8,45,12.0}},
                               {{2012,8,19},{8,45,12.0}},
                               {{2012,8,19},{15,43,51}},
                               "3"}}
** When Server state == {state,boss_db_adapter_pgsql,<0.891.0>,[],
                               {dict,0,16,16,8,80,48,
                                     {[],[],[],[],[],[],[],[],[],[],[],[],[],
                                      [],[],[]},
                                     {{[],[],[],[],[],[],[],[],[],[],[],[],[],
                                       [],[],[]}}},
                               false,60,db,0}
** Reason for termination == 
** {function_clause,[{boss_db_adapter_pgsql,pack_value,[{error,invalid_id}]},
                     {boss_db_adapter_pgsql,'-build_update_query/1-fun-0-',2},
                     {lists,foldl,3},
                     {boss_db_adapter_pgsql,build_update_query,1},
                     {boss_db_adapter_pgsql,save_record,2},
                     {boss_db_controller,handle_call,3},
                     {gen_server,handle_msg,5},
                     {proc_lib,init_p_do_apply,3}]}

=ERROR REPORT==== 19-Aug-2012::15:43:51 ===
{{function_clause,[{boss_db_adapter_pgsql,pack_value,[{error,invalid_id}]},
                   {boss_db_adapter_pgsql,'-build_update_query/1-fun-0-',2},
                   {lists,foldl,3},
                   {boss_db_adapter_pgsql,build_update_query,1},
                   {boss_db_adapter_pgsql,save_record,2},
                   {boss_db_controller,handle_call,3},
                   {gen_server,handle_msg,5},
                   {proc_lib,init_p_do_apply,3}]},
 {gen_server,call,
             [<0.890.0>,
              {save_record,{request,"request-4",
                                    {error,invalid_id},
                                    "2",null,null,"1",
                                    {{2012,8,19},{8,45,12.0}},
                                    {{2012,8,19},{8,45,12.0}},
                                    {{2012,8,19},{8,45,12.0}},
                                    {{2012,8,19},{8,45,12.0}},
                                    {{2012,8,19},{15,43,51}},
                                    "3"}},
              30000]}}

=ERROR REPORT==== 19-Aug-2012::15:43:51 ===
POST /request/edit/request-4 [helpdesk] 500 231ms

=INFO REPORT==== 19-Aug-2012::15:44:16 ===
Loading routes from "/home/simba/hacking/erlang/helpdesk/priv/helpdesk.routes" ....

=INFO REPORT==== 19-Aug-2012::15:44:16 ===
POST /request/edit/request-4 [helpdesk] 200 96ms

=INFO REPORT==== 19-Aug-2012::15:45:11 ===
Loading routes from "/home/simba/hacking/erlang/helpdesk/priv/helpdesk.routes" ....

=ERROR REPORT==== 19-Aug-2012::15:45:12 ===
** Generic server <0.825.0> terminating 
** Last message in was {save_record,
                           {request,"request-4",
                               {error,invalid_id},
                               "2",null,null,"1",
                               {{2012,8,19},{8,45,12.0}},
                               {{2012,8,19},{8,45,12.0}},
                               {{2012,8,19},{8,45,12.0}},
                               {{2012,8,19},{8,45,12.0}},
                               {{2012,8,19},{15,45,12}},
                               "3"}}
** When Server state == {state,boss_db_adapter_pgsql,<0.826.0>,[],
                               {dict,0,16,16,8,80,48,
                                     {[],[],[],[],[],[],[],[],[],[],[],[],[],
                                      [],[],[]},
                                     {{[],[],[],[],[],[],[],[],[],[],[],[],[],
                                       [],[],[]}}},
                               false,60,db,0}
** Reason for termination == 
** {function_clause,[{boss_db_adapter_pgsql,pack_value,[{error,invalid_id}]},
                     {boss_db_adapter_pgsql,'-build_update_query/1-fun-0-',2},
                     {lists,foldl,3},
                     {boss_db_adapter_pgsql,build_update_query,1},
                     {boss_db_adapter_pgsql,save_record,2},
                     {boss_db_controller,handle_call,3},
                     {gen_server,handle_msg,5},
                     {proc_lib,init_p_do_apply,3}]}

=ERROR REPORT==== 19-Aug-2012::15:45:12 ===
{{function_clause,[{boss_db_adapter_pgsql,pack_value,[{error,invalid_id}]},
                   {boss_db_adapter_pgsql,'-build_update_query/1-fun-0-',2},
                   {lists,foldl,3},
                   {boss_db_adapter_pgsql,build_update_query,1},
                   {boss_db_adapter_pgsql,save_record,2},
                   {boss_db_controller,handle_call,3},
                   {gen_server,handle_msg,5},
                   {proc_lib,init_p_do_apply,3}]},
 {gen_server,call,
             [<0.825.0>,
              {save_record,{request,"request-4",
                                    {error,invalid_id},
                                    "2",null,null,"1",
                                    {{2012,8,19},{8,45,12.0}},
                                    {{2012,8,19},{8,45,12.0}},
                                    {{2012,8,19},{8,45,12.0}},
                                    {{2012,8,19},{8,45,12.0}},
                                    {{2012,8,19},{15,45,12}},
                                    "3"}},
              30000]}}

=ERROR REPORT==== 19-Aug-2012::15:45:12 ===
POST /request/edit/request-4 [helpdesk] 500 231ms

=INFO REPORT==== 19-Aug-2012::15:46:56 ===
Loading routes from "/home/simba/hacking/erlang/helpdesk/priv/helpdesk.routes" ....

=ERROR REPORT==== 19-Aug-2012::15:46:56 ===
** Generic server <0.842.0> terminating 
** Last message in was {save_record,
                           {request,"request-4",
                               {error,invalid_id},
                               "2",null,
                               {error,invalid_id},
                               "1",
                               {{2012,8,19},{8,45,12.0}},
                               {{2012,8,19},{8,45,12.0}},
                               {{2012,8,19},{8,45,12.0}},
                               {{2012,8,19},{8,45,12.0}},
                               {{2012,8,19},{15,46,56}},
                               "3"}}
** When Server state == {state,boss_db_adapter_pgsql,<0.843.0>,[],
                               {dict,0,16,16,8,80,48,
                                     {[],[],[],[],[],[],[],[],[],[],[],[],[],
                                      [],[],[]},
                                     {{[],[],[],[],[],[],[],[],[],[],[],[],[],
                                       [],[],[]}}},
                               false,60,db,0}
** Reason for termination == 
** {function_clause,[{boss_db_adapter_pgsql,pack_value,[{error,invalid_id}]},
                     {boss_db_adapter_pgsql,'-build_update_query/1-fun-0-',2},
                     {lists,foldl,3},
                     {boss_db_adapter_pgsql,build_update_query,1},
                     {boss_db_adapter_pgsql,save_record,2},
                     {boss_db_controller,handle_call,3},
                     {gen_server,handle_msg,5},
                     {proc_lib,init_p_do_apply,3}]}

=ERROR REPORT==== 19-Aug-2012::15:46:56 ===
{{function_clause,[{boss_db_adapter_pgsql,pack_value,[{error,invalid_id}]},
                   {boss_db_adapter_pgsql,'-build_update_query/1-fun-0-',2},
                   {lists,foldl,3},
                   {boss_db_adapter_pgsql,build_update_query,1},
                   {boss_db_adapter_pgsql,save_record,2},
                   {boss_db_controller,handle_call,3},
                   {gen_server,handle_msg,5},
                   {proc_lib,init_p_do_apply,3}]},
 {gen_server,call,
             [<0.842.0>,
              {save_record,{request,"request-4",
                                    {error,invalid_id},
                                    "2",null,
                                    {error,invalid_id},
                                    "1",
                                    {{2012,8,19},{8,45,12.0}},
                                    {{2012,8,19},{8,45,12.0}},
                                    {{2012,8,19},{8,45,12.0}},
                                    {{2012,8,19},{8,45,12.0}},
                                    {{2012,8,19},{15,46,56}},
                                    "3"}},
              30000]}}

=ERROR REPORT==== 19-Aug-2012::15:46:56 ===
POST /request/edit/request-4 [helpdesk] 500 235ms

=INFO REPORT==== 19-Aug-2012::15:47:58 ===
Loading routes from "/home/simba/hacking/erlang/helpdesk/priv/helpdesk.routes" ....

=ERROR REPORT==== 19-Aug-2012::15:47:59 ===
** Generic server <0.938.0> terminating 
** Last message in was {save_record,
                           {request,"request-4",
                               {error,invalid_id},
                               "2","depart-2",
                               {error,invalid_id},
                               "1",
                               {{2012,8,19},{8,45,12.0}},
                               {{2012,8,19},{8,45,12.0}},
                               {{2012,8,19},{8,45,12.0}},
                               {{2012,8,19},{8,45,12.0}},
                               {{2012,8,19},{15,47,59}},
                               "3"}}
** When Server state == {state,boss_db_adapter_pgsql,<0.939.0>,[],
                               {dict,0,16,16,8,80,48,
                                     {[],[],[],[],[],[],[],[],[],[],[],[],[],
                                      [],[],[]},
                                     {{[],[],[],[],[],[],[],[],[],[],[],[],[],
                                       [],[],[]}}},
                               false,60,db,0}
** Reason for termination == 
** {function_clause,[{boss_db_adapter_pgsql,pack_value,[{error,invalid_id}]},
                     {boss_db_adapter_pgsql,'-build_update_query/1-fun-0-',2},
                     {lists,foldl,3},
                     {boss_db_adapter_pgsql,build_update_query,1},
                     {boss_db_adapter_pgsql,save_record,2},
                     {boss_db_controller,handle_call,3},
                     {gen_server,handle_msg,5},
                     {proc_lib,init_p_do_apply,3}]}

=ERROR REPORT==== 19-Aug-2012::15:47:59 ===
{{function_clause,[{boss_db_adapter_pgsql,pack_value,[{error,invalid_id}]},
                   {boss_db_adapter_pgsql,'-build_update_query/1-fun-0-',2},
                   {lists,foldl,3},
                   {boss_db_adapter_pgsql,build_update_query,1},
                   {boss_db_adapter_pgsql,save_record,2},
                   {boss_db_controller,handle_call,3},
                   {gen_server,handle_msg,5},
                   {proc_lib,init_p_do_apply,3}]},
 {gen_server,call,
             [<0.938.0>,
              {save_record,{request,"request-4",
                                    {error,invalid_id},
                                    "2","depart-2",
                                    {error,invalid_id},
                                    "1",
                                    {{2012,8,19},{8,45,12.0}},
                                    {{2012,8,19},{8,45,12.0}},
                                    {{2012,8,19},{8,45,12.0}},
                                    {{2012,8,19},{8,45,12.0}},
                                    {{2012,8,19},{15,47,59}},
                                    "3"}},
              30000]}}

=ERROR REPORT==== 19-Aug-2012::15:47:59 ===
POST /request/edit/request-4 [helpdesk] 500 230ms

=INFO REPORT==== 19-Aug-2012::15:49:50 ===
Loading routes from "/home/simba/hacking/erlang/helpdesk/priv/helpdesk.routes" ....

=INFO REPORT==== 19-Aug-2012::15:49:50 ===
GET /depart/index [helpdesk] 200 247ms

=INFO REPORT==== 19-Aug-2012::15:49:52 ===
Loading routes from "/home/simba/hacking/erlang/helpdesk/priv/helpdesk.routes" ....

=INFO REPORT==== 19-Aug-2012::15:49:52 ===
GET /request/index [helpdesk] 200 256ms

=INFO REPORT==== 19-Aug-2012::15:49:54 ===
Loading routes from "/home/simba/hacking/erlang/helpdesk/priv/helpdesk.routes" ....

=INFO REPORT==== 19-Aug-2012::15:49:54 ===
GET /request/edit/request-4 [helpdesk] 200 246ms

=INFO REPORT==== 19-Aug-2012::15:50:01 ===
Loading routes from "/home/simba/hacking/erlang/helpdesk/priv/helpdesk.routes" ....

=ERROR REPORT==== 19-Aug-2012::15:50:02 ===
** Generic server <0.1039.0> terminating 
** Last message in was {save_record,
                           {request,"request-4",
                               {cl_user,"cl_user-2",<<>>,<<"admin">>,"qwerty"},
                               "2","depart-2",
                               {cl_user,"cl_user-2",<<>>,<<"admin">>,"qwerty"},
                               "1",
                               {{2012,8,19},{8,45,12.0}},
                               {{2012,8,19},{8,45,12.0}},
                               {{2012,8,19},{8,45,12.0}},
                               {{2012,8,19},{8,45,12.0}},
                               {{2012,8,19},{15,50,2}},
                               "3"}}
** When Server state == {state,boss_db_adapter_pgsql,<0.1040.0>,[],
                               {dict,0,16,16,8,80,48,
                                     {[],[],[],[],[],[],[],[],[],[],[],[],[],
                                      [],[],[]},
                                     {{[],[],[],[],[],[],[],[],[],[],[],[],[],
                                       [],[],[]}}},
                               false,60,db,0}
** Reason for termination == 
** {function_clause,
       [{boss_db_adapter_pgsql,pack_value,
            [{cl_user,"cl_user-2",<<>>,<<"admin">>,"qwerty"}]},
        {boss_db_adapter_pgsql,'-build_update_query/1-fun-0-',2},
        {lists,foldl,3},
        {boss_db_adapter_pgsql,build_update_query,1},
        {boss_db_adapter_pgsql,save_record,2},
        {boss_db_controller,handle_call,3},
        {gen_server,handle_msg,5},
        {proc_lib,init_p_do_apply,3}]}

=ERROR REPORT==== 19-Aug-2012::15:50:02 ===
{{function_clause,
     [{boss_db_adapter_pgsql,pack_value,
          [{cl_user,"cl_user-2",<<>>,<<"admin">>,"qwerty"}]},
      {boss_db_adapter_pgsql,'-build_update_query/1-fun-0-',2},
      {lists,foldl,3},
      {boss_db_adapter_pgsql,build_update_query,1},
      {boss_db_adapter_pgsql,save_record,2},
      {boss_db_controller,handle_call,3},
      {gen_server,handle_msg,5},
      {proc_lib,init_p_do_apply,3}]},
 {gen_server,call,
     [<0.1039.0>,
      {save_record,
          {request,"request-4",
              {cl_user,"cl_user-2",<<>>,<<"admin">>,"qwerty"},
              "2","depart-2",
              {cl_user,"cl_user-2",<<>>,<<"admin">>,"qwerty"},
              "1",
              {{2012,8,19},{8,45,12.0}},
              {{2012,8,19},{8,45,12.0}},
              {{2012,8,19},{8,45,12.0}},
              {{2012,8,19},{8,45,12.0}},
              {{2012,8,19},{15,50,2}},
              "3"}},
      30000]}}

=ERROR REPORT==== 19-Aug-2012::15:50:02 ===
POST /request/edit/request-4 [helpdesk] 500 236ms

=INFO REPORT==== 19-Aug-2012::15:51:15 ===
Loading routes from "/home/simba/hacking/erlang/helpdesk/priv/helpdesk.routes" ....

=INFO REPORT==== 19-Aug-2012::15:51:15 ===
POST /request/edit/request-4 [helpdesk] 200 98ms

=INFO REPORT==== 19-Aug-2012::15:51:36 ===
Loading routes from "/home/simba/hacking/erlang/helpdesk/priv/helpdesk.routes" ....

=INFO REPORT==== 19-Aug-2012::15:51:37 ===
POST /request/edit/request-4 [helpdesk] 200 98ms

=INFO REPORT==== 19-Aug-2012::15:52:29 ===
Loading routes from "/home/simba/hacking/erlang/helpdesk/priv/helpdesk.routes" ....

=INFO REPORT==== 19-Aug-2012::15:52:29 ===
POST /request/edit/request-4 [helpdesk] 200 96ms

=INFO REPORT==== 19-Aug-2012::15:52:45 ===
Loading routes from "/home/simba/hacking/erlang/helpdesk/priv/helpdesk.routes" ....

=INFO REPORT==== 19-Aug-2012::15:52:45 ===
POST /request/edit/request-4 [helpdesk] 200 105ms

=INFO REPORT==== 19-Aug-2012::15:53:47 ===
GET /admin [cb_admin] 200 43ms

=INFO REPORT==== 19-Aug-2012::15:53:48 ===
GET /admin/model/model [cb_admin] 200 7ms

=INFO REPORT==== 19-Aug-2012::15:53:49 ===
GET /admin/model/model/request [cb_admin] 200 40ms

=INFO REPORT==== 19-Aug-2012::15:53:49 ===
POST /admin/model/watch [cb_admin] 200 49ms

=INFO REPORT==== 19-Aug-2012::15:54:01 ===
GET /admin/model/show/request-4 [cb_admin] 200 16ms

=INFO REPORT==== 19-Aug-2012::15:54:02 ===
POST /admin/model/watch [cb_admin] 200 0ms

=INFO REPORT==== 19-Aug-2012::15:54:04 ===
GET /admin/model/edit/request-4 [cb_admin] 200 36ms

=INFO REPORT==== 19-Aug-2012::15:54:19 ===
GET /admin/model/events/1345370029656728 [cb_admin] 200 30001ms

=ERROR REPORT==== 19-Aug-2012::15:54:28 ===
** Generic server <0.955.0> terminating 
** Last message in was {save_record,
                           {request,"request-4","1","1","1","1","1",
                               {{2012,8,19},{8,45,12.0}},
                               {{2012,8,19},{8,45,12.0}},
                               {{2012,8,19},{8,45,12.0}},
                               {{2012,8,19},{8,45,12.0}},
                               {{2012,8,19},{8,45,12.0}},
                               "Test"}}
** When Server state == {state,boss_db_adapter_pgsql,<0.956.0>,[],
                               {dict,0,16,16,8,80,48,
                                     {[],[],[],[],[],[],[],[],[],[],[],[],[],
                                      [],[],[]},
                                     {{[],[],[],[],[],[],[],[],[],[],[],[],[],
                                       [],[],[]}}},
                               false,60,db,0}
** Reason for termination == 
** {badarg,[{erlang,integer_to_list,[12.0]},
            {erlydtl_dateformat,integer_to_list_zerofill,1},
            {erlydtl_dateformat,tag_to_value,3},
            {erlydtl_dateformat,replace_tags,5},
            {boss_db_adapter_pgsql,pack_datetime,1},
            {boss_db_adapter_pgsql,'-build_update_query/1-fun-0-',2},
            {lists,foldl,3},
            {boss_db_adapter_pgsql,build_update_query,1}]}

=ERROR REPORT==== 19-Aug-2012::15:54:28 ===
{{badarg,[{erlang,integer_to_list,[12.0]},
          {erlydtl_dateformat,integer_to_list_zerofill,1},
          {erlydtl_dateformat,tag_to_value,3},
          {erlydtl_dateformat,replace_tags,5},
          {boss_db_adapter_pgsql,pack_datetime,1},
          {boss_db_adapter_pgsql,'-build_update_query/1-fun-0-',2},
          {lists,foldl,3},
          {boss_db_adapter_pgsql,build_update_query,1}]},
 {gen_server,call,
             [<0.955.0>,
              {save_record,{request,"request-4","1","1","1","1","1",
                                    {{2012,8,19},{8,45,12.0}},
                                    {{2012,8,19},{8,45,12.0}},
                                    {{2012,8,19},{8,45,12.0}},
                                    {{2012,8,19},{8,45,12.0}},
                                    {{2012,8,19},{8,45,12.0}},
                                    "Test"}},
              30000]}}

=ERROR REPORT==== 19-Aug-2012::15:54:28 ===
POST /admin/model/edit/request-4 [cb_admin] 500 9ms

=INFO REPORT==== 19-Aug-2012::15:54:32 ===
GET /admin/model/events/1345370041893366 [cb_admin] 200 30000ms

=ERROR REPORT==== 19-Aug-2012::15:54:36 ===
{function_clause,
    [{erlydtl_runtime,init_counter_stats,
         [{error,error,<<"42601">>,<<"syntax error at or near \"order\"">>,
              [{position,<<"279">>}]},
          undefined]},
     {cb_admin_view_model_edit_html,render_internal,4},
     {cb_admin_view_model_edit_html,render,2},
     {boss_web_controller,render_view,6},
     {boss_web_controller,execute_action,5},
     {boss_web_controller,process_request,5},
     {timer,tc,3},
     {boss_web_controller,handle_request,3}]}

=ERROR REPORT==== 19-Aug-2012::15:54:36 ===
POST /admin/model/edit/request-4 [cb_admin] 500 9ms

=INFO REPORT==== 19-Aug-2012::15:55:26 ===
GET /admin/model/model [cb_admin] 200 4ms

=ERROR REPORT==== 19-Aug-2012::15:55:27 ===
** Generic server <0.1166.0> terminating 
** Last message in was {find,request,[],100,0,id,descending}
** When Server state == {state,boss_db_adapter_pgsql,<0.1167.0>,[],
                               {dict,0,16,16,8,80,48,
                                     {[],[],[],[],[],[],[],[],[],[],[],[],[],
                                      [],[],[]},
                                     {{[],[],[],[],[],[],[],[],[],[],[],[],[],
                                       [],[],[]}}},
                               false,60,db,0}
** Reason for termination == 
** {bad_return_value,{error,"Expected attribute 'order' was not found in Postgres query results. Synchronise your model and data'"}}

=ERROR REPORT==== 19-Aug-2012::15:55:27 ===
{{bad_return_value,{error,"Expected attribute 'order' was not found in Postgres query results. Synchronise your model and data'"}},
 {gen_server,call,[<0.1166.0>,{find,request,[],100,0,id,descending},30000]}}

=ERROR REPORT==== 19-Aug-2012::15:55:27 ===
GET /admin/model/model/request [cb_admin] 500 5ms

=ERROR REPORT==== 19-Aug-2012::15:56:08 ===
** Generic server <0.1118.0> terminating 
** Last message in was {find,request,[],100,0,id,descending}
** When Server state == {state,boss_db_adapter_pgsql,<0.1119.0>,[],
                               {dict,0,16,16,8,80,48,
                                     {[],[],[],[],[],[],[],[],[],[],[],[],[],
                                      [],[],[]},
                                     {{[],[],[],[],[],[],[],[],[],[],[],[],[],
                                       [],[],[]}}},
                               false,60,db,0}
** Reason for termination == 
** {bad_return_value,{error,"Expected attribute 'order' was not found in Postgres query results. Synchronise your model and data'"}}

=ERROR REPORT==== 19-Aug-2012::15:56:08 ===
{{bad_return_value,{error,"Expected attribute 'order' was not found in Postgres query results. Synchronise your model and data'"}},
 {gen_server,call,[<0.1118.0>,{find,request,[],100,0,id,descending},30000]}}

=ERROR REPORT==== 19-Aug-2012::15:56:08 ===
GET /admin/model/model/request [cb_admin] 500 6ms
