
=INFO REPORT==== 22-Aug-2012::07:23:49 ===
Starting Boss in development mode....

=INFO REPORT==== 22-Aug-2012::07:23:49 ===
Starting master services on 'helpdesk@simba-Aspire-4920'

=INFO REPORT==== 22-Aug-2012::07:23:49 ===
SSL:[]

=INFO REPORT==== 22-Aug-2012::07:23:49 ===
Loading routes from "../cb_admin/priv/cb_admin.routes" ....

=INFO REPORT==== 22-Aug-2012::07:23:49 ===
Loading routes from "/home/simba/hacking/erlang/helpdesk/priv/helpdesk.routes" ....

=INFO REPORT==== 22-Aug-2012::07:23:51 ===
Loading routes from "/home/simba/hacking/erlang/helpdesk/priv/helpdesk.routes" ....

=INFO REPORT==== 22-Aug-2012::07:23:52 ===
GET /main/user_request [helpdesk] 200 276ms

=INFO REPORT==== 22-Aug-2012::07:23:56 ===
Loading routes from "/home/simba/hacking/erlang/helpdesk/priv/helpdesk.routes" ....

=INFO REPORT==== 22-Aug-2012::07:23:56 ===
GET /main/user_request [helpdesk] 200 282ms

=INFO REPORT==== 22-Aug-2012::07:24:01 ===
Loading routes from "/home/simba/hacking/erlang/helpdesk/priv/helpdesk.routes" ....

=INFO REPORT==== 22-Aug-2012::07:24:01 ===
GET /request/show/request-19 [helpdesk] 200 294ms

=INFO REPORT==== 22-Aug-2012::07:24:13 ===
Loading routes from "/home/simba/hacking/erlang/helpdesk/priv/helpdesk.routes" ....

=INFO REPORT==== 22-Aug-2012::07:24:13 ===
GET /request/index [helpdesk] 200 297ms

=INFO REPORT==== 22-Aug-2012::07:24:16 ===
Loading routes from "/home/simba/hacking/erlang/helpdesk/priv/helpdesk.routes" ....

=INFO REPORT==== 22-Aug-2012::07:24:16 ===
GET /request/edit/request-18 [helpdesk] 200 282ms

=INFO REPORT==== 22-Aug-2012::07:24:36 ===
Loading routes from "/home/simba/hacking/erlang/helpdesk/priv/helpdesk.routes" ....

=INFO REPORT==== 22-Aug-2012::07:24:36 ===
GET /main/depart_request [helpdesk] 200 289ms

=INFO REPORT==== 22-Aug-2012::07:24:39 ===
Loading routes from "/home/simba/hacking/erlang/helpdesk/priv/helpdesk.routes" ....

=INFO REPORT==== 22-Aug-2012::07:24:40 ===
GET /request/show/request-18 [helpdesk] 200 293ms

=INFO REPORT==== 22-Aug-2012::07:24:42 ===
Loading routes from "/home/simba/hacking/erlang/helpdesk/priv/helpdesk.routes" ....

=INFO REPORT==== 22-Aug-2012::07:24:43 ===
GET / [helpdesk] 200 300ms

=INFO REPORT==== 22-Aug-2012::07:24:44 ===
Loading routes from "/home/simba/hacking/erlang/helpdesk/priv/helpdesk.routes" ....

=INFO REPORT==== 22-Aug-2012::07:24:44 ===
GET /main/depart_request [helpdesk] 200 286ms

=INFO REPORT==== 22-Aug-2012::07:24:52 ===
Loading routes from "/home/simba/hacking/erlang/helpdesk/priv/helpdesk.routes" ....

=INFO REPORT==== 22-Aug-2012::07:24:52 ===
GET /main/user_request [helpdesk] 200 285ms

=INFO REPORT==== 22-Aug-2012::07:24:56 ===
GET /admin/model/model/comment [cb_admin] 200 54ms

=INFO REPORT==== 22-Aug-2012::07:24:56 ===
POST /admin/model/watch [cb_admin] 200 35ms

=INFO REPORT==== 22-Aug-2012::07:25:05 ===
Loading routes from "/home/simba/hacking/erlang/helpdesk/priv/helpdesk.routes" ....

=INFO REPORT==== 22-Aug-2012::07:25:06 ===
GET /main/user_request [helpdesk] 200 281ms

=INFO REPORT==== 22-Aug-2012::07:25:26 ===
GET /admin/model/events/1345598695998051 [cb_admin] 200 30001ms

=INFO REPORT==== 22-Aug-2012::07:25:26 ===
POST /admin/model/heartbeat/0 [cb_admin] 200 0ms

=INFO REPORT==== 22-Aug-2012::07:25:28 ===
Loading routes from "/home/simba/hacking/erlang/helpdesk/priv/helpdesk.routes" ....

=INFO REPORT==== 22-Aug-2012::07:25:29 ===
GET /request/set_worker/request-19 [helpdesk] 200 289ms

=INFO REPORT==== 22-Aug-2012::07:25:49 ===
Loading routes from "/home/simba/hacking/erlang/helpdesk/priv/helpdesk.routes" ....

=INFO REPORT==== 22-Aug-2012::07:25:49 ===
POST /request/set_worker/request-19 [helpdesk] 302 356ms

=INFO REPORT==== 22-Aug-2012::07:25:49 ===
Loading routes from "/home/simba/hacking/erlang/helpdesk/priv/helpdesk.routes" ....

=INFO REPORT==== 22-Aug-2012::07:25:50 ===
GET /request/index [helpdesk] 200 304ms

=INFO REPORT==== 22-Aug-2012::07:25:56 ===
POST /admin/model/heartbeat/0 [cb_admin] 200 0ms

=INFO REPORT==== 22-Aug-2012::07:25:56 ===
GET /admin/model/events/1345598696265177 [cb_admin] 200 30000ms

=INFO REPORT==== 22-Aug-2012::07:25:57 ===
Loading routes from "/home/simba/hacking/erlang/helpdesk/priv/helpdesk.routes" ....

=INFO REPORT==== 22-Aug-2012::07:25:57 ===
GET /request/show/request-19 [helpdesk] 200 299ms

=INFO REPORT==== 22-Aug-2012::07:26:07 ===
Loading routes from "/home/simba/hacking/erlang/helpdesk/priv/helpdesk.routes" ....

=INFO REPORT==== 22-Aug-2012::07:26:07 ===
GET /request/index [helpdesk] 200 308ms

=INFO REPORT==== 22-Aug-2012::07:26:26 ===
POST /admin/model/heartbeat/0 [cb_admin] 200 0ms

=INFO REPORT==== 22-Aug-2012::07:26:26 ===
GET /admin/model/events/1345598726309771 [cb_admin] 200 30000ms

=INFO REPORT==== 22-Aug-2012::07:26:56 ===
POST /admin/model/heartbeat/0 [cb_admin] 200 0ms

=INFO REPORT==== 22-Aug-2012::07:26:56 ===
GET /admin/model/events/1345598756355971 [cb_admin] 200 30001ms

=INFO REPORT==== 22-Aug-2012::07:27:26 ===
POST /admin/model/heartbeat/0 [cb_admin] 200 0ms

=INFO REPORT==== 22-Aug-2012::07:27:26 ===
GET /admin/model/events/1345598786405554 [cb_admin] 200 30000ms

=INFO REPORT==== 22-Aug-2012::07:27:56 ===
POST /admin/model/heartbeat/0 [cb_admin] 200 0ms

=INFO REPORT==== 22-Aug-2012::07:27:56 ===
GET /admin/model/events/1345598816450695 [cb_admin] 200 30001ms

=INFO REPORT==== 22-Aug-2012::07:28:26 ===
POST /admin/model/heartbeat/0 [cb_admin] 200 0ms

=INFO REPORT==== 22-Aug-2012::07:28:26 ===
GET /admin/model/events/1345598846502372 [cb_admin] 200 30001ms

=INFO REPORT==== 22-Aug-2012::07:28:56 ===
POST /admin/model/heartbeat/0 [cb_admin] 200 0ms

=INFO REPORT==== 22-Aug-2012::07:28:56 ===
GET /admin/model/events/1345598876549360 [cb_admin] 200 30000ms

=INFO REPORT==== 22-Aug-2012::07:29:26 ===
POST /admin/model/heartbeat/0 [cb_admin] 200 0ms

=INFO REPORT==== 22-Aug-2012::07:29:26 ===
GET /admin/model/events/1345598906592905 [cb_admin] 200 30000ms

=INFO REPORT==== 22-Aug-2012::07:29:56 ===
POST /admin/model/heartbeat/0 [cb_admin] 200 0ms

=INFO REPORT==== 22-Aug-2012::07:29:56 ===
GET /admin/model/events/1345598936641779 [cb_admin] 200 30001ms

=INFO REPORT==== 22-Aug-2012::07:30:26 ===
POST /admin/model/heartbeat/0 [cb_admin] 200 0ms

=INFO REPORT==== 22-Aug-2012::07:30:26 ===
GET /admin/model/events/1345598966688233 [cb_admin] 200 30001ms

=INFO REPORT==== 22-Aug-2012::07:30:56 ===
POST /admin/model/heartbeat/0 [cb_admin] 200 0ms

=INFO REPORT==== 22-Aug-2012::07:30:56 ===
GET /admin/model/events/1345598996735074 [cb_admin] 200 30001ms

=INFO REPORT==== 22-Aug-2012::07:31:26 ===
POST /admin/model/heartbeat/0 [cb_admin] 200 0ms

=INFO REPORT==== 22-Aug-2012::07:31:26 ===
GET /admin/model/events/1345599026783702 [cb_admin] 200 30000ms

=INFO REPORT==== 22-Aug-2012::07:31:56 ===
POST /admin/model/heartbeat/0 [cb_admin] 200 0ms

=INFO REPORT==== 22-Aug-2012::07:31:56 ===
GET /admin/model/events/1345599056828582 [cb_admin] 200 30001ms

=INFO REPORT==== 22-Aug-2012::07:32:26 ===
POST /admin/model/heartbeat/0 [cb_admin] 200 0ms

=INFO REPORT==== 22-Aug-2012::07:32:26 ===
GET /admin/model/events/1345599086874986 [cb_admin] 200 30001ms

=INFO REPORT==== 22-Aug-2012::07:32:56 ===
POST /admin/model/heartbeat/0 [cb_admin] 200 0ms

=INFO REPORT==== 22-Aug-2012::07:32:56 ===
GET /admin/model/events/1345599116923108 [cb_admin] 200 30001ms

=INFO REPORT==== 22-Aug-2012::07:33:26 ===
POST /admin/model/heartbeat/0 [cb_admin] 200 0ms

=INFO REPORT==== 22-Aug-2012::07:33:27 ===
GET /admin/model/events/1345599146971043 [cb_admin] 200 30000ms

=INFO REPORT==== 22-Aug-2012::07:33:56 ===
POST /admin/model/heartbeat/0 [cb_admin] 200 0ms

=INFO REPORT==== 22-Aug-2012::07:33:57 ===
GET /admin/model/events/1345599177019862 [cb_admin] 200 30000ms

=INFO REPORT==== 22-Aug-2012::07:34:26 ===
POST /admin/model/heartbeat/0 [cb_admin] 200 0ms

=INFO REPORT==== 22-Aug-2012::07:34:27 ===
GET /admin/model/events/1345599207066938 [cb_admin] 200 30001ms

=INFO REPORT==== 22-Aug-2012::07:34:56 ===
POST /admin/model/heartbeat/0 [cb_admin] 200 0ms

=INFO REPORT==== 22-Aug-2012::07:34:57 ===
GET /admin/model/events/1345599237114888 [cb_admin] 200 30001ms

=INFO REPORT==== 22-Aug-2012::07:35:26 ===
POST /admin/model/heartbeat/0 [cb_admin] 200 0ms

=INFO REPORT==== 22-Aug-2012::07:35:27 ===
GET /admin/model/events/1345599267164113 [cb_admin] 200 30000ms

=INFO REPORT==== 22-Aug-2012::07:35:56 ===
POST /admin/model/heartbeat/0 [cb_admin] 200 0ms

=INFO REPORT==== 22-Aug-2012::07:35:57 ===
GET /admin/model/events/1345599297210866 [cb_admin] 200 30000ms

=INFO REPORT==== 22-Aug-2012::07:36:26 ===
POST /admin/model/heartbeat/0 [cb_admin] 200 0ms

=INFO REPORT==== 22-Aug-2012::07:36:27 ===
GET /admin/model/events/1345599327258927 [cb_admin] 200 30001ms

=INFO REPORT==== 22-Aug-2012::07:36:56 ===
POST /admin/model/heartbeat/0 [cb_admin] 200 0ms

=INFO REPORT==== 22-Aug-2012::07:36:57 ===
GET /admin/model/events/1345599357306802 [cb_admin] 200 30001ms

=INFO REPORT==== 22-Aug-2012::07:37:26 ===
POST /admin/model/heartbeat/0 [cb_admin] 200 0ms

=INFO REPORT==== 22-Aug-2012::07:37:27 ===
GET /admin/model/events/1345599387355171 [cb_admin] 200 30001ms

=INFO REPORT==== 22-Aug-2012::07:37:56 ===
POST /admin/model/heartbeat/0 [cb_admin] 200 0ms

=INFO REPORT==== 22-Aug-2012::07:37:57 ===
GET /admin/model/events/1345599417404348 [cb_admin] 200 30000ms

=INFO REPORT==== 22-Aug-2012::07:38:26 ===
POST /admin/model/heartbeat/0 [cb_admin] 200 0ms

=INFO REPORT==== 22-Aug-2012::07:38:27 ===
GET /admin/model/events/1345599447454942 [cb_admin] 200 30000ms

=INFO REPORT==== 22-Aug-2012::07:38:56 ===
POST /admin/model/heartbeat/0 [cb_admin] 200 0ms

=INFO REPORT==== 22-Aug-2012::07:38:57 ===
GET /admin/model/events/1345599477502725 [cb_admin] 200 30000ms

=INFO REPORT==== 22-Aug-2012::07:39:26 ===
POST /admin/model/heartbeat/0 [cb_admin] 200 0ms

=INFO REPORT==== 22-Aug-2012::07:39:27 ===
GET /admin/model/events/1345599507551801 [cb_admin] 200 30001ms

=INFO REPORT==== 22-Aug-2012::07:39:56 ===
POST /admin/model/heartbeat/0 [cb_admin] 200 0ms

=INFO REPORT==== 22-Aug-2012::07:39:57 ===
GET /admin/model/events/1345599537598793 [cb_admin] 200 30001ms

=INFO REPORT==== 22-Aug-2012::07:40:26 ===
POST /admin/model/heartbeat/0 [cb_admin] 200 0ms

=INFO REPORT==== 22-Aug-2012::07:40:27 ===
GET /admin/model/events/1345599567649860 [cb_admin] 200 30001ms

=INFO REPORT==== 22-Aug-2012::07:40:56 ===
POST /admin/model/heartbeat/0 [cb_admin] 200 0ms

=INFO REPORT==== 22-Aug-2012::07:40:57 ===
GET /admin/model/events/1345599597694567 [cb_admin] 200 30002ms

=INFO REPORT==== 22-Aug-2012::07:41:26 ===
POST /admin/model/heartbeat/0 [cb_admin] 200 0ms

=INFO REPORT==== 22-Aug-2012::07:41:27 ===
GET /admin/model/events/1345599627743277 [cb_admin] 200 30001ms

=INFO REPORT==== 22-Aug-2012::07:41:56 ===
POST /admin/model/heartbeat/0 [cb_admin] 200 0ms

=INFO REPORT==== 22-Aug-2012::07:41:57 ===
GET /admin/model/events/1345599657790043 [cb_admin] 200 30001ms

=INFO REPORT==== 22-Aug-2012::07:42:26 ===
POST /admin/model/heartbeat/0 [cb_admin] 200 0ms

=INFO REPORT==== 22-Aug-2012::07:42:27 ===
GET /admin/model/events/1345599687839346 [cb_admin] 200 30001ms

=INFO REPORT==== 22-Aug-2012::07:42:56 ===
POST /admin/model/heartbeat/0 [cb_admin] 200 0ms

=INFO REPORT==== 22-Aug-2012::07:42:57 ===
GET /admin/model/events/1345599717887269 [cb_admin] 200 30000ms

=INFO REPORT==== 22-Aug-2012::07:43:26 ===
POST /admin/model/heartbeat/0 [cb_admin] 200 0ms

=INFO REPORT==== 22-Aug-2012::07:43:27 ===
GET /admin/model/events/1345599747933807 [cb_admin] 200 30000ms

=INFO REPORT==== 22-Aug-2012::07:43:56 ===
POST /admin/model/heartbeat/0 [cb_admin] 200 0ms

=INFO REPORT==== 22-Aug-2012::07:43:58 ===
GET /admin/model/events/1345599777978743 [cb_admin] 200 30000ms

=INFO REPORT==== 22-Aug-2012::07:44:26 ===
POST /admin/model/heartbeat/0 [cb_admin] 200 0ms

=INFO REPORT==== 22-Aug-2012::07:44:28 ===
GET /admin/model/events/1345599808024559 [cb_admin] 200 30001ms

=INFO REPORT==== 22-Aug-2012::07:44:56 ===
POST /admin/model/heartbeat/0 [cb_admin] 200 0ms

=INFO REPORT==== 22-Aug-2012::07:44:58 ===
GET /admin/model/events/1345599838072178 [cb_admin] 200 30000ms

=INFO REPORT==== 22-Aug-2012::07:45:26 ===
POST /admin/model/heartbeat/0 [cb_admin] 200 0ms

=INFO REPORT==== 22-Aug-2012::07:45:28 ===
GET /admin/model/events/1345599868118818 [cb_admin] 200 30000ms

=INFO REPORT==== 22-Aug-2012::07:45:37 ===
GET /admin/model/model/depart [cb_admin] 200 9ms

=INFO REPORT==== 22-Aug-2012::07:45:37 ===
POST /admin/model/watch [cb_admin] 200 0ms

=ERROR REPORT==== 22-Aug-2012::07:45:37 ===
{function_clause,[{lists,map,
                         [#Fun<cb_admin_model_controller.0.33077844>,
                          {error,<<"#42S02Table 'helpdesk.operators' doesn't exist">>}]},
                  {cb_admin_model_controller,model,4},
                  {boss_web_controller,execute_action,5},
                  {boss_web_controller,process_request,5},
                  {timer,tc,3},
                  {boss_web_controller,handle_request,3},
                  {mochiweb_http,headers,5},
                  {proc_lib,init_p_do_apply,3}]}

=ERROR REPORT==== 22-Aug-2012::07:45:37 ===
GET /admin/model/model/operator [cb_admin] 500 2ms

=INFO REPORT==== 22-Aug-2012::07:45:39 ===
POST /admin/model/watch [cb_admin] 200 0ms

=INFO REPORT==== 22-Aug-2012::07:45:41 ===
GET /admin/model/model/request [cb_admin] 200 9ms

=INFO REPORT==== 22-Aug-2012::07:45:41 ===
POST /admin/model/watch [cb_admin] 200 0ms

=INFO REPORT==== 22-Aug-2012::07:45:42 ===
GET /admin/model/model/test [cb_admin] 200 8ms

=INFO REPORT==== 22-Aug-2012::07:45:43 ===
POST /admin/model/watch [cb_admin] 200 0ms

=INFO REPORT==== 22-Aug-2012::07:45:44 ===
GET /admin/model/model/depart [cb_admin] 200 7ms

=INFO REPORT==== 22-Aug-2012::07:45:44 ===
POST /admin/model/watch [cb_admin] 200 0ms

=INFO REPORT==== 22-Aug-2012::07:45:45 ===
GET /admin/model/model/comment [cb_admin] 200 9ms

=INFO REPORT==== 22-Aug-2012::07:45:45 ===
POST /admin/model/watch [cb_admin] 200 0ms

=INFO REPORT==== 22-Aug-2012::07:45:49 ===
GET /admin/model/model/cl_user [cb_admin] 200 20ms

=INFO REPORT==== 22-Aug-2012::07:45:49 ===
POST /admin/model/watch [cb_admin] 200 1ms

=INFO REPORT==== 22-Aug-2012::07:45:58 ===
GET /admin/model/events/1345599898166795 [cb_admin] 200 30001ms

=INFO REPORT==== 22-Aug-2012::07:46:07 ===
GET /admin/model/events/1345599937306557 [cb_admin] 200 30009ms

=INFO REPORT==== 22-Aug-2012::07:46:09 ===
GET /admin/model/events/1345599937306557 [cb_admin] 200 30001ms

=INFO REPORT==== 22-Aug-2012::07:46:10 ===
GET /admin/model/csv/cl_user [cb_admin] 200 20ms

=INFO REPORT==== 22-Aug-2012::07:46:11 ===
GET /admin/model/events/1345599941306147 [cb_admin] 200 30001ms

=INFO REPORT==== 22-Aug-2012::07:46:13 ===
GET /admin/model/events/1345599942967150 [cb_admin] 200 30001ms

=INFO REPORT==== 22-Aug-2012::07:46:14 ===
GET /admin/model/events/1345599944778383 [cb_admin] 200 30000ms

=INFO REPORT==== 22-Aug-2012::07:46:15 ===
GET /admin/model/events/1345599945505803 [cb_admin] 200 30001ms

=INFO REPORT==== 22-Aug-2012::07:46:16 ===
GET /admin/model/upload/cl_user [cb_admin] 200 9ms

=INFO REPORT==== 22-Aug-2012::07:46:19 ===
GET /admin/model/events/1345599949166815 [cb_admin] 200 30001ms

=INFO REPORT==== 22-Aug-2012::07:46:21 ===
POST /admin/model/heartbeat/7 [cb_admin] 200 0ms

=INFO REPORT==== 22-Aug-2012::07:46:32 ===
GET /admin/lang/show [cb_admin] 200 22ms

=INFO REPORT==== 22-Aug-2012::07:46:32 ===
GET /admin/upgrade/upgrade [cb_admin] 200 3ms

=INFO REPORT==== 22-Aug-2012::07:46:34 ===
GET /admin/model/model [cb_admin] 200 4ms

=INFO REPORT==== 22-Aug-2012::07:46:36 ===
GET /admin/model/model/cl_user [cb_admin] 200 26ms

=INFO REPORT==== 22-Aug-2012::07:46:36 ===
POST /admin/model/watch [cb_admin] 200 1ms

=INFO REPORT==== 22-Aug-2012::07:47:06 ===
POST /admin/model/heartbeat/8 [cb_admin] 200 0ms

=INFO REPORT==== 22-Aug-2012::07:47:06 ===
GET /admin/model/events/1345599996051599 [cb_admin] 200 30001ms

=INFO REPORT==== 22-Aug-2012::07:47:12 ===
GET /admin/model/show/cl_user-1 [cb_admin] 200 11ms

=INFO REPORT==== 22-Aug-2012::07:47:12 ===
POST /admin/model/watch [cb_admin] 200 0ms

=INFO REPORT==== 22-Aug-2012::07:47:14 ===
POST /admin/model/watch [cb_admin] 200 1ms

=INFO REPORT==== 22-Aug-2012::07:47:16 ===
GET /admin/model/show/depart-1 [cb_admin] 200 7ms

=INFO REPORT==== 22-Aug-2012::07:47:16 ===
POST /admin/model/watch [cb_admin] 200 0ms

=INFO REPORT==== 22-Aug-2012::07:47:18 ===
POST /admin/model/watch [cb_admin] 200 1ms

=INFO REPORT==== 22-Aug-2012::07:47:36 ===
GET /admin/model/events/1345599996254381 [cb_admin] 200 30001ms

=INFO REPORT==== 22-Aug-2012::07:47:42 ===
GET /admin/model/events/1345600032218179 [cb_admin] 200 30000ms

=INFO REPORT==== 22-Aug-2012::07:47:44 ===
GET /admin/model/events/1345599996051599 [cb_admin] 200 30001ms

=INFO REPORT==== 22-Aug-2012::07:47:46 ===
GET /admin/model/events/1345600036274027 [cb_admin] 200 30000ms

=INFO REPORT==== 22-Aug-2012::07:47:48 ===
POST /admin/model/heartbeat/12 [cb_admin] 200 0ms

=INFO REPORT==== 22-Aug-2012::07:47:48 ===
GET /admin/model/events/1345599996051599 [cb_admin] 200 30001ms

=INFO REPORT==== 22-Aug-2012::07:48:18 ===
POST /admin/model/heartbeat/12 [cb_admin] 200 0ms

=INFO REPORT==== 22-Aug-2012::07:48:18 ===
GET /admin/model/events/1345600038777478 [cb_admin] 200 30001ms

=INFO REPORT==== 22-Aug-2012::07:48:48 ===
POST /admin/model/heartbeat/12 [cb_admin] 200 0ms

=INFO REPORT==== 22-Aug-2012::07:48:48 ===
GET /admin/model/events/1345600068786492 [cb_admin] 200 30001ms

=INFO REPORT==== 22-Aug-2012::07:49:18 ===
POST /admin/model/heartbeat/12 [cb_admin] 200 0ms

=INFO REPORT==== 22-Aug-2012::07:49:18 ===
GET /admin/model/events/1345600098837420 [cb_admin] 200 30001ms

=INFO REPORT==== 22-Aug-2012::07:49:48 ===
POST /admin/model/heartbeat/12 [cb_admin] 200 0ms

=INFO REPORT==== 22-Aug-2012::07:49:48 ===
GET /admin/model/events/1345600128885376 [cb_admin] 200 30000ms

=INFO REPORT==== 22-Aug-2012::07:50:18 ===
POST /admin/model/heartbeat/12 [cb_admin] 200 0ms

=INFO REPORT==== 22-Aug-2012::07:50:18 ===
GET /admin/model/events/1345600158929479 [cb_admin] 200 30000ms

=INFO REPORT==== 22-Aug-2012::07:50:48 ===
POST /admin/model/heartbeat/12 [cb_admin] 200 0ms

=INFO REPORT==== 22-Aug-2012::07:50:49 ===
GET /admin/model/events/1345600188972828 [cb_admin] 200 30000ms

=INFO REPORT==== 22-Aug-2012::07:51:18 ===
POST /admin/model/heartbeat/12 [cb_admin] 200 0ms

=INFO REPORT==== 22-Aug-2012::07:51:19 ===
GET /admin/model/events/1345600219021860 [cb_admin] 200 30001ms

=INFO REPORT==== 22-Aug-2012::07:51:48 ===
POST /admin/model/heartbeat/12 [cb_admin] 200 0ms

=INFO REPORT==== 22-Aug-2012::07:51:49 ===
GET /admin/model/events/1345600249071052 [cb_admin] 200 30001ms

=INFO REPORT==== 22-Aug-2012::07:52:18 ===
POST /admin/model/heartbeat/12 [cb_admin] 200 0ms

=INFO REPORT==== 22-Aug-2012::07:52:19 ===
GET /admin/model/events/1345600279119504 [cb_admin] 200 30000ms

=INFO REPORT==== 22-Aug-2012::07:52:48 ===
POST /admin/model/heartbeat/12 [cb_admin] 200 0ms

=INFO REPORT==== 22-Aug-2012::07:52:49 ===
GET /admin/model/events/1345600309166968 [cb_admin] 200 30001ms

=INFO REPORT==== 22-Aug-2012::07:53:18 ===
POST /admin/model/heartbeat/12 [cb_admin] 200 0ms

=INFO REPORT==== 22-Aug-2012::07:53:19 ===
GET /admin/model/events/1345600339216203 [cb_admin] 200 30001ms

=INFO REPORT==== 22-Aug-2012::07:53:48 ===
POST /admin/model/heartbeat/12 [cb_admin] 200 0ms

=INFO REPORT==== 22-Aug-2012::07:53:49 ===
GET /admin/model/events/1345600369264009 [cb_admin] 200 30001ms

=INFO REPORT==== 22-Aug-2012::07:54:18 ===
POST /admin/model/heartbeat/12 [cb_admin] 200 0ms

=INFO REPORT==== 22-Aug-2012::07:54:19 ===
GET /admin/model/events/1345600399311075 [cb_admin] 200 30001ms

=INFO REPORT==== 22-Aug-2012::07:54:48 ===
POST /admin/model/heartbeat/12 [cb_admin] 200 0ms

=INFO REPORT==== 22-Aug-2012::07:54:49 ===
GET /admin/model/events/1345600429359276 [cb_admin] 200 30000ms

=INFO REPORT==== 22-Aug-2012::07:55:18 ===
POST /admin/model/heartbeat/12 [cb_admin] 200 0ms

=INFO REPORT==== 22-Aug-2012::07:55:19 ===
GET /admin/model/events/1345600459407695 [cb_admin] 200 30000ms

=INFO REPORT==== 22-Aug-2012::07:55:48 ===
POST /admin/model/heartbeat/12 [cb_admin] 200 0ms

=INFO REPORT==== 22-Aug-2012::07:55:49 ===
GET /admin/model/events/1345600489454793 [cb_admin] 200 30000ms

=INFO REPORT==== 22-Aug-2012::07:56:18 ===
POST /admin/model/heartbeat/12 [cb_admin] 200 0ms

=INFO REPORT==== 22-Aug-2012::07:56:19 ===
GET /admin/model/events/1345600519502911 [cb_admin] 200 30001ms

=INFO REPORT==== 22-Aug-2012::07:56:48 ===
POST /admin/model/heartbeat/12 [cb_admin] 200 0ms

=INFO REPORT==== 22-Aug-2012::07:56:49 ===
GET /admin/model/events/1345600549552037 [cb_admin] 200 30000ms

=INFO REPORT==== 22-Aug-2012::07:57:18 ===
POST /admin/model/heartbeat/12 [cb_admin] 200 0ms

=INFO REPORT==== 22-Aug-2012::07:57:19 ===
GET /admin/model/events/1345600579598942 [cb_admin] 200 30000ms

=INFO REPORT==== 22-Aug-2012::07:57:48 ===
POST /admin/model/heartbeat/12 [cb_admin] 200 0ms

=INFO REPORT==== 22-Aug-2012::07:57:49 ===
GET /admin/model/events/1345600609646947 [cb_admin] 200 30000ms

=INFO REPORT==== 22-Aug-2012::07:58:18 ===
POST /admin/model/heartbeat/12 [cb_admin] 200 0ms

=INFO REPORT==== 22-Aug-2012::07:58:19 ===
GET /admin/model/events/1345600639694917 [cb_admin] 200 30001ms

=INFO REPORT==== 22-Aug-2012::07:58:48 ===
POST /admin/model/heartbeat/12 [cb_admin] 200 0ms

=INFO REPORT==== 22-Aug-2012::07:58:49 ===
GET /admin/model/events/1345600669743028 [cb_admin] 200 30001ms

=INFO REPORT==== 22-Aug-2012::07:59:18 ===
POST /admin/model/heartbeat/12 [cb_admin] 200 0ms

=INFO REPORT==== 22-Aug-2012::07:59:19 ===
GET /admin/model/events/1345600699790565 [cb_admin] 200 30000ms

=INFO REPORT==== 22-Aug-2012::07:59:48 ===
POST /admin/model/heartbeat/12 [cb_admin] 200 0ms

=INFO REPORT==== 22-Aug-2012::07:59:49 ===
GET /admin/model/events/1345600729838850 [cb_admin] 200 30001ms

=INFO REPORT==== 22-Aug-2012::08:00:18 ===
POST /admin/model/heartbeat/12 [cb_admin] 200 0ms

=INFO REPORT==== 22-Aug-2012::08:00:19 ===
GET /admin/model/events/1345600759883028 [cb_admin] 200 30000ms

=INFO REPORT==== 22-Aug-2012::08:00:48 ===
POST /admin/model/heartbeat/12 [cb_admin] 200 0ms

=INFO REPORT==== 22-Aug-2012::08:00:49 ===
GET /admin/model/events/1345600789930787 [cb_admin] 200 30001ms

=INFO REPORT==== 22-Aug-2012::08:01:18 ===
POST /admin/model/heartbeat/12 [cb_admin] 200 0ms

=INFO REPORT==== 22-Aug-2012::08:01:20 ===
GET /admin/model/events/1345600819976320 [cb_admin] 200 30001ms

=INFO REPORT==== 22-Aug-2012::08:01:48 ===
POST /admin/model/heartbeat/12 [cb_admin] 200 0ms

=INFO REPORT==== 22-Aug-2012::08:01:50 ===
GET /admin/model/events/1345600850024345 [cb_admin] 200 30001ms

=INFO REPORT==== 22-Aug-2012::08:02:18 ===
POST /admin/model/heartbeat/12 [cb_admin] 200 0ms

=INFO REPORT==== 22-Aug-2012::08:02:20 ===
GET /admin/model/events/1345600880068382 [cb_admin] 200 30001ms

=INFO REPORT==== 22-Aug-2012::08:02:48 ===
POST /admin/model/heartbeat/12 [cb_admin] 200 0ms

=INFO REPORT==== 22-Aug-2012::08:02:50 ===
GET /admin/model/events/1345600910115756 [cb_admin] 200 30001ms

=INFO REPORT==== 22-Aug-2012::08:03:18 ===
POST /admin/model/heartbeat/12 [cb_admin] 200 0ms

=INFO REPORT==== 22-Aug-2012::08:03:20 ===
GET /admin/model/events/1345600940162652 [cb_admin] 200 30001ms

=INFO REPORT==== 22-Aug-2012::08:03:48 ===
POST /admin/model/heartbeat/12 [cb_admin] 200 0ms

=INFO REPORT==== 22-Aug-2012::08:03:50 ===
GET /admin/model/events/1345600970210559 [cb_admin] 200 30000ms

=INFO REPORT==== 22-Aug-2012::08:04:18 ===
POST /admin/model/heartbeat/12 [cb_admin] 200 0ms

=INFO REPORT==== 22-Aug-2012::08:04:20 ===
GET /admin/model/events/1345601000258905 [cb_admin] 200 30001ms

=INFO REPORT==== 22-Aug-2012::08:04:48 ===
POST /admin/model/heartbeat/12 [cb_admin] 200 0ms

=INFO REPORT==== 22-Aug-2012::08:04:50 ===
GET /admin/model/events/1345601030306587 [cb_admin] 200 30001ms

=INFO REPORT==== 22-Aug-2012::08:05:18 ===
POST /admin/model/heartbeat/12 [cb_admin] 200 0ms

=INFO REPORT==== 22-Aug-2012::08:05:20 ===
GET /admin/model/events/1345601060354579 [cb_admin] 200 30001ms

=INFO REPORT==== 22-Aug-2012::08:05:48 ===
POST /admin/model/heartbeat/12 [cb_admin] 200 0ms

=INFO REPORT==== 22-Aug-2012::08:05:50 ===
GET /admin/model/events/1345601090402576 [cb_admin] 200 30000ms

=INFO REPORT==== 22-Aug-2012::08:06:18 ===
POST /admin/model/heartbeat/12 [cb_admin] 200 0ms

=INFO REPORT==== 22-Aug-2012::08:06:20 ===
GET /admin/model/events/1345601120450803 [cb_admin] 200 30001ms

=INFO REPORT==== 22-Aug-2012::08:06:48 ===
POST /admin/model/heartbeat/12 [cb_admin] 200 0ms

=INFO REPORT==== 22-Aug-2012::08:06:50 ===
GET /admin/model/events/1345601150498570 [cb_admin] 200 30001ms

=INFO REPORT==== 22-Aug-2012::08:07:18 ===
POST /admin/model/heartbeat/12 [cb_admin] 200 0ms

=INFO REPORT==== 22-Aug-2012::08:07:20 ===
GET /admin/model/events/1345601180546463 [cb_admin] 200 30001ms

=INFO REPORT==== 22-Aug-2012::08:07:48 ===
POST /admin/model/heartbeat/12 [cb_admin] 200 0ms

=INFO REPORT==== 22-Aug-2012::08:07:50 ===
GET /admin/model/events/1345601210594977 [cb_admin] 200 30001ms

=INFO REPORT==== 22-Aug-2012::08:08:18 ===
POST /admin/model/heartbeat/12 [cb_admin] 200 0ms

=INFO REPORT==== 22-Aug-2012::08:08:20 ===
GET /admin/model/events/1345601240642938 [cb_admin] 200 30002ms

=INFO REPORT==== 22-Aug-2012::08:08:33 ===
Loading routes from "/home/simba/hacking/erlang/helpdesk/priv/helpdesk.routes" ....

=INFO REPORT==== 22-Aug-2012::08:08:34 ===
GET /main/user_request [helpdesk] 200 296ms

=INFO REPORT==== 22-Aug-2012::08:08:48 ===
POST /admin/model/heartbeat/12 [cb_admin] 200 0ms

=INFO REPORT==== 22-Aug-2012::08:08:50 ===
GET /admin/model/events/1345601270692216 [cb_admin] 200 30001ms

=INFO REPORT==== 22-Aug-2012::08:09:18 ===
POST /admin/model/heartbeat/12 [cb_admin] 200 0ms

=INFO REPORT==== 22-Aug-2012::08:09:20 ===
GET /admin/model/events/1345601300737923 [cb_admin] 200 30002ms

=INFO REPORT==== 22-Aug-2012::08:09:48 ===
POST /admin/model/heartbeat/12 [cb_admin] 200 0ms

=INFO REPORT==== 22-Aug-2012::08:09:50 ===
GET /admin/model/events/1345601330790994 [cb_admin] 200 30001ms

=INFO REPORT==== 22-Aug-2012::08:10:18 ===
POST /admin/model/heartbeat/12 [cb_admin] 200 0ms

=INFO REPORT==== 22-Aug-2012::08:10:20 ===
GET /admin/model/events/1345601360804001 [cb_admin] 200 30001ms

=INFO REPORT==== 22-Aug-2012::08:10:48 ===
POST /admin/model/heartbeat/12 [cb_admin] 200 0ms

=INFO REPORT==== 22-Aug-2012::08:10:50 ===
GET /admin/model/events/1345601390853398 [cb_admin] 200 30001ms

=INFO REPORT==== 22-Aug-2012::08:11:15 ===
Loading routes from "/home/simba/hacking/erlang/helpdesk/priv/helpdesk.routes" ....

=INFO REPORT==== 22-Aug-2012::08:11:16 ===
GET / [helpdesk] 200 299ms

=INFO REPORT==== 22-Aug-2012::08:11:18 ===
POST /admin/model/heartbeat/12 [cb_admin] 200 0ms

=INFO REPORT==== 22-Aug-2012::08:11:20 ===
GET /admin/model/events/1345601420897361 [cb_admin] 200 30000ms
