
=INFO REPORT==== 17-Aug-2012::17:20:25 ===
Starting Boss in development mode....

=INFO REPORT==== 17-Aug-2012::17:20:25 ===
Starting master services on 'helpdesk@simba-Aspire-4920'

=INFO REPORT==== 17-Aug-2012::17:20:25 ===
SSL:[]

=INFO REPORT==== 17-Aug-2012::17:20:25 ===
Loading routes from "../cb_admin/priv/cb_admin.routes" ....

=INFO REPORT==== 17-Aug-2012::17:20:26 ===
Loading routes from "/home/simba/hacking/erlang/helpdesk/priv/helpdesk.routes" ....

=INFO REPORT==== 17-Aug-2012::17:20:27 ===
GET /admin/model/model [cb_admin] 200 14ms

=INFO REPORT==== 17-Aug-2012::17:20:28 ===
GET /admin/model/model/depart [cb_admin] 200 33ms

=INFO REPORT==== 17-Aug-2012::17:20:28 ===
POST /admin/model/watch [cb_admin] 200 4ms

=ERROR REPORT==== 17-Aug-2012::17:20:29 ===
{badarg,[{erlang,integer_to_list,[14.0]},
         {erlydtl_dateformat,integer_to_list_zerofill,1},
         {erlydtl_dateformat,replace_tags,5},
         {cb_admin_model_lib,encode_csv_value,1},
         {cb_admin_model_controller,'-csv/3-fun-1-',2},
         {lists,foldr,3},
         {cb_admin_model_controller,'-csv/3-fun-2-',1},
         {lists,map,2}]}

=ERROR REPORT==== 17-Aug-2012::17:20:29 ===
GET /admin/model/csv/depart [cb_admin] 500 6ms

=INFO REPORT==== 17-Aug-2012::17:20:32 ===
POST /admin/model/watch [cb_admin] 200 0ms

=INFO REPORT==== 17-Aug-2012::17:20:33 ===
GET /admin/model/show/depart-2 [cb_admin] 200 14ms

=INFO REPORT==== 17-Aug-2012::17:20:33 ===
POST /admin/model/watch [cb_admin] 200 0ms

=INFO REPORT==== 17-Aug-2012::17:20:35 ===
GET /admin/model/edit/depart-2 [cb_admin] 200 7ms

=ERROR REPORT==== 17-Aug-2012::17:20:36 ===
** Generic server <0.76.0> terminating 
** Last message in was {save_record,
                           {depart,"depart-2",
                               [208,158,209,130,208,180,208,181,208,187,32,
                                208,152,208,162,46],
                               [208,158,209,130,208,180,208,181,208,187,32,
                                208,184,208,189,209,132,208,190,209,128,208,
                                188,208,176,209,134,208,184,208,190,208,189,
                                208,189,209,139,209,133,32,209,130,208,181,
                                209,133,208,189,208,190,208,187,208,190,208,
                                179,208,184,208,185,46],
                               {{2012,8,17},{6,11,25.0}},
                               {{2012,8,17},{6,26,14.0}}}}
** When Server state == {state,boss_db_adapter_pgsql,<0.77.0>,[],
                               {dict,0,16,16,8,80,48,
                                     {[],[],[],[],[],[],[],[],[],[],[],[],[],
                                      [],[],[]},
                                     {{[],[],[],[],[],[],[],[],[],[],[],[],[],
                                       [],[],[]}}},
                               false,60,db,0}
** Reason for termination == 
** {badarg,[{erlang,integer_to_list,[25.0]},
            {erlydtl_dateformat,integer_to_list_zerofill,1},
            {erlydtl_dateformat,tag_to_value,3},
            {erlydtl_dateformat,replace_tags,5},
            {boss_db_adapter_pgsql,pack_datetime,1},
            {boss_db_adapter_pgsql,'-build_update_query/1-fun-0-',2},
            {lists,foldl,3},
            {boss_db_adapter_pgsql,build_update_query,1}]}

=ERROR REPORT==== 17-Aug-2012::17:20:36 ===
{{badarg,[{erlang,integer_to_list,[25.0]},
          {erlydtl_dateformat,integer_to_list_zerofill,1},
          {erlydtl_dateformat,tag_to_value,3},
          {erlydtl_dateformat,replace_tags,5},
          {boss_db_adapter_pgsql,pack_datetime,1},
          {boss_db_adapter_pgsql,'-build_update_query/1-fun-0-',2},
          {lists,foldl,3},
          {boss_db_adapter_pgsql,build_update_query,1}]},
 {gen_server,call,
             [<0.76.0>,
              {save_record,{depart,"depart-2",
                                   [208,158,209,130,208,180,208,181,208,187,
                                    32,208,152,208,162,46],
                                   [208,158,209,130,208,180,208,181,208,187,
                                    32,208,184,208,189,209,132,208,190,209,
                                    128,208,188,208,176,209,134,208,184,208,
                                    190,208,189,208,189,209,139,209,133,32,
                                    209,130,208,181,209,133,208,189,208,190,
                                    208,187,208,190,208,179,208,184,208,185,
                                    46],
                                   {{2012,8,17},{6,11,25.0}},
                                   {{2012,8,17},{6,26,14.0}}}},
              30000]}}

=ERROR REPORT==== 17-Aug-2012::17:20:36 ===
POST /admin/model/edit/depart-2 [cb_admin] 500 4ms

=INFO REPORT==== 17-Aug-2012::17:20:40 ===
GET /admin/model/events/1345202428794652 [cb_admin] 200 11466ms

=INFO REPORT==== 17-Aug-2012::17:20:40 ===
GET /admin/model/events/1345202428794652 [cb_admin] 200 8250ms

=INFO REPORT==== 17-Aug-2012::17:20:40 ===
GET /admin/model/events/1345202433114693 [cb_admin] 200 7076ms

=INFO REPORT==== 17-Aug-2012::17:20:40 ===
POST /admin/model/edit/depart-2 [cb_admin] 302 39ms

=INFO REPORT==== 17-Aug-2012::17:20:40 ===
GET /admin/model/show/depart-2 [cb_admin] 200 7ms

=INFO REPORT==== 17-Aug-2012::17:20:40 ===
POST /admin/model/watch [cb_admin] 200 0ms

=INFO REPORT==== 17-Aug-2012::17:20:42 ===
GET /admin/model/model/depart [cb_admin] 200 9ms

=INFO REPORT==== 17-Aug-2012::17:20:42 ===
POST /admin/model/watch [cb_admin] 200 0ms

=ERROR REPORT==== 17-Aug-2012::17:20:43 ===
{badarg,[{erlang,integer_to_list,[40.0]},
         {erlydtl_dateformat,integer_to_list_zerofill,1},
         {erlydtl_dateformat,replace_tags,5},
         {cb_admin_model_lib,encode_csv_value,1},
         {cb_admin_model_controller,'-csv/3-fun-1-',2},
         {lists,foldr,3},
         {cb_admin_model_controller,'-csv/3-fun-2-',1},
         {lists,map,2}]}

=ERROR REPORT==== 17-Aug-2012::17:20:43 ===
GET /admin/model/csv/depart [cb_admin] 500 1ms

=INFO REPORT==== 17-Aug-2012::17:20:58 ===
POST /admin/model/watch [cb_admin] 200 0ms

=INFO REPORT==== 17-Aug-2012::17:21:10 ===
GET /admin/model/events/1345202440440868 [cb_admin] 200 30001ms

=INFO REPORT==== 17-Aug-2012::17:21:12 ===
GET /admin/model/events/1345202442199139 [cb_admin] 200 30001ms
