
=INFO REPORT==== 28-Aug-2012::17:49:17 ===
Starting Boss in development mode....

=INFO REPORT==== 28-Aug-2012::17:49:18 ===
Starting master services on 'helpdesk@simba-Aspire-4920'

=INFO REPORT==== 28-Aug-2012::17:49:18 ===
SSL:[]

=INFO REPORT==== 28-Aug-2012::17:49:18 ===
Loading routes from "../cb_admin/priv/cb_admin.routes" ....

=INFO REPORT==== 28-Aug-2012::17:49:19 ===
Loading routes from "/home/simba/hacking/erlang/helpdesk/priv/helpdesk.routes" ....

=INFO REPORT==== 28-Aug-2012::17:53:56 ===
Loading routes from "/home/simba/hacking/erlang/helpdesk/priv/helpdesk.routes" ....

=INFO REPORT==== 28-Aug-2012::17:53:56 ===
GET / [helpdesk] 200 53ms

=INFO REPORT==== 28-Aug-2012::17:54:45 ===
Loading routes from "/home/simba/hacking/erlang/helpdesk/priv/helpdesk.routes" ....

=INFO REPORT==== 28-Aug-2012::17:54:45 ===
GET / [helpdesk] 200 103ms

=INFO REPORT==== 28-Aug-2012::17:54:47 ===
Loading routes from "/home/simba/hacking/erlang/helpdesk/priv/helpdesk.routes" ....

=INFO REPORT==== 28-Aug-2012::17:54:47 ===
GET /user/login [helpdesk] 200 97ms

=INFO REPORT==== 28-Aug-2012::17:54:50 ===
Loading routes from "/home/simba/hacking/erlang/helpdesk/priv/helpdesk.routes" ....

=INFO REPORT==== 28-Aug-2012::17:54:51 ===
POST /user/login [helpdesk] 302 1055ms

=INFO REPORT==== 28-Aug-2012::17:54:51 ===
Loading routes from "/home/simba/hacking/erlang/helpdesk/priv/helpdesk.routes" ....

=INFO REPORT==== 28-Aug-2012::17:54:52 ===
GET / [helpdesk] 200 95ms

=INFO REPORT==== 28-Aug-2012::17:54:53 ===
Loading routes from "/home/simba/hacking/erlang/helpdesk/priv/helpdesk.routes" ....

=INFO REPORT==== 28-Aug-2012::17:54:53 ===
GET /chat [helpdesk] 200 98ms

=INFO REPORT==== 28-Aug-2012::17:54:56 ===
Loading routes from "/home/simba/hacking/erlang/helpdesk/priv/helpdesk.routes" ....

=INFO REPORT==== 28-Aug-2012::17:54:57 ===
GET /main/depart_request [helpdesk] 200 523ms

=INFO REPORT==== 28-Aug-2012::17:55:28 ===
Loading routes from "/home/simba/hacking/erlang/helpdesk/priv/helpdesk.routes" ....

=INFO REPORT==== 28-Aug-2012::17:55:28 ===
GET /request/show/request-25 [helpdesk] 200 152ms

=INFO REPORT==== 28-Aug-2012::17:56:38 ===
Loading routes from "/home/simba/hacking/erlang/helpdesk/priv/helpdesk.routes" ....

=INFO REPORT==== 28-Aug-2012::17:56:38 ===
GET /main/depart_request [helpdesk] 200 198ms

=INFO REPORT==== 28-Aug-2012::17:56:40 ===
Loading routes from "/home/simba/hacking/erlang/helpdesk/priv/helpdesk.routes" ....

=INFO REPORT==== 28-Aug-2012::17:56:40 ===
GET /main/depart_request [helpdesk] 200 114ms

=INFO REPORT==== 28-Aug-2012::17:56:40 ===
Loading routes from "/home/simba/hacking/erlang/helpdesk/priv/helpdesk.routes" ....

=INFO REPORT==== 28-Aug-2012::17:56:41 ===
GET /main/depart_request [helpdesk] 200 116ms

=INFO REPORT==== 28-Aug-2012::17:56:41 ===
Loading routes from "/home/simba/hacking/erlang/helpdesk/priv/helpdesk.routes" ....

=INFO REPORT==== 28-Aug-2012::17:56:41 ===
GET /main/depart_request [helpdesk] 200 121ms

=INFO REPORT==== 28-Aug-2012::17:56:42 ===
Loading routes from "/home/simba/hacking/erlang/helpdesk/priv/helpdesk.routes" ....

=INFO REPORT==== 28-Aug-2012::17:56:42 ===
GET /main/depart_request [helpdesk] 200 144ms

=INFO REPORT==== 28-Aug-2012::17:57:22 ===
Loading routes from "/home/simba/hacking/erlang/helpdesk/priv/helpdesk.routes" ....

=ERROR REPORT==== 28-Aug-2012::17:57:22 ===
GET /main/depart_request [helpdesk] 404 219ms

=INFO REPORT==== 28-Aug-2012::17:57:25 ===
Loading routes from "/home/simba/hacking/erlang/helpdesk/priv/helpdesk.routes" ....

=ERROR REPORT==== 28-Aug-2012::17:57:25 ===
GET /main/depart_request [helpdesk] 404 216ms

=INFO REPORT==== 28-Aug-2012::17:57:32 ===
Loading routes from "/home/simba/hacking/erlang/helpdesk/priv/helpdesk.routes" ....

=ERROR REPORT==== 28-Aug-2012::17:57:32 ===
GET /main/depart_request [helpdesk] 404 195ms

=INFO REPORT==== 28-Aug-2012::17:57:32 ===
Loading routes from "/home/simba/hacking/erlang/helpdesk/priv/helpdesk.routes" ....

=ERROR REPORT==== 28-Aug-2012::17:57:33 ===
GET /main/depart_request [helpdesk] 404 198ms

=INFO REPORT==== 28-Aug-2012::17:57:33 ===
Loading routes from "/home/simba/hacking/erlang/helpdesk/priv/helpdesk.routes" ....

=ERROR REPORT==== 28-Aug-2012::17:57:33 ===
GET /main/depart_request [helpdesk] 404 202ms

=INFO REPORT==== 28-Aug-2012::17:57:43 ===
Loading routes from "/home/simba/hacking/erlang/helpdesk/priv/helpdesk.routes" ....

=ERROR REPORT==== 28-Aug-2012::17:57:43 ===
GET /main/depart_request [helpdesk] 404 196ms

=INFO REPORT==== 28-Aug-2012::17:57:43 ===
Loading routes from "/home/simba/hacking/erlang/helpdesk/priv/helpdesk.routes" ....

=ERROR REPORT==== 28-Aug-2012::17:57:43 ===
GET /main/depart_request [helpdesk] 404 195ms

=INFO REPORT==== 28-Aug-2012::17:57:49 ===
Loading routes from "/home/simba/hacking/erlang/helpdesk/priv/helpdesk.routes" ....

=INFO REPORT==== 28-Aug-2012::17:57:49 ===
GET /main/depart_request [helpdesk] 200 196ms

=INFO REPORT==== 28-Aug-2012::17:59:53 ===
Loading routes from "/home/simba/hacking/erlang/helpdesk/priv/helpdesk.routes" ....

=INFO REPORT==== 28-Aug-2012::17:59:53 ===
GET /main/depart_request [helpdesk] 200 221ms

=INFO REPORT==== 28-Aug-2012::18:00:05 ===
Loading routes from "/home/simba/hacking/erlang/helpdesk/priv/helpdesk.routes" ....

=INFO REPORT==== 28-Aug-2012::18:00:05 ===
GET /request/set_worker/request-29 [helpdesk] 200 98ms

=INFO REPORT==== 28-Aug-2012::18:00:14 ===
Loading routes from "/home/simba/hacking/erlang/helpdesk/priv/helpdesk.routes" ....

=INFO REPORT==== 28-Aug-2012::18:00:14 ===
POST /request/set_worker/request-29 [helpdesk] 302 287ms

=INFO REPORT==== 28-Aug-2012::18:00:15 ===
Loading routes from "/home/simba/hacking/erlang/helpdesk/priv/helpdesk.routes" ....

=ERROR REPORT==== 28-Aug-2012::18:00:15 ===
GET /main/set_worker [helpdesk] 404 187ms

=INFO REPORT==== 28-Aug-2012::18:00:17 ===
Loading routes from "/home/simba/hacking/erlang/helpdesk/priv/helpdesk.routes" ....

=INFO REPORT==== 28-Aug-2012::18:00:17 ===
GET / [helpdesk] 200 101ms

=INFO REPORT==== 28-Aug-2012::18:00:18 ===
Loading routes from "/home/simba/hacking/erlang/helpdesk/priv/helpdesk.routes" ....

=INFO REPORT==== 28-Aug-2012::18:00:18 ===
GET /main/depart_request [helpdesk] 200 119ms

=INFO REPORT==== 28-Aug-2012::18:00:23 ===
Loading routes from "/home/simba/hacking/erlang/helpdesk/priv/helpdesk.routes" ....

=INFO REPORT==== 28-Aug-2012::18:00:23 ===
GET /request/set_complit/request-29 [helpdesk] 200 244ms

=INFO REPORT==== 28-Aug-2012::18:00:25 ===
Loading routes from "/home/simba/hacking/erlang/helpdesk/priv/helpdesk.routes" ....

=INFO REPORT==== 28-Aug-2012::18:00:25 ===
POST /request/set_complit/request-29 [helpdesk] 302 215ms

=INFO REPORT==== 28-Aug-2012::18:00:25 ===
Loading routes from "/home/simba/hacking/erlang/helpdesk/priv/helpdesk.routes" ....

=INFO REPORT==== 28-Aug-2012::18:00:25 ===
GET /main/user_request [helpdesk] 200 100ms

=INFO REPORT==== 28-Aug-2012::18:00:28 ===
Loading routes from "/home/simba/hacking/erlang/helpdesk/priv/helpdesk.routes" ....

=INFO REPORT==== 28-Aug-2012::18:00:28 ===
GET /main/depart_request [helpdesk] 200 117ms

=INFO REPORT==== 28-Aug-2012::18:00:56 ===
Loading routes from "/home/simba/hacking/erlang/helpdesk/priv/helpdesk.routes" ....

=INFO REPORT==== 28-Aug-2012::18:00:56 ===
GET /user/logout [helpdesk] 302 85ms

=INFO REPORT==== 28-Aug-2012::18:00:56 ===
Loading routes from "/home/simba/hacking/erlang/helpdesk/priv/helpdesk.routes" ....

=INFO REPORT==== 28-Aug-2012::18:00:56 ===
GET / [helpdesk] 200 90ms

=INFO REPORT==== 28-Aug-2012::18:00:58 ===
Loading routes from "/home/simba/hacking/erlang/helpdesk/priv/helpdesk.routes" ....

=INFO REPORT==== 28-Aug-2012::18:00:58 ===
GET /user/login [helpdesk] 200 101ms

=INFO REPORT==== 28-Aug-2012::18:01:08 ===
Loading routes from "/home/simba/hacking/erlang/helpdesk/priv/helpdesk.routes" ....

=INFO REPORT==== 28-Aug-2012::18:01:09 ===
POST /user/login [helpdesk] 200 94ms

=INFO REPORT==== 28-Aug-2012::18:01:18 ===
GET /admin [cb_admin] 200 34ms

=INFO REPORT==== 28-Aug-2012::18:01:20 ===
GET /admin/model/model [cb_admin] 200 9ms

=INFO REPORT==== 28-Aug-2012::18:01:25 ===
GET /admin/model/model/cl_user [cb_admin] 200 86ms

=INFO REPORT==== 28-Aug-2012::18:01:26 ===
POST /admin/model/watch [cb_admin] 200 26ms

=INFO REPORT==== 28-Aug-2012::18:01:32 ===
Loading routes from "/home/simba/hacking/erlang/helpdesk/priv/helpdesk.routes" ....

=INFO REPORT==== 28-Aug-2012::18:01:32 ===
GET / [helpdesk] 200 96ms

=INFO REPORT==== 28-Aug-2012::18:01:33 ===
Loading routes from "/home/simba/hacking/erlang/helpdesk/priv/helpdesk.routes" ....

=INFO REPORT==== 28-Aug-2012::18:01:33 ===
GET /user/login [helpdesk] 200 92ms

=INFO REPORT==== 28-Aug-2012::18:01:39 ===
Loading routes from "/home/simba/hacking/erlang/helpdesk/priv/helpdesk.routes" ....

=INFO REPORT==== 28-Aug-2012::18:01:39 ===
POST /user/login [helpdesk] 302 95ms

=INFO REPORT==== 28-Aug-2012::18:01:39 ===
Loading routes from "/home/simba/hacking/erlang/helpdesk/priv/helpdesk.routes" ....

=INFO REPORT==== 28-Aug-2012::18:01:40 ===
GET / [helpdesk] 200 94ms

=INFO REPORT==== 28-Aug-2012::18:01:43 ===
Loading routes from "/home/simba/hacking/erlang/helpdesk/priv/helpdesk.routes" ....

=INFO REPORT==== 28-Aug-2012::18:01:43 ===
GET /main/user_request [helpdesk] 200 106ms

=INFO REPORT==== 28-Aug-2012::18:01:56 ===
GET /admin/model/events/1346155285622151 [cb_admin] 200 30001ms

=INFO REPORT==== 28-Aug-2012::18:02:28 ===
Loading routes from "/home/simba/hacking/erlang/helpdesk/priv/helpdesk.routes" ....

=INFO REPORT==== 28-Aug-2012::18:02:29 ===
GET /main/depart_request [helpdesk] 200 99ms

=INFO REPORT==== 28-Aug-2012::18:02:32 ===
Loading routes from "/home/simba/hacking/erlang/helpdesk/priv/helpdesk.routes" ....

=INFO REPORT==== 28-Aug-2012::18:02:32 ===
GET /user/logout [helpdesk] 302 96ms

=INFO REPORT==== 28-Aug-2012::18:02:32 ===
Loading routes from "/home/simba/hacking/erlang/helpdesk/priv/helpdesk.routes" ....

=INFO REPORT==== 28-Aug-2012::18:02:32 ===
GET / [helpdesk] 200 95ms

=INFO REPORT==== 28-Aug-2012::18:02:34 ===
Loading routes from "/home/simba/hacking/erlang/helpdesk/priv/helpdesk.routes" ....

=INFO REPORT==== 28-Aug-2012::18:02:34 ===
GET /user/login [helpdesk] 200 102ms

=INFO REPORT==== 28-Aug-2012::18:02:39 ===
Loading routes from "/home/simba/hacking/erlang/helpdesk/priv/helpdesk.routes" ....

=INFO REPORT==== 28-Aug-2012::18:02:39 ===
POST /user/login [helpdesk] 302 91ms

=INFO REPORT==== 28-Aug-2012::18:02:39 ===
Loading routes from "/home/simba/hacking/erlang/helpdesk/priv/helpdesk.routes" ....

=INFO REPORT==== 28-Aug-2012::18:02:39 ===
GET / [helpdesk] 200 97ms

=INFO REPORT==== 28-Aug-2012::18:02:40 ===
Loading routes from "/home/simba/hacking/erlang/helpdesk/priv/helpdesk.routes" ....

=INFO REPORT==== 28-Aug-2012::18:02:40 ===
GET /main/depart_request [helpdesk] 200 124ms

=INFO REPORT==== 28-Aug-2012::18:03:02 ===
Loading routes from "/home/simba/hacking/erlang/helpdesk/priv/helpdesk.routes" ....

=INFO REPORT==== 28-Aug-2012::18:03:02 ===
GET /user/logout [helpdesk] 302 89ms

=INFO REPORT==== 28-Aug-2012::18:03:02 ===
Loading routes from "/home/simba/hacking/erlang/helpdesk/priv/helpdesk.routes" ....

=INFO REPORT==== 28-Aug-2012::18:03:02 ===
GET / [helpdesk] 200 92ms

=INFO REPORT==== 28-Aug-2012::18:03:03 ===
Loading routes from "/home/simba/hacking/erlang/helpdesk/priv/helpdesk.routes" ....

=INFO REPORT==== 28-Aug-2012::18:03:03 ===
GET /user/login [helpdesk] 200 95ms

=INFO REPORT==== 28-Aug-2012::18:03:17 ===
Loading routes from "/home/simba/hacking/erlang/helpdesk/priv/helpdesk.routes" ....

=INFO REPORT==== 28-Aug-2012::18:03:17 ===
POST /user/login [helpdesk] 302 91ms

=INFO REPORT==== 28-Aug-2012::18:03:17 ===
Loading routes from "/home/simba/hacking/erlang/helpdesk/priv/helpdesk.routes" ....

=INFO REPORT==== 28-Aug-2012::18:03:17 ===
GET / [helpdesk] 200 91ms

=INFO REPORT==== 28-Aug-2012::18:03:20 ===
Loading routes from "/home/simba/hacking/erlang/helpdesk/priv/helpdesk.routes" ....

=INFO REPORT==== 28-Aug-2012::18:03:20 ===
GET /main/user_request [helpdesk] 200 180ms

=INFO REPORT==== 28-Aug-2012::18:04:37 ===
Loading routes from "/home/simba/hacking/erlang/helpdesk/priv/helpdesk.routes" ....

=INFO REPORT==== 28-Aug-2012::18:04:37 ===
GET /request/show/request-29 [helpdesk] 200 138ms

=INFO REPORT==== 28-Aug-2012::18:04:39 ===
Loading routes from "/home/simba/hacking/erlang/helpdesk/priv/helpdesk.routes" ....

=INFO REPORT==== 28-Aug-2012::18:04:39 ===
GET /main/user_request [helpdesk] 200 100ms

=INFO REPORT==== 28-Aug-2012::18:04:44 ===
Loading routes from "/home/simba/hacking/erlang/helpdesk/priv/helpdesk.routes" ....

=INFO REPORT==== 28-Aug-2012::18:04:44 ===
GET /request/set_close/request-29 [helpdesk] 200 102ms

=INFO REPORT==== 28-Aug-2012::18:04:45 ===
Loading routes from "/home/simba/hacking/erlang/helpdesk/priv/helpdesk.routes" ....

=INFO REPORT==== 28-Aug-2012::18:04:46 ===
POST /request/set_close/request-29 [helpdesk] 302 214ms

=INFO REPORT==== 28-Aug-2012::18:04:46 ===
Loading routes from "/home/simba/hacking/erlang/helpdesk/priv/helpdesk.routes" ....

=INFO REPORT==== 28-Aug-2012::18:04:46 ===
GET /main/user_request [helpdesk] 200 98ms

=INFO REPORT==== 28-Aug-2012::18:05:17 ===
Loading routes from "/home/simba/hacking/erlang/helpdesk/priv/helpdesk.routes" ....

=INFO REPORT==== 28-Aug-2012::18:05:17 ===
GET /main/user_request [helpdesk] 200 99ms

=INFO REPORT==== 28-Aug-2012::18:06:50 ===
Loading routes from "/home/simba/hacking/erlang/helpdesk/priv/helpdesk.routes" ....

=INFO REPORT==== 28-Aug-2012::18:06:50 ===
GET /main/depart_request [helpdesk] 200 95ms

=INFO REPORT==== 28-Aug-2012::18:06:51 ===
Loading routes from "/home/simba/hacking/erlang/helpdesk/priv/helpdesk.routes" ....

=INFO REPORT==== 28-Aug-2012::18:06:51 ===
GET /main/user_request [helpdesk] 200 119ms

=INFO REPORT==== 28-Aug-2012::18:06:55 ===
Loading routes from "/home/simba/hacking/erlang/helpdesk/priv/helpdesk.routes" ....

=INFO REPORT==== 28-Aug-2012::18:06:55 ===
GET /request/set_close/request-29 [helpdesk] 200 102ms

=INFO REPORT==== 28-Aug-2012::18:06:57 ===
Loading routes from "/home/simba/hacking/erlang/helpdesk/priv/helpdesk.routes" ....

=INFO REPORT==== 28-Aug-2012::18:06:57 ===
POST /request/set_close/request-29 [helpdesk] 302 187ms

=INFO REPORT==== 28-Aug-2012::18:06:57 ===
Loading routes from "/home/simba/hacking/erlang/helpdesk/priv/helpdesk.routes" ....

=INFO REPORT==== 28-Aug-2012::18:06:57 ===
GET /main/user_request [helpdesk] 200 97ms

=INFO REPORT==== 28-Aug-2012::18:06:58 ===
Loading routes from "/home/simba/hacking/erlang/helpdesk/priv/helpdesk.routes" ....

=INFO REPORT==== 28-Aug-2012::18:06:59 ===
GET /request/show/request-29 [helpdesk] 200 105ms

=INFO REPORT==== 28-Aug-2012::18:07:17 ===
Loading routes from "/home/simba/hacking/erlang/helpdesk/priv/helpdesk.routes" ....

=INFO REPORT==== 28-Aug-2012::18:07:17 ===
GET /main/user_request [helpdesk] 200 100ms

=ERROR REPORT==== 28-Aug-2012::18:08:08 ===
** State machine boss_db_pool terminating 
** Last message in was {'EXIT',<0.86.0>,shutdown}
** When State == ready
**      Data  == {state,{[<0.71.0>,<0.86.0>,<0.83.0>],[<0.77.0>,<0.80.0>]},
                        <0.70.0>,
                        {[],[]},
                        [],5,0,10,#Fun<poolboy.0.67742198>,
                        #Fun<poolboy.1.84040303>}
** Reason for termination = 
** {{badmatch,{error,{{badmatch,{error,connect_failed}},
                      [{boss_db_controller,init,1},
                       {gen_server,init_it,6},
                       {proc_lib,init_p_do_apply,3}]}}},
    [{poolboy,new_worker,2},
     {poolboy,handle_info,3},
     {gen_fsm,handle_msg,7},
     {proc_lib,init_p_do_apply,3}]}

=ERROR REPORT==== 28-Aug-2012::18:08:08 ===
** Generic server <0.70.0> terminating 
** Last message in was {'EXIT',<0.69.0>,
                           {{badmatch,
                                {error,
                                    {{badmatch,{error,connect_failed}},
                                     [{boss_db_controller,init,1},
                                      {gen_server,init_it,6},
                                      {proc_lib,init_p_do_apply,3}]}}},
                            [{poolboy,new_worker,2},
                             {poolboy,handle_info,3},
                             {gen_fsm,handle_msg,7},
                             {proc_lib,init_p_do_apply,3}]}}
** When Server state == {state,
                            {<0.70.0>,poolboy_sup},
                            simple_one_for_one,
                            [{child,undefined,boss_db_controller,
                                 {boss_db_controller,start_link,
                                     [[{size,5},
                                       {max_overflow,10},
                                       {adapter,mysql},
                                       {cache_enable,false},
                                       {shards,[]},
                                       {is_master_node,true},
                                       {db_database,"helpdesk"},
                                       {db_password,"WzorIn4"},
                                       {db_username,"root"},
                                       {db_host,"localhost"},
                                       {db_port,3306}]]},
                                 temporary,brutal_kill,worker,
                                 [boss_db_controller]}],
                            {set,0,16,16,8,80,48,
                                {[],[],[],[],[],[],[],[],[],[],[],[],[],[],[],
                                 []},
                                {{[],[],[],[],[],[],[],[],[],[],[],[],[],[],
                                  [],[]}}},
                            0,1,[],poolboy_sup,
                            {boss_db_controller,
                                [{size,5},
                                 {max_overflow,10},
                                 {adapter,mysql},
                                 {cache_enable,false},
                                 {shards,[]},
                                 {is_master_node,true},
                                 {db_database,"helpdesk"},
                                 {db_password,"WzorIn4"},
                                 {db_username,"root"},
                                 {db_host,"localhost"},
                                 {db_port,3306}]}}
** Reason for termination == 
** {{badmatch,{error,{{badmatch,{error,connect_failed}},
                      [{boss_db_controller,init,1},
                       {gen_server,init_it,6},
                       {proc_lib,init_p_do_apply,3}]}}},
    [{poolboy,new_worker,2},
     {poolboy,handle_info,3},
     {gen_fsm,handle_msg,7},
     {proc_lib,init_p_do_apply,3}]}

=ERROR REPORT==== 28-Aug-2012::18:08:08 ===
** Generic server <0.449.0> terminating 
** Last message in was {'EXIT',<0.448.0>,
                           {{badmatch,
                                {error,
                                    {{badmatch,{error,connect_failed}},
                                     [{boss_db_controller,init,1},
                                      {gen_server,init_it,6},
                                      {proc_lib,init_p_do_apply,3}]}}},
                            [{poolboy,new_worker,2},
                             {poolboy,prepopulate,4},
                             {poolboy,init,2},
                             {gen_fsm,init_it,6},
                             {proc_lib,init_p_do_apply,3}]}}
** When Server state == {state,
                            {<0.449.0>,poolboy_sup},
                            simple_one_for_one,
                            [{child,undefined,boss_db_controller,
                                 {boss_db_controller,start_link,
                                     [[{size,5},
                                       {max_overflow,10},
                                       {adapter,mysql},
                                       {cache_enable,false},
                                       {shards,[]},
                                       {is_master_node,true},
                                       {db_database,"helpdesk"},
                                       {db_password,"WzorIn4"},
                                       {db_username,"root"},
                                       {db_host,"localhost"},
                                       {db_port,3306}]]},
                                 temporary,brutal_kill,worker,
                                 [boss_db_controller]}],
                            {set,0,16,16,8,80,48,
                                {[],[],[],[],[],[],[],[],[],[],[],[],[],[],[],
                                 []},
                                {{[],[],[],[],[],[],[],[],[],[],[],[],[],[],
                                  [],[]}}},
                            0,1,[],poolboy_sup,
                            {boss_db_controller,
                                [{size,5},
                                 {max_overflow,10},
                                 {adapter,mysql},
                                 {cache_enable,false},
                                 {shards,[]},
                                 {is_master_node,true},
                                 {db_database,"helpdesk"},
                                 {db_password,"WzorIn4"},
                                 {db_username,"root"},
                                 {db_host,"localhost"},
                                 {db_port,3306}]}}
** Reason for termination == 
** {{badmatch,{error,{{badmatch,{error,connect_failed}},
                      [{boss_db_controller,init,1},
                       {gen_server,init_it,6},
                       {proc_lib,init_p_do_apply,3}]}}},
    [{poolboy,new_worker,2},
     {poolboy,prepopulate,4},
     {poolboy,init,2},
     {gen_fsm,init_it,6},
     {proc_lib,init_p_do_apply,3}]}

=ERROR REPORT==== 28-Aug-2012::18:08:08 ===
** Generic server <0.454.0> terminating 
** Last message in was {'EXIT',<0.453.0>,
                           {{badmatch,
                                {error,
                                    {{badmatch,{error,connect_failed}},
                                     [{boss_db_controller,init,1},
                                      {gen_server,init_it,6},
                                      {proc_lib,init_p_do_apply,3}]}}},
                            [{poolboy,new_worker,2},
                             {poolboy,prepopulate,4},
                             {poolboy,init,2},
                             {gen_fsm,init_it,6},
                             {proc_lib,init_p_do_apply,3}]}}
** When Server state == {state,
                            {<0.454.0>,poolboy_sup},
                            simple_one_for_one,
                            [{child,undefined,boss_db_controller,
                                 {boss_db_controller,start_link,
                                     [[{size,5},
                                       {max_overflow,10},
                                       {adapter,mysql},
                                       {cache_enable,false},
                                       {shards,[]},
                                       {is_master_node,true},
                                       {db_database,"helpdesk"},
                                       {db_password,"WzorIn4"},
                                       {db_username,"root"},
                                       {db_host,"localhost"},
                                       {db_port,3306}]]},
                                 temporary,brutal_kill,worker,
                                 [boss_db_controller]}],
                            {set,0,16,16,8,80,48,
                                {[],[],[],[],[],[],[],[],[],[],[],[],[],[],[],
                                 []},
                                {{[],[],[],[],[],[],[],[],[],[],[],[],[],[],
                                  [],[]}}},
                            0,1,[],poolboy_sup,
                            {boss_db_controller,
                                [{size,5},
                                 {max_overflow,10},
                                 {adapter,mysql},
                                 {cache_enable,false},
                                 {shards,[]},
                                 {is_master_node,true},
                                 {db_database,"helpdesk"},
                                 {db_password,"WzorIn4"},
                                 {db_username,"root"},
                                 {db_host,"localhost"},
                                 {db_port,3306}]}}
** Reason for termination == 
** {{badmatch,{error,{{badmatch,{error,connect_failed}},
                      [{boss_db_controller,init,1},
                       {gen_server,init_it,6},
                       {proc_lib,init_p_do_apply,3}]}}},
    [{poolboy,new_worker,2},
     {poolboy,prepopulate,4},
     {poolboy,init,2},
     {gen_fsm,init_it,6},
     {proc_lib,init_p_do_apply,3}]}

=ERROR REPORT==== 28-Aug-2012::18:08:08 ===
** Generic server <0.459.0> terminating 
** Last message in was {'EXIT',<0.458.0>,
                           {{badmatch,
                                {error,
                                    {{badmatch,{error,connect_failed}},
                                     [{boss_db_controller,init,1},
                                      {gen_server,init_it,6},
                                      {proc_lib,init_p_do_apply,3}]}}},
                            [{poolboy,new_worker,2},
                             {poolboy,prepopulate,4},
                             {poolboy,init,2},
                             {gen_fsm,init_it,6},
                             {proc_lib,init_p_do_apply,3}]}}
** When Server state == {state,
                            {<0.459.0>,poolboy_sup},
                            simple_one_for_one,
                            [{child,undefined,boss_db_controller,
                                 {boss_db_controller,start_link,
                                     [[{size,5},
                                       {max_overflow,10},
                                       {adapter,mysql},
                                       {cache_enable,false},
                                       {shards,[]},
                                       {is_master_node,true},
                                       {db_database,"helpdesk"},
                                       {db_password,"WzorIn4"},
                                       {db_username,"root"},
                                       {db_host,"localhost"},
                                       {db_port,3306}]]},
                                 temporary,brutal_kill,worker,
                                 [boss_db_controller]}],
                            {set,0,16,16,8,80,48,
                                {[],[],[],[],[],[],[],[],[],[],[],[],[],[],[],
                                 []},
                                {{[],[],[],[],[],[],[],[],[],[],[],[],[],[],
                                  [],[]}}},
                            0,1,[],poolboy_sup,
                            {boss_db_controller,
                                [{size,5},
                                 {max_overflow,10},
                                 {adapter,mysql},
                                 {cache_enable,false},
                                 {shards,[]},
                                 {is_master_node,true},
                                 {db_database,"helpdesk"},
                                 {db_password,"WzorIn4"},
                                 {db_username,"root"},
                                 {db_host,"localhost"},
                                 {db_port,3306}]}}
** Reason for termination == 
** {{badmatch,{error,{{badmatch,{error,connect_failed}},
                      [{boss_db_controller,init,1},
                       {gen_server,init_it,6},
                       {proc_lib,init_p_do_apply,3}]}}},
    [{poolboy,new_worker,2},
     {poolboy,prepopulate,4},
     {poolboy,init,2},
     {gen_fsm,init_it,6},
     {proc_lib,init_p_do_apply,3}]}

=ERROR REPORT==== 28-Aug-2012::18:08:08 ===
** Generic server <0.464.0> terminating 
** Last message in was {'EXIT',<0.463.0>,
                           {{badmatch,
                                {error,
                                    {{badmatch,{error,connect_failed}},
                                     [{boss_db_controller,init,1},
                                      {gen_server,init_it,6},
                                      {proc_lib,init_p_do_apply,3}]}}},
                            [{poolboy,new_worker,2},
                             {poolboy,prepopulate,4},
                             {poolboy,init,2},
                             {gen_fsm,init_it,6},
                             {proc_lib,init_p_do_apply,3}]}}
** When Server state == {state,
                            {<0.464.0>,poolboy_sup},
                            simple_one_for_one,
                            [{child,undefined,boss_db_controller,
                                 {boss_db_controller,start_link,
                                     [[{size,5},
                                       {max_overflow,10},
                                       {adapter,mysql},
                                       {cache_enable,false},
                                       {shards,[]},
                                       {is_master_node,true},
                                       {db_database,"helpdesk"},
                                       {db_password,"WzorIn4"},
                                       {db_username,"root"},
                                       {db_host,"localhost"},
                                       {db_port,3306}]]},
                                 temporary,brutal_kill,worker,
                                 [boss_db_controller]}],
                            {set,0,16,16,8,80,48,
                                {[],[],[],[],[],[],[],[],[],[],[],[],[],[],[],
                                 []},
                                {{[],[],[],[],[],[],[],[],[],[],[],[],[],[],
                                  [],[]}}},
                            0,1,[],poolboy_sup,
                            {boss_db_controller,
                                [{size,5},
                                 {max_overflow,10},
                                 {adapter,mysql},
                                 {cache_enable,false},
                                 {shards,[]},
                                 {is_master_node,true},
                                 {db_database,"helpdesk"},
                                 {db_password,"WzorIn4"},
                                 {db_username,"root"},
                                 {db_host,"localhost"},
                                 {db_port,3306}]}}
** Reason for termination == 
** {{badmatch,{error,{{badmatch,{error,connect_failed}},
                      [{boss_db_controller,init,1},
                       {gen_server,init_it,6},
                       {proc_lib,init_p_do_apply,3}]}}},
    [{poolboy,new_worker,2},
     {poolboy,prepopulate,4},
     {poolboy,init,2},
     {gen_fsm,init_it,6},
     {proc_lib,init_p_do_apply,3}]}

=ERROR REPORT==== 28-Aug-2012::18:08:08 ===
** Generic server <0.469.0> terminating 
** Last message in was {'EXIT',<0.468.0>,
                           {{badmatch,
                                {error,
                                    {{badmatch,{error,connect_failed}},
                                     [{boss_db_controller,init,1},
                                      {gen_server,init_it,6},
                                      {proc_lib,init_p_do_apply,3}]}}},
                            [{poolboy,new_worker,2},
                             {poolboy,prepopulate,4},
                             {poolboy,init,2},
                             {gen_fsm,init_it,6},
                             {proc_lib,init_p_do_apply,3}]}}
** When Server state == {state,
                            {<0.469.0>,poolboy_sup},
                            simple_one_for_one,
                            [{child,undefined,boss_db_controller,
                                 {boss_db_controller,start_link,
                                     [[{size,5},
                                       {max_overflow,10},
                                       {adapter,mysql},
                                       {cache_enable,false},
                                       {shards,[]},
                                       {is_master_node,true},
                                       {db_database,"helpdesk"},
                                       {db_password,"WzorIn4"},
                                       {db_username,"root"},
                                       {db_host,"localhost"},
                                       {db_port,3306}]]},
                                 temporary,brutal_kill,worker,
                                 [boss_db_controller]}],
                            {set,0,16,16,8,80,48,
                                {[],[],[],[],[],[],[],[],[],[],[],[],[],[],[],
                                 []},
                                {{[],[],[],[],[],[],[],[],[],[],[],[],[],[],
                                  [],[]}}},
                            0,1,[],poolboy_sup,
                            {boss_db_controller,
                                [{size,5},
                                 {max_overflow,10},
                                 {adapter,mysql},
                                 {cache_enable,false},
                                 {shards,[]},
                                 {is_master_node,true},
                                 {db_database,"helpdesk"},
                                 {db_password,"WzorIn4"},
                                 {db_username,"root"},
                                 {db_host,"localhost"},
                                 {db_port,3306}]}}
** Reason for termination == 
** {{badmatch,{error,{{badmatch,{error,connect_failed}},
                      [{boss_db_controller,init,1},
                       {gen_server,init_it,6},
                       {proc_lib,init_p_do_apply,3}]}}},
    [{poolboy,new_worker,2},
     {poolboy,prepopulate,4},
     {poolboy,init,2},
     {gen_fsm,init_it,6},
     {proc_lib,init_p_do_apply,3}]}

=ERROR REPORT==== 28-Aug-2012::18:08:08 ===
** Generic server <0.474.0> terminating 
** Last message in was {'EXIT',<0.473.0>,
                           {{badmatch,
                                {error,
                                    {{badmatch,{error,connect_failed}},
                                     [{boss_db_controller,init,1},
                                      {gen_server,init_it,6},
                                      {proc_lib,init_p_do_apply,3}]}}},
                            [{poolboy,new_worker,2},
                             {poolboy,prepopulate,4},
                             {poolboy,init,2},
                             {gen_fsm,init_it,6},
                             {proc_lib,init_p_do_apply,3}]}}
** When Server state == {state,
                            {<0.474.0>,poolboy_sup},
                            simple_one_for_one,
                            [{child,undefined,boss_db_controller,
                                 {boss_db_controller,start_link,
                                     [[{size,5},
                                       {max_overflow,10},
                                       {adapter,mysql},
                                       {cache_enable,false},
                                       {shards,[]},
                                       {is_master_node,true},
                                       {db_database,"helpdesk"},
                                       {db_password,"WzorIn4"},
                                       {db_username,"root"},
                                       {db_host,"localhost"},
                                       {db_port,3306}]]},
                                 temporary,brutal_kill,worker,
                                 [boss_db_controller]}],
                            {set,0,16,16,8,80,48,
                                {[],[],[],[],[],[],[],[],[],[],[],[],[],[],[],
                                 []},
                                {{[],[],[],[],[],[],[],[],[],[],[],[],[],[],
                                  [],[]}}},
                            0,1,[],poolboy_sup,
                            {boss_db_controller,
                                [{size,5},
                                 {max_overflow,10},
                                 {adapter,mysql},
                                 {cache_enable,false},
                                 {shards,[]},
                                 {is_master_node,true},
                                 {db_database,"helpdesk"},
                                 {db_password,"WzorIn4"},
                                 {db_username,"root"},
                                 {db_host,"localhost"},
                                 {db_port,3306}]}}
** Reason for termination == 
** {{badmatch,{error,{{badmatch,{error,connect_failed}},
                      [{boss_db_controller,init,1},
                       {gen_server,init_it,6},
                       {proc_lib,init_p_do_apply,3}]}}},
    [{poolboy,new_worker,2},
     {poolboy,prepopulate,4},
     {poolboy,init,2},
     {gen_fsm,init_it,6},
     {proc_lib,init_p_do_apply,3}]}

=ERROR REPORT==== 28-Aug-2012::18:08:08 ===
** Generic server <0.479.0> terminating 
** Last message in was {'EXIT',<0.478.0>,
                           {{badmatch,
                                {error,
                                    {{badmatch,{error,connect_failed}},
                                     [{boss_db_controller,init,1},
                                      {gen_server,init_it,6},
                                      {proc_lib,init_p_do_apply,3}]}}},
                            [{poolboy,new_worker,2},
                             {poolboy,prepopulate,4},
                             {poolboy,init,2},
                             {gen_fsm,init_it,6},
                             {proc_lib,init_p_do_apply,3}]}}
** When Server state == {state,
                            {<0.479.0>,poolboy_sup},
                            simple_one_for_one,
                            [{child,undefined,boss_db_controller,
                                 {boss_db_controller,start_link,
                                     [[{size,5},
                                       {max_overflow,10},
                                       {adapter,mysql},
                                       {cache_enable,false},
                                       {shards,[]},
                                       {is_master_node,true},
                                       {db_database,"helpdesk"},
                                       {db_password,"WzorIn4"},
                                       {db_username,"root"},
                                       {db_host,"localhost"},
                                       {db_port,3306}]]},
                                 temporary,brutal_kill,worker,
                                 [boss_db_controller]}],
                            {set,0,16,16,8,80,48,
                                {[],[],[],[],[],[],[],[],[],[],[],[],[],[],[],
                                 []},
                                {{[],[],[],[],[],[],[],[],[],[],[],[],[],[],
                                  [],[]}}},
                            0,1,[],poolboy_sup,
                            {boss_db_controller,
                                [{size,5},
                                 {max_overflow,10},
                                 {adapter,mysql},
                                 {cache_enable,false},
                                 {shards,[]},
                                 {is_master_node,true},
                                 {db_database,"helpdesk"},
                                 {db_password,"WzorIn4"},
                                 {db_username,"root"},
                                 {db_host,"localhost"},
                                 {db_port,3306}]}}
** Reason for termination == 
** {{badmatch,{error,{{badmatch,{error,connect_failed}},
                      [{boss_db_controller,init,1},
                       {gen_server,init_it,6},
                       {proc_lib,init_p_do_apply,3}]}}},
    [{poolboy,new_worker,2},
     {poolboy,prepopulate,4},
     {poolboy,init,2},
     {gen_fsm,init_it,6},
     {proc_lib,init_p_do_apply,3}]}

=ERROR REPORT==== 28-Aug-2012::18:08:08 ===
** Generic server <0.484.0> terminating 
** Last message in was {'EXIT',<0.483.0>,
                           {{badmatch,
                                {error,
                                    {{badmatch,{error,connect_failed}},
                                     [{boss_db_controller,init,1},
                                      {gen_server,init_it,6},
                                      {proc_lib,init_p_do_apply,3}]}}},
                            [{poolboy,new_worker,2},
                             {poolboy,prepopulate,4},
                             {poolboy,init,2},
                             {gen_fsm,init_it,6},
                             {proc_lib,init_p_do_apply,3}]}}
** When Server state == {state,
                            {<0.484.0>,poolboy_sup},
                            simple_one_for_one,
                            [{child,undefined,boss_db_controller,
                                 {boss_db_controller,start_link,
                                     [[{size,5},
                                       {max_overflow,10},
                                       {adapter,mysql},
                                       {cache_enable,false},
                                       {shards,[]},
                                       {is_master_node,true},
                                       {db_database,"helpdesk"},
                                       {db_password,"WzorIn4"},
                                       {db_username,"root"},
                                       {db_host,"localhost"},
                                       {db_port,3306}]]},
                                 temporary,brutal_kill,worker,
                                 [boss_db_controller]}],
                            {set,0,16,16,8,80,48,
                                {[],[],[],[],[],[],[],[],[],[],[],[],[],[],[],
                                 []},
                                {{[],[],[],[],[],[],[],[],[],[],[],[],[],[],
                                  [],[]}}},
                            0,1,[],poolboy_sup,
                            {boss_db_controller,
                                [{size,5},
                                 {max_overflow,10},
                                 {adapter,mysql},
                                 {cache_enable,false},
                                 {shards,[]},
                                 {is_master_node,true},
                                 {db_database,"helpdesk"},
                                 {db_password,"WzorIn4"},
                                 {db_username,"root"},
                                 {db_host,"localhost"},
                                 {db_port,3306}]}}
** Reason for termination == 
** {{badmatch,{error,{{badmatch,{error,connect_failed}},
                      [{boss_db_controller,init,1},
                       {gen_server,init_it,6},
                       {proc_lib,init_p_do_apply,3}]}}},
    [{poolboy,new_worker,2},
     {poolboy,prepopulate,4},
     {poolboy,init,2},
     {gen_fsm,init_it,6},
     {proc_lib,init_p_do_apply,3}]}

=ERROR REPORT==== 28-Aug-2012::18:08:08 ===
** Generic server <0.489.0> terminating 
** Last message in was {'EXIT',<0.488.0>,
                           {{badmatch,
                                {error,
                                    {{badmatch,{error,connect_failed}},
                                     [{boss_db_controller,init,1},
                                      {gen_server,init_it,6},
                                      {proc_lib,init_p_do_apply,3}]}}},
                            [{poolboy,new_worker,2},
                             {poolboy,prepopulate,4},
                             {poolboy,init,2},
                             {gen_fsm,init_it,6},
                             {proc_lib,init_p_do_apply,3}]}}
** When Server state == {state,
                            {<0.489.0>,poolboy_sup},
                            simple_one_for_one,
                            [{child,undefined,boss_db_controller,
                                 {boss_db_controller,start_link,
                                     [[{size,5},
                                       {max_overflow,10},
                                       {adapter,mysql},
                                       {cache_enable,false},
                                       {shards,[]},
                                       {is_master_node,true},
                                       {db_database,"helpdesk"},
                                       {db_password,"WzorIn4"},
                                       {db_username,"root"},
                                       {db_host,"localhost"},
                                       {db_port,3306}]]},
                                 temporary,brutal_kill,worker,
                                 [boss_db_controller]}],
                            {set,0,16,16,8,80,48,
                                {[],[],[],[],[],[],[],[],[],[],[],[],[],[],[],
                                 []},
                                {{[],[],[],[],[],[],[],[],[],[],[],[],[],[],
                                  [],[]}}},
                            0,1,[],poolboy_sup,
                            {boss_db_controller,
                                [{size,5},
                                 {max_overflow,10},
                                 {adapter,mysql},
                                 {cache_enable,false},
                                 {shards,[]},
                                 {is_master_node,true},
                                 {db_database,"helpdesk"},
                                 {db_password,"WzorIn4"},
                                 {db_username,"root"},
                                 {db_host,"localhost"},
                                 {db_port,3306}]}}
** Reason for termination == 
** {{badmatch,{error,{{badmatch,{error,connect_failed}},
                      [{boss_db_controller,init,1},
                       {gen_server,init_it,6},
                       {proc_lib,init_p_do_apply,3}]}}},
    [{poolboy,new_worker,2},
     {poolboy,prepopulate,4},
     {poolboy,init,2},
     {gen_fsm,init_it,6},
     {proc_lib,init_p_do_apply,3}]}

=ERROR REPORT==== 28-Aug-2012::18:08:08 ===
** Generic server <0.494.0> terminating 
** Last message in was {'EXIT',<0.493.0>,
                           {{badmatch,
                                {error,
                                    {{badmatch,{error,connect_failed}},
                                     [{boss_db_controller,init,1},
                                      {gen_server,init_it,6},
                                      {proc_lib,init_p_do_apply,3}]}}},
                            [{poolboy,new_worker,2},
                             {poolboy,prepopulate,4},
                             {poolboy,init,2},
                             {gen_fsm,init_it,6},
                             {proc_lib,init_p_do_apply,3}]}}
** When Server state == {state,
                            {<0.494.0>,poolboy_sup},
                            simple_one_for_one,
                            [{child,undefined,boss_db_controller,
                                 {boss_db_controller,start_link,
                                     [[{size,5},
                                       {max_overflow,10},
                                       {adapter,mysql},
                                       {cache_enable,false},
                                       {shards,[]},
                                       {is_master_node,true},
                                       {db_database,"helpdesk"},
                                       {db_password,"WzorIn4"},
                                       {db_username,"root"},
                                       {db_host,"localhost"},
                                       {db_port,3306}]]},
                                 temporary,brutal_kill,worker,
                                 [boss_db_controller]}],
                            {set,0,16,16,8,80,48,
                                {[],[],[],[],[],[],[],[],[],[],[],[],[],[],[],
                                 []},
                                {{[],[],[],[],[],[],[],[],[],[],[],[],[],[],
                                  [],[]}}},
                            0,1,[],poolboy_sup,
                            {boss_db_controller,
                                [{size,5},
                                 {max_overflow,10},
                                 {adapter,mysql},
                                 {cache_enable,false},
                                 {shards,[]},
                                 {is_master_node,true},
                                 {db_database,"helpdesk"},
                                 {db_password,"WzorIn4"},
                                 {db_username,"root"},
                                 {db_host,"localhost"},
                                 {db_port,3306}]}}
** Reason for termination == 
** {{badmatch,{error,{{badmatch,{error,connect_failed}},
                      [{boss_db_controller,init,1},
                       {gen_server,init_it,6},
                       {proc_lib,init_p_do_apply,3}]}}},
    [{poolboy,new_worker,2},
     {poolboy,prepopulate,4},
     {poolboy,init,2},
     {gen_fsm,init_it,6},
     {proc_lib,init_p_do_apply,3}]}
