
=INFO REPORT==== 16-Aug-2012::14:16:50 ===
Starting Boss in development mode....

=INFO REPORT==== 16-Aug-2012::14:16:50 ===
Starting master services on 'helpdesk@simba-Aspire-4920'

=INFO REPORT==== 16-Aug-2012::14:16:50 ===
SSL:[]

=INFO REPORT==== 16-Aug-2012::14:16:50 ===
Loading routes from "../cb_admin/priv/cb_admin.routes" ....

=INFO REPORT==== 16-Aug-2012::14:16:50 ===
Loading routes from "/home/simba/hacking/erlang/helpdesk/priv/helpdesk.routes" ....

=INFO REPORT==== 16-Aug-2012::14:16:55 ===
Loading routes from "/home/simba/hacking/erlang/helpdesk/priv/helpdesk.routes" ....

=ERROR REPORT==== 16-Aug-2012::14:16:55 ===
GET / [helpdesk] 404 0ms

=INFO REPORT==== 16-Aug-2012::14:19:06 ===
GET /admin [cb_admin] 200 67ms

=INFO REPORT==== 16-Aug-2012::14:19:09 ===
GET /admin/model/model [cb_admin] 200 6ms

=ERROR REPORT==== 16-Aug-2012::14:19:10 ===
** Generic server <0.65.0> terminating 
** Last message in was {count,depart,[]}
** When Server state == {state,boss_db_adapter_pgsql,<0.66.0>,[],
                               {dict,0,16,16,8,80,48,
                                     {[],[],[],[],[],[],[],[],[],[],[],[],[],
                                      [],[],[]},
                                     {{[],[],[],[],[],[],[],[],[],[],[],[],[],
                                       [],[],[]}}},
                               false,60,db,0}
** Reason for termination == 
** {{badmatch,{error,{error,error,<<"42P01">>,
                            <<"relation \"departs\" does not exist">>,
                            [{position,<<"31">>}]}}},
    [{boss_db_adapter_pgsql,count,3},
     {boss_db_controller,handle_call,3},
     {gen_server,handle_msg,5},
     {proc_lib,init_p_do_apply,3}]}

=ERROR REPORT==== 16-Aug-2012::14:19:10 ===
{{{badmatch,{error,{error,error,<<"42P01">>,
                          <<"relation \"departs\" does not exist">>,
                          [{position,<<"31">>}]}}},
  [{boss_db_adapter_pgsql,count,3},
   {boss_db_controller,handle_call,3},
   {gen_server,handle_msg,5},
   {proc_lib,init_p_do_apply,3}]},
 {gen_server,call,[<0.65.0>,{count,depart,[]},30000]}}

=ERROR REPORT==== 16-Aug-2012::14:19:10 ===
GET /admin/model/model/depart [cb_admin] 500 2ms
