
=INFO REPORT==== 16-Oct-2012::11:47:34 ===
Starting Boss in development mode....

=INFO REPORT==== 16-Oct-2012::11:47:34 ===
Starting master services on 'helpdesk@simba-Aspire-4920'

=INFO REPORT==== 16-Oct-2012::11:47:34 ===
SSL:[]

=INFO REPORT==== 16-Oct-2012::11:47:34 ===
Loading routes from "../cb_admin/priv/cb_admin.routes" ....

=INFO REPORT==== 16-Oct-2012::11:47:34 ===
Loading routes from "/home/simba/hacking/erlang/helpdesk/priv/helpdesk.routes" ....

=INFO REPORT==== 16-Oct-2012::11:47:43 ===
Loading routes from "/home/simba/hacking/erlang/helpdesk/priv/helpdesk.routes" ....

=INFO REPORT==== 16-Oct-2012::11:47:44 ===
GET / [helpdesk] 200 220ms

=INFO REPORT==== 16-Oct-2012::11:47:45 ===
Loading routes from "/home/simba/hacking/erlang/helpdesk/priv/helpdesk.routes" ....

=INFO REPORT==== 16-Oct-2012::11:47:46 ===
GET /user/login [helpdesk] 200 181ms

=INFO REPORT==== 16-Oct-2012::11:47:49 ===
Loading routes from "/home/simba/hacking/erlang/helpdesk/priv/helpdesk.routes" ....

=INFO REPORT==== 16-Oct-2012::11:47:49 ===
POST /user/login [helpdesk] 200 220ms

=INFO REPORT==== 16-Oct-2012::11:47:54 ===
Loading routes from "/home/simba/hacking/erlang/helpdesk/priv/helpdesk.routes" ....

=INFO REPORT==== 16-Oct-2012::11:47:54 ===
POST /user/login [helpdesk] 200 184ms

=INFO REPORT==== 16-Oct-2012::11:48:10 ===
GET /admin [cb_admin] 200 34ms

=INFO REPORT==== 16-Oct-2012::11:48:12 ===
GET /admin/model/model [cb_admin] 200 4ms

=ERROR REPORT==== 16-Oct-2012::11:48:15 ===
{function_clause,[{lists,map,
                         [#Fun<cb_admin_model_controller.0.33077844>,
                          {error,<<"#42S02Table 'helpdesk.operators' doesn't exist">>}]},
                  {cb_admin_model_controller,model,4},
                  {boss_web_controller,execute_action,5},
                  {boss_web_controller,process_request,5},
                  {timer,tc,3},
                  {boss_web_controller,handle_request,3},
                  {mochiweb_http,headers,5},
                  {proc_lib,init_p_do_apply,3}]}

=ERROR REPORT==== 16-Oct-2012::11:48:15 ===
GET /admin/model/model/operator [cb_admin] 500 3ms

=INFO REPORT==== 16-Oct-2012::11:48:21 ===
GET /admin/model/model/comment [cb_admin] 200 160ms

=INFO REPORT==== 16-Oct-2012::11:48:21 ===
POST /admin/model/watch [cb_admin] 200 32ms

=INFO REPORT==== 16-Oct-2012::11:48:31 ===
GET /admin/model/model/cl_user [cb_admin] 200 32ms

=INFO REPORT==== 16-Oct-2012::11:48:31 ===
POST /admin/model/watch [cb_admin] 200 2ms

=INFO REPORT==== 16-Oct-2012::11:48:44 ===
GET /admin [cb_admin] 200 1ms

=INFO REPORT==== 16-Oct-2012::11:48:49 ===
Loading routes from "/home/simba/hacking/erlang/helpdesk/priv/helpdesk.routes" ....

=INFO REPORT==== 16-Oct-2012::11:48:50 ===
GET / [helpdesk] 200 206ms

=INFO REPORT==== 16-Oct-2012::11:48:51 ===
Loading routes from "/home/simba/hacking/erlang/helpdesk/priv/helpdesk.routes" ....

=INFO REPORT==== 16-Oct-2012::11:48:51 ===
GET /admin/model/events/1350366501341852 [cb_admin] 200 30003ms

=INFO REPORT==== 16-Oct-2012::11:48:51 ===
GET /user/login [helpdesk] 200 209ms

=INFO REPORT==== 16-Oct-2012::11:48:57 ===
Loading routes from "/home/simba/hacking/erlang/helpdesk/priv/helpdesk.routes" ....

=INFO REPORT==== 16-Oct-2012::11:48:57 ===
POST /user/login [helpdesk] 302 211ms

=INFO REPORT==== 16-Oct-2012::11:48:57 ===
Loading routes from "/home/simba/hacking/erlang/helpdesk/priv/helpdesk.routes" ....

=INFO REPORT==== 16-Oct-2012::11:48:57 ===
GET / [helpdesk] 200 185ms

=INFO REPORT==== 16-Oct-2012::11:49:00 ===
Loading routes from "/home/simba/hacking/erlang/helpdesk/priv/helpdesk.routes" ....

=INFO REPORT==== 16-Oct-2012::11:49:00 ===
GET /main/depart_request [helpdesk] 200 629ms

=INFO REPORT==== 16-Oct-2012::11:49:01 ===
GET /admin/model/events/1350366511298961 [cb_admin] 200 30001ms

=INFO REPORT==== 16-Oct-2012::11:56:06 ===
Loading routes from "/home/simba/hacking/erlang/helpdesk/priv/helpdesk.routes" ....

=INFO REPORT==== 16-Oct-2012::11:56:07 ===
GET /main/depart_request [helpdesk] 200 599ms

=INFO REPORT==== 16-Oct-2012::11:56:08 ===
Loading routes from "/home/simba/hacking/erlang/helpdesk/priv/helpdesk.routes" ....

=INFO REPORT==== 16-Oct-2012::11:56:08 ===
GET / [helpdesk] 200 189ms

=INFO REPORT==== 16-Oct-2012::11:58:07 ===
Loading routes from "/home/simba/hacking/erlang/helpdesk/priv/helpdesk.routes" ....

=INFO REPORT==== 16-Oct-2012::11:58:08 ===
GET /main/depart_request [helpdesk] 200 592ms

=INFO REPORT==== 16-Oct-2012::12:21:32 ===
Loading routes from "/home/simba/hacking/erlang/helpdesk/priv/helpdesk.routes" ....

=INFO REPORT==== 16-Oct-2012::12:21:32 ===
GET /depart/index [helpdesk] 200 263ms

=INFO REPORT==== 16-Oct-2012::12:24:46 ===
Loading routes from "/home/simba/hacking/erlang/helpdesk/priv/helpdesk.routes" ....

=INFO REPORT==== 16-Oct-2012::12:24:52 ===
GET /request/index [helpdesk] 200 6240ms

=INFO REPORT==== 16-Oct-2012::12:24:54 ===
Loading routes from "/home/simba/hacking/erlang/helpdesk/priv/helpdesk.routes" ....

=INFO REPORT==== 16-Oct-2012::12:24:55 ===
GET /depart/index [helpdesk] 200 405ms

=INFO REPORT==== 16-Oct-2012::12:25:26 ===
Loading routes from "/home/simba/hacking/erlang/helpdesk/priv/helpdesk.routes" ....

=INFO REPORT==== 16-Oct-2012::12:25:26 ===
GET /depart/index [helpdesk] 200 353ms

=INFO REPORT==== 16-Oct-2012::12:25:27 ===
Loading routes from "/home/simba/hacking/erlang/helpdesk/priv/helpdesk.routes" ....

=INFO REPORT==== 16-Oct-2012::12:25:27 ===
GET /depart/index [helpdesk] 200 263ms

=INFO REPORT==== 16-Oct-2012::12:25:35 ===
Loading routes from "/home/simba/hacking/erlang/helpdesk/priv/helpdesk.routes" ....

=INFO REPORT==== 16-Oct-2012::12:25:35 ===
GET /depart/show/depart-5 [helpdesk] 200 201ms

=INFO REPORT==== 16-Oct-2012::12:27:23 ===
Loading routes from "/home/simba/hacking/erlang/helpdesk/priv/helpdesk.routes" ....

=INFO REPORT==== 16-Oct-2012::12:27:23 ===
GET /depart/index [helpdesk] 200 353ms

=INFO REPORT==== 16-Oct-2012::12:27:25 ===
Loading routes from "/home/simba/hacking/erlang/helpdesk/priv/helpdesk.routes" ....

=ERROR REPORT==== 16-Oct-2012::12:27:25 ===
GET /depart/request/depart-5 [helpdesk] 404 385ms

=INFO REPORT==== 16-Oct-2012::12:38:50 ===
Loading routes from "/home/simba/hacking/erlang/helpdesk/priv/helpdesk.routes" ....

=ERROR REPORT==== 16-Oct-2012::12:38:51 ===
GET /depart/request/depart-9 [helpdesk] 404 469ms

=INFO REPORT==== 16-Oct-2012::12:40:36 ===
Loading routes from "/home/simba/hacking/erlang/helpdesk/priv/helpdesk.routes" ....

=INFO REPORT==== 16-Oct-2012::12:40:36 ===
GET /depart/index [helpdesk] 200 348ms

=INFO REPORT==== 16-Oct-2012::12:40:37 ===
Loading routes from "/home/simba/hacking/erlang/helpdesk/priv/helpdesk.routes" ....

=INFO REPORT==== 16-Oct-2012::12:40:37 ===
GET /depart/request/depart-8 [helpdesk] 200 274ms

=INFO REPORT==== 16-Oct-2012::12:40:42 ===
Loading routes from "/home/simba/hacking/erlang/helpdesk/priv/helpdesk.routes" ....

=INFO REPORT==== 16-Oct-2012::12:40:42 ===
GET /depart/request/depart-7 [helpdesk] 200 225ms

=INFO REPORT==== 16-Oct-2012::12:40:45 ===
Loading routes from "/home/simba/hacking/erlang/helpdesk/priv/helpdesk.routes" ....

=INFO REPORT==== 16-Oct-2012::12:40:45 ===
GET /depart/request/depart-5 [helpdesk] 200 224ms

=INFO REPORT==== 16-Oct-2012::12:40:49 ===
Loading routes from "/home/simba/hacking/erlang/helpdesk/priv/helpdesk.routes" ....

=INFO REPORT==== 16-Oct-2012::12:40:49 ===
GET /depart/request/depart-9 [helpdesk] 200 224ms

=INFO REPORT==== 16-Oct-2012::12:41:36 ===
Loading routes from "/home/simba/hacking/erlang/helpdesk/priv/helpdesk.routes" ....

=ERROR REPORT==== 16-Oct-2012::12:41:37 ===
{undef,
    [{simple_bridge_request_wrapper,per_ip,
         [{simple_bridge_request_wrapper,mochiweb_request_bridge,
              {mochiweb_request,#Port<0.16871>,'GET',
                  "/depart/request/depart-8",
                  {1,1},
                  {8,
                   {"host",
                    {'Host',"localhost:8001"},
                    {"accept",
                     {'Accept',
                         "text/html,application/xhtml+xml,application/xml;q=0.9,*/*;q=0.8"},
                     nil,
                     {"accept-language",
                      {'Accept-Language',
                          "ru-RU,ru;q=0.8,en-US;q=0.5,en;q=0.3"},
                      {"accept-encoding",
                       {'Accept-Encoding',"gzip, deflate"},
                       nil,nil},
                      {"connection",
                       {'Connection',"keep-alive"},
                       nil,
                       {"cookie",
                        {'Cookie',
                            "_boss_session=3b3b61b41e42aa254b2329ba2ecadcad257d863e; cl_user_id=cl_user-38; session_id=b6bc1672e24a3ada7235ebdad5dd48ae"},
                        nil,nil}}}},
                    {"user-agent",
                     {'User-Agent',
                         "Mozilla/5.0 (X11; Ubuntu; Linux x86_64; rv:16.0) Gecko/20100101 Firefox/16.0"},
                     {"referer",
                      {'Referer',"http://localhost:8001/depart/index"},
                      nil,nil},
                     nil}}}},
              false,[],[],none}]},
     {helpdesk_depart_controller,request,4},
     {boss_web_controller,execute_action,5},
     {boss_web_controller,process_request,5},
     {timer,tc,3},
     {boss_web_controller,handle_request,3},
     {mochiweb_http,headers,5},
     {proc_lib,init_p_do_apply,3}]}

=ERROR REPORT==== 16-Oct-2012::12:41:37 ===
GET /depart/request/depart-8 [helpdesk] 500 366ms

=INFO REPORT==== 16-Oct-2012::12:41:41 ===
Loading routes from "/home/simba/hacking/erlang/helpdesk/priv/helpdesk.routes" ....

=INFO REPORT==== 16-Oct-2012::12:41:42 ===
GET /depart/index [helpdesk] 200 316ms

=INFO REPORT==== 16-Oct-2012::12:41:43 ===
Loading routes from "/home/simba/hacking/erlang/helpdesk/priv/helpdesk.routes" ....

=INFO REPORT==== 16-Oct-2012::12:41:43 ===
GET /depart/show/depart-5 [helpdesk] 200 243ms

=INFO REPORT==== 16-Oct-2012::12:41:46 ===
Loading routes from "/home/simba/hacking/erlang/helpdesk/priv/helpdesk.routes" ....

=ERROR REPORT==== 16-Oct-2012::12:41:47 ===
{undef,
    [{simple_bridge_request_wrapper,per_ip,
         [{simple_bridge_request_wrapper,mochiweb_request_bridge,
              {mochiweb_request,#Port<0.16871>,'GET',
                  "/depart/request/depart-5",
                  {1,1},
                  {8,
                   {"host",
                    {'Host',"localhost:8001"},
                    {"accept",
                     {'Accept',
                         "text/html,application/xhtml+xml,application/xml;q=0.9,*/*;q=0.8"},
                     nil,
                     {"accept-language",
                      {'Accept-Language',
                          "ru-RU,ru;q=0.8,en-US;q=0.5,en;q=0.3"},
                      {"accept-encoding",
                       {'Accept-Encoding',"gzip, deflate"},
                       nil,nil},
                      {"connection",
                       {'Connection',"keep-alive"},
                       nil,
                       {"cookie",
                        {'Cookie',
                            "_boss_session=3b3b61b41e42aa254b2329ba2ecadcad257d863e; cl_user_id=cl_user-38; session_id=b6bc1672e24a3ada7235ebdad5dd48ae"},
                        nil,nil}}}},
                    {"user-agent",
                     {'User-Agent',
                         "Mozilla/5.0 (X11; Ubuntu; Linux x86_64; rv:16.0) Gecko/20100101 Firefox/16.0"},
                     {"referer",
                      {'Referer',"http://localhost:8001/depart/index"},
                      nil,nil},
                     nil}}}},
              false,[],[],none}]},
     {helpdesk_depart_controller,request,4},
     {boss_web_controller,execute_action,5},
     {boss_web_controller,process_request,5},
     {timer,tc,3},
     {boss_web_controller,handle_request,3},
     {mochiweb_http,headers,5},
     {proc_lib,init_p_do_apply,3}]}

=ERROR REPORT==== 16-Oct-2012::12:41:47 ===
GET /depart/request/depart-5 [helpdesk] 500 397ms

=INFO REPORT==== 16-Oct-2012::12:42:21 ===
Loading routes from "/home/simba/hacking/erlang/helpdesk/priv/helpdesk.routes" ....

=ERROR REPORT==== 16-Oct-2012::12:42:21 ===
{undef,
    [{simple_bridge_request_wrapper,per_ip,
         [{simple_bridge_request_wrapper,mochiweb_request_bridge,
              {mochiweb_request,#Port<0.16871>,'GET',
                  "/depart/request/depart-5",
                  {1,1},
                  {8,
                   {"host",
                    {'Host',"localhost:8001"},
                    {"accept",
                     {'Accept',
                         "text/html,application/xhtml+xml,application/xml;q=0.9,*/*;q=0.8"},
                     nil,
                     {"accept-language",
                      {'Accept-Language',
                          "ru-RU,ru;q=0.8,en-US;q=0.5,en;q=0.3"},
                      {"accept-encoding",
                       {'Accept-Encoding',"gzip, deflate"},
                       nil,nil},
                      {"connection",
                       {'Connection',"keep-alive"},
                       nil,
                       {"cookie",
                        {'Cookie',
                            "_boss_session=3b3b61b41e42aa254b2329ba2ecadcad257d863e; cl_user_id=cl_user-38; session_id=b6bc1672e24a3ada7235ebdad5dd48ae"},
                        nil,nil}}}},
                    {"user-agent",
                     {'User-Agent',
                         "Mozilla/5.0 (X11; Ubuntu; Linux x86_64; rv:16.0) Gecko/20100101 Firefox/16.0"},
                     {"referer",
                      {'Referer',"http://localhost:8001/depart/index"},
                      nil,nil},
                     nil}}}},
              false,[],[],none}]},
     {helpdesk_depart_controller,request,4},
     {boss_web_controller,execute_action,5},
     {boss_web_controller,process_request,5},
     {timer,tc,3},
     {boss_web_controller,handle_request,3},
     {mochiweb_http,headers,5},
     {proc_lib,init_p_do_apply,3}]}

=ERROR REPORT==== 16-Oct-2012::12:42:21 ===
GET /depart/request/depart-5 [helpdesk] 500 241ms

=INFO REPORT==== 16-Oct-2012::12:45:10 ===
Loading routes from "/home/simba/hacking/erlang/helpdesk/priv/helpdesk.routes" ....

=ERROR REPORT==== 16-Oct-2012::12:45:11 ===
{badarg,[{erlang,apply,["depart-7",depart_id,[]]},
         {helpdesk_depart_controller,request,4},
         {boss_web_controller,execute_action,5},
         {boss_web_controller,process_request,5},
         {timer,tc,3},
         {boss_web_controller,handle_request,3},
         {mochiweb_http,headers,5},
         {proc_lib,init_p_do_apply,3}]}

=ERROR REPORT==== 16-Oct-2012::12:45:11 ===
GET /depart/request/depart-7 [helpdesk] 500 241ms

=INFO REPORT==== 16-Oct-2012::12:45:27 ===
Loading routes from "/home/simba/hacking/erlang/helpdesk/priv/helpdesk.routes" ....

=ERROR REPORT==== 16-Oct-2012::12:45:27 ===
{badarg,[{erlang,apply,["depart-9",depart_id,[]]},
         {helpdesk_depart_controller,request,4},
         {boss_web_controller,execute_action,5},
         {boss_web_controller,process_request,5},
         {timer,tc,3},
         {boss_web_controller,handle_request,3},
         {mochiweb_http,headers,5},
         {proc_lib,init_p_do_apply,3}]}

=ERROR REPORT==== 16-Oct-2012::12:45:27 ===
GET /depart/request/depart-9 [helpdesk] 500 236ms

=INFO REPORT==== 16-Oct-2012::12:45:32 ===
Loading routes from "/home/simba/hacking/erlang/helpdesk/priv/helpdesk.routes" ....

=ERROR REPORT==== 16-Oct-2012::12:45:32 ===
{badarg,[{erlang,apply,["depart-12",depart_id,[]]},
         {helpdesk_depart_controller,request,4},
         {boss_web_controller,execute_action,5},
         {boss_web_controller,process_request,5},
         {timer,tc,3},
         {boss_web_controller,handle_request,3},
         {mochiweb_http,headers,5},
         {proc_lib,init_p_do_apply,3}]}

=ERROR REPORT==== 16-Oct-2012::12:45:32 ===
GET /depart/request/depart-12 [helpdesk] 500 235ms

=INFO REPORT==== 16-Oct-2012::12:45:46 ===
GET /admin [cb_admin] 200 1ms

=INFO REPORT==== 16-Oct-2012::12:45:48 ===
GET /admin/model/model [cb_admin] 200 2ms

=INFO REPORT==== 16-Oct-2012::12:45:49 ===
GET /admin/model/model/depart [cb_admin] 200 23ms

=INFO REPORT==== 16-Oct-2012::12:45:49 ===
POST /admin/model/watch [cb_admin] 200 1ms

=INFO REPORT==== 16-Oct-2012::12:45:51 ===
GET /doc/depart [helpdesk] 200 378ms

=ERROR REPORT==== 16-Oct-2012::12:45:51 ===
GET /doc/stylesheet.css [helpdesk] 404 0ms

=ERROR REPORT==== 16-Oct-2012::12:45:51 ===
GET /doc/erlang.png [helpdesk] 404 0ms

=INFO REPORT==== 16-Oct-2012::12:46:03 ===
POST /admin/model/watch [cb_admin] 200 1ms

=INFO REPORT==== 16-Oct-2012::12:46:06 ===
GET /admin/model/model/request [cb_admin] 200 100ms

=INFO REPORT==== 16-Oct-2012::12:46:06 ===
POST /admin/model/watch [cb_admin] 200 4ms

=INFO REPORT==== 16-Oct-2012::12:46:07 ===
GET /doc/request [helpdesk] 200 98ms

=ERROR REPORT==== 16-Oct-2012::12:46:08 ===
GET /doc/stylesheet.css [helpdesk] 404 0ms

=ERROR REPORT==== 16-Oct-2012::12:46:08 ===
GET /doc/erlang.png [helpdesk] 404 0ms

=INFO REPORT==== 16-Oct-2012::12:46:20 ===
GET /admin/model/events/1350369949738551 [cb_admin] 200 30001ms

=INFO REPORT==== 16-Oct-2012::12:46:33 ===
GET /admin/model/events/1350369949738551 [cb_admin] 200 30001ms

=INFO REPORT==== 16-Oct-2012::12:46:36 ===
GET /admin/model/events/1350369966024532 [cb_admin] 200 30001ms

=INFO REPORT==== 16-Oct-2012::12:46:58 ===
POST /admin/model/watch [cb_admin] 200 4ms

=INFO REPORT==== 16-Oct-2012::12:47:28 ===
POST /admin/model/heartbeat/6 [cb_admin] 200 0ms

=INFO REPORT==== 16-Oct-2012::12:47:28 ===
GET /admin/model/events/1350369966024532 [cb_admin] 200 30001ms

=INFO REPORT==== 16-Oct-2012::12:47:50 ===
Loading routes from "/home/simba/hacking/erlang/helpdesk/priv/helpdesk.routes" ....

=INFO REPORT==== 16-Oct-2012::12:47:50 ===
GET /main [helpdesk] 200 245ms

=INFO REPORT==== 16-Oct-2012::12:47:52 ===
Loading routes from "/home/simba/hacking/erlang/helpdesk/priv/helpdesk.routes" ....

=INFO REPORT==== 16-Oct-2012::12:47:52 ===
GET /depart/index [helpdesk] 200 348ms

=INFO REPORT==== 16-Oct-2012::12:47:54 ===
Loading routes from "/home/simba/hacking/erlang/helpdesk/priv/helpdesk.routes" ....

=ERROR REPORT==== 16-Oct-2012::12:47:54 ===
{badarg,[{erlang,apply,["depart-5",depart_id,[]]},
         {helpdesk_depart_controller,request,4},
         {boss_web_controller,execute_action,5},
         {boss_web_controller,process_request,5},
         {timer,tc,3},
         {boss_web_controller,handle_request,3},
         {mochiweb_http,headers,5},
         {proc_lib,init_p_do_apply,3}]}

=ERROR REPORT==== 16-Oct-2012::12:47:54 ===
GET /depart/request/depart-5 [helpdesk] 500 239ms

=INFO REPORT==== 16-Oct-2012::12:47:58 ===
GET /admin/model/events/1350370018340410 [cb_admin] 200 30000ms

=INFO REPORT==== 16-Oct-2012::12:50:00 ===
Loading routes from "/home/simba/hacking/erlang/helpdesk/priv/helpdesk.routes" ....

=INFO REPORT==== 16-Oct-2012::12:50:01 ===
GET /depart/index [helpdesk] 200 389ms

=INFO REPORT==== 16-Oct-2012::12:50:02 ===
Loading routes from "/home/simba/hacking/erlang/helpdesk/priv/helpdesk.routes" ....

=ERROR REPORT==== 16-Oct-2012::12:50:02 ===
{undef,
    [{simple_bridge_request_wrapper,per_ip,
         [{simple_bridge_request_wrapper,mochiweb_request_bridge,
              {mochiweb_request,#Port<0.19085>,'GET',
                  "/depart/request/depart-8",
                  {1,1},
                  {8,
                   {"host",
                    {'Host',"localhost:8001"},
                    {"accept",
                     {'Accept',
                         "text/html,application/xhtml+xml,application/xml;q=0.9,*/*;q=0.8"},
                     nil,
                     {"accept-language",
                      {'Accept-Language',
                          "ru-RU,ru;q=0.8,en-US;q=0.5,en;q=0.3"},
                      {"accept-encoding",
                       {'Accept-Encoding',"gzip, deflate"},
                       nil,nil},
                      {"connection",
                       {'Connection',"keep-alive"},
                       nil,
                       {"cookie",
                        {'Cookie',
                            "_boss_session=3b3b61b41e42aa254b2329ba2ecadcad257d863e; cl_user_id=cl_user-38; session_id=b6bc1672e24a3ada7235ebdad5dd48ae"},
                        nil,nil}}}},
                    {"user-agent",
                     {'User-Agent',
                         "Mozilla/5.0 (X11; Ubuntu; Linux x86_64; rv:16.0) Gecko/20100101 Firefox/16.0"},
                     {"referer",
                      {'Referer',"http://localhost:8001/depart/index"},
                      nil,nil},
                     nil}}}},
              false,[],[],none}]},
     {helpdesk_depart_controller,request,4},
     {boss_web_controller,execute_action,5},
     {boss_web_controller,process_request,5},
     {timer,tc,3},
     {boss_web_controller,handle_request,3},
     {mochiweb_http,headers,5},
     {proc_lib,init_p_do_apply,3}]}

=ERROR REPORT==== 16-Oct-2012::12:50:02 ===
GET /depart/request/depart-8 [helpdesk] 500 253ms

=INFO REPORT==== 16-Oct-2012::12:50:23 ===
Loading routes from "/home/simba/hacking/erlang/helpdesk/priv/helpdesk.routes" ....

=ERROR REPORT==== 16-Oct-2012::12:50:23 ===
{undef,
    [{simple_bridge_request_wrapper,per_ip,
         [{simple_bridge_request_wrapper,mochiweb_request_bridge,
              {mochiweb_request,#Port<0.19085>,'GET',
                  "/depart/request/depart-9",
                  {1,1},
                  {8,
                   {"host",
                    {'Host',"localhost:8001"},
                    {"accept",
                     {'Accept',
                         "text/html,application/xhtml+xml,application/xml;q=0.9,*/*;q=0.8"},
                     nil,
                     {"accept-language",
                      {'Accept-Language',
                          "ru-RU,ru;q=0.8,en-US;q=0.5,en;q=0.3"},
                      {"accept-encoding",
                       {'Accept-Encoding',"gzip, deflate"},
                       nil,nil},
                      {"connection",
                       {'Connection',"keep-alive"},
                       nil,
                       {"cookie",
                        {'Cookie',
                            "_boss_session=3b3b61b41e42aa254b2329ba2ecadcad257d863e; cl_user_id=cl_user-38; session_id=b6bc1672e24a3ada7235ebdad5dd48ae"},
                        nil,nil}}}},
                    {"user-agent",
                     {'User-Agent',
                         "Mozilla/5.0 (X11; Ubuntu; Linux x86_64; rv:16.0) Gecko/20100101 Firefox/16.0"},
                     {"referer",
                      {'Referer',"http://localhost:8001/depart/index"},
                      nil,nil},
                     nil}}}},
              false,[],[],none}]},
     {helpdesk_depart_controller,request,4},
     {boss_web_controller,execute_action,5},
     {boss_web_controller,process_request,5},
     {timer,tc,3},
     {boss_web_controller,handle_request,3},
     {mochiweb_http,headers,5},
     {proc_lib,init_p_do_apply,3}]}

=ERROR REPORT==== 16-Oct-2012::12:50:23 ===
GET /depart/request/depart-9 [helpdesk] 500 232ms

=INFO REPORT==== 16-Oct-2012::12:52:37 ===
Loading routes from "/home/simba/hacking/erlang/helpdesk/priv/helpdesk.routes" ....

=INFO REPORT==== 16-Oct-2012::12:52:38 ===
GET /depart/index [helpdesk] 200 329ms

=INFO REPORT==== 16-Oct-2012::12:52:39 ===
Loading routes from "/home/simba/hacking/erlang/helpdesk/priv/helpdesk.routes" ....

=ERROR REPORT==== 16-Oct-2012::12:52:39 ===
{function_clause,[{erlydtl_filters,date,[undefined,<<"j N Y, H:i">>]},
                  {helpdesk_view_depart_request_html,render_internal,4},
                  {helpdesk_view_depart_request_html,render,2},
                  {boss_web_controller,render_view,6},
                  {boss_web_controller,execute_action,5},
                  {boss_web_controller,process_request,5},
                  {timer,tc,3},
                  {boss_web_controller,handle_request,3}]}

=ERROR REPORT==== 16-Oct-2012::12:52:39 ===
GET /depart/request/depart-6 [helpdesk] 500 285ms

=INFO REPORT==== 16-Oct-2012::12:52:44 ===
Loading routes from "/home/simba/hacking/erlang/helpdesk/priv/helpdesk.routes" ....

=ERROR REPORT==== 16-Oct-2012::12:52:44 ===
{function_clause,[{erlydtl_filters,date,[undefined,<<"j N Y, H:i">>]},
                  {helpdesk_view_depart_request_html,render_internal,4},
                  {helpdesk_view_depart_request_html,render,2},
                  {boss_web_controller,render_view,6},
                  {boss_web_controller,execute_action,5},
                  {boss_web_controller,process_request,5},
                  {timer,tc,3},
                  {boss_web_controller,handle_request,3}]}

=ERROR REPORT==== 16-Oct-2012::12:52:44 ===
GET /depart/request/depart-9 [helpdesk] 500 241ms

=INFO REPORT==== 16-Oct-2012::12:53:11 ===
Loading routes from "/home/simba/hacking/erlang/helpdesk/priv/helpdesk.routes" ....

=INFO REPORT==== 16-Oct-2012::12:53:11 ===
GET /depart/index [helpdesk] 200 350ms

=INFO REPORT==== 16-Oct-2012::12:53:12 ===
Loading routes from "/home/simba/hacking/erlang/helpdesk/priv/helpdesk.routes" ....

=INFO REPORT==== 16-Oct-2012::12:53:12 ===
GET /depart/request/depart-5 [helpdesk] 200 282ms

=INFO REPORT==== 16-Oct-2012::12:53:16 ===
Loading routes from "/home/simba/hacking/erlang/helpdesk/priv/helpdesk.routes" ....

=INFO REPORT==== 16-Oct-2012::12:53:16 ===
GET /depart/request/depart-8 [helpdesk] 200 240ms

=INFO REPORT==== 16-Oct-2012::12:53:19 ===
Loading routes from "/home/simba/hacking/erlang/helpdesk/priv/helpdesk.routes" ....

=INFO REPORT==== 16-Oct-2012::12:53:20 ===
GET /depart/request/depart-9 [helpdesk] 200 257ms

=INFO REPORT==== 16-Oct-2012::12:53:24 ===
Loading routes from "/home/simba/hacking/erlang/helpdesk/priv/helpdesk.routes" ....

=INFO REPORT==== 16-Oct-2012::12:53:24 ===
GET /depart/request/depart-14 [helpdesk] 200 248ms

=INFO REPORT==== 16-Oct-2012::12:53:41 ===
Loading routes from "/home/simba/hacking/erlang/helpdesk/priv/helpdesk.routes" ....

=INFO REPORT==== 16-Oct-2012::12:53:41 ===
GET /depart/index [helpdesk] 200 314ms

=INFO REPORT==== 16-Oct-2012::12:53:43 ===
Loading routes from "/home/simba/hacking/erlang/helpdesk/priv/helpdesk.routes" ....

=ERROR REPORT==== 16-Oct-2012::12:53:43 ===
{badarg,[{erlang,apply,["depart-5",depart_id,[]]},
         {helpdesk_depart_controller,request,4},
         {boss_web_controller,execute_action,5},
         {boss_web_controller,process_request,5},
         {timer,tc,3},
         {boss_web_controller,handle_request,3},
         {mochiweb_http,headers,5},
         {proc_lib,init_p_do_apply,3}]}

=ERROR REPORT==== 16-Oct-2012::12:53:43 ===
GET /depart/request/depart-5 [helpdesk] 500 230ms

=INFO REPORT==== 16-Oct-2012::12:54:20 ===
Loading routes from "/home/simba/hacking/erlang/helpdesk/priv/helpdesk.routes" ....

=ERROR REPORT==== 16-Oct-2012::12:54:20 ===
{badarg,[{erlang,apply,["depart-5",id,[]]},
         {helpdesk_depart_controller,request,4},
         {boss_web_controller,execute_action,5},
         {boss_web_controller,process_request,5},
         {timer,tc,3},
         {boss_web_controller,handle_request,3},
         {mochiweb_http,headers,5},
         {proc_lib,init_p_do_apply,3}]}

=ERROR REPORT==== 16-Oct-2012::12:54:20 ===
GET /depart/request/depart-5 [helpdesk] 500 236ms

=INFO REPORT==== 16-Oct-2012::12:54:22 ===
Loading routes from "/home/simba/hacking/erlang/helpdesk/priv/helpdesk.routes" ....

=INFO REPORT==== 16-Oct-2012::12:54:22 ===
GET /depart/index [helpdesk] 200 374ms

=INFO REPORT==== 16-Oct-2012::12:54:23 ===
Loading routes from "/home/simba/hacking/erlang/helpdesk/priv/helpdesk.routes" ....

=ERROR REPORT==== 16-Oct-2012::12:54:24 ===
{badarg,[{erlang,apply,["depart-9",id,[]]},
         {helpdesk_depart_controller,request,4},
         {boss_web_controller,execute_action,5},
         {boss_web_controller,process_request,5},
         {timer,tc,3},
         {boss_web_controller,handle_request,3},
         {mochiweb_http,headers,5},
         {proc_lib,init_p_do_apply,3}]}

=ERROR REPORT==== 16-Oct-2012::12:54:24 ===
GET /depart/request/depart-9 [helpdesk] 500 227ms

=INFO REPORT==== 16-Oct-2012::12:54:27 ===
Loading routes from "/home/simba/hacking/erlang/helpdesk/priv/helpdesk.routes" ....

=INFO REPORT==== 16-Oct-2012::12:54:28 ===
GET /depart/edit/depart-9 [helpdesk] 200 275ms

=INFO REPORT==== 16-Oct-2012::12:54:32 ===
Loading routes from "/home/simba/hacking/erlang/helpdesk/priv/helpdesk.routes" ....

=ERROR REPORT==== 16-Oct-2012::12:54:33 ===
{badarg,[{erlang,apply,["depart-21",id,[]]},
         {helpdesk_depart_controller,request,4},
         {boss_web_controller,execute_action,5},
         {boss_web_controller,process_request,5},
         {timer,tc,3},
         {boss_web_controller,handle_request,3},
         {mochiweb_http,headers,5},
         {proc_lib,init_p_do_apply,3}]}

=ERROR REPORT==== 16-Oct-2012::12:54:33 ===
GET /depart/request/depart-21 [helpdesk] 500 237ms

=INFO REPORT==== 16-Oct-2012::12:55:02 ===
Loading routes from "/home/simba/hacking/erlang/helpdesk/priv/helpdesk.routes" ....

=INFO REPORT==== 16-Oct-2012::12:55:02 ===
GET /depart/request/depart-21 [helpdesk] 200 269ms

=INFO REPORT==== 16-Oct-2012::12:55:04 ===
Loading routes from "/home/simba/hacking/erlang/helpdesk/priv/helpdesk.routes" ....

=INFO REPORT==== 16-Oct-2012::12:55:04 ===
GET /depart/index [helpdesk] 200 321ms

=INFO REPORT==== 16-Oct-2012::12:55:06 ===
Loading routes from "/home/simba/hacking/erlang/helpdesk/priv/helpdesk.routes" ....

=INFO REPORT==== 16-Oct-2012::12:55:06 ===
GET /depart/request/depart-8 [helpdesk] 200 244ms

=INFO REPORT==== 16-Oct-2012::12:58:29 ===
Loading routes from "/home/simba/hacking/erlang/helpdesk/priv/helpdesk.routes" ....

=INFO REPORT==== 16-Oct-2012::12:58:30 ===
GET /depart/request/depart-8 [helpdesk] 200 310ms

=INFO REPORT==== 16-Oct-2012::12:58:36 ===
Loading routes from "/home/simba/hacking/erlang/helpdesk/priv/helpdesk.routes" ....

=INFO REPORT==== 16-Oct-2012::12:58:37 ===
GET /depart/index [helpdesk] 200 335ms

=INFO REPORT==== 16-Oct-2012::12:58:39 ===
Loading routes from "/home/simba/hacking/erlang/helpdesk/priv/helpdesk.routes" ....

=INFO REPORT==== 16-Oct-2012::12:58:39 ===
GET /depart/request/depart-8 [helpdesk] 200 251ms

=INFO REPORT==== 16-Oct-2012::13:01:19 ===
Loading routes from "/home/simba/hacking/erlang/helpdesk/priv/helpdesk.routes" ....

=INFO REPORT==== 16-Oct-2012::13:01:20 ===
GET /depart/request/depart-8 [helpdesk] 200 309ms

=INFO REPORT==== 16-Oct-2012::13:01:26 ===
Loading routes from "/home/simba/hacking/erlang/helpdesk/priv/helpdesk.routes" ....

=INFO REPORT==== 16-Oct-2012::13:01:26 ===
GET /depart/index [helpdesk] 200 304ms

=INFO REPORT==== 16-Oct-2012::13:01:27 ===
Loading routes from "/home/simba/hacking/erlang/helpdesk/priv/helpdesk.routes" ....

=INFO REPORT==== 16-Oct-2012::13:01:28 ===
GET /depart/request/depart-6 [helpdesk] 200 246ms

=INFO REPORT==== 16-Oct-2012::13:01:38 ===
Loading routes from "/home/simba/hacking/erlang/helpdesk/priv/helpdesk.routes" ....

=INFO REPORT==== 16-Oct-2012::13:01:38 ===
GET /depart/index [helpdesk] 200 302ms

=INFO REPORT==== 16-Oct-2012::13:01:46 ===
Loading routes from "/home/simba/hacking/erlang/helpdesk/priv/helpdesk.routes" ....

=INFO REPORT==== 16-Oct-2012::13:01:46 ===
GET /depart/request/depart-12 [helpdesk] 200 275ms

=INFO REPORT==== 16-Oct-2012::14:17:45 ===
Loading routes from "/home/simba/hacking/erlang/helpdesk/priv/helpdesk.routes" ....

=INFO REPORT==== 16-Oct-2012::14:17:45 ===
GET /depart/index [helpdesk] 200 306ms

=INFO REPORT==== 16-Oct-2012::14:17:47 ===
Loading routes from "/home/simba/hacking/erlang/helpdesk/priv/helpdesk.routes" ....

=INFO REPORT==== 16-Oct-2012::14:17:48 ===
GET /depart/request/depart-8 [helpdesk] 200 318ms

=INFO REPORT==== 16-Oct-2012::14:17:54 ===
Loading routes from "/home/simba/hacking/erlang/helpdesk/priv/helpdesk.routes" ....

=INFO REPORT==== 16-Oct-2012::14:17:55 ===
GET /depart/index [helpdesk] 200 342ms

=INFO REPORT==== 16-Oct-2012::14:17:56 ===
Loading routes from "/home/simba/hacking/erlang/helpdesk/priv/helpdesk.routes" ....

=INFO REPORT==== 16-Oct-2012::14:17:56 ===
GET /depart/request/depart-9 [helpdesk] 200 238ms

=INFO REPORT==== 16-Oct-2012::14:17:59 ===
Loading routes from "/home/simba/hacking/erlang/helpdesk/priv/helpdesk.routes" ....

=INFO REPORT==== 16-Oct-2012::14:17:59 ===
GET /depart/index [helpdesk] 200 314ms

=INFO REPORT==== 16-Oct-2012::14:18:09 ===
Loading routes from "/home/simba/hacking/erlang/helpdesk/priv/helpdesk.routes" ....

=INFO REPORT==== 16-Oct-2012::14:18:09 ===
GET /depart/request/depart-23 [helpdesk] 200 236ms

=INFO REPORT==== 16-Oct-2012::14:18:11 ===
Loading routes from "/home/simba/hacking/erlang/helpdesk/priv/helpdesk.routes" ....

=INFO REPORT==== 16-Oct-2012::14:18:11 ===
GET /depart/index [helpdesk] 200 344ms

=INFO REPORT==== 16-Oct-2012::14:18:15 ===
Loading routes from "/home/simba/hacking/erlang/helpdesk/priv/helpdesk.routes" ....

=INFO REPORT==== 16-Oct-2012::14:18:15 ===
GET /depart/request/depart-12 [helpdesk] 200 270ms

=INFO REPORT==== 16-Oct-2012::14:54:27 ===
Loading routes from "/home/simba/hacking/erlang/helpdesk/priv/helpdesk.routes" ....

=INFO REPORT==== 16-Oct-2012::14:54:27 ===
GET /depart/index [helpdesk] 200 333ms

=INFO REPORT==== 16-Oct-2012::14:54:29 ===
Loading routes from "/home/simba/hacking/erlang/helpdesk/priv/helpdesk.routes" ....

=INFO REPORT==== 16-Oct-2012::14:54:29 ===
GET /depart/request/depart-5 [helpdesk] 200 307ms

=INFO REPORT==== 16-Oct-2012::14:55:17 ===
Loading routes from "/home/simba/hacking/erlang/helpdesk/priv/helpdesk.routes" ....

=INFO REPORT==== 16-Oct-2012::14:55:18 ===
Loading routes from "/home/simba/hacking/erlang/helpdesk/priv/helpdesk.routes" ....

=INFO REPORT==== 16-Oct-2012::14:55:19 ===
GET /depart/index [helpdesk] 200 464ms

=INFO REPORT==== 16-Oct-2012::14:55:21 ===
Loading routes from "/home/simba/hacking/erlang/helpdesk/priv/helpdesk.routes" ....

=INFO REPORT==== 16-Oct-2012::14:55:21 ===
GET /depart/index [helpdesk] 200 499ms

=INFO REPORT==== 16-Oct-2012::14:55:22 ===
Loading routes from "/home/simba/hacking/erlang/helpdesk/priv/helpdesk.routes" ....

=INFO REPORT==== 16-Oct-2012::14:55:23 ===
GET /depart/index [helpdesk] 200 512ms

=INFO REPORT==== 16-Oct-2012::14:55:23 ===
Loading routes from "/home/simba/hacking/erlang/helpdesk/priv/helpdesk.routes" ....

=INFO REPORT==== 16-Oct-2012::14:55:24 ===
GET /depart/request/depart-9 [helpdesk] 200 350ms

=INFO REPORT==== 16-Oct-2012::14:55:25 ===
GET /request/index [helpdesk] 200 7832ms
