
=INFO REPORT==== 7-Sep-2012::09:32:12 ===
Starting Boss in development mode....

=INFO REPORT==== 7-Sep-2012::09:32:12 ===
Starting master services on 'helpdesk@simba-Aspire-4920'

=INFO REPORT==== 7-Sep-2012::09:32:12 ===
SSL:[]

=INFO REPORT==== 7-Sep-2012::09:32:12 ===
Loading routes from "../cb_admin/priv/cb_admin.routes" ....

=INFO REPORT==== 7-Sep-2012::09:32:12 ===
Loading routes from "/home/simba/hacking/erlang/helpdesk/priv/helpdesk.routes" ....

=INFO REPORT==== 7-Sep-2012::09:35:28 ===
Loading routes from "/home/simba/hacking/erlang/helpdesk/priv/helpdesk.routes" ....

=INFO REPORT==== 7-Sep-2012::09:35:28 ===
GET / [helpdesk] 200 168ms

=INFO REPORT==== 7-Sep-2012::09:35:30 ===
Loading routes from "/home/simba/hacking/erlang/helpdesk/priv/helpdesk.routes" ....

=INFO REPORT==== 7-Sep-2012::09:35:30 ===
GET /user/login [helpdesk] 200 163ms

=INFO REPORT==== 7-Sep-2012::09:35:38 ===
Loading routes from "/home/simba/hacking/erlang/helpdesk/priv/helpdesk.routes" ....

=INFO REPORT==== 7-Sep-2012::09:35:39 ===
POST /user/login [helpdesk] 302 177ms

=INFO REPORT==== 7-Sep-2012::09:35:39 ===
Loading routes from "/home/simba/hacking/erlang/helpdesk/priv/helpdesk.routes" ....

=INFO REPORT==== 7-Sep-2012::09:35:39 ===
GET / [helpdesk] 200 161ms

=INFO REPORT==== 7-Sep-2012::09:35:41 ===
Loading routes from "/home/simba/hacking/erlang/helpdesk/priv/helpdesk.routes" ....

=INFO REPORT==== 7-Sep-2012::09:35:41 ===
GET / [helpdesk] 200 166ms

=INFO REPORT==== 7-Sep-2012::09:35:42 ===
Loading routes from "/home/simba/hacking/erlang/helpdesk/priv/helpdesk.routes" ....

=INFO REPORT==== 7-Sep-2012::09:35:42 ===
GET /main/depart_request [helpdesk] 200 180ms

=INFO REPORT==== 7-Sep-2012::09:35:52 ===
GET /admin [cb_admin] 200 42ms
