
=INFO REPORT==== 17-Aug-2012::10:36:13 ===
Starting Boss in development mode....

=INFO REPORT==== 17-Aug-2012::10:36:13 ===
Starting master services on 'helpdesk@simba-Aspire-4920'

=INFO REPORT==== 17-Aug-2012::10:36:13 ===
SSL:[]

=INFO REPORT==== 17-Aug-2012::10:36:13 ===
Loading routes from "../cb_admin/priv/cb_admin.routes" ....

=INFO REPORT==== 17-Aug-2012::10:36:14 ===
Loading routes from "/home/simba/hacking/erlang/helpdesk/priv/helpdesk.routes" ....

=INFO REPORT==== 17-Aug-2012::10:36:20 ===
GET /admin/model/model [cb_admin] 200 112ms

=INFO REPORT==== 17-Aug-2012::10:36:22 ===
GET /admin/model/model [cb_admin] 200 3ms

=INFO REPORT==== 17-Aug-2012::10:36:24 ===
GET /admin/model/model/depart [cb_admin] 200 75ms

=INFO REPORT==== 17-Aug-2012::10:36:24 ===
POST /admin/model/watch [cb_admin] 200 65ms

=INFO REPORT==== 17-Aug-2012::10:36:32 ===
Loading routes from "/home/simba/hacking/erlang/helpdesk/priv/helpdesk.routes" ....

=ERROR REPORT==== 17-Aug-2012::10:36:32 ===
{function_clause,
    [{erlydtl_runtime,init_counter_stats,
         [{error,{module_not_loaded,person}},
          [{counter,1},
           {counter0,0},
           {revcounter,2},
           {revcounter0,1},
           {first,true},
           {last,false},
           {parentloop,undefined}]]},
     {helpdesk_view_depart_index_html,'-render_internal/4-fun-2-',3},
     {lists,mapfoldl,3},
     {erlydtl_runtime,forloop,3},
     {helpdesk_view_depart_index_html,render_internal,4},
     {helpdesk_view_depart_index_html,render,2},
     {boss_web_controller,render_view,6},
     {boss_web_controller,execute_action,5}]}

=ERROR REPORT==== 17-Aug-2012::10:36:32 ===
GET /depart [helpdesk] 500 110ms
