
=INFO REPORT==== 30-Aug-2012::14:20:10 ===
Starting Boss in development mode....

=INFO REPORT==== 30-Aug-2012::14:20:10 ===
Starting master services on 'helpdesk@simba-Aspire-4920'

=INFO REPORT==== 30-Aug-2012::14:20:10 ===
SSL:[]

=INFO REPORT==== 30-Aug-2012::14:20:10 ===
Loading routes from "../cb_admin/priv/cb_admin.routes" ....

=INFO REPORT==== 30-Aug-2012::14:20:10 ===
Loading routes from "/home/simba/hacking/erlang/helpdesk/priv/helpdesk.routes" ....

=INFO REPORT==== 30-Aug-2012::14:20:26 ===
Loading routes from "/home/simba/hacking/erlang/helpdesk/priv/helpdesk.routes" ....

=INFO REPORT==== 30-Aug-2012::14:20:26 ===
GET / [helpdesk] 200 128ms

=INFO REPORT==== 30-Aug-2012::14:20:28 ===
Loading routes from "/home/simba/hacking/erlang/helpdesk/priv/helpdesk.routes" ....

=INFO REPORT==== 30-Aug-2012::14:20:28 ===
GET /main/depart_request [helpdesk] 200 165ms

=INFO REPORT==== 30-Aug-2012::14:20:33 ===
Loading routes from "/home/simba/hacking/erlang/helpdesk/priv/helpdesk.routes" ....

=INFO REPORT==== 30-Aug-2012::14:20:33 ===
GET /main/depart_request/tag_order/cl_user_id [helpdesk] 200 154ms

=INFO REPORT==== 30-Aug-2012::14:20:34 ===
Loading routes from "/home/simba/hacking/erlang/helpdesk/priv/helpdesk.routes" ....

=INFO REPORT==== 30-Aug-2012::14:20:34 ===
GET /main/depart_request/tag_order/id_order [helpdesk] 200 166ms

=INFO REPORT==== 30-Aug-2012::14:20:35 ===
Loading routes from "/home/simba/hacking/erlang/helpdesk/priv/helpdesk.routes" ....

=INFO REPORT==== 30-Aug-2012::14:20:35 ===
GET /main/depart_request/tag_order/creation_time [helpdesk] 200 165ms

=INFO REPORT==== 30-Aug-2012::14:20:36 ===
Loading routes from "/home/simba/hacking/erlang/helpdesk/priv/helpdesk.routes" ....

=INFO REPORT==== 30-Aug-2012::14:20:36 ===
GET /main/depart_request/tag_order/worker_in_time [helpdesk] 200 160ms

=INFO REPORT==== 30-Aug-2012::14:20:37 ===
Loading routes from "/home/simba/hacking/erlang/helpdesk/priv/helpdesk.routes" ....

=INFO REPORT==== 30-Aug-2012::14:20:37 ===
GET /main/depart_request/tag_order/worker_out_time [helpdesk] 200 165ms

=INFO REPORT==== 30-Aug-2012::14:20:38 ===
Loading routes from "/home/simba/hacking/erlang/helpdesk/priv/helpdesk.routes" ....

=INFO REPORT==== 30-Aug-2012::14:20:38 ===
GET /main/depart_request/tag_order/close_time [helpdesk] 200 161ms

=INFO REPORT==== 30-Aug-2012::14:20:39 ===
Loading routes from "/home/simba/hacking/erlang/helpdesk/priv/helpdesk.routes" ....

=INFO REPORT==== 30-Aug-2012::14:20:39 ===
GET /main/depart_request/tag_order/note [helpdesk] 200 160ms

=INFO REPORT==== 30-Aug-2012::14:20:40 ===
Loading routes from "/home/simba/hacking/erlang/helpdesk/priv/helpdesk.routes" ....

=INFO REPORT==== 30-Aug-2012::14:20:41 ===
GET /request/show/request-36 [helpdesk] 200 131ms

=INFO REPORT==== 30-Aug-2012::14:20:43 ===
Loading routes from "/home/simba/hacking/erlang/helpdesk/priv/helpdesk.routes" ....

=INFO REPORT==== 30-Aug-2012::14:20:43 ===
GET /main/depart_request [helpdesk] 200 167ms

=INFO REPORT==== 30-Aug-2012::14:20:43 ===
Loading routes from "/home/simba/hacking/erlang/helpdesk/priv/helpdesk.routes" ....

=INFO REPORT==== 30-Aug-2012::14:20:44 ===
GET /main/user_request [helpdesk] 200 124ms

=INFO REPORT==== 30-Aug-2012::14:20:46 ===
Loading routes from "/home/simba/hacking/erlang/helpdesk/priv/helpdesk.routes" ....

=INFO REPORT==== 30-Aug-2012::14:20:46 ===
GET /main/user_request/tag_order/worker_in_time [helpdesk] 200 133ms

=INFO REPORT==== 30-Aug-2012::14:20:46 ===
Loading routes from "/home/simba/hacking/erlang/helpdesk/priv/helpdesk.routes" ....

=INFO REPORT==== 30-Aug-2012::14:20:46 ===
GET /main/user_request/tag_order/worker_out_time [helpdesk] 200 133ms

=INFO REPORT==== 30-Aug-2012::14:20:47 ===
Loading routes from "/home/simba/hacking/erlang/helpdesk/priv/helpdesk.routes" ....

=INFO REPORT==== 30-Aug-2012::14:20:47 ===
GET /main/user_request/tag_order/close_time [helpdesk] 200 130ms

=INFO REPORT==== 30-Aug-2012::14:20:48 ===
Loading routes from "/home/simba/hacking/erlang/helpdesk/priv/helpdesk.routes" ....

=INFO REPORT==== 30-Aug-2012::14:20:48 ===
GET /main/user_request/tag_order/note [helpdesk] 200 130ms

=INFO REPORT==== 30-Aug-2012::14:20:49 ===
Loading routes from "/home/simba/hacking/erlang/helpdesk/priv/helpdesk.routes" ....

=INFO REPORT==== 30-Aug-2012::14:20:50 ===
GET /main/user_request/tag_order/id_order [helpdesk] 200 131ms

=INFO REPORT==== 30-Aug-2012::14:20:52 ===
Loading routes from "/home/simba/hacking/erlang/helpdesk/priv/helpdesk.routes" ....

=INFO REPORT==== 30-Aug-2012::14:20:52 ===
GET /main/user_request/tag_order/depart_id [helpdesk] 200 132ms

=INFO REPORT==== 30-Aug-2012::14:21:01 ===
Loading routes from "/home/simba/hacking/erlang/helpdesk/priv/helpdesk.routes" ....

=INFO REPORT==== 30-Aug-2012::14:21:01 ===
GET /user/logout [helpdesk] 302 117ms

=INFO REPORT==== 30-Aug-2012::14:21:01 ===
Loading routes from "/home/simba/hacking/erlang/helpdesk/priv/helpdesk.routes" ....

=INFO REPORT==== 30-Aug-2012::14:21:01 ===
GET / [helpdesk] 200 123ms
