
=INFO REPORT==== 16-Aug-2012::14:49:15 ===
Starting Boss in development mode....

=INFO REPORT==== 16-Aug-2012::14:49:15 ===
Starting master services on 'helpdesk@simba-Aspire-4920'

=INFO REPORT==== 16-Aug-2012::14:49:15 ===
SSL:[]

=INFO REPORT==== 16-Aug-2012::14:49:15 ===
Loading routes from "../cb_admin/priv/cb_admin.routes" ....

=INFO REPORT==== 16-Aug-2012::14:49:15 ===
Loading routes from "/home/simba/hacking/erlang/helpdesk/priv/helpdesk.routes" ....

=INFO REPORT==== 16-Aug-2012::14:49:18 ===
GET /admin/model/model [cb_admin] 200 15ms

=INFO REPORT==== 16-Aug-2012::14:49:20 ===
GET /admin/model/model/depart [cb_admin] 200 26ms

=INFO REPORT==== 16-Aug-2012::14:49:20 ===
GET /admin/model/create/depart [cb_admin] 200 5ms

=ERROR REPORT==== 16-Aug-2012::14:49:23 ===
** Generic server <0.73.0> terminating 
** Last message in was {save_record,{depart,id,"qw"}}
** When Server state == {state,boss_db_adapter_pgsql,<0.74.0>,[],
                               {dict,0,16,16,8,80,48,
                                     {[],[],[],[],[],[],[],[],[],[],[],[],[],
                                      [],[],[]},
                                     {{[],[],[],[],[],[],[],[],[],[],[],[],[],
                                       [],[],[]}}},
                               false,60,db,0}
** Reason for termination == 
** {badarg,[{erlang,integer_to_list,[null]},
            {boss_db_adapter_pgsql,save_record,2},
            {boss_db_controller,handle_call,3},
            {gen_server,handle_msg,5},
            {proc_lib,init_p_do_apply,3}]}

=ERROR REPORT==== 16-Aug-2012::14:49:23 ===
{{badarg,[{erlang,integer_to_list,[null]},
          {boss_db_adapter_pgsql,save_record,2},
          {boss_db_controller,handle_call,3},
          {gen_server,handle_msg,5},
          {proc_lib,init_p_do_apply,3}]},
 {gen_server,call,[<0.73.0>,{save_record,{depart,id,"qw"}},30000]}}

=ERROR REPORT==== 16-Aug-2012::14:49:23 ===
POST /admin/model/create/depart [cb_admin] 500 38ms

=ERROR REPORT==== 16-Aug-2012::14:49:50 ===
** Generic server <0.76.0> terminating 
** Last message in was {save_record,{depart,id,"qw"}}
** When Server state == {state,boss_db_adapter_pgsql,<0.77.0>,[],
                               {dict,0,16,16,8,80,48,
                                     {[],[],[],[],[],[],[],[],[],[],[],[],[],
                                      [],[],[]},
                                     {{[],[],[],[],[],[],[],[],[],[],[],[],[],
                                       [],[],[]}}},
                               false,60,db,0}
** Reason for termination == 
** {badarg,[{erlang,integer_to_list,[null]},
            {boss_db_adapter_pgsql,save_record,2},
            {boss_db_controller,handle_call,3},
            {gen_server,handle_msg,5},
            {proc_lib,init_p_do_apply,3}]}

=ERROR REPORT==== 16-Aug-2012::14:49:50 ===
{{badarg,[{erlang,integer_to_list,[null]},
          {boss_db_adapter_pgsql,save_record,2},
          {boss_db_controller,handle_call,3},
          {gen_server,handle_msg,5},
          {proc_lib,init_p_do_apply,3}]},
 {gen_server,call,[<0.76.0>,{save_record,{depart,id,"qw"}},30000]}}

=ERROR REPORT==== 16-Aug-2012::14:49:50 ===
POST /admin/model/create/depart [cb_admin] 500 17ms
