
=INFO REPORT==== 17-Aug-2012::12:56:56 ===
Starting Boss in development mode....

=INFO REPORT==== 17-Aug-2012::12:56:56 ===
Starting master services on 'helpdesk@simba-Aspire-4920'

=INFO REPORT==== 17-Aug-2012::12:56:56 ===
SSL:[]

=INFO REPORT==== 17-Aug-2012::12:56:56 ===
Loading routes from "../cb_admin/priv/cb_admin.routes" ....

=INFO REPORT==== 17-Aug-2012::12:56:56 ===
Loading routes from "/home/simba/hacking/erlang/helpdesk/priv/helpdesk.routes" ....

=INFO REPORT==== 17-Aug-2012::12:56:57 ===
GET /admin/model/create/operator [cb_admin] 200 13ms

=ERROR REPORT==== 17-Aug-2012::12:56:58 ===
{function_clause,[{proplists,get_value,[limit,1,all]},
                  {boss_db,find,3},
                  {operator,'-validation_tests/0-fun-2-',1},
                  {boss_db,'-validate_record/1-lc$^0/1-0-',1},
                  {boss_db,'-validate_record/1-lc$^0/1-0-',1},
                  {boss_db,validate_record,1},
                  {boss_db,save_record,1},
                  {cb_admin_model_controller,create,4}]}

=ERROR REPORT==== 17-Aug-2012::12:56:58 ===
POST /admin/model/create/operator [cb_admin] 500 1ms

=ERROR REPORT==== 17-Aug-2012::12:57:08 ===
{function_clause,[{proplists,get_value,[limit,1,all]},
                  {boss_db,find,3},
                  {operator,'-validation_tests/0-fun-2-',1},
                  {boss_db,'-validate_record/1-lc$^0/1-0-',1},
                  {boss_db,'-validate_record/1-lc$^0/1-0-',1},
                  {boss_db,validate_record,1},
                  {boss_db,save_record,1},
                  {cb_admin_model_controller,create,4}]}

=ERROR REPORT==== 17-Aug-2012::12:57:08 ===
POST /admin/model/create/operator [cb_admin] 500 1ms

=ERROR REPORT==== 17-Aug-2012::12:57:17 ===
{function_clause,[{proplists,get_value,[limit,1,all]},
                  {boss_db,find,3},
                  {operator,'-validation_tests/0-fun-2-',1},
                  {boss_db,'-validate_record/1-lc$^0/1-0-',1},
                  {boss_db,validate_record,1},
                  {boss_db,save_record,1},
                  {cb_admin_model_controller,create,4},
                  {boss_web_controller,execute_action,5}]}

=ERROR REPORT==== 17-Aug-2012::12:57:17 ===
POST /admin/model/create/operator [cb_admin] 500 1ms

=INFO REPORT==== 17-Aug-2012::12:57:23 ===
GET /admin/model/model/operator [cb_admin] 200 28ms

=INFO REPORT==== 17-Aug-2012::12:57:25 ===
GET /admin/model/create/operator [cb_admin] 200 3ms

=ERROR REPORT==== 17-Aug-2012::12:57:33 ===
{function_clause,[{proplists,get_value,[limit,1,all]},
                  {boss_db,find,3},
                  {operator,'-validation_tests/0-fun-2-',1},
                  {boss_db,'-validate_record/1-lc$^0/1-0-',1},
                  {boss_db,validate_record,1},
                  {boss_db,save_record,1},
                  {cb_admin_model_controller,create,4},
                  {boss_web_controller,execute_action,5}]}

=ERROR REPORT==== 17-Aug-2012::12:57:33 ===
POST /admin/model/create/operator [cb_admin] 500 0ms
