
=INFO REPORT==== 19-Aug-2012::08:59:21 ===
Starting Boss in development mode....

=INFO REPORT==== 19-Aug-2012::08:59:21 ===
Starting master services on 'helpdesk@simba-Aspire-4920'

=INFO REPORT==== 19-Aug-2012::08:59:21 ===
SSL:[]

=INFO REPORT==== 19-Aug-2012::08:59:21 ===
Loading routes from "../cb_admin/priv/cb_admin.routes" ....

=INFO REPORT==== 19-Aug-2012::08:59:22 ===
Loading routes from "/home/simba/hacking/erlang/helpdesk/priv/helpdesk.routes" ....

=INFO REPORT==== 19-Aug-2012::08:59:25 ===
Loading routes from "/home/simba/hacking/erlang/helpdesk/priv/helpdesk.routes" ....

=INFO REPORT==== 19-Aug-2012::08:59:25 ===
GET / [helpdesk] 200 710ms

=INFO REPORT==== 19-Aug-2012::09:14:38 ===
Loading routes from "/home/simba/hacking/erlang/helpdesk/priv/helpdesk.routes" ....

=INFO REPORT==== 19-Aug-2012::09:14:38 ===
GET / [helpdesk] 200 216ms

=INFO REPORT==== 19-Aug-2012::09:14:41 ===
Loading routes from "/home/simba/hacking/erlang/helpdesk/priv/helpdesk.routes" ....

=INFO REPORT==== 19-Aug-2012::09:14:41 ===
GET / [helpdesk] 200 184ms

=INFO REPORT==== 19-Aug-2012::09:14:42 ===
Loading routes from "/home/simba/hacking/erlang/helpdesk/priv/helpdesk.routes" ....

=INFO REPORT==== 19-Aug-2012::09:14:43 ===
GET /depart/index [helpdesk] 200 504ms

=INFO REPORT==== 19-Aug-2012::09:14:45 ===
Loading routes from "/home/simba/hacking/erlang/helpdesk/priv/helpdesk.routes" ....

=INFO REPORT==== 19-Aug-2012::09:14:45 ===
GET /depart/index [helpdesk] 200 177ms

=INFO REPORT==== 19-Aug-2012::09:14:47 ===
Loading routes from "/home/simba/hacking/erlang/helpdesk/priv/helpdesk.routes" ....

=INFO REPORT==== 19-Aug-2012::09:14:47 ===
GET /depart/show/depart-2 [helpdesk] 200 181ms

=INFO REPORT==== 19-Aug-2012::09:14:50 ===
Loading routes from "/home/simba/hacking/erlang/helpdesk/priv/helpdesk.routes" ....

=INFO REPORT==== 19-Aug-2012::09:14:50 ===
GET /depart/edit/depart-2 [helpdesk] 200 184ms

=INFO REPORT==== 19-Aug-2012::09:14:55 ===
Loading routes from "/home/simba/hacking/erlang/helpdesk/priv/helpdesk.routes" ....

=INFO REPORT==== 19-Aug-2012::09:14:55 ===
GET /depart/edit/depart-2 [helpdesk] 200 186ms

=INFO REPORT==== 19-Aug-2012::10:21:43 ===
Loading routes from "/home/simba/hacking/erlang/helpdesk/priv/helpdesk.routes" ....

=INFO REPORT==== 19-Aug-2012::10:21:43 ===
GET / [helpdesk] 200 183ms

=INFO REPORT==== 19-Aug-2012::10:21:44 ===
Loading routes from "/home/simba/hacking/erlang/helpdesk/priv/helpdesk.routes" ....

=INFO REPORT==== 19-Aug-2012::10:21:44 ===
GET /depart/index [helpdesk] 200 184ms

=INFO REPORT==== 19-Aug-2012::10:21:47 ===
Loading routes from "/home/simba/hacking/erlang/helpdesk/priv/helpdesk.routes" ....

=INFO REPORT==== 19-Aug-2012::10:21:47 ===
GET / [helpdesk] 200 179ms

=INFO REPORT==== 19-Aug-2012::10:21:53 ===
Loading routes from "/home/simba/hacking/erlang/helpdesk/priv/helpdesk.routes" ....

=INFO REPORT==== 19-Aug-2012::10:21:53 ===
GET /user/login [helpdesk] 200 205ms

=INFO REPORT==== 19-Aug-2012::10:21:59 ===
Loading routes from "/home/simba/hacking/erlang/helpdesk/priv/helpdesk.routes" ....

=INFO REPORT==== 19-Aug-2012::10:21:59 ===
POST /user/login [helpdesk] 200 272ms

=INFO REPORT==== 19-Aug-2012::10:22:37 ===
Loading routes from "/home/simba/hacking/erlang/helpdesk/priv/helpdesk.routes" ....

=INFO REPORT==== 19-Aug-2012::10:22:37 ===
POST /user/login [helpdesk] 302 176ms

=INFO REPORT==== 19-Aug-2012::10:22:37 ===
Loading routes from "/home/simba/hacking/erlang/helpdesk/priv/helpdesk.routes" ....

=INFO REPORT==== 19-Aug-2012::10:22:37 ===
GET / [helpdesk] 200 172ms

=INFO REPORT==== 19-Aug-2012::10:22:48 ===
Loading routes from "/home/simba/hacking/erlang/helpdesk/priv/helpdesk.routes" ....

=INFO REPORT==== 19-Aug-2012::10:22:48 ===
GET /about [helpdesk] 200 202ms

=INFO REPORT==== 19-Aug-2012::10:22:51 ===
Loading routes from "/home/simba/hacking/erlang/helpdesk/priv/helpdesk.routes" ....

=INFO REPORT==== 19-Aug-2012::10:22:51 ===
GET /user/login [helpdesk] 200 176ms

=INFO REPORT==== 19-Aug-2012::10:22:52 ===
Loading routes from "/home/simba/hacking/erlang/helpdesk/priv/helpdesk.routes" ....

=INFO REPORT==== 19-Aug-2012::10:22:52 ===
GET /user/register [helpdesk] 200 209ms

=INFO REPORT==== 19-Aug-2012::10:22:53 ===
Loading routes from "/home/simba/hacking/erlang/helpdesk/priv/helpdesk.routes" ....

=INFO REPORT==== 19-Aug-2012::10:22:53 ===
GET /about [helpdesk] 200 175ms

=INFO REPORT==== 19-Aug-2012::10:22:57 ===
Loading routes from "/home/simba/hacking/erlang/helpdesk/priv/helpdesk.routes" ....

=INFO REPORT==== 19-Aug-2012::10:22:57 ===
GET /depart/index [helpdesk] 200 180ms

=INFO REPORT==== 19-Aug-2012::10:23:02 ===
Loading routes from "/home/simba/hacking/erlang/helpdesk/priv/helpdesk.routes" ....

=INFO REPORT==== 19-Aug-2012::10:23:02 ===
GET / [helpdesk] 200 181ms

=INFO REPORT==== 19-Aug-2012::10:24:15 ===
Loading routes from "/home/simba/hacking/erlang/helpdesk/priv/helpdesk.routes" ....

=INFO REPORT==== 19-Aug-2012::10:24:15 ===
GET /depart/index [helpdesk] 200 177ms

=INFO REPORT==== 19-Aug-2012::10:24:16 ===
Loading routes from "/home/simba/hacking/erlang/helpdesk/priv/helpdesk.routes" ....

=INFO REPORT==== 19-Aug-2012::10:24:17 ===
GET /depart/create [helpdesk] 200 197ms

=INFO REPORT==== 19-Aug-2012::10:24:21 ===
Loading routes from "/home/simba/hacking/erlang/helpdesk/priv/helpdesk.routes" ....

=INFO REPORT==== 19-Aug-2012::10:24:21 ===
GET /depart/show/depart-2 [helpdesk] 200 213ms

=INFO REPORT==== 19-Aug-2012::10:24:24 ===
Loading routes from "/home/simba/hacking/erlang/helpdesk/priv/helpdesk.routes" ....

=INFO REPORT==== 19-Aug-2012::10:24:24 ===
GET /depart/edit/depart-2 [helpdesk] 200 210ms

=INFO REPORT==== 19-Aug-2012::10:24:29 ===
Loading routes from "/home/simba/hacking/erlang/helpdesk/priv/helpdesk.routes" ....

=INFO REPORT==== 19-Aug-2012::10:24:29 ===
GET / [helpdesk] 200 184ms

=INFO REPORT==== 19-Aug-2012::10:25:15 ===
Loading routes from "/home/simba/hacking/erlang/helpdesk/priv/helpdesk.routes" ....

=INFO REPORT==== 19-Aug-2012::10:25:15 ===
GET / [helpdesk] 200 176ms

=INFO REPORT==== 19-Aug-2012::10:25:16 ===
Loading routes from "/home/simba/hacking/erlang/helpdesk/priv/helpdesk.routes" ....

=INFO REPORT==== 19-Aug-2012::10:25:17 ===
GET /depart/index [helpdesk] 200 179ms

=INFO REPORT==== 19-Aug-2012::10:25:18 ===
Loading routes from "/home/simba/hacking/erlang/helpdesk/priv/helpdesk.routes" ....

=INFO REPORT==== 19-Aug-2012::10:25:19 ===
GET /depart/create [helpdesk] 200 181ms

=INFO REPORT==== 19-Aug-2012::10:25:31 ===
Loading routes from "/home/simba/hacking/erlang/helpdesk/priv/helpdesk.routes" ....

=INFO REPORT==== 19-Aug-2012::10:25:31 ===
POST /depart/create [helpdesk] 302 278ms

=INFO REPORT==== 19-Aug-2012::10:25:31 ===
Loading routes from "/home/simba/hacking/erlang/helpdesk/priv/helpdesk.routes" ....

=INFO REPORT==== 19-Aug-2012::10:25:31 ===
GET /depart/index [helpdesk] 200 176ms

=INFO REPORT==== 19-Aug-2012::10:25:34 ===
Loading routes from "/home/simba/hacking/erlang/helpdesk/priv/helpdesk.routes" ....

=INFO REPORT==== 19-Aug-2012::10:25:34 ===
GET /depart/show/depart-7 [helpdesk] 200 184ms

=INFO REPORT==== 19-Aug-2012::10:25:39 ===
Loading routes from "/home/simba/hacking/erlang/helpdesk/priv/helpdesk.routes" ....

=INFO REPORT==== 19-Aug-2012::10:25:39 ===
GET /depart/edit/depart-7 [helpdesk] 200 187ms

=INFO REPORT==== 19-Aug-2012::10:25:41 ===
Loading routes from "/home/simba/hacking/erlang/helpdesk/priv/helpdesk.routes" ....

=INFO REPORT==== 19-Aug-2012::10:25:41 ===
POST /depart/edit/depart-7 [helpdesk] 302 197ms

=INFO REPORT==== 19-Aug-2012::10:25:41 ===
Loading routes from "/home/simba/hacking/erlang/helpdesk/priv/helpdesk.routes" ....

=INFO REPORT==== 19-Aug-2012::10:25:41 ===
GET /depart/index [helpdesk] 200 181ms

=INFO REPORT==== 19-Aug-2012::10:25:47 ===
Loading routes from "/home/simba/hacking/erlang/helpdesk/priv/helpdesk.routes" ....

=INFO REPORT==== 19-Aug-2012::10:25:47 ===
GET /depart/edit/depart-7 [helpdesk] 200 174ms

=INFO REPORT==== 19-Aug-2012::10:26:27 ===
Loading routes from "/home/simba/hacking/erlang/helpdesk/priv/helpdesk.routes" ....

=INFO REPORT==== 19-Aug-2012::10:26:27 ===
POST /depart/edit/depart-7 [helpdesk] 302 197ms

=INFO REPORT==== 19-Aug-2012::10:26:27 ===
Loading routes from "/home/simba/hacking/erlang/helpdesk/priv/helpdesk.routes" ....

=INFO REPORT==== 19-Aug-2012::10:26:28 ===
GET /depart/index [helpdesk] 200 183ms

=INFO REPORT==== 19-Aug-2012::10:26:35 ===
Loading routes from "/home/simba/hacking/erlang/helpdesk/priv/helpdesk.routes" ....

=INFO REPORT==== 19-Aug-2012::10:26:35 ===
GET /depart/delete/depart-7 [helpdesk] 302 235ms

=INFO REPORT==== 19-Aug-2012::10:26:35 ===
Loading routes from "/home/simba/hacking/erlang/helpdesk/priv/helpdesk.routes" ....

=INFO REPORT==== 19-Aug-2012::10:26:35 ===
GET /depart/index [helpdesk] 200 183ms

=INFO REPORT==== 19-Aug-2012::10:26:40 ===
Loading routes from "/home/simba/hacking/erlang/helpdesk/priv/helpdesk.routes" ....

=INFO REPORT==== 19-Aug-2012::10:26:40 ===
GET / [helpdesk] 200 178ms

=INFO REPORT==== 19-Aug-2012::10:26:41 ===
Loading routes from "/home/simba/hacking/erlang/helpdesk/priv/helpdesk.routes" ....

=INFO REPORT==== 19-Aug-2012::10:26:41 ===
GET /depart/index [helpdesk] 200 183ms

=INFO REPORT==== 19-Aug-2012::10:26:47 ===
Loading routes from "/home/simba/hacking/erlang/helpdesk/priv/helpdesk.routes" ....

=INFO REPORT==== 19-Aug-2012::10:26:47 ===
GET / [helpdesk] 200 178ms

=INFO REPORT==== 19-Aug-2012::10:26:51 ===
Loading routes from "/home/simba/hacking/erlang/helpdesk/priv/helpdesk.routes" ....

=INFO REPORT==== 19-Aug-2012::10:26:51 ===
GET /depart/index [helpdesk] 200 185ms

=INFO REPORT==== 19-Aug-2012::11:08:40 ===
Loading routes from "/home/simba/hacking/erlang/helpdesk/priv/helpdesk.routes" ....

=INFO REPORT==== 19-Aug-2012::11:08:41 ===
GET / [helpdesk] 200 176ms

=INFO REPORT==== 19-Aug-2012::11:08:41 ===
Loading routes from "/home/simba/hacking/erlang/helpdesk/priv/helpdesk.routes" ....

=INFO REPORT==== 19-Aug-2012::11:08:42 ===
GET /depart/index [helpdesk] 200 185ms

=INFO REPORT==== 19-Aug-2012::11:08:46 ===
Loading routes from "/home/simba/hacking/erlang/helpdesk/priv/helpdesk.routes" ....

=INFO REPORT==== 19-Aug-2012::11:08:47 ===
GET / [helpdesk] 200 179ms

=INFO REPORT==== 19-Aug-2012::11:08:48 ===
Loading routes from "/home/simba/hacking/erlang/helpdesk/priv/helpdesk.routes" ....

=INFO REPORT==== 19-Aug-2012::11:08:48 ===
GET /depart/index [helpdesk] 200 187ms

=INFO REPORT==== 19-Aug-2012::11:09:09 ===
Loading routes from "/home/simba/hacking/erlang/helpdesk/priv/helpdesk.routes" ....

=INFO REPORT==== 19-Aug-2012::11:09:09 ===
GET / [helpdesk] 200 175ms

=INFO REPORT==== 19-Aug-2012::11:09:09 ===
Loading routes from "/home/simba/hacking/erlang/helpdesk/priv/helpdesk.routes" ....

=INFO REPORT==== 19-Aug-2012::11:09:10 ===
GET /depart/index [helpdesk] 200 182ms

=INFO REPORT==== 19-Aug-2012::11:09:11 ===
Loading routes from "/home/simba/hacking/erlang/helpdesk/priv/helpdesk.routes" ....

=INFO REPORT==== 19-Aug-2012::11:09:11 ===
GET / [helpdesk] 200 178ms

=INFO REPORT==== 19-Aug-2012::11:11:25 ===
Loading routes from "/home/simba/hacking/erlang/helpdesk/priv/helpdesk.routes" ....

=INFO REPORT==== 19-Aug-2012::11:11:25 ===
GET /depart/index [helpdesk] 200 183ms

=INFO REPORT==== 19-Aug-2012::11:11:27 ===
Loading routes from "/home/simba/hacking/erlang/helpdesk/priv/helpdesk.routes" ....

=INFO REPORT==== 19-Aug-2012::11:11:27 ===
GET / [helpdesk] 200 187ms

=INFO REPORT==== 19-Aug-2012::11:11:28 ===
Loading routes from "/home/simba/hacking/erlang/helpdesk/priv/helpdesk.routes" ....

=INFO REPORT==== 19-Aug-2012::11:11:28 ===
GET /depart/index [helpdesk] 200 190ms

=INFO REPORT==== 19-Aug-2012::11:11:28 ===
Loading routes from "/home/simba/hacking/erlang/helpdesk/priv/helpdesk.routes" ....

=INFO REPORT==== 19-Aug-2012::11:11:29 ===
GET / [helpdesk] 200 182ms

=INFO REPORT==== 19-Aug-2012::11:11:29 ===
Loading routes from "/home/simba/hacking/erlang/helpdesk/priv/helpdesk.routes" ....

=INFO REPORT==== 19-Aug-2012::11:11:29 ===
GET /depart/index [helpdesk] 200 187ms

=INFO REPORT==== 19-Aug-2012::11:11:30 ===
Loading routes from "/home/simba/hacking/erlang/helpdesk/priv/helpdesk.routes" ....

=INFO REPORT==== 19-Aug-2012::11:11:30 ===
GET / [helpdesk] 200 181ms

=INFO REPORT==== 19-Aug-2012::11:11:30 ===
Loading routes from "/home/simba/hacking/erlang/helpdesk/priv/helpdesk.routes" ....

=INFO REPORT==== 19-Aug-2012::11:11:30 ===
GET /depart/index [helpdesk] 200 183ms

=INFO REPORT==== 19-Aug-2012::11:11:32 ===
Loading routes from "/home/simba/hacking/erlang/helpdesk/priv/helpdesk.routes" ....

=ERROR REPORT==== 19-Aug-2012::11:11:32 ===
** Generic server <0.70.0> terminating 
** Last message in was {find,{cl_user,"cl_user-3",<<>>,<<"test">>,"qwerty"},
                             [],all,0,id,ascending}
** When Server state == {state,boss_db_adapter_pgsql,<0.71.0>,[],
                               {dict,0,16,16,8,80,48,
                                     {[],[],[],[],[],[],[],[],[],[],[],[],[],
                                      [],[],[]},
                                     {{[],[],[],[],[],[],[],[],[],[],[],[],[],
                                       [],[],[]}}},
                               false,60,db,0}
** Reason for termination == 
** {function_clause,
       [{boss_db_adapter_pgsql,find,
            [<0.71.0>,
             {cl_user,"cl_user-3",<<>>,<<"test">>,"qwerty"},
             [],all,0,id,ascending]},
        {boss_db_controller,handle_call,3},
        {gen_server,handle_msg,5},
        {proc_lib,init_p_do_apply,3}]}

=ERROR REPORT==== 19-Aug-2012::11:11:32 ===
{{function_clause,
     [{boss_db_adapter_pgsql,find,
          [<0.71.0>,
           {cl_user,"cl_user-3",<<>>,<<"test">>,"qwerty"},
           [],all,0,id,ascending]},
      {boss_db_controller,handle_call,3},
      {gen_server,handle_msg,5},
      {proc_lib,init_p_do_apply,3}]},
 {gen_server,call,
     [<0.70.0>,
      {find,
          {cl_user,"cl_user-3",<<>>,<<"test">>,"qwerty"},
          [],all,0,id,ascending},
      30000]}}

=ERROR REPORT==== 19-Aug-2012::11:11:32 ===
GET /depart/show/depart-2 [helpdesk] 500 177ms

=INFO REPORT==== 19-Aug-2012::11:11:38 ===
Loading routes from "/home/simba/hacking/erlang/helpdesk/priv/helpdesk.routes" ....

=INFO REPORT==== 19-Aug-2012::11:11:39 ===
GET /depart/edit/depart-2 [helpdesk] 200 188ms

=INFO REPORT==== 19-Aug-2012::11:11:41 ===
Loading routes from "/home/simba/hacking/erlang/helpdesk/priv/helpdesk.routes" ....

=ERROR REPORT==== 19-Aug-2012::11:11:42 ===
** Generic server <0.1011.0> terminating 
** Last message in was {find,{cl_user,"cl_user-3",<<>>,<<"test">>,"qwerty"},
                             [],all,0,id,ascending}
** When Server state == {state,boss_db_adapter_pgsql,<0.1012.0>,[],
                               {dict,0,16,16,8,80,48,
                                     {[],[],[],[],[],[],[],[],[],[],[],[],[],
                                      [],[],[]},
                                     {{[],[],[],[],[],[],[],[],[],[],[],[],[],
                                       [],[],[]}}},
                               false,60,db,0}
** Reason for termination == 
** {function_clause,
       [{boss_db_adapter_pgsql,find,
            [<0.1012.0>,
             {cl_user,"cl_user-3",<<>>,<<"test">>,"qwerty"},
             [],all,0,id,ascending]},
        {boss_db_controller,handle_call,3},
        {gen_server,handle_msg,5},
        {proc_lib,init_p_do_apply,3}]}

=ERROR REPORT==== 19-Aug-2012::11:11:42 ===
{{function_clause,
     [{boss_db_adapter_pgsql,find,
          [<0.1012.0>,
           {cl_user,"cl_user-3",<<>>,<<"test">>,"qwerty"},
           [],all,0,id,ascending]},
      {boss_db_controller,handle_call,3},
      {gen_server,handle_msg,5},
      {proc_lib,init_p_do_apply,3}]},
 {gen_server,call,
     [<0.1011.0>,
      {find,
          {cl_user,"cl_user-3",<<>>,<<"test">>,"qwerty"},
          [],all,0,id,ascending},
      30000]}}

=ERROR REPORT==== 19-Aug-2012::11:11:42 ===
GET /depart/show/depart-2 [helpdesk] 500 180ms

=INFO REPORT==== 19-Aug-2012::11:13:03 ===
Loading routes from "/home/simba/hacking/erlang/helpdesk/priv/helpdesk.routes" ....

=ERROR REPORT==== 19-Aug-2012::11:13:04 ===
** Generic server <0.79.0> terminating 
** Last message in was {find,{cl_user,"cl_user-3",<<>>,<<"test">>,"qwerty"},
                             [],all,0,id,ascending}
** When Server state == {state,boss_db_adapter_pgsql,<0.80.0>,[],
                               {dict,0,16,16,8,80,48,
                                     {[],[],[],[],[],[],[],[],[],[],[],[],[],
                                      [],[],[]},
                                     {{[],[],[],[],[],[],[],[],[],[],[],[],[],
                                       [],[],[]}}},
                               false,60,db,0}
** Reason for termination == 
** {function_clause,
       [{boss_db_adapter_pgsql,find,
            [<0.80.0>,
             {cl_user,"cl_user-3",<<>>,<<"test">>,"qwerty"},
             [],all,0,id,ascending]},
        {boss_db_controller,handle_call,3},
        {gen_server,handle_msg,5},
        {proc_lib,init_p_do_apply,3}]}

=ERROR REPORT==== 19-Aug-2012::11:13:04 ===
{{function_clause,
     [{boss_db_adapter_pgsql,find,
          [<0.80.0>,
           {cl_user,"cl_user-3",<<>>,<<"test">>,"qwerty"},
           [],all,0,id,ascending]},
      {boss_db_controller,handle_call,3},
      {gen_server,handle_msg,5},
      {proc_lib,init_p_do_apply,3}]},
 {gen_server,call,
     [<0.79.0>,
      {find,
          {cl_user,"cl_user-3",<<>>,<<"test">>,"qwerty"},
          [],all,0,id,ascending},
      30000]}}

=ERROR REPORT==== 19-Aug-2012::11:13:04 ===
GET /depart/show/depart-2 [helpdesk] 500 176ms

=INFO REPORT==== 19-Aug-2012::11:13:07 ===
Loading routes from "/home/simba/hacking/erlang/helpdesk/priv/helpdesk.routes" ....

=INFO REPORT==== 19-Aug-2012::11:13:07 ===
GET /depart/edit/depart-2 [helpdesk] 200 188ms

=INFO REPORT==== 19-Aug-2012::11:13:08 ===
Loading routes from "/home/simba/hacking/erlang/helpdesk/priv/helpdesk.routes" ....

=INFO REPORT==== 19-Aug-2012::11:13:08 ===
POST /depart/edit/depart-2 [helpdesk] 302 203ms

=INFO REPORT==== 19-Aug-2012::11:13:08 ===
Loading routes from "/home/simba/hacking/erlang/helpdesk/priv/helpdesk.routes" ....

=INFO REPORT==== 19-Aug-2012::11:13:09 ===
GET /depart/index [helpdesk] 200 189ms

=INFO REPORT==== 19-Aug-2012::11:13:54 ===
Loading routes from "/home/simba/hacking/erlang/helpdesk/priv/helpdesk.routes" ....

=ERROR REPORT==== 19-Aug-2012::11:13:54 ===
{undef,[{unbound_var,'ClUser',[]},
        {erlydtl_filters,format_number,1},
        {boss_html_error_template,'-render_internal/4-fun-0-',2},
        {lists,mapfoldl,3},
        {erlydtl_runtime,forloop,3},
        {boss_html_error_template,'-render_internal/4-fun-2-',2},
        {lists,mapfoldl,3},
        {erlydtl_runtime,forloop,3}]}

=ERROR REPORT==== 19-Aug-2012::11:13:54 ===
GET /depart/show/depart-2 [helpdesk] 500 88ms

=INFO REPORT==== 19-Aug-2012::11:14:43 ===
Loading routes from "/home/simba/hacking/erlang/helpdesk/priv/helpdesk.routes" ....

=INFO REPORT==== 19-Aug-2012::11:14:43 ===
GET /depart/show/depart-2 [helpdesk] 200 185ms

=INFO REPORT==== 19-Aug-2012::11:14:49 ===
Loading routes from "/home/simba/hacking/erlang/helpdesk/priv/helpdesk.routes" ....

=INFO REPORT==== 19-Aug-2012::11:14:50 ===
GET /depart/index [helpdesk] 200 198ms

=INFO REPORT==== 19-Aug-2012::11:14:51 ===
Loading routes from "/home/simba/hacking/erlang/helpdesk/priv/helpdesk.routes" ....

=INFO REPORT==== 19-Aug-2012::11:14:51 ===
GET / [helpdesk] 200 184ms

=INFO REPORT==== 19-Aug-2012::11:14:51 ===
Loading routes from "/home/simba/hacking/erlang/helpdesk/priv/helpdesk.routes" ....

=INFO REPORT==== 19-Aug-2012::11:14:52 ===
GET /about [helpdesk] 200 184ms

=INFO REPORT==== 19-Aug-2012::11:14:54 ===
Loading routes from "/home/simba/hacking/erlang/helpdesk/priv/helpdesk.routes" ....

=INFO REPORT==== 19-Aug-2012::11:14:54 ===
GET /depart/index [helpdesk] 200 200ms

=INFO REPORT==== 19-Aug-2012::11:14:54 ===
Loading routes from "/home/simba/hacking/erlang/helpdesk/priv/helpdesk.routes" ....

=INFO REPORT==== 19-Aug-2012::11:14:54 ===
GET / [helpdesk] 200 193ms

=INFO REPORT==== 19-Aug-2012::11:14:58 ===
Loading routes from "/home/simba/hacking/erlang/helpdesk/priv/helpdesk.routes" ....

=INFO REPORT==== 19-Aug-2012::11:14:58 ===
GET /user/logout [helpdesk] 302 175ms

=INFO REPORT==== 19-Aug-2012::11:14:58 ===
Loading routes from "/home/simba/hacking/erlang/helpdesk/priv/helpdesk.routes" ....

=INFO REPORT==== 19-Aug-2012::11:14:58 ===
GET / [helpdesk] 200 181ms

=INFO REPORT==== 19-Aug-2012::11:15:01 ===
Loading routes from "/home/simba/hacking/erlang/helpdesk/priv/helpdesk.routes" ....

=INFO REPORT==== 19-Aug-2012::11:15:01 ===
GET /user/login [helpdesk] 200 188ms

=INFO REPORT==== 19-Aug-2012::11:15:17 ===
Loading routes from "/home/simba/hacking/erlang/helpdesk/priv/helpdesk.routes" ....

=INFO REPORT==== 19-Aug-2012::11:15:17 ===
POST /user/login [helpdesk] 302 180ms

=INFO REPORT==== 19-Aug-2012::11:15:17 ===
Loading routes from "/home/simba/hacking/erlang/helpdesk/priv/helpdesk.routes" ....

=INFO REPORT==== 19-Aug-2012::11:15:17 ===
GET / [helpdesk] 200 179ms

=INFO REPORT==== 19-Aug-2012::11:15:22 ===
Loading routes from "/home/simba/hacking/erlang/helpdesk/priv/helpdesk.routes" ....

=INFO REPORT==== 19-Aug-2012::11:15:22 ===
GET /depart/index [helpdesk] 200 189ms

=INFO REPORT==== 19-Aug-2012::11:15:23 ===
Loading routes from "/home/simba/hacking/erlang/helpdesk/priv/helpdesk.routes" ....

=INFO REPORT==== 19-Aug-2012::11:15:24 ===
GET /depart/show/depart-2 [helpdesk] 200 191ms

=INFO REPORT==== 19-Aug-2012::11:15:26 ===
Loading routes from "/home/simba/hacking/erlang/helpdesk/priv/helpdesk.routes" ....

=INFO REPORT==== 19-Aug-2012::11:15:27 ===
GET /depart/edit/depart-2 [helpdesk] 200 195ms

=INFO REPORT==== 19-Aug-2012::11:15:29 ===
Loading routes from "/home/simba/hacking/erlang/helpdesk/priv/helpdesk.routes" ....

=INFO REPORT==== 19-Aug-2012::11:15:29 ===
GET / [helpdesk] 200 191ms

=INFO REPORT==== 19-Aug-2012::11:15:32 ===
Loading routes from "/home/simba/hacking/erlang/helpdesk/priv/helpdesk.routes" ....

=INFO REPORT==== 19-Aug-2012::11:15:32 ===
GET /about [helpdesk] 200 188ms

=INFO REPORT==== 19-Aug-2012::12:44:21 ===
Loading routes from "/home/simba/hacking/erlang/helpdesk/priv/helpdesk.routes" ....

=INFO REPORT==== 19-Aug-2012::12:44:21 ===
GET / [helpdesk] 200 194ms

=INFO REPORT==== 19-Aug-2012::12:44:22 ===
Loading routes from "/home/simba/hacking/erlang/helpdesk/priv/helpdesk.routes" ....

=INFO REPORT==== 19-Aug-2012::12:44:23 ===
GET /about [helpdesk] 200 235ms

=INFO REPORT==== 19-Aug-2012::12:45:02 ===
Loading routes from "/home/simba/hacking/erlang/helpdesk/priv/helpdesk.routes" ....

=INFO REPORT==== 19-Aug-2012::12:45:02 ===
GET /about [helpdesk] 200 229ms

=INFO REPORT==== 19-Aug-2012::12:45:04 ===
Loading routes from "/home/simba/hacking/erlang/helpdesk/priv/helpdesk.routes" ....

=INFO REPORT==== 19-Aug-2012::12:45:04 ===
GET /main/targetplan [helpdesk] 200 230ms

=INFO REPORT==== 19-Aug-2012::12:45:09 ===
Loading routes from "/home/simba/hacking/erlang/helpdesk/priv/helpdesk.routes" ....

=INFO REPORT==== 19-Aug-2012::12:45:10 ===
GET /about [helpdesk] 200 204ms

=INFO REPORT==== 19-Aug-2012::12:45:13 ===
Loading routes from "/home/simba/hacking/erlang/helpdesk/priv/helpdesk.routes" ....

=INFO REPORT==== 19-Aug-2012::12:45:13 ===
GET /main/targetplan [helpdesk] 200 199ms

=INFO REPORT==== 19-Aug-2012::12:47:15 ===
Loading routes from "/home/simba/hacking/erlang/helpdesk/priv/helpdesk.routes" ....

=INFO REPORT==== 19-Aug-2012::12:47:16 ===
GET /about [helpdesk] 200 225ms

=INFO REPORT==== 19-Aug-2012::12:47:17 ===
Loading routes from "/home/simba/hacking/erlang/helpdesk/priv/helpdesk.routes" ....

=INFO REPORT==== 19-Aug-2012::12:47:17 ===
GET /main/targetplan [helpdesk] 200 192ms

=INFO REPORT==== 19-Aug-2012::12:47:25 ===
Loading routes from "/home/simba/hacking/erlang/helpdesk/priv/helpdesk.routes" ....

=INFO REPORT==== 19-Aug-2012::12:47:26 ===
GET /about [helpdesk] 200 201ms

=INFO REPORT==== 19-Aug-2012::12:47:27 ===
Loading routes from "/home/simba/hacking/erlang/helpdesk/priv/helpdesk.routes" ....

=INFO REPORT==== 19-Aug-2012::12:47:27 ===
GET /main/targetplan [helpdesk] 200 198ms

=INFO REPORT==== 19-Aug-2012::12:47:31 ===
Loading routes from "/home/simba/hacking/erlang/helpdesk/priv/helpdesk.routes" ....

=INFO REPORT==== 19-Aug-2012::12:47:31 ===
GET /about [helpdesk] 200 202ms

=INFO REPORT==== 19-Aug-2012::12:47:33 ===
Loading routes from "/home/simba/hacking/erlang/helpdesk/priv/helpdesk.routes" ....

=INFO REPORT==== 19-Aug-2012::12:47:33 ===
GET /about [helpdesk] 200 212ms

=INFO REPORT==== 19-Aug-2012::12:47:35 ===
Loading routes from "/home/simba/hacking/erlang/helpdesk/priv/helpdesk.routes" ....

=INFO REPORT==== 19-Aug-2012::12:47:35 ===
GET /main/targetplan [helpdesk] 200 202ms

=INFO REPORT==== 19-Aug-2012::12:47:42 ===
Loading routes from "/home/simba/hacking/erlang/helpdesk/priv/helpdesk.routes" ....

=INFO REPORT==== 19-Aug-2012::12:47:42 ===
GET /about [helpdesk] 200 204ms

=INFO REPORT==== 19-Aug-2012::13:10:43 ===
Loading routes from "/home/simba/hacking/erlang/helpdesk/priv/helpdesk.routes" ....

=INFO REPORT==== 19-Aug-2012::13:10:43 ===
GET / [helpdesk] 200 255ms

=INFO REPORT==== 19-Aug-2012::13:10:44 ===
Loading routes from "/home/simba/hacking/erlang/helpdesk/priv/helpdesk.routes" ....

=INFO REPORT==== 19-Aug-2012::13:10:44 ===
GET /depart/request [helpdesk] 200 454ms

=INFO REPORT==== 19-Aug-2012::13:10:49 ===
Loading routes from "/home/simba/hacking/erlang/helpdesk/priv/helpdesk.routes" ....

=INFO REPORT==== 19-Aug-2012::13:10:49 ===
GET /about [helpdesk] 200 251ms

=INFO REPORT==== 19-Aug-2012::13:11:21 ===
Loading routes from "/home/simba/hacking/erlang/helpdesk/priv/helpdesk.routes" ....

=INFO REPORT==== 19-Aug-2012::13:11:21 ===
GET /depart/request [helpdesk] 200 449ms

=INFO REPORT==== 19-Aug-2012::13:11:23 ===
Loading routes from "/home/simba/hacking/erlang/helpdesk/priv/helpdesk.routes" ....

=INFO REPORT==== 19-Aug-2012::13:11:23 ===
GET / [helpdesk] 200 255ms

=INFO REPORT==== 19-Aug-2012::13:11:24 ===
Loading routes from "/home/simba/hacking/erlang/helpdesk/priv/helpdesk.routes" ....

=ERROR REPORT==== 19-Aug-2012::13:11:24 ===
{undef,
    [{user_lib,check_user,
         [{simple_bridge_request_wrapper,mochiweb_request_bridge,
              {mochiweb_request,#Port<0.18034>,'GET',"/request/index",
                  {1,1},
                  {8,
                   {"host",
                    {'Host',"localhost:8001"},
                    {"accept",
                     {'Accept',
                         "text/html,application/xhtml+xml,application/xml;q=0.9,*/*;q=0.8"},
                     nil,
                     {"accept-language",
                      {'Accept-Language',
                          "ru-ru,ru;q=0.8,en-us;q=0.5,en;q=0.3"},
                      {"accept-encoding",
                       {'Accept-Encoding',"gzip, deflate"},
                       nil,nil},
                      {"connection",
                       {'Connection',"keep-alive"},
                       nil,
                       {"cookie",
                        {'Cookie',
                            "_boss_session=367717006c969effdab64950570eb286d0edaad4; cl_user_id=cl_user-2; session_id=fbdbf3718d0beefbc3b7abfcbb991b18"},
                        nil,nil}}}},
                    {"user-agent",
                     {'User-Agent',
                         "Mozilla/5.0 (X11; Ubuntu; Linux x86_64; rv:14.0) Gecko/20100101 Firefox/14.0.1"},
                     {"referer",{'Referer',"http://localhost:8001/"},nil,nil},
                     nil}}}},
              false,[],[],none}]},
     {boss_web_controller,execute_action,5},
     {boss_web_controller,process_request,5},
     {timer,tc,3},
     {boss_web_controller,handle_request,3},
     {mochiweb_http,headers,5},
     {proc_lib,init_p_do_apply,3}]}

=ERROR REPORT==== 19-Aug-2012::13:11:24 ===
GET /request/index [helpdesk] 500 211ms

=INFO REPORT==== 19-Aug-2012::13:11:42 ===
Loading routes from "/home/simba/hacking/erlang/helpdesk/priv/helpdesk.routes" ....

=ERROR REPORT==== 19-Aug-2012::13:11:42 ===
{undef,
    [{user_lib,check_user,
         [{simple_bridge_request_wrapper,mochiweb_request_bridge,
              {mochiweb_request,#Port<0.18034>,'GET',"/request/index",
                  {1,1},
                  {8,
                   {"host",
                    {'Host',"localhost:8001"},
                    {"accept",
                     {'Accept',
                         "text/html,application/xhtml+xml,application/xml;q=0.9,*/*;q=0.8"},
                     nil,
                     {"accept-language",
                      {'Accept-Language',
                          "ru-ru,ru;q=0.8,en-us;q=0.5,en;q=0.3"},
                      {"accept-encoding",
                       {'Accept-Encoding',"gzip, deflate"},
                       nil,nil},
                      {"connection",
                       {'Connection',"keep-alive"},
                       nil,
                       {"cookie",
                        {'Cookie',
                            "_boss_session=367717006c969effdab64950570eb286d0edaad4; cl_user_id=cl_user-2; session_id=fbdbf3718d0beefbc3b7abfcbb991b18"},
                        nil,nil}}}},
                    {"user-agent",
                     {'User-Agent',
                         "Mozilla/5.0 (X11; Ubuntu; Linux x86_64; rv:14.0) Gecko/20100101 Firefox/14.0.1"},
                     {"referer",{'Referer',"http://localhost:8001/"},nil,nil},
                     nil}}}},
              false,[],[],none}]},
     {boss_web_controller,execute_action,5},
     {boss_web_controller,process_request,5},
     {timer,tc,3},
     {boss_web_controller,handle_request,3},
     {mochiweb_http,headers,5},
     {proc_lib,init_p_do_apply,3}]}

=ERROR REPORT==== 19-Aug-2012::13:11:42 ===
GET /request/index [helpdesk] 500 214ms

=INFO REPORT==== 19-Aug-2012::13:59:07 ===
Loading routes from "/home/simba/hacking/erlang/helpdesk/priv/helpdesk.routes" ....

=ERROR REPORT==== 19-Aug-2012::13:59:07 ===
{undef,
    [{user_lib,check_user,
         [{simple_bridge_request_wrapper,mochiweb_request_bridge,
              {mochiweb_request,#Port<0.18401>,'GET',"/request/index",
                  {1,1},
                  {9,
                   {"host",
                    {'Host',"localhost:8001"},
                    {"accept",
                     {'Accept',
                         "text/html,application/xhtml+xml,application/xml;q=0.9,*/*;q=0.8"},
                     nil,
                     {"accept-language",
                      {'Accept-Language',
                          "ru-ru,ru;q=0.8,en-us;q=0.5,en;q=0.3"},
                      {"accept-encoding",
                       {'Accept-Encoding',"gzip, deflate"},
                       nil,nil},
                      {"connection",
                       {'Connection',"keep-alive"},
                       {"cache-control",{'Cache-Control',"max-age=0"},nil,nil},
                       {"cookie",
                        {'Cookie',
                            "_boss_session=367717006c969effdab64950570eb286d0edaad4; cl_user_id=cl_user-2; session_id=fbdbf3718d0beefbc3b7abfcbb991b18"},
                        nil,nil}}}},
                    {"user-agent",
                     {'User-Agent',
                         "Mozilla/5.0 (X11; Ubuntu; Linux x86_64; rv:14.0) Gecko/20100101 Firefox/14.0.1"},
                     {"referer",{'Referer',"http://localhost:8001/"},nil,nil},
                     nil}}}},
              false,[],[],none}]},
     {boss_web_controller,execute_action,5},
     {boss_web_controller,process_request,5},
     {timer,tc,3},
     {boss_web_controller,handle_request,3},
     {mochiweb_http,headers,5},
     {proc_lib,init_p_do_apply,3}]}

=ERROR REPORT==== 19-Aug-2012::13:59:07 ===
GET /request/index [helpdesk] 500 214ms

=INFO REPORT==== 19-Aug-2012::13:59:08 ===
Loading routes from "/home/simba/hacking/erlang/helpdesk/priv/helpdesk.routes" ....

=ERROR REPORT==== 19-Aug-2012::13:59:08 ===
{undef,
    [{user_lib,check_user,
         [{simple_bridge_request_wrapper,mochiweb_request_bridge,
              {mochiweb_request,#Port<0.18401>,'GET',"/request/index",
                  {1,1},
                  {9,
                   {"host",
                    {'Host',"localhost:8001"},
                    {"accept",
                     {'Accept',
                         "text/html,application/xhtml+xml,application/xml;q=0.9,*/*;q=0.8"},
                     nil,
                     {"accept-language",
                      {'Accept-Language',
                          "ru-ru,ru;q=0.8,en-us;q=0.5,en;q=0.3"},
                      {"accept-encoding",
                       {'Accept-Encoding',"gzip, deflate"},
                       nil,nil},
                      {"connection",
                       {'Connection',"keep-alive"},
                       {"cache-control",{'Cache-Control',"max-age=0"},nil,nil},
                       {"cookie",
                        {'Cookie',
                            "_boss_session=367717006c969effdab64950570eb286d0edaad4; cl_user_id=cl_user-2; session_id=fbdbf3718d0beefbc3b7abfcbb991b18"},
                        nil,nil}}}},
                    {"user-agent",
                     {'User-Agent',
                         "Mozilla/5.0 (X11; Ubuntu; Linux x86_64; rv:14.0) Gecko/20100101 Firefox/14.0.1"},
                     {"referer",{'Referer',"http://localhost:8001/"},nil,nil},
                     nil}}}},
              false,[],[],none}]},
     {boss_web_controller,execute_action,5},
     {boss_web_controller,process_request,5},
     {timer,tc,3},
     {boss_web_controller,handle_request,3},
     {mochiweb_http,headers,5},
     {proc_lib,init_p_do_apply,3}]}

=ERROR REPORT==== 19-Aug-2012::13:59:08 ===
GET /request/index [helpdesk] 500 211ms

=INFO REPORT==== 19-Aug-2012::13:59:12 ===
Loading routes from "/home/simba/hacking/erlang/helpdesk/priv/helpdesk.routes" ....

=ERROR REPORT==== 19-Aug-2012::13:59:12 ===
{undef,
    [{user_lib,check_user,
         [{simple_bridge_request_wrapper,mochiweb_request_bridge,
              {mochiweb_request,#Port<0.18401>,'GET',"/request/index",
                  {1,1},
                  {8,
                   {"host",
                    {'Host',"localhost:8001"},
                    {"accept",
                     {'Accept',
                         "text/html,application/xhtml+xml,application/xml;q=0.9,*/*;q=0.8"},
                     nil,
                     {"accept-language",
                      {'Accept-Language',
                          "ru-ru,ru;q=0.8,en-us;q=0.5,en;q=0.3"},
                      {"accept-encoding",
                       {'Accept-Encoding',"gzip, deflate"},
                       nil,nil},
                      {"connection",
                       {'Connection',"keep-alive"},
                       nil,
                       {"cookie",
                        {'Cookie',
                            "_boss_session=367717006c969effdab64950570eb286d0edaad4; cl_user_id=cl_user-2; session_id=fbdbf3718d0beefbc3b7abfcbb991b18"},
                        nil,nil}}}},
                    {"user-agent",
                     {'User-Agent',
                         "Mozilla/5.0 (X11; Ubuntu; Linux x86_64; rv:14.0) Gecko/20100101 Firefox/14.0.1"},
                     {"referer",{'Referer',"http://localhost:8001/"},nil,nil},
                     nil}}}},
              false,[],[],none}]},
     {boss_web_controller,execute_action,5},
     {boss_web_controller,process_request,5},
     {timer,tc,3},
     {boss_web_controller,handle_request,3},
     {mochiweb_http,headers,5},
     {proc_lib,init_p_do_apply,3}]}

=ERROR REPORT==== 19-Aug-2012::13:59:12 ===
GET /request/index [helpdesk] 500 205ms

=INFO REPORT==== 19-Aug-2012::14:00:09 ===
Loading routes from "/home/simba/hacking/erlang/helpdesk/priv/helpdesk.routes" ....

=ERROR REPORT==== 19-Aug-2012::14:00:09 ===
{undef,
    [{user_lib,check_user,
         [{simple_bridge_request_wrapper,mochiweb_request_bridge,
              {mochiweb_request,#Port<0.18401>,'GET',"/request/show",
                  {1,1},
                  {7,
                   {"host",
                    {'Host',"localhost:8001"},
                    {"accept",
                     {'Accept',
                         "text/html,application/xhtml+xml,application/xml;q=0.9,*/*;q=0.8"},
                     nil,
                     {"accept-language",
                      {'Accept-Language',
                          "ru-ru,ru;q=0.8,en-us;q=0.5,en;q=0.3"},
                      {"accept-encoding",
                       {'Accept-Encoding',"gzip, deflate"},
                       nil,nil},
                      {"connection",
                       {'Connection',"keep-alive"},
                       nil,
                       {"cookie",
                        {'Cookie',
                            "_boss_session=367717006c969effdab64950570eb286d0edaad4; cl_user_id=cl_user-2; session_id=fbdbf3718d0beefbc3b7abfcbb991b18"},
                        nil,nil}}}},
                    {"user-agent",
                     {'User-Agent',
                         "Mozilla/5.0 (X11; Ubuntu; Linux x86_64; rv:14.0) Gecko/20100101 Firefox/14.0.1"},
                     nil,nil}}}},
              false,[],[],none}]},
     {boss_web_controller,execute_action,5},
     {boss_web_controller,process_request,5},
     {timer,tc,3},
     {boss_web_controller,handle_request,3},
     {mochiweb_http,headers,5},
     {proc_lib,init_p_do_apply,3}]}

=ERROR REPORT==== 19-Aug-2012::14:00:09 ===
GET /request/show [helpdesk] 500 212ms

=INFO REPORT==== 19-Aug-2012::14:00:41 ===
Loading routes from "/home/simba/hacking/erlang/helpdesk/priv/helpdesk.routes" ....

=ERROR REPORT==== 19-Aug-2012::14:00:42 ===
{undef,
    [{user_lib,check_user,
         [{simple_bridge_request_wrapper,mochiweb_request_bridge,
              {mochiweb_request,#Port<0.18401>,'GET',"/request/index",
                  {1,1},
                  {8,
                   {"host",
                    {'Host',"localhost:8001"},
                    {"accept",
                     {'Accept',
                         "text/html,application/xhtml+xml,application/xml;q=0.9,*/*;q=0.8"},
                     nil,
                     {"accept-language",
                      {'Accept-Language',
                          "ru-ru,ru;q=0.8,en-us;q=0.5,en;q=0.3"},
                      {"accept-encoding",
                       {'Accept-Encoding',"gzip, deflate"},
                       nil,nil},
                      {"connection",
                       {'Connection',"keep-alive"},
                       nil,
                       {"cookie",
                        {'Cookie',
                            "_boss_session=367717006c969effdab64950570eb286d0edaad4; cl_user_id=cl_user-2; session_id=fbdbf3718d0beefbc3b7abfcbb991b18"},
                        nil,nil}}}},
                    {"user-agent",
                     {'User-Agent',
                         "Mozilla/5.0 (X11; Ubuntu; Linux x86_64; rv:14.0) Gecko/20100101 Firefox/14.0.1"},
                     {"referer",{'Referer',"http://localhost:8001/"},nil,nil},
                     nil}}}},
              false,[],[],none}]},
     {boss_web_controller,execute_action,5},
     {boss_web_controller,process_request,5},
     {timer,tc,3},
     {boss_web_controller,handle_request,3},
     {mochiweb_http,headers,5},
     {proc_lib,init_p_do_apply,3}]}

=ERROR REPORT==== 19-Aug-2012::14:00:42 ===
GET /request/index [helpdesk] 500 211ms

=INFO REPORT==== 19-Aug-2012::14:07:44 ===
Loading routes from "/home/simba/hacking/erlang/helpdesk/priv/helpdesk.routes" ....

=INFO REPORT==== 19-Aug-2012::14:07:44 ===
GET /request/index [helpdesk] 200 84ms

=INFO REPORT==== 19-Aug-2012::14:08:04 ===
Loading routes from "/home/simba/hacking/erlang/helpdesk/priv/helpdesk.routes" ....

=INFO REPORT==== 19-Aug-2012::14:08:04 ===
GET /request/index [helpdesk] 200 322ms

=INFO REPORT==== 19-Aug-2012::14:08:05 ===
Loading routes from "/home/simba/hacking/erlang/helpdesk/priv/helpdesk.routes" ....

=INFO REPORT==== 19-Aug-2012::14:08:06 ===
GET /request/create [helpdesk] 200 285ms

=INFO REPORT==== 19-Aug-2012::14:08:25 ===
Loading routes from "/home/simba/hacking/erlang/helpdesk/priv/helpdesk.routes" ....

=INFO REPORT==== 19-Aug-2012::14:08:25 ===
GET /request/index [helpdesk] 200 220ms

=INFO REPORT==== 19-Aug-2012::14:08:29 ===
Loading routes from "/home/simba/hacking/erlang/helpdesk/priv/helpdesk.routes" ....

=ERROR REPORT==== 19-Aug-2012::14:08:29 ===
{function_clause,[{erlydtl_runtime,init_counter_stats,
                                   [{error,{module_not_loaded,person}},
                                    undefined]},
                  {helpdesk_view_request_show_html,render_internal,4},
                  {helpdesk_view_request_show_html,render,2},
                  {boss_web_controller,render_view,6},
                  {boss_web_controller,execute_action,5},
                  {boss_web_controller,process_request,5},
                  {timer,tc,3},
                  {boss_web_controller,handle_request,3}]}

=ERROR REPORT==== 19-Aug-2012::14:08:29 ===
GET /request/show/request-3 [helpdesk] 500 308ms

=INFO REPORT==== 19-Aug-2012::14:08:32 ===
Loading routes from "/home/simba/hacking/erlang/helpdesk/priv/helpdesk.routes" ....

=INFO REPORT==== 19-Aug-2012::14:08:32 ===
GET /request/edit/request-3 [helpdesk] 200 295ms

=INFO REPORT==== 19-Aug-2012::14:08:40 ===
Loading routes from "/home/simba/hacking/erlang/helpdesk/priv/helpdesk.routes" ....

=INFO REPORT==== 19-Aug-2012::14:08:40 ===
GET /request/create [helpdesk] 200 223ms

=INFO REPORT==== 19-Aug-2012::14:08:51 ===
Loading routes from "/home/simba/hacking/erlang/helpdesk/priv/helpdesk.routes" ....

=INFO REPORT==== 19-Aug-2012::14:08:51 ===
GET /request/index [helpdesk] 200 233ms

=INFO REPORT==== 19-Aug-2012::14:10:15 ===
Loading routes from "/home/simba/hacking/erlang/helpdesk/priv/helpdesk.routes" ....

=INFO REPORT==== 19-Aug-2012::14:10:15 ===
GET /request/index [helpdesk] 200 231ms

=INFO REPORT==== 19-Aug-2012::14:10:17 ===
Loading routes from "/home/simba/hacking/erlang/helpdesk/priv/helpdesk.routes" ....

=INFO REPORT==== 19-Aug-2012::14:10:17 ===
GET /request/create [helpdesk] 200 226ms

=INFO REPORT==== 19-Aug-2012::14:10:19 ===
Loading routes from "/home/simba/hacking/erlang/helpdesk/priv/helpdesk.routes" ....

=INFO REPORT==== 19-Aug-2012::14:10:19 ===
GET /request/index [helpdesk] 200 228ms

=INFO REPORT==== 19-Aug-2012::14:10:20 ===
Loading routes from "/home/simba/hacking/erlang/helpdesk/priv/helpdesk.routes" ....

=ERROR REPORT==== 19-Aug-2012::14:10:20 ===
{function_clause,[{erlydtl_runtime,init_counter_stats,
                                   [{error,{module_not_loaded,person}},
                                    undefined]},
                  {helpdesk_view_request_show_html,render_internal,4},
                  {helpdesk_view_request_show_html,render,2},
                  {boss_web_controller,render_view,6},
                  {boss_web_controller,execute_action,5},
                  {boss_web_controller,process_request,5},
                  {timer,tc,3},
                  {boss_web_controller,handle_request,3}]}

=ERROR REPORT==== 19-Aug-2012::14:10:20 ===
GET /request/show/request-3 [helpdesk] 500 226ms

=INFO REPORT==== 19-Aug-2012::14:10:23 ===
Loading routes from "/home/simba/hacking/erlang/helpdesk/priv/helpdesk.routes" ....

=INFO REPORT==== 19-Aug-2012::14:10:23 ===
GET /request/edit/request-3 [helpdesk] 200 220ms

=INFO REPORT==== 19-Aug-2012::14:10:26 ===
Loading routes from "/home/simba/hacking/erlang/helpdesk/priv/helpdesk.routes" ....

=INFO REPORT==== 19-Aug-2012::14:10:27 ===
GET /request/delete/request-3 [helpdesk] 302 244ms

=INFO REPORT==== 19-Aug-2012::14:10:27 ===
Loading routes from "/home/simba/hacking/erlang/helpdesk/priv/helpdesk.routes" ....

=INFO REPORT==== 19-Aug-2012::14:10:27 ===
GET /request/index [helpdesk] 200 225ms

=INFO REPORT==== 19-Aug-2012::14:10:28 ===
Loading routes from "/home/simba/hacking/erlang/helpdesk/priv/helpdesk.routes" ....

=INFO REPORT==== 19-Aug-2012::14:10:28 ===
GET /request/create [helpdesk] 200 223ms

=INFO REPORT==== 19-Aug-2012::14:10:29 ===
Loading routes from "/home/simba/hacking/erlang/helpdesk/priv/helpdesk.routes" ....

=ERROR REPORT==== 19-Aug-2012::14:10:30 ===
{undef,[{request,new,
                 [id,"depart-2","3 -",[],[],"cl_user-2",
                  {{2012,8,19},{14,10,30}},
                  {{2012,8,19},{14,10,30}}]},
        {helpdesk_request_controller,create,4},
        {boss_web_controller,execute_action,5},
        {boss_web_controller,process_request,5},
        {timer,tc,3},
        {boss_web_controller,handle_request,3},
        {mochiweb_http,headers,5},
        {proc_lib,init_p_do_apply,3}]}

=ERROR REPORT==== 19-Aug-2012::14:10:30 ===
POST /request/create [helpdesk] 500 215ms

=INFO REPORT==== 19-Aug-2012::14:10:33 ===
Loading routes from "/home/simba/hacking/erlang/helpdesk/priv/helpdesk.routes" ....

=INFO REPORT==== 19-Aug-2012::14:10:33 ===
GET /request/index [helpdesk] 200 226ms

=INFO REPORT==== 19-Aug-2012::14:10:34 ===
Loading routes from "/home/simba/hacking/erlang/helpdesk/priv/helpdesk.routes" ....

=INFO REPORT==== 19-Aug-2012::14:10:34 ===
GET /depart/index [helpdesk] 200 301ms

=INFO REPORT==== 19-Aug-2012::14:10:35 ===
Loading routes from "/home/simba/hacking/erlang/helpdesk/priv/helpdesk.routes" ....

=INFO REPORT==== 19-Aug-2012::14:10:35 ===
GET /depart/create [helpdesk] 200 247ms

=INFO REPORT==== 19-Aug-2012::14:11:01 ===
Loading routes from "/home/simba/hacking/erlang/helpdesk/priv/helpdesk.routes" ....

=INFO REPORT==== 19-Aug-2012::14:11:01 ===
POST /depart/create [helpdesk] 302 232ms

=INFO REPORT==== 19-Aug-2012::14:11:01 ===
Loading routes from "/home/simba/hacking/erlang/helpdesk/priv/helpdesk.routes" ....

=INFO REPORT==== 19-Aug-2012::14:11:01 ===
GET /depart/index [helpdesk] 200 227ms

=INFO REPORT==== 19-Aug-2012::14:11:04 ===
Loading routes from "/home/simba/hacking/erlang/helpdesk/priv/helpdesk.routes" ....

=INFO REPORT==== 19-Aug-2012::14:11:04 ===
GET /depart/create [helpdesk] 200 232ms

=INFO REPORT==== 19-Aug-2012::14:11:27 ===
Loading routes from "/home/simba/hacking/erlang/helpdesk/priv/helpdesk.routes" ....

=INFO REPORT==== 19-Aug-2012::14:11:27 ===
POST /depart/create [helpdesk] 302 242ms

=INFO REPORT==== 19-Aug-2012::14:11:27 ===
Loading routes from "/home/simba/hacking/erlang/helpdesk/priv/helpdesk.routes" ....

=INFO REPORT==== 19-Aug-2012::14:11:28 ===
GET /depart/index [helpdesk] 200 225ms

=INFO REPORT==== 19-Aug-2012::14:11:31 ===
Loading routes from "/home/simba/hacking/erlang/helpdesk/priv/helpdesk.routes" ....

=INFO REPORT==== 19-Aug-2012::14:11:31 ===
GET /about [helpdesk] 200 260ms

=INFO REPORT==== 19-Aug-2012::14:11:32 ===
Loading routes from "/home/simba/hacking/erlang/helpdesk/priv/helpdesk.routes" ....

=INFO REPORT==== 19-Aug-2012::14:11:32 ===
GET /main/targetplan [helpdesk] 200 254ms

=INFO REPORT==== 19-Aug-2012::14:11:34 ===
Loading routes from "/home/simba/hacking/erlang/helpdesk/priv/helpdesk.routes" ....

=INFO REPORT==== 19-Aug-2012::14:11:34 ===
GET /request/index [helpdesk] 200 228ms

=INFO REPORT==== 19-Aug-2012::14:11:44 ===
Loading routes from "/home/simba/hacking/erlang/helpdesk/priv/helpdesk.routes" ....

=INFO REPORT==== 19-Aug-2012::14:11:44 ===
GET / [helpdesk] 200 223ms

=INFO REPORT==== 19-Aug-2012::14:22:33 ===
Loading routes from "/home/simba/hacking/erlang/helpdesk/priv/helpdesk.routes" ....

=INFO REPORT==== 19-Aug-2012::14:22:33 ===
GET /request/index [helpdesk] 200 338ms

=INFO REPORT==== 19-Aug-2012::14:22:34 ===
Loading routes from "/home/simba/hacking/erlang/helpdesk/priv/helpdesk.routes" ....

=INFO REPORT==== 19-Aug-2012::14:22:35 ===
GET /request/create [helpdesk] 200 228ms

=INFO REPORT==== 19-Aug-2012::14:22:36 ===
Loading routes from "/home/simba/hacking/erlang/helpdesk/priv/helpdesk.routes" ....

=ERROR REPORT==== 19-Aug-2012::14:22:36 ===
{undef,[{request,new,
                 [id,"depart-2","3 -",[],[],"cl_user-2",
                  {{2012,8,19},{14,22,36}},
                  {{2012,8,19},{14,22,36}}]},
        {helpdesk_request_controller,create,4},
        {boss_web_controller,execute_action,5},
        {boss_web_controller,process_request,5},
        {timer,tc,3},
        {boss_web_controller,handle_request,3},
        {mochiweb_http,headers,5},
        {proc_lib,init_p_do_apply,3}]}

=ERROR REPORT==== 19-Aug-2012::14:22:36 ===
POST /request/create [helpdesk] 500 237ms

=INFO REPORT==== 19-Aug-2012::14:22:40 ===
Loading routes from "/home/simba/hacking/erlang/helpdesk/priv/helpdesk.routes" ....

=INFO REPORT==== 19-Aug-2012::14:22:40 ===
GET /request/index [helpdesk] 200 237ms

=INFO REPORT==== 19-Aug-2012::14:25:08 ===
Loading routes from "/home/simba/hacking/erlang/helpdesk/priv/helpdesk.routes" ....

=ERROR REPORT==== 19-Aug-2012::14:25:08 ===
{undef,[{unbound_var,'IdDepart',[]},
        {erlydtl_filters,format_number,1},
        {boss_html_error_template,'-render_internal/4-fun-0-',2},
        {lists,mapfoldl,3},
        {erlydtl_runtime,forloop,3},
        {boss_html_error_template,'-render_internal/4-fun-2-',2},
        {lists,mapfoldl,3},
        {erlydtl_runtime,forloop,3}]}

=ERROR REPORT==== 19-Aug-2012::14:25:08 ===
GET /request/index [helpdesk] 500 104ms

=INFO REPORT==== 19-Aug-2012::14:25:10 ===
Loading routes from "/home/simba/hacking/erlang/helpdesk/priv/helpdesk.routes" ....

=ERROR REPORT==== 19-Aug-2012::14:25:10 ===
{undef,[{unbound_var,'IdDepart',[]},
        {erlydtl_filters,format_number,1},
        {boss_html_error_template,'-render_internal/4-fun-0-',2},
        {lists,mapfoldl,3},
        {erlydtl_runtime,forloop,3},
        {boss_html_error_template,'-render_internal/4-fun-2-',2},
        {lists,mapfoldl,3},
        {erlydtl_runtime,forloop,3}]}

=ERROR REPORT==== 19-Aug-2012::14:25:10 ===
GET /request/index [helpdesk] 500 98ms

=INFO REPORT==== 19-Aug-2012::14:25:42 ===
Loading routes from "/home/simba/hacking/erlang/helpdesk/priv/helpdesk.routes" ....

=ERROR REPORT==== 19-Aug-2012::14:25:43 ===
{undef,[{unbound_var,'IdDepart',[]},
        {erlydtl_filters,format_number,1},
        {boss_html_error_template,'-render_internal/4-fun-0-',2},
        {lists,mapfoldl,3},
        {erlydtl_runtime,forloop,3},
        {boss_html_error_template,'-render_internal/4-fun-2-',2},
        {lists,mapfoldl,3},
        {erlydtl_runtime,forloop,3}]}

=ERROR REPORT==== 19-Aug-2012::14:25:43 ===
GET /request/index [helpdesk] 500 104ms

=INFO REPORT==== 19-Aug-2012::14:25:52 ===
Loading routes from "/home/simba/hacking/erlang/helpdesk/priv/helpdesk.routes" ....

=ERROR REPORT==== 19-Aug-2012::14:25:52 ===
{undef,[{unbound_var,'IdDepart',[]},
        {erlydtl_filters,format_number,1},
        {boss_html_error_template,'-render_internal/4-fun-0-',2},
        {lists,mapfoldl,3},
        {erlydtl_runtime,forloop,3},
        {boss_html_error_template,'-render_internal/4-fun-2-',2},
        {lists,mapfoldl,3},
        {erlydtl_runtime,forloop,3}]}

=ERROR REPORT==== 19-Aug-2012::14:25:52 ===
GET /request/index [helpdesk] 500 103ms

=INFO REPORT==== 19-Aug-2012::14:25:59 ===
Loading routes from "/home/simba/hacking/erlang/helpdesk/priv/helpdesk.routes" ....

=ERROR REPORT==== 19-Aug-2012::14:26:00 ===
{undef,[{unbound_var,'IdDepart',[]},
        {erlydtl_filters,format_number,1},
        {boss_html_error_template,'-render_internal/4-fun-0-',2},
        {lists,mapfoldl,3},
        {erlydtl_runtime,forloop,3},
        {boss_html_error_template,'-render_internal/4-fun-2-',2},
        {lists,mapfoldl,3},
        {erlydtl_runtime,forloop,3}]}

=ERROR REPORT==== 19-Aug-2012::14:26:00 ===
POST /request/create [helpdesk] 500 101ms

=INFO REPORT==== 19-Aug-2012::14:26:06 ===
Loading routes from "/home/simba/hacking/erlang/helpdesk/priv/helpdesk.routes" ....

=ERROR REPORT==== 19-Aug-2012::14:26:06 ===
{undef,[{unbound_var,'IdDepart',[]},
        {erlydtl_filters,format_number,1},
        {boss_html_error_template,'-render_internal/4-fun-0-',2},
        {lists,mapfoldl,3},
        {erlydtl_runtime,forloop,3},
        {boss_html_error_template,'-render_internal/4-fun-2-',2},
        {lists,mapfoldl,3},
        {erlydtl_runtime,forloop,3}]}

=ERROR REPORT==== 19-Aug-2012::14:26:06 ===
GET /depart/index [helpdesk] 500 104ms

=INFO REPORT==== 19-Aug-2012::14:26:08 ===
Loading routes from "/home/simba/hacking/erlang/helpdesk/priv/helpdesk.routes" ....

=ERROR REPORT==== 19-Aug-2012::14:26:08 ===
{undef,[{unbound_var,'IdDepart',[]},
        {erlydtl_filters,format_number,1},
        {boss_html_error_template,'-render_internal/4-fun-0-',2},
        {lists,mapfoldl,3},
        {erlydtl_runtime,forloop,3},
        {boss_html_error_template,'-render_internal/4-fun-2-',2},
        {lists,mapfoldl,3},
        {erlydtl_runtime,forloop,3}]}

=ERROR REPORT==== 19-Aug-2012::14:26:08 ===
GET / [helpdesk] 500 105ms
