
=INFO REPORT==== 16-Aug-2012::22:07:15 ===
Starting Boss in development mode....

=INFO REPORT==== 16-Aug-2012::22:07:15 ===
Starting master services on 'helpdesk@simba-Aspire-4920'

=INFO REPORT==== 16-Aug-2012::22:07:15 ===
SSL:[]

=INFO REPORT==== 16-Aug-2012::22:07:15 ===
Loading routes from "../cb_admin/priv/cb_admin.routes" ....

=INFO REPORT==== 16-Aug-2012::22:07:16 ===
Loading routes from "/home/simba/hacking/erlang/helpdesk/priv/helpdesk.routes" ....

=INFO REPORT==== 16-Aug-2012::22:07:19 ===
POST /admin/model/heartbeat/1 [cb_admin] 200 1ms

=INFO REPORT==== 16-Aug-2012::22:07:20 ===
GET /admin/model/model [cb_admin] 200 18ms

=INFO REPORT==== 16-Aug-2012::22:07:21 ===
GET /admin/model/model/request [cb_admin] 200 34ms

=INFO REPORT==== 16-Aug-2012::22:07:21 ===
POST /admin/model/watch [cb_admin] 200 4ms

=INFO REPORT==== 16-Aug-2012::22:07:24 ===
GET /admin/model/show/request-1 [cb_admin] 200 9ms

=INFO REPORT==== 16-Aug-2012::22:07:24 ===
POST /admin/model/watch [cb_admin] 200 0ms

=INFO REPORT==== 16-Aug-2012::22:07:27 ===
GET /admin/model/edit/request-1 [cb_admin] 200 33ms

=ERROR REPORT==== 16-Aug-2012::22:07:31 ===
** Generic server <0.73.0> terminating 
** Last message in was {save_record,
                           {request,"request-1",
                               [208,185,209,134],
                               {{2012,8,16},{9,50,16.0}},
                               {{2012,8,16},{15,50,16.0}},
                               "ккк"}}
** When Server state == {state,boss_db_adapter_pgsql,<0.74.0>,[],
                               {dict,0,16,16,8,80,48,
                                     {[],[],[],[],[],[],[],[],[],[],[],[],[],
                                      [],[],[]},
                                     {{[],[],[],[],[],[],[],[],[],[],[],[],[],
                                       [],[],[]}}},
                               false,60,db,0}
** Reason for termination == 
** {badarg,[{erlang,integer_to_list,[16.0]},
            {erlydtl_dateformat,integer_to_list_zerofill,1},
            {erlydtl_dateformat,tag_to_value,3},
            {erlydtl_dateformat,replace_tags,5},
            {boss_db_adapter_pgsql,pack_datetime,1},
            {boss_db_adapter_pgsql,'-build_update_query/1-fun-0-',2},
            {lists,foldl,3},
            {boss_db_adapter_pgsql,build_update_query,1}]}

=ERROR REPORT==== 16-Aug-2012::22:07:31 ===
{{badarg,[{erlang,integer_to_list,[16.0]},
          {erlydtl_dateformat,integer_to_list_zerofill,1},
          {erlydtl_dateformat,tag_to_value,3},
          {erlydtl_dateformat,replace_tags,5},
          {boss_db_adapter_pgsql,pack_datetime,1},
          {boss_db_adapter_pgsql,'-build_update_query/1-fun-0-',2},
          {lists,foldl,3},
          {boss_db_adapter_pgsql,build_update_query,1}]},
 {gen_server,call,
             [<0.73.0>,
              {save_record,{request,"request-1",
                                    [208,185,209,134],
                                    {{2012,8,16},{9,50,16.0}},
                                    {{2012,8,16},{15,50,16.0}},
                                    "ккк"}},
              30000]}}

=ERROR REPORT==== 16-Aug-2012::22:07:31 ===
POST /admin/model/edit/request-1 [cb_admin] 500 4ms

=INFO REPORT==== 16-Aug-2012::22:07:47 ===
GET /admin/model/show/request-1 [cb_admin] 200 8ms

=INFO REPORT==== 16-Aug-2012::22:07:48 ===
POST /admin/model/watch [cb_admin] 200 0ms

=INFO REPORT==== 16-Aug-2012::22:07:49 ===
GET /admin/model/delete/request-1 [cb_admin] 200 19ms

=INFO REPORT==== 16-Aug-2012::22:07:51 ===
POST /admin/model/delete/request-1 [cb_admin] 302 45ms

=INFO REPORT==== 16-Aug-2012::22:07:51 ===
GET /admin/model/model/request [cb_admin] 200 6ms

=INFO REPORT==== 16-Aug-2012::22:07:51 ===
GET /admin/model/events/1345133241063322 [cb_admin] 200 30002ms

=INFO REPORT==== 16-Aug-2012::22:07:52 ===
GET /admin/model/create/request [cb_admin] 200 3ms

=INFO REPORT==== 16-Aug-2012::22:07:54 ===
GET /admin/model/events/1345133244793741 [cb_admin] 200 30000ms

=ERROR REPORT==== 16-Aug-2012::22:07:55 ===
{function_clause,
    [{erlydtl_runtime,init_counter_stats,
         [{error,error,<<"42601">>,<<"syntax error at or near \"order\"">>,
              [{position,<<"23">>}]},
          undefined]},
     {cb_admin_view_model_create_html,render_internal,4},
     {cb_admin_view_model_create_html,render,2},
     {boss_web_controller,render_view,6},
     {boss_web_controller,execute_action,5},
     {boss_web_controller,process_request,5},
     {timer,tc,3},
     {boss_web_controller,handle_request,3}]}

=ERROR REPORT==== 16-Aug-2012::22:07:55 ===
POST /admin/model/create/request [cb_admin] 500 4ms
