
=INFO REPORT==== 16-Aug-2012::14:27:10 ===
Starting Boss in development mode....

=INFO REPORT==== 16-Aug-2012::14:27:10 ===
Starting master services on 'helpdesk@simba-Aspire-4920'

=INFO REPORT==== 16-Aug-2012::14:27:10 ===
SSL:[]

=INFO REPORT==== 16-Aug-2012::14:27:10 ===
Loading routes from "../cb_admin/priv/cb_admin.routes" ....

=INFO REPORT==== 16-Aug-2012::14:27:10 ===
Loading routes from "/home/simba/hacking/erlang/helpdesk/priv/helpdesk.routes" ....

=INFO REPORT==== 16-Aug-2012::14:27:14 ===
GET /admin/ [cb_admin] 200 16ms

=INFO REPORT==== 16-Aug-2012::14:27:16 ===
GET /admin/routes/index [cb_admin] 200 4ms

=INFO REPORT==== 16-Aug-2012::14:27:17 ===
GET /admin/model/model [cb_admin] 200 5ms

=INFO REPORT==== 16-Aug-2012::14:27:18 ===
GET /admin/model/model/depart [cb_admin] 200 28ms

=INFO REPORT==== 16-Aug-2012::14:27:21 ===
GET /doc/depart [helpdesk] 200 366ms

=ERROR REPORT==== 16-Aug-2012::14:27:21 ===
GET /doc/stylesheet.css [helpdesk] 404 0ms

=ERROR REPORT==== 16-Aug-2012::14:27:21 ===
GET /doc/erlang.png [helpdesk] 404 0ms

=INFO REPORT==== 16-Aug-2012::14:27:26 ===
GET /admin/model/create/depart [cb_admin] 200 3ms

=ERROR REPORT==== 16-Aug-2012::14:27:34 ===
{function_clause,
    [{erlydtl_runtime,init_counter_stats,
         [{error,error,<<"23502">>,
              <<"null value in column \"id\" violates not-null constraint">>,
              []},
          undefined]},
     {cb_admin_view_model_create_html,render_internal,4},
     {cb_admin_view_model_create_html,render,2},
     {boss_web_controller,render_view,6},
     {boss_web_controller,execute_action,5},
     {boss_web_controller,process_request,5},
     {timer,tc,3},
     {boss_web_controller,handle_request,3}]}

=ERROR REPORT==== 16-Aug-2012::14:27:34 ===
POST /admin/model/create/depart [cb_admin] 500 4ms

=INFO REPORT==== 16-Aug-2012::14:32:35 ===
GET /admin/model/create/depart [cb_admin] 200 3ms

=ERROR REPORT==== 16-Aug-2012::14:32:39 ===
** Generic server <0.76.0> terminating 
** Last message in was {save_record,{depart,id,"qwwe"}}
** When Server state == {state,boss_db_adapter_pgsql,<0.77.0>,[],
                               {dict,0,16,16,8,80,48,
                                     {[],[],[],[],[],[],[],[],[],[],[],[],[],
                                      [],[],[]},
                                     {{[],[],[],[],[],[],[],[],[],[],[],[],[],
                                       [],[],[]}}},
                               false,60,db,0}
** Reason for termination == 
** {badarg,[{erlang,integer_to_list,[null]},
            {boss_db_adapter_pgsql,save_record,2},
            {boss_db_controller,handle_call,3},
            {gen_server,handle_msg,5},
            {proc_lib,init_p_do_apply,3}]}

=ERROR REPORT==== 16-Aug-2012::14:32:39 ===
{{badarg,[{erlang,integer_to_list,[null]},
          {boss_db_adapter_pgsql,save_record,2},
          {boss_db_controller,handle_call,3},
          {gen_server,handle_msg,5},
          {proc_lib,init_p_do_apply,3}]},
 {gen_server,call,[<0.76.0>,{save_record,{depart,id,"qwwe"}},30000]}}

=ERROR REPORT==== 16-Aug-2012::14:32:39 ===
POST /admin/model/create/depart [cb_admin] 500 15ms

=ERROR REPORT==== 16-Aug-2012::14:33:10 ===
** Generic server <0.79.0> terminating 
** Last message in was {save_record,{depart,id,"qwwe"}}
** When Server state == {state,boss_db_adapter_pgsql,<0.80.0>,[],
                               {dict,0,16,16,8,80,48,
                                     {[],[],[],[],[],[],[],[],[],[],[],[],[],
                                      [],[],[]},
                                     {{[],[],[],[],[],[],[],[],[],[],[],[],[],
                                       [],[],[]}}},
                               false,60,db,0}
** Reason for termination == 
** {badarg,[{erlang,integer_to_list,[null]},
            {boss_db_adapter_pgsql,save_record,2},
            {boss_db_controller,handle_call,3},
            {gen_server,handle_msg,5},
            {proc_lib,init_p_do_apply,3}]}

=ERROR REPORT==== 16-Aug-2012::14:33:10 ===
{{badarg,[{erlang,integer_to_list,[null]},
          {boss_db_adapter_pgsql,save_record,2},
          {boss_db_controller,handle_call,3},
          {gen_server,handle_msg,5},
          {proc_lib,init_p_do_apply,3}]},
 {gen_server,call,[<0.79.0>,{save_record,{depart,id,"qwwe"}},30000]}}

=ERROR REPORT==== 16-Aug-2012::14:33:10 ===
POST /admin/model/create/depart [cb_admin] 500 7ms
