
=INFO REPORT==== 20-Aug-2012::17:20:35 ===
Starting Boss in development mode....

=INFO REPORT==== 20-Aug-2012::17:20:35 ===
Starting master services on 'helpdesk@simba-Aspire-4920'

=INFO REPORT==== 20-Aug-2012::17:20:35 ===
SSL:[]

=INFO REPORT==== 20-Aug-2012::17:20:35 ===
Loading routes from "../cb_admin/priv/cb_admin.routes" ....

=INFO REPORT==== 20-Aug-2012::17:20:35 ===
Loading routes from "/home/simba/hacking/erlang/helpdesk/priv/helpdesk.routes" ....

=INFO REPORT==== 20-Aug-2012::17:20:37 ===
GET /admin/model/model [cb_admin] 200 12ms

=ERROR REPORT==== 20-Aug-2012::17:20:39 ===
{function_clause,[{lists,map,
                         [#Fun<cb_admin_model_controller.0.33077844>,
                          {error,<<"#42S02Table 'helpdesk.requests' doesn't exist">>}]},
                  {cb_admin_model_controller,model,4},
                  {boss_web_controller,execute_action,5},
                  {boss_web_controller,process_request,5},
                  {timer,tc,3},
                  {boss_web_controller,handle_request,3},
                  {mochiweb_http,headers,5},
                  {proc_lib,init_p_do_apply,3}]}

=ERROR REPORT==== 20-Aug-2012::17:20:39 ===
GET /admin/model/model/request [cb_admin] 500 5ms
