
=INFO REPORT==== 23-Aug-2012::22:16:57 ===
Starting Boss in development mode....

=INFO REPORT==== 23-Aug-2012::22:16:57 ===
Starting master services on 'helpdesk@simba-Aspire-4920'

=INFO REPORT==== 23-Aug-2012::22:16:57 ===
SSL:[]

=INFO REPORT==== 23-Aug-2012::22:16:57 ===
Loading routes from "../cb_admin/priv/cb_admin.routes" ....

=INFO REPORT==== 23-Aug-2012::22:16:58 ===
Loading routes from "/home/simba/hacking/erlang/helpdesk/priv/helpdesk.routes" ....

=INFO REPORT==== 23-Aug-2012::22:17:06 ===
Loading routes from "/home/simba/hacking/erlang/helpdesk/priv/helpdesk.routes" ....

=INFO REPORT==== 23-Aug-2012::22:17:06 ===
GET / [helpdesk] 200 287ms

=INFO REPORT==== 23-Aug-2012::22:17:10 ===
Loading routes from "/home/simba/hacking/erlang/helpdesk/priv/helpdesk.routes" ....

=INFO REPORT==== 23-Aug-2012::22:17:11 ===
GET /user/login [helpdesk] 200 333ms

=INFO REPORT==== 23-Aug-2012::22:17:12 ===
Loading routes from "/home/simba/hacking/erlang/helpdesk/priv/helpdesk.routes" ....

=INFO REPORT==== 23-Aug-2012::22:17:12 ===
POST /user/login [helpdesk] 302 333ms

=INFO REPORT==== 23-Aug-2012::22:17:12 ===
Loading routes from "/home/simba/hacking/erlang/helpdesk/priv/helpdesk.routes" ....

=INFO REPORT==== 23-Aug-2012::22:17:13 ===
GET / [helpdesk] 200 329ms

=INFO REPORT==== 23-Aug-2012::22:17:15 ===
Loading routes from "/home/simba/hacking/erlang/helpdesk/priv/helpdesk.routes" ....

=INFO REPORT==== 23-Aug-2012::22:17:15 ===
GET /main/depart_request [helpdesk] 200 362ms

=INFO REPORT==== 23-Aug-2012::22:17:21 ===
Loading routes from "/home/simba/hacking/erlang/helpdesk/priv/helpdesk.routes" ....

=INFO REPORT==== 23-Aug-2012::22:17:21 ===
GET /about [helpdesk] 200 331ms

=INFO REPORT==== 23-Aug-2012::22:18:41 ===
Loading routes from "/home/simba/hacking/erlang/helpdesk/priv/helpdesk.routes" ....

=INFO REPORT==== 23-Aug-2012::22:18:41 ===
GET /user/logout [helpdesk] 302 336ms

=INFO REPORT==== 23-Aug-2012::22:18:41 ===
Loading routes from "/home/simba/hacking/erlang/helpdesk/priv/helpdesk.routes" ....

=INFO REPORT==== 23-Aug-2012::22:18:42 ===
GET / [helpdesk] 200 326ms
