
=INFO REPORT==== 27-Aug-2012::16:12:51 ===
Starting Boss in development mode....

=INFO REPORT==== 27-Aug-2012::16:12:51 ===
Starting master services on 'helpdesk@simba-Aspire-4920'

=INFO REPORT==== 27-Aug-2012::16:12:51 ===
SSL:[]

=INFO REPORT==== 27-Aug-2012::16:12:51 ===
Loading routes from "../cb_admin/priv/cb_admin.routes" ....

=INFO REPORT==== 27-Aug-2012::16:12:51 ===
Loading routes from "/home/simba/hacking/erlang/helpdesk/priv/helpdesk.routes" ....

=INFO REPORT==== 27-Aug-2012::16:12:54 ===
GET /admin/model/model/request [cb_admin] 200 42ms

=INFO REPORT==== 27-Aug-2012::16:12:54 ===
POST /admin/model/watch [cb_admin] 200 4ms

=INFO REPORT==== 27-Aug-2012::16:12:55 ===
GET /admin/model/model/test [cb_admin] 200 9ms

=INFO REPORT==== 27-Aug-2012::16:12:55 ===
POST /admin/model/watch [cb_admin] 200 0ms

=INFO REPORT==== 27-Aug-2012::16:13:08 ===
GET /admin/model/show/test-2 [cb_admin] 200 6ms

=INFO REPORT==== 27-Aug-2012::16:13:08 ===
POST /admin/model/watch [cb_admin] 200 0ms

=INFO REPORT==== 27-Aug-2012::16:13:11 ===
GET /admin/model/edit/test-2 [cb_admin] 200 6ms

=INFO REPORT==== 27-Aug-2012::16:13:12 ===
POST /admin/model/edit/test-2 [cb_admin] 200 3ms

=INFO REPORT==== 27-Aug-2012::16:13:24 ===
GET /admin/model/events/1346062374316459 [cb_admin] 200 30000ms

=INFO REPORT==== 27-Aug-2012::16:13:25 ===
GET /admin/model/events/1346062375509586 [cb_admin] 200 30000ms

=INFO REPORT==== 27-Aug-2012::16:13:38 ===
GET /admin/model/events/1346062388317105 [cb_admin] 200 30001ms

=INFO REPORT==== 27-Aug-2012::16:27:47 ===
Loading routes from "/home/simba/hacking/erlang/helpdesk/priv/helpdesk.routes" ....

=ERROR REPORT==== 27-Aug-2012::16:27:47 ===
{badarg,[{erlang,apply,[[],depart_id,[]]},
         {helpdesk_main_controller,depart_request,4},
         {boss_web_controller,execute_action,5},
         {boss_web_controller,process_request,5},
         {timer,tc,3},
         {boss_web_controller,handle_request,3},
         {mochiweb_http,headers,5},
         {proc_lib,init_p_do_apply,3}]}

=ERROR REPORT==== 27-Aug-2012::16:27:47 ===
GET /main/depart_request [helpdesk] 500 25ms

=INFO REPORT==== 27-Aug-2012::16:52:54 ===
GET /admin [cb_admin] 200 3ms

=INFO REPORT==== 27-Aug-2012::16:52:56 ===
GET /admin/model/model [cb_admin] 200 19ms

=INFO REPORT==== 27-Aug-2012::16:52:59 ===
GET /admin/model/model/depart [cb_admin] 200 6ms

=INFO REPORT==== 27-Aug-2012::16:53:00 ===
POST /admin/model/watch [cb_admin] 200 0ms

=INFO REPORT==== 27-Aug-2012::16:53:30 ===
GET /admin/model/events/1346064779806372 [cb_admin] 200 30000ms

=INFO REPORT==== 27-Aug-2012::16:53:30 ===
POST /admin/model/heartbeat/3 [cb_admin] 200 0ms

=INFO REPORT==== 27-Aug-2012::16:54:00 ===
POST /admin/model/heartbeat/3 [cb_admin] 200 0ms

=INFO REPORT==== 27-Aug-2012::16:54:00 ===
GET /admin/model/events/1346064780108983 [cb_admin] 200 30000ms

=INFO REPORT==== 27-Aug-2012::16:54:07 ===
GET /admin/model/show/depart-4 [cb_admin] 200 7ms

=INFO REPORT==== 27-Aug-2012::16:54:07 ===
POST /admin/model/watch [cb_admin] 200 0ms

=INFO REPORT==== 27-Aug-2012::16:54:09 ===
GET /admin/model/edit/depart-4 [cb_admin] 200 4ms

=INFO REPORT==== 27-Aug-2012::16:54:18 ===
POST /admin/model/edit/depart-4 [cb_admin] 302 97ms

=INFO REPORT==== 27-Aug-2012::16:54:18 ===
GET /admin/model/events/1346064810121799 [cb_admin] 200 17971ms

=INFO REPORT==== 27-Aug-2012::16:54:18 ===
GET /admin/model/events/1346064847556016 [cb_admin] 200 10307ms

=INFO REPORT==== 27-Aug-2012::16:54:18 ===
GET /admin/model/show/depart-4 [cb_admin] 200 4ms

=INFO REPORT==== 27-Aug-2012::16:54:18 ===
POST /admin/model/watch [cb_admin] 200 0ms

=INFO REPORT==== 27-Aug-2012::16:54:48 ===
POST /admin/model/heartbeat/5 [cb_admin] 200 0ms

=INFO REPORT==== 27-Aug-2012::16:54:48 ===
GET /admin/model/events/1346064858142577 [cb_admin] 200 30000ms
