
=INFO REPORT==== 29-Aug-2012::16:21:17 ===
Starting Boss in development mode....

=INFO REPORT==== 29-Aug-2012::16:21:17 ===
Starting master services on 'helpdesk@simba-Aspire-4920'

=INFO REPORT==== 29-Aug-2012::16:21:17 ===
SSL:[]

=INFO REPORT==== 29-Aug-2012::16:21:17 ===
Loading routes from "../cb_admin/priv/cb_admin.routes" ....

=INFO REPORT==== 29-Aug-2012::16:21:18 ===
Loading routes from "/home/simba/hacking/erlang/helpdesk/priv/helpdesk.routes" ....

=INFO REPORT==== 29-Aug-2012::16:21:19 ===
Loading routes from "/home/simba/hacking/erlang/helpdesk/priv/helpdesk.routes" ....

=INFO REPORT==== 29-Aug-2012::16:21:19 ===
GET / [helpdesk] 200 103ms

=INFO REPORT==== 29-Aug-2012::16:21:21 ===
Loading routes from "/home/simba/hacking/erlang/helpdesk/priv/helpdesk.routes" ....

=INFO REPORT==== 29-Aug-2012::16:21:21 ===
GET /user/login [helpdesk] 200 96ms

=INFO REPORT==== 29-Aug-2012::16:21:25 ===
Loading routes from "/home/simba/hacking/erlang/helpdesk/priv/helpdesk.routes" ....

=INFO REPORT==== 29-Aug-2012::16:21:25 ===
POST /user/login [helpdesk] 302 93ms

=INFO REPORT==== 29-Aug-2012::16:21:25 ===
Loading routes from "/home/simba/hacking/erlang/helpdesk/priv/helpdesk.routes" ....

=INFO REPORT==== 29-Aug-2012::16:21:25 ===
GET / [helpdesk] 200 93ms

=INFO REPORT==== 29-Aug-2012::16:21:26 ===
Loading routes from "/home/simba/hacking/erlang/helpdesk/priv/helpdesk.routes" ....

=INFO REPORT==== 29-Aug-2012::16:21:26 ===
GET /request/index [helpdesk] 200 193ms

=INFO REPORT==== 29-Aug-2012::16:21:28 ===
Loading routes from "/home/simba/hacking/erlang/helpdesk/priv/helpdesk.routes" ....

=INFO REPORT==== 29-Aug-2012::16:21:28 ===
GET /request/create [helpdesk] 200 97ms

=INFO REPORT==== 29-Aug-2012::16:28:37 ===
Loading routes from "/home/simba/hacking/erlang/helpdesk/priv/helpdesk.routes" ....

=INFO REPORT==== 29-Aug-2012::16:28:37 ===
GET / [helpdesk] 200 108ms

=INFO REPORT==== 29-Aug-2012::16:28:39 ===
Loading routes from "/home/simba/hacking/erlang/helpdesk/priv/helpdesk.routes" ....

=INFO REPORT==== 29-Aug-2012::16:28:39 ===
GET /main/depart_request [helpdesk] 200 126ms

=INFO REPORT==== 29-Aug-2012::16:28:40 ===
Loading routes from "/home/simba/hacking/erlang/helpdesk/priv/helpdesk.routes" ....

=INFO REPORT==== 29-Aug-2012::16:28:41 ===
GET /request/index [helpdesk] 200 195ms

=INFO REPORT==== 29-Aug-2012::16:28:42 ===
Loading routes from "/home/simba/hacking/erlang/helpdesk/priv/helpdesk.routes" ....

=INFO REPORT==== 29-Aug-2012::16:28:42 ===
GET /request/edit/request-18 [helpdesk] 200 177ms

=INFO REPORT==== 29-Aug-2012::16:30:47 ===
Loading routes from "/home/simba/hacking/erlang/helpdesk/priv/helpdesk.routes" ....

=INFO REPORT==== 29-Aug-2012::16:30:47 ===
GET /request/edit/request-18 [helpdesk] 200 169ms

=INFO REPORT==== 29-Aug-2012::16:30:48 ===
Loading routes from "/home/simba/hacking/erlang/helpdesk/priv/helpdesk.routes" ....

=INFO REPORT==== 29-Aug-2012::16:30:48 ===
GET /request/edit/request-18 [helpdesk] 200 115ms

=INFO REPORT==== 29-Aug-2012::16:30:48 ===
Loading routes from "/home/simba/hacking/erlang/helpdesk/priv/helpdesk.routes" ....

=INFO REPORT==== 29-Aug-2012::16:30:49 ===
GET /request/edit/request-18 [helpdesk] 200 102ms

=INFO REPORT==== 29-Aug-2012::16:30:49 ===
Loading routes from "/home/simba/hacking/erlang/helpdesk/priv/helpdesk.routes" ....

=INFO REPORT==== 29-Aug-2012::16:30:49 ===
GET /request/edit/request-18 [helpdesk] 200 101ms

=INFO REPORT==== 29-Aug-2012::16:32:59 ===
Loading routes from "/home/simba/hacking/erlang/helpdesk/priv/helpdesk.routes" ....

=INFO REPORT==== 29-Aug-2012::16:32:59 ===
GET /main/depart_request [helpdesk] 200 139ms

=INFO REPORT==== 29-Aug-2012::16:33:00 ===
Loading routes from "/home/simba/hacking/erlang/helpdesk/priv/helpdesk.routes" ....

=INFO REPORT==== 29-Aug-2012::16:33:00 ===
GET /request/index [helpdesk] 200 197ms

=INFO REPORT==== 29-Aug-2012::16:33:02 ===
Loading routes from "/home/simba/hacking/erlang/helpdesk/priv/helpdesk.routes" ....

=INFO REPORT==== 29-Aug-2012::16:33:02 ===
GET /request/create [helpdesk] 200 100ms

=INFO REPORT==== 29-Aug-2012::16:33:09 ===
Loading routes from "/home/simba/hacking/erlang/helpdesk/priv/helpdesk.routes" ....

=INFO REPORT==== 29-Aug-2012::16:33:09 ===
POST /request/create [helpdesk] 302 180ms

=INFO REPORT==== 29-Aug-2012::16:33:09 ===
Loading routes from "/home/simba/hacking/erlang/helpdesk/priv/helpdesk.routes" ....

=INFO REPORT==== 29-Aug-2012::16:33:09 ===
GET /main/user_request [helpdesk] 200 99ms

=INFO REPORT==== 29-Aug-2012::16:33:14 ===
Loading routes from "/home/simba/hacking/erlang/helpdesk/priv/helpdesk.routes" ....

=INFO REPORT==== 29-Aug-2012::16:33:14 ===
GET /request/show/request-35 [helpdesk] 200 109ms

=INFO REPORT==== 29-Aug-2012::16:33:25 ===
GET /admin [cb_admin] 200 33ms

=INFO REPORT==== 29-Aug-2012::16:33:27 ===
GET /admin/model/model [cb_admin] 200 8ms

=INFO REPORT==== 29-Aug-2012::16:33:28 ===
GET /admin/model/model/request [cb_admin] 200 36ms

=INFO REPORT==== 29-Aug-2012::16:33:28 ===
POST /admin/model/watch [cb_admin] 200 25ms

=INFO REPORT==== 29-Aug-2012::16:33:33 ===
GET /admin/model/show/request-35 [cb_admin] 200 18ms

=INFO REPORT==== 29-Aug-2012::16:33:33 ===
POST /admin/model/watch [cb_admin] 200 0ms

=INFO REPORT==== 29-Aug-2012::16:33:58 ===
GET /admin/model/events/1346236408345770 [cb_admin] 200 30001ms

=INFO REPORT==== 29-Aug-2012::16:33:58 ===
GET /admin/model/edit/request-35 [cb_admin] 200 6ms

=INFO REPORT==== 29-Aug-2012::16:34:03 ===
GET /admin/model/events/1346236413276776 [cb_admin] 200 30000ms

=INFO REPORT==== 29-Aug-2012::16:34:04 ===
POST /admin/model/edit/request-35 [cb_admin] 302 88ms

=INFO REPORT==== 29-Aug-2012::16:34:04 ===
GET /admin/model/show/request-35 [cb_admin] 200 12ms

=INFO REPORT==== 29-Aug-2012::16:34:05 ===
POST /admin/model/watch [cb_admin] 200 0ms

=INFO REPORT==== 29-Aug-2012::16:34:09 ===
POST /admin/model/watch [cb_admin] 200 0ms

=INFO REPORT==== 29-Aug-2012::16:34:10 ===
POST /admin/model/watch [cb_admin] 200 1ms

=INFO REPORT==== 29-Aug-2012::16:34:10 ===
GET /admin/model/events/1346236408345770 [cb_admin] 200 30ms

=INFO REPORT==== 29-Aug-2012::16:34:13 ===
Loading routes from "/home/simba/hacking/erlang/helpdesk/priv/helpdesk.routes" ....

=INFO REPORT==== 29-Aug-2012::16:34:13 ===
GET /request/show/request-35 [helpdesk] 200 112ms

=INFO REPORT==== 29-Aug-2012::16:34:19 ===
Loading routes from "/home/simba/hacking/erlang/helpdesk/priv/helpdesk.routes" ....

=INFO REPORT==== 29-Aug-2012::16:34:19 ===
GET /request/index [helpdesk] 200 195ms

=INFO REPORT==== 29-Aug-2012::16:34:28 ===
Loading routes from "/home/simba/hacking/erlang/helpdesk/priv/helpdesk.routes" ....

=INFO REPORT==== 29-Aug-2012::16:34:28 ===
GET /request/delete/request-35 [helpdesk] 302 166ms

=INFO REPORT==== 29-Aug-2012::16:34:28 ===
Loading routes from "/home/simba/hacking/erlang/helpdesk/priv/helpdesk.routes" ....

=INFO REPORT==== 29-Aug-2012::16:34:28 ===
GET /request/index [helpdesk] 200 204ms

=INFO REPORT==== 29-Aug-2012::16:34:30 ===
Loading routes from "/home/simba/hacking/erlang/helpdesk/priv/helpdesk.routes" ....

=INFO REPORT==== 29-Aug-2012::16:34:30 ===
GET /request/create [helpdesk] 200 103ms

=INFO REPORT==== 29-Aug-2012::16:34:34 ===
Loading routes from "/home/simba/hacking/erlang/helpdesk/priv/helpdesk.routes" ....

=INFO REPORT==== 29-Aug-2012::16:34:34 ===
POST /request/create [helpdesk] 302 167ms

=INFO REPORT==== 29-Aug-2012::16:34:34 ===
Loading routes from "/home/simba/hacking/erlang/helpdesk/priv/helpdesk.routes" ....

=INFO REPORT==== 29-Aug-2012::16:34:34 ===
GET /main/user_request [helpdesk] 200 98ms

=INFO REPORT==== 29-Aug-2012::16:34:35 ===
GET /admin/model/events/1346236444833865 [cb_admin] 200 30001ms

=INFO REPORT==== 29-Aug-2012::16:34:39 ===
GET /admin/model/events/1346236444833865 [cb_admin] 200 30000ms

=INFO REPORT==== 29-Aug-2012::16:34:40 ===
Loading routes from "/home/simba/hacking/erlang/helpdesk/priv/helpdesk.routes" ....

=INFO REPORT==== 29-Aug-2012::16:34:40 ===
GET /request/show/request-36 [helpdesk] 200 114ms

=INFO REPORT==== 29-Aug-2012::16:35:21 ===
Loading routes from "/home/simba/hacking/erlang/helpdesk/priv/helpdesk.routes" ....

=INFO REPORT==== 29-Aug-2012::16:35:21 ===
GET /request/index [helpdesk] 200 46ms

=INFO REPORT==== 29-Aug-2012::16:35:33 ===
Loading routes from "/home/simba/hacking/erlang/helpdesk/priv/helpdesk.routes" ....

=INFO REPORT==== 29-Aug-2012::16:35:33 ===
GET /request/index [helpdesk] 200 196ms

=INFO REPORT==== 29-Aug-2012::16:35:36 ===
Loading routes from "/home/simba/hacking/erlang/helpdesk/priv/helpdesk.routes" ....

=INFO REPORT==== 29-Aug-2012::16:35:36 ===
GET /main/depart_request [helpdesk] 200 137ms

=INFO REPORT==== 29-Aug-2012::16:35:38 ===
Loading routes from "/home/simba/hacking/erlang/helpdesk/priv/helpdesk.routes" ....

=INFO REPORT==== 29-Aug-2012::16:35:39 ===
GET /request/set_worker/request-36 [helpdesk] 200 107ms

=INFO REPORT==== 29-Aug-2012::16:35:47 ===
Loading routes from "/home/simba/hacking/erlang/helpdesk/priv/helpdesk.routes" ....

=INFO REPORT==== 29-Aug-2012::16:35:47 ===
POST /request/set_worker/request-36 [helpdesk] 302 152ms

=INFO REPORT==== 29-Aug-2012::16:35:47 ===
Loading routes from "/home/simba/hacking/erlang/helpdesk/priv/helpdesk.routes" ....

=INFO REPORT==== 29-Aug-2012::16:35:47 ===
GET /main/depart_request [helpdesk] 200 131ms

=INFO REPORT==== 29-Aug-2012::16:35:50 ===
Loading routes from "/home/simba/hacking/erlang/helpdesk/priv/helpdesk.routes" ....

=INFO REPORT==== 29-Aug-2012::16:35:50 ===
GET /request/show/request-36 [helpdesk] 200 116ms

=INFO REPORT==== 29-Aug-2012::16:37:10 ===
Loading routes from "/home/simba/hacking/erlang/helpdesk/priv/helpdesk.routes" ....

=INFO REPORT==== 29-Aug-2012::16:37:10 ===
GET /main/depart_request [helpdesk] 200 131ms

=INFO REPORT==== 29-Aug-2012::16:37:14 ===
Loading routes from "/home/simba/hacking/erlang/helpdesk/priv/helpdesk.routes" ....

=INFO REPORT==== 29-Aug-2012::16:37:14 ===
GET /request/set_complit/request-36 [helpdesk] 200 104ms

=INFO REPORT==== 29-Aug-2012::16:37:23 ===
Loading routes from "/home/simba/hacking/erlang/helpdesk/priv/helpdesk.routes" ....

=INFO REPORT==== 29-Aug-2012::16:37:23 ===
POST /request/set_complit/request-36 [helpdesk] 302 200ms

=INFO REPORT==== 29-Aug-2012::16:37:23 ===
Loading routes from "/home/simba/hacking/erlang/helpdesk/priv/helpdesk.routes" ....

=INFO REPORT==== 29-Aug-2012::16:37:23 ===
GET /main/depart_request [helpdesk] 200 131ms

=INFO REPORT==== 29-Aug-2012::16:37:25 ===
Loading routes from "/home/simba/hacking/erlang/helpdesk/priv/helpdesk.routes" ....

=INFO REPORT==== 29-Aug-2012::16:37:25 ===
GET /request/show/request-36 [helpdesk] 200 110ms

=INFO REPORT==== 29-Aug-2012::16:47:44 ===
Loading routes from "/home/simba/hacking/erlang/helpdesk/priv/helpdesk.routes" ....

=INFO REPORT==== 29-Aug-2012::16:47:44 ===
GET / [helpdesk] 200 97ms

=INFO REPORT==== 29-Aug-2012::16:47:45 ===
Loading routes from "/home/simba/hacking/erlang/helpdesk/priv/helpdesk.routes" ....

=INFO REPORT==== 29-Aug-2012::16:47:45 ===
GET / [helpdesk] 200 92ms

=INFO REPORT==== 29-Aug-2012::16:47:46 ===
Loading routes from "/home/simba/hacking/erlang/helpdesk/priv/helpdesk.routes" ....

=INFO REPORT==== 29-Aug-2012::16:47:46 ===
GET /user/login [helpdesk] 200 93ms

=INFO REPORT==== 29-Aug-2012::16:47:53 ===
Loading routes from "/home/simba/hacking/erlang/helpdesk/priv/helpdesk.routes" ....

=INFO REPORT==== 29-Aug-2012::16:47:53 ===
GET /main/depart_request [helpdesk] 200 128ms

=INFO REPORT==== 29-Aug-2012::16:48:01 ===
Loading routes from "/home/simba/hacking/erlang/helpdesk/priv/helpdesk.routes" ....

=INFO REPORT==== 29-Aug-2012::16:48:01 ===
GET /request/index [helpdesk] 200 215ms

=INFO REPORT==== 29-Aug-2012::16:48:12 ===
Loading routes from "/home/simba/hacking/erlang/helpdesk/priv/helpdesk.routes" ....

=INFO REPORT==== 29-Aug-2012::16:48:12 ===
GET /main/user_request [helpdesk] 200 99ms

=INFO REPORT==== 29-Aug-2012::16:48:15 ===
Loading routes from "/home/simba/hacking/erlang/helpdesk/priv/helpdesk.routes" ....

=INFO REPORT==== 29-Aug-2012::16:48:15 ===
GET /request/set_close/request-36 [helpdesk] 200 104ms

=INFO REPORT==== 29-Aug-2012::16:48:18 ===
Loading routes from "/home/simba/hacking/erlang/helpdesk/priv/helpdesk.routes" ....

=INFO REPORT==== 29-Aug-2012::16:48:18 ===
POST /request/set_close/request-36 [helpdesk] 302 185ms

=INFO REPORT==== 29-Aug-2012::16:48:18 ===
Loading routes from "/home/simba/hacking/erlang/helpdesk/priv/helpdesk.routes" ....

=INFO REPORT==== 29-Aug-2012::16:48:18 ===
GET /main/user_request [helpdesk] 200 98ms

=INFO REPORT==== 29-Aug-2012::16:48:20 ===
Loading routes from "/home/simba/hacking/erlang/helpdesk/priv/helpdesk.routes" ....

=INFO REPORT==== 29-Aug-2012::16:48:20 ===
GET /request/show/request-36 [helpdesk] 200 113ms

=INFO REPORT==== 29-Aug-2012::16:48:31 ===
Loading routes from "/home/simba/hacking/erlang/helpdesk/priv/helpdesk.routes" ....

=INFO REPORT==== 29-Aug-2012::16:48:31 ===
GET /main/user_request [helpdesk] 200 102ms

=INFO REPORT==== 29-Aug-2012::16:48:32 ===
Loading routes from "/home/simba/hacking/erlang/helpdesk/priv/helpdesk.routes" ....

=INFO REPORT==== 29-Aug-2012::16:48:32 ===
GET /main/depart_request [helpdesk] 200 141ms

=INFO REPORT==== 29-Aug-2012::16:48:34 ===
Loading routes from "/home/simba/hacking/erlang/helpdesk/priv/helpdesk.routes" ....

=INFO REPORT==== 29-Aug-2012::16:48:34 ===
GET /request/show/request-33 [helpdesk] 200 114ms
