
=INFO REPORT==== 16-Aug-2012::22:25:06 ===
Starting Boss in development mode....

=INFO REPORT==== 16-Aug-2012::22:25:06 ===
Starting master services on 'helpdesk@simba-Aspire-4920'

=INFO REPORT==== 16-Aug-2012::22:25:06 ===
SSL:[]

=INFO REPORT==== 16-Aug-2012::22:25:06 ===
Loading routes from "../cb_admin/priv/cb_admin.routes" ....

=INFO REPORT==== 16-Aug-2012::22:25:06 ===
Loading routes from "/home/simba/hacking/erlang/helpdesk/priv/helpdesk.routes" ....

=INFO REPORT==== 16-Aug-2012::22:25:12 ===
GET /admin/model/model [cb_admin] 200 15ms

=INFO REPORT==== 16-Aug-2012::22:25:14 ===
GET /admin/model/model/operator [cb_admin] 200 26ms

=INFO REPORT==== 16-Aug-2012::22:25:15 ===
GET /admin/model/create/operator [cb_admin] 200 2ms

=ERROR REPORT==== 16-Aug-2012::22:25:18 ===
{function_clause,
    [{erlydtl_runtime,init_counter_stats,
         [{error,error,<<"23502">>,
              <<"null value in column \"name\" violates not-null constraint">>,
              []},
          undefined]},
     {cb_admin_view_model_create_html,render_internal,4},
     {cb_admin_view_model_create_html,render,2},
     {boss_web_controller,render_view,6},
     {boss_web_controller,execute_action,5},
     {boss_web_controller,process_request,5},
     {timer,tc,3},
     {boss_web_controller,handle_request,3}]}

=ERROR REPORT==== 16-Aug-2012::22:25:18 ===
POST /admin/model/create/operator [cb_admin] 500 6ms
