
=INFO REPORT==== 17-Aug-2012::12:50:58 ===
Starting Boss in development mode....

=INFO REPORT==== 17-Aug-2012::12:50:58 ===
Starting master services on 'helpdesk@simba-Aspire-4920'

=INFO REPORT==== 17-Aug-2012::12:50:58 ===
SSL:[]

=INFO REPORT==== 17-Aug-2012::12:50:58 ===
Loading routes from "../cb_admin/priv/cb_admin.routes" ....

=INFO REPORT==== 17-Aug-2012::12:50:58 ===
Loading routes from "/home/simba/hacking/erlang/helpdesk/priv/helpdesk.routes" ....

=INFO REPORT==== 17-Aug-2012::12:51:01 ===
GET /admin/model/model [cb_admin] 200 12ms

=INFO REPORT==== 17-Aug-2012::12:51:02 ===
GET /admin/model/model/depart [cb_admin] 200 21ms

=INFO REPORT==== 17-Aug-2012::12:51:02 ===
POST /admin/model/watch [cb_admin] 200 4ms

=INFO REPORT==== 17-Aug-2012::12:51:06 ===
GET /admin/model/model [cb_admin] 200 3ms

=INFO REPORT==== 17-Aug-2012::12:51:08 ===
GET /admin/model/model/operator [cb_admin] 200 12ms

=INFO REPORT==== 17-Aug-2012::12:51:09 ===
GET /admin/model/create/operator [cb_admin] 200 3ms
