
=INFO REPORT==== 17-Aug-2012::15:17:09 ===
Starting Boss in development mode....

=INFO REPORT==== 17-Aug-2012::15:17:09 ===
Starting master services on 'helpdesk@simba-Aspire-4920'

=INFO REPORT==== 17-Aug-2012::15:17:09 ===
SSL:[]

=INFO REPORT==== 17-Aug-2012::15:17:09 ===
Loading routes from "../cb_admin/priv/cb_admin.routes" ....

=INFO REPORT==== 17-Aug-2012::15:17:09 ===
Loading routes from "/home/simba/hacking/erlang/helpdesk/priv/helpdesk.routes" ....

=INFO REPORT==== 17-Aug-2012::15:17:21 ===
Loading routes from "/home/simba/hacking/erlang/helpdesk/priv/helpdesk.routes" ....

=INFO REPORT==== 17-Aug-2012::15:17:22 ===
GET /user/register [helpdesk] 200 139ms

=INFO REPORT==== 17-Aug-2012::15:17:36 ===
Loading routes from "/home/simba/hacking/erlang/helpdesk/priv/helpdesk.routes" ....

=ERROR REPORT==== 17-Aug-2012::15:17:36 ===
{{badmatch,undefined},
 [{bcrypt,mechanism,0},
  {bcrypt,gen_salt,0},
  {helpdesk_user_controller,register,3},
  {boss_web_controller,execute_action,5},
  {boss_web_controller,process_request,5},
  {timer,tc,3},
  {boss_web_controller,handle_request,3},
  {mochiweb_http,headers,5}]}

=ERROR REPORT==== 17-Aug-2012::15:17:36 ===
POST /user/register [helpdesk] 500 154ms

=INFO REPORT==== 17-Aug-2012::15:17:48 ===
Loading routes from "/home/simba/hacking/erlang/helpdesk/priv/helpdesk.routes" ....

=INFO REPORT==== 17-Aug-2012::15:17:48 ===
GET /user/login [helpdesk] 200 160ms

=INFO REPORT==== 17-Aug-2012::15:17:53 ===
Loading routes from "/home/simba/hacking/erlang/helpdesk/priv/helpdesk.routes" ....

=ERROR REPORT==== 17-Aug-2012::15:17:53 ===
{function_clause,[{proplists,get_value,[limit,1,all]},
                  {boss_db,find,3},
                  {helpdesk_user_controller,login,3},
                  {boss_web_controller,execute_action,5},
                  {boss_web_controller,process_request,5},
                  {timer,tc,3},
                  {boss_web_controller,handle_request,3},
                  {mochiweb_http,headers,5}]}

=ERROR REPORT==== 17-Aug-2012::15:17:53 ===
POST /user/login [helpdesk] 500 157ms

=INFO REPORT==== 17-Aug-2012::15:19:51 ===
Loading routes from "/home/simba/hacking/erlang/helpdesk/priv/helpdesk.routes" ....

=INFO REPORT==== 17-Aug-2012::15:19:51 ===
GET /user/register [helpdesk] 200 161ms

=INFO REPORT==== 17-Aug-2012::15:20:19 ===
GET /admin [cb_admin] 200 14ms

=INFO REPORT==== 17-Aug-2012::15:20:21 ===
GET /admin/model/model [cb_admin] 200 7ms

=INFO REPORT==== 17-Aug-2012::15:20:23 ===
GET /admin/model/model/cl_user [cb_admin] 200 24ms

=INFO REPORT==== 17-Aug-2012::15:20:24 ===
GET /admin/model/create/cl_user [cb_admin] 200 3ms

=INFO REPORT==== 17-Aug-2012::15:20:33 ===
POST /admin/model/create/cl_user [cb_admin] 302 29ms

=INFO REPORT==== 17-Aug-2012::15:20:33 ===
GET /admin/model/show/cl_user-2 [cb_admin] 200 12ms

=INFO REPORT==== 17-Aug-2012::15:20:33 ===
POST /admin/model/watch [cb_admin] 200 5ms

=INFO REPORT==== 17-Aug-2012::15:20:36 ===
GET /admin/model/edit/cl_user-2 [cb_admin] 200 9ms

=INFO REPORT==== 17-Aug-2012::15:20:37 ===
GET /admin/model/show/cl_user-2 [cb_admin] 200 9ms

=INFO REPORT==== 17-Aug-2012::15:20:38 ===
POST /admin/model/watch [cb_admin] 200 0ms

=INFO REPORT==== 17-Aug-2012::15:20:40 ===
GET /admin/model/model/cl_user [cb_admin] 200 8ms

=INFO REPORT==== 17-Aug-2012::15:20:40 ===
POST /admin/model/watch [cb_admin] 200 0ms

=INFO REPORT==== 17-Aug-2012::15:20:42 ===
GET /admin/model/create/cl_user [cb_admin] 200 2ms

=INFO REPORT==== 17-Aug-2012::15:20:47 ===
POST /admin/model/create/cl_user [cb_admin] 302 35ms

=INFO REPORT==== 17-Aug-2012::15:20:47 ===
GET /admin/model/show/cl_user-3 [cb_admin] 200 7ms

=INFO REPORT==== 17-Aug-2012::15:20:47 ===
POST /admin/model/watch [cb_admin] 200 0ms

=INFO REPORT==== 17-Aug-2012::15:20:49 ===
GET /admin/model/model/cl_user [cb_admin] 200 5ms

=INFO REPORT==== 17-Aug-2012::15:20:49 ===
POST /admin/model/watch [cb_admin] 200 0ms

=INFO REPORT==== 17-Aug-2012::15:20:52 ===
GET /admin/model/create/cl_user [cb_admin] 200 2ms

=INFO REPORT==== 17-Aug-2012::15:21:03 ===
POST /admin/model/create/cl_user [cb_admin] 302 25ms

=INFO REPORT==== 17-Aug-2012::15:21:03 ===
GET /admin/model/show/cl_user-4 [cb_admin] 200 10ms

=INFO REPORT==== 17-Aug-2012::15:21:03 ===
GET /admin/model/events/1345195233359302 [cb_admin] 200 30001ms

=INFO REPORT==== 17-Aug-2012::15:21:03 ===
POST /admin/model/watch [cb_admin] 200 0ms

=INFO REPORT==== 17-Aug-2012::15:21:05 ===
GET /admin/model/model/cl_user [cb_admin] 200 9ms

=INFO REPORT==== 17-Aug-2012::15:21:05 ===
POST /admin/model/watch [cb_admin] 200 0ms

=INFO REPORT==== 17-Aug-2012::15:21:08 ===
GET /admin/model/events/1345195237940787 [cb_admin] 200 30000ms

=INFO REPORT==== 17-Aug-2012::15:21:10 ===
GET /admin/model/events/1345195240221938 [cb_admin] 200 30000ms

=INFO REPORT==== 17-Aug-2012::15:21:10 ===
Loading routes from "/home/simba/hacking/erlang/helpdesk/priv/helpdesk.routes" ....

=INFO REPORT==== 17-Aug-2012::15:21:10 ===
GET / [helpdesk] 200 156ms

=INFO REPORT==== 17-Aug-2012::15:21:12 ===
Loading routes from "/home/simba/hacking/erlang/helpdesk/priv/helpdesk.routes" ....

=INFO REPORT==== 17-Aug-2012::15:21:12 ===
GET /user/register [helpdesk] 200 158ms

=INFO REPORT==== 17-Aug-2012::15:21:14 ===
Loading routes from "/home/simba/hacking/erlang/helpdesk/priv/helpdesk.routes" ....

=INFO REPORT==== 17-Aug-2012::15:21:14 ===
GET /user/login [helpdesk] 200 162ms

=INFO REPORT==== 17-Aug-2012::15:21:17 ===
GET /admin/model/events/1345195247660666 [cb_admin] 200 30001ms

=INFO REPORT==== 17-Aug-2012::15:21:18 ===
Loading routes from "/home/simba/hacking/erlang/helpdesk/priv/helpdesk.routes" ....

=ERROR REPORT==== 17-Aug-2012::15:21:18 ===
{function_clause,[{proplists,get_value,[limit,1,all]},
                  {boss_db,find,3},
                  {helpdesk_user_controller,login,3},
                  {boss_web_controller,execute_action,5},
                  {boss_web_controller,process_request,5},
                  {timer,tc,3},
                  {boss_web_controller,handle_request,3},
                  {mochiweb_http,headers,5}]}

=ERROR REPORT==== 17-Aug-2012::15:21:18 ===
POST /user/login [helpdesk] 500 151ms

=INFO REPORT==== 17-Aug-2012::15:21:19 ===
GET /admin/model/events/1345195249187059 [cb_admin] 200 30001ms

=INFO REPORT==== 17-Aug-2012::15:21:33 ===
GET /admin/model/events/1345195263449599 [cb_admin] 200 30000ms

=INFO REPORT==== 17-Aug-2012::15:21:35 ===
GET /admin/model/events/1345195265516220 [cb_admin] 200 30000ms

=INFO REPORT==== 17-Aug-2012::15:27:49 ===
Loading routes from "/home/simba/hacking/erlang/helpdesk/priv/helpdesk.routes" ....

=INFO REPORT==== 17-Aug-2012::15:27:49 ===
GET /user/login [helpdesk] 200 158ms

=INFO REPORT==== 17-Aug-2012::15:27:50 ===
Loading routes from "/home/simba/hacking/erlang/helpdesk/priv/helpdesk.routes" ....

=INFO REPORT==== 17-Aug-2012::15:27:50 ===
GET /user/register [helpdesk] 200 161ms

=INFO REPORT==== 17-Aug-2012::15:27:51 ===
Loading routes from "/home/simba/hacking/erlang/helpdesk/priv/helpdesk.routes" ....

=INFO REPORT==== 17-Aug-2012::15:27:51 ===
GET /user/login [helpdesk] 200 155ms

=INFO REPORT==== 17-Aug-2012::15:27:53 ===
Loading routes from "/home/simba/hacking/erlang/helpdesk/priv/helpdesk.routes" ....

=INFO REPORT==== 17-Aug-2012::15:27:53 ===
GET /user/register [helpdesk] 200 167ms

=INFO REPORT==== 17-Aug-2012::15:28:01 ===
Loading routes from "/home/simba/hacking/erlang/helpdesk/priv/helpdesk.routes" ....

=INFO REPORT==== 17-Aug-2012::15:28:01 ===
POST /user/register [helpdesk] 200 196ms

=INFO REPORT==== 17-Aug-2012::15:28:04 ===
Loading routes from "/home/simba/hacking/erlang/helpdesk/priv/helpdesk.routes" ....

=INFO REPORT==== 17-Aug-2012::15:28:04 ===
GET /user/login [helpdesk] 200 164ms

=INFO REPORT==== 17-Aug-2012::15:28:10 ===
Loading routes from "/home/simba/hacking/erlang/helpdesk/priv/helpdesk.routes" ....

=ERROR REPORT==== 17-Aug-2012::15:28:10 ===
{function_clause,[{proplists,get_value,[limit,1,all]},
                  {boss_db,find,3},
                  {helpdesk_user_controller,login,3},
                  {boss_web_controller,execute_action,5},
                  {boss_web_controller,process_request,5},
                  {timer,tc,3},
                  {boss_web_controller,handle_request,3},
                  {mochiweb_http,headers,5}]}

=ERROR REPORT==== 17-Aug-2012::15:28:10 ===
POST /user/login [helpdesk] 500 158ms

=INFO REPORT==== 17-Aug-2012::15:29:38 ===
Loading routes from "/home/simba/hacking/erlang/helpdesk/priv/helpdesk.routes" ....

=ERROR REPORT==== 17-Aug-2012::15:29:38 ===
{function_clause,[{proplists,get_value,[limit,1,all]},
                  {boss_db,find,3},
                  {helpdesk_user_controller,login,3},
                  {boss_web_controller,execute_action,5},
                  {boss_web_controller,process_request,5},
                  {timer,tc,3},
                  {boss_web_controller,handle_request,3},
                  {mochiweb_http,headers,5}]}

=ERROR REPORT==== 17-Aug-2012::15:29:38 ===
POST /user/login [helpdesk] 500 157ms

=INFO REPORT==== 17-Aug-2012::15:29:41 ===
Loading routes from "/home/simba/hacking/erlang/helpdesk/priv/helpdesk.routes" ....

=INFO REPORT==== 17-Aug-2012::15:29:41 ===
GET /user/register [helpdesk] 200 160ms

=INFO REPORT==== 17-Aug-2012::15:29:49 ===
Loading routes from "/home/simba/hacking/erlang/helpdesk/priv/helpdesk.routes" ....

=INFO REPORT==== 17-Aug-2012::15:29:49 ===
POST /user/register [helpdesk] 200 189ms

=INFO REPORT==== 17-Aug-2012::16:06:47 ===
Loading routes from "/home/simba/hacking/erlang/helpdesk/priv/helpdesk.routes" ....

=INFO REPORT==== 17-Aug-2012::16:06:47 ===
GET /user/register [helpdesk] 200 157ms

=INFO REPORT==== 17-Aug-2012::16:06:58 ===
Loading routes from "/home/simba/hacking/erlang/helpdesk/priv/helpdesk.routes" ....

=INFO REPORT==== 17-Aug-2012::16:06:59 ===
GET /user/login [helpdesk] 200 164ms

=INFO REPORT==== 17-Aug-2012::16:07:04 ===
Loading routes from "/home/simba/hacking/erlang/helpdesk/priv/helpdesk.routes" ....

=ERROR REPORT==== 17-Aug-2012::16:07:04 ===
{function_clause,[{proplists,get_value,[limit,1,all]},
                  {boss_db,find,3},
                  {helpdesk_user_controller,login,3},
                  {boss_web_controller,execute_action,5},
                  {boss_web_controller,process_request,5},
                  {timer,tc,3},
                  {boss_web_controller,handle_request,3},
                  {mochiweb_http,headers,5}]}

=ERROR REPORT==== 17-Aug-2012::16:07:04 ===
POST /user/login [helpdesk] 500 170ms

=INFO REPORT==== 17-Aug-2012::16:09:23 ===
Loading routes from "/home/simba/hacking/erlang/helpdesk/priv/helpdesk.routes" ....

=INFO REPORT==== 17-Aug-2012::16:09:23 ===
POST /user/login [helpdesk] 302 171ms

=INFO REPORT==== 17-Aug-2012::16:09:23 ===
Loading routes from "/home/simba/hacking/erlang/helpdesk/priv/helpdesk.routes" ....

=INFO REPORT==== 17-Aug-2012::16:09:23 ===
GET / [helpdesk] 200 159ms

=INFO REPORT==== 17-Aug-2012::16:09:31 ===
Loading routes from "/home/simba/hacking/erlang/helpdesk/priv/helpdesk.routes" ....

=INFO REPORT==== 17-Aug-2012::16:09:31 ===
GET / [helpdesk] 200 169ms

=INFO REPORT==== 17-Aug-2012::16:09:31 ===
Loading routes from "/home/simba/hacking/erlang/helpdesk/priv/helpdesk.routes" ....

=INFO REPORT==== 17-Aug-2012::16:09:32 ===
GET /about [helpdesk] 200 161ms

=INFO REPORT==== 17-Aug-2012::16:09:33 ===
Loading routes from "/home/simba/hacking/erlang/helpdesk/priv/helpdesk.routes" ....

=INFO REPORT==== 17-Aug-2012::16:09:33 ===
GET /user/register [helpdesk] 200 165ms

=INFO REPORT==== 17-Aug-2012::16:09:34 ===
Loading routes from "/home/simba/hacking/erlang/helpdesk/priv/helpdesk.routes" ....

=INFO REPORT==== 17-Aug-2012::16:09:34 ===
GET /user/login [helpdesk] 200 161ms

=INFO REPORT==== 17-Aug-2012::16:09:41 ===
Loading routes from "/home/simba/hacking/erlang/helpdesk/priv/helpdesk.routes" ....

=INFO REPORT==== 17-Aug-2012::16:09:41 ===
POST /user/login [helpdesk] 302 159ms

=INFO REPORT==== 17-Aug-2012::16:09:41 ===
Loading routes from "/home/simba/hacking/erlang/helpdesk/priv/helpdesk.routes" ....

=INFO REPORT==== 17-Aug-2012::16:09:42 ===
GET / [helpdesk] 200 158ms

=INFO REPORT==== 17-Aug-2012::16:09:49 ===
Loading routes from "/home/simba/hacking/erlang/helpdesk/priv/helpdesk.routes" ....

=INFO REPORT==== 17-Aug-2012::16:09:49 ===
GET /about [helpdesk] 200 171ms

=INFO REPORT==== 17-Aug-2012::16:09:49 ===
Loading routes from "/home/simba/hacking/erlang/helpdesk/priv/helpdesk.routes" ....

=INFO REPORT==== 17-Aug-2012::16:09:50 ===
GET / [helpdesk] 200 162ms

=INFO REPORT==== 17-Aug-2012::16:09:58 ===
Loading routes from "/home/simba/hacking/erlang/helpdesk/priv/helpdesk.routes" ....

=INFO REPORT==== 17-Aug-2012::16:09:58 ===
GET /user/register [helpdesk] 200 162ms

=INFO REPORT==== 17-Aug-2012::16:10:03 ===
Loading routes from "/home/simba/hacking/erlang/helpdesk/priv/helpdesk.routes" ....

=INFO REPORT==== 17-Aug-2012::16:10:03 ===
POST /user/register [helpdesk] 200 187ms

=INFO REPORT==== 17-Aug-2012::16:10:05 ===
Loading routes from "/home/simba/hacking/erlang/helpdesk/priv/helpdesk.routes" ....

=INFO REPORT==== 17-Aug-2012::16:10:06 ===
GET /user/login [helpdesk] 200 163ms

=INFO REPORT==== 17-Aug-2012::16:10:09 ===
Loading routes from "/home/simba/hacking/erlang/helpdesk/priv/helpdesk.routes" ....

=ERROR REPORT==== 17-Aug-2012::16:10:10 ===
{{case_clause,[{cl_user,"cl_user-5",<<"qw">>,<<"qw">>,"123"},
               {cl_user,"cl_user-7",<<>>,<<"qw">>,"qw"}]},
 [{helpdesk_user_controller,login,3},
  {boss_web_controller,execute_action,5},
  {boss_web_controller,process_request,5},
  {timer,tc,3},
  {boss_web_controller,handle_request,3},
  {mochiweb_http,headers,5},
  {proc_lib,init_p_do_apply,3}]}

=ERROR REPORT==== 17-Aug-2012::16:10:10 ===
POST /user/login [helpdesk] 500 164ms

=INFO REPORT==== 17-Aug-2012::16:10:14 ===
Loading routes from "/home/simba/hacking/erlang/helpdesk/priv/helpdesk.routes" ....

=INFO REPORT==== 17-Aug-2012::16:10:14 ===
GET / [helpdesk] 200 179ms

=INFO REPORT==== 17-Aug-2012::16:10:32 ===
GET /admin [cb_admin] 200 2ms

=INFO REPORT==== 17-Aug-2012::16:10:34 ===
GET /admin/model/model [cb_admin] 200 4ms

=INFO REPORT==== 17-Aug-2012::16:10:35 ===
GET /admin/model/model/cl_user [cb_admin] 200 12ms

=INFO REPORT==== 17-Aug-2012::16:10:35 ===
POST /admin/model/watch [cb_admin] 200 0ms

=INFO REPORT==== 17-Aug-2012::16:11:05 ===
GET /admin/model/events/1345198235643704 [cb_admin] 200 30001ms

=INFO REPORT==== 17-Aug-2012::16:11:05 ===
POST /admin/model/heartbeat/7 [cb_admin] 200 0ms

=INFO REPORT==== 17-Aug-2012::16:11:35 ===
POST /admin/model/heartbeat/7 [cb_admin] 200 0ms

=INFO REPORT==== 17-Aug-2012::16:11:35 ===
GET /admin/model/events/1345198235825411 [cb_admin] 200 30003ms

=INFO REPORT==== 17-Aug-2012::16:12:05 ===
POST /admin/model/heartbeat/7 [cb_admin] 200 0ms

=INFO REPORT==== 17-Aug-2012::16:12:05 ===
GET /admin/model/events/1345198265840043 [cb_admin] 200 30000ms

=ERROR REPORT==== 17-Aug-2012::16:12:26 ===
** Generic server <0.65.0> terminating 
** Last message in was {find,cl_user,
                             [{username,equals,"qw"}],
                             true,0,id,ascending}
** When Server state == {state,boss_db_adapter_pgsql,<0.66.0>,[],
                               {dict,0,16,16,8,80,48,
                                     {[],[],[],[],[],[],[],[],[],[],[],[],[],
                                      [],[],[]},
                                     {{[],[],[],[],[],[],[],[],[],[],[],[],[],
                                       [],[],[]}}},
                               false,60,db,0}
** Reason for termination == 
** {function_clause,
       [{boss_db_adapter_pgsql,find,
            [<0.66.0>,cl_user,[{username,equals,"qw"}],true,0,id,ascending]},
        {boss_db_controller,handle_call,3},
        {gen_server,handle_msg,5},
        {proc_lib,init_p_do_apply,3}]}

=ERROR REPORT==== 17-Aug-2012::16:12:31 ===
** Generic server <0.70.0> terminating 
** Last message in was {find,cl_user,
                             [{username,equals,"qw"}],
                             true,0,id,ascending}
** When Server state == {state,boss_db_adapter_pgsql,<0.71.0>,[],
                               {dict,0,16,16,8,80,48,
                                     {[],[],[],[],[],[],[],[],[],[],[],[],[],
                                      [],[],[]},
                                     {{[],[],[],[],[],[],[],[],[],[],[],[],[],
                                       [],[],[]}}},
                               false,60,db,0}
** Reason for termination == 
** {function_clause,
       [{boss_db_adapter_pgsql,find,
            [<0.71.0>,cl_user,[{username,equals,"qw"}],true,0,id,ascending]},
        {boss_db_controller,handle_call,3},
        {gen_server,handle_msg,5},
        {proc_lib,init_p_do_apply,3}]}

=INFO REPORT==== 17-Aug-2012::16:12:35 ===
POST /admin/model/heartbeat/7 [cb_admin] 200 0ms

=INFO REPORT==== 17-Aug-2012::16:12:35 ===
GET /admin/model/events/1345198295888938 [cb_admin] 200 30001ms

=INFO REPORT==== 17-Aug-2012::16:12:47 ===
GET /admin/model/show/cl_user-5 [cb_admin] 200 8ms

=INFO REPORT==== 17-Aug-2012::16:12:47 ===
POST /admin/model/watch [cb_admin] 200 0ms

=INFO REPORT==== 17-Aug-2012::16:12:48 ===
GET /admin/model/delete/cl_user-5 [cb_admin] 200 4ms

=INFO REPORT==== 17-Aug-2012::16:12:49 ===
POST /admin/model/delete/cl_user-5 [cb_admin] 302 39ms

=INFO REPORT==== 17-Aug-2012::16:12:49 ===
GET /admin/model/model/cl_user [cb_admin] 200 6ms

=INFO REPORT==== 17-Aug-2012::16:12:49 ===
POST /admin/model/watch [cb_admin] 200 0ms

=INFO REPORT==== 17-Aug-2012::16:12:52 ===
Loading routes from "/home/simba/hacking/erlang/helpdesk/priv/helpdesk.routes" ....

=INFO REPORT==== 17-Aug-2012::16:12:52 ===
GET / [helpdesk] 200 171ms

=INFO REPORT==== 17-Aug-2012::16:12:54 ===
Loading routes from "/home/simba/hacking/erlang/helpdesk/priv/helpdesk.routes" ....

=INFO REPORT==== 17-Aug-2012::16:12:54 ===
GET /user/login [helpdesk] 200 168ms

=INFO REPORT==== 17-Aug-2012::16:12:57 ===
Loading routes from "/home/simba/hacking/erlang/helpdesk/priv/helpdesk.routes" ....

=INFO REPORT==== 17-Aug-2012::16:12:58 ===
POST /user/login [helpdesk] 302 165ms

=INFO REPORT==== 17-Aug-2012::16:12:58 ===
Loading routes from "/home/simba/hacking/erlang/helpdesk/priv/helpdesk.routes" ....

=INFO REPORT==== 17-Aug-2012::16:12:58 ===
GET / [helpdesk] 200 162ms

=INFO REPORT==== 17-Aug-2012::16:13:05 ===
GET /admin/model/events/1345198325938274 [cb_admin] 200 30001ms

=INFO REPORT==== 17-Aug-2012::16:13:17 ===
GET /admin/model/events/1345198367021505 [cb_admin] 200 30000ms

=INFO REPORT==== 17-Aug-2012::16:13:19 ===
GET /admin/model/events/1345198369139852 [cb_admin] 200 30001ms
