
=INFO REPORT==== 16-Oct-2012::15:00:14 ===
Starting Boss in development mode....

=INFO REPORT==== 16-Oct-2012::15:00:14 ===
Starting master services on 'helpdesk@simba-Aspire-4920'

=INFO REPORT==== 16-Oct-2012::15:00:14 ===
SSL:[]

=INFO REPORT==== 16-Oct-2012::15:00:14 ===
Loading routes from "../cb_admin/priv/cb_admin.routes" ....

=INFO REPORT==== 16-Oct-2012::15:00:14 ===
Loading routes from "/home/simba/hacking/erlang/helpdesk/priv/helpdesk.routes" ....

=INFO REPORT==== 16-Oct-2012::15:00:17 ===
Loading routes from "/home/simba/hacking/erlang/helpdesk/priv/helpdesk.routes" ....

=INFO REPORT==== 16-Oct-2012::15:00:18 ===
GET /depart/index [helpdesk] 200 288ms

=INFO REPORT==== 16-Oct-2012::15:00:19 ===
Loading routes from "/home/simba/hacking/erlang/helpdesk/priv/helpdesk.routes" ....

=INFO REPORT==== 16-Oct-2012::15:00:19 ===
GET /depart/request/depart-8 [helpdesk] 200 238ms

=INFO REPORT==== 16-Oct-2012::15:00:25 ===
Loading routes from "/home/simba/hacking/erlang/helpdesk/priv/helpdesk.routes" ....

=INFO REPORT==== 16-Oct-2012::15:00:25 ===
GET /depart/index [helpdesk] 200 284ms

=INFO REPORT==== 16-Oct-2012::15:00:29 ===
Loading routes from "/home/simba/hacking/erlang/helpdesk/priv/helpdesk.routes" ....

=INFO REPORT==== 16-Oct-2012::15:00:29 ===
GET /depart/request/depart-12 [helpdesk] 200 701ms

=INFO REPORT==== 16-Oct-2012::15:01:25 ===
Loading routes from "/home/simba/hacking/erlang/helpdesk/priv/helpdesk.routes" ....

=INFO REPORT==== 16-Oct-2012::15:01:25 ===
GET /depart/index [helpdesk] 200 313ms

=INFO REPORT==== 16-Oct-2012::15:01:29 ===
Loading routes from "/home/simba/hacking/erlang/helpdesk/priv/helpdesk.routes" ....

=INFO REPORT==== 16-Oct-2012::15:01:29 ===
GET /depart/request/depart-18 [helpdesk] 200 248ms

=INFO REPORT==== 16-Oct-2012::15:04:20 ===
Loading routes from "/home/simba/hacking/erlang/helpdesk/priv/helpdesk.routes" ....

=INFO REPORT==== 16-Oct-2012::15:04:21 ===
GET /about [helpdesk] 200 222ms

=INFO REPORT==== 16-Oct-2012::15:04:24 ===
Loading routes from "/home/simba/hacking/erlang/helpdesk/priv/helpdesk.routes" ....

=INFO REPORT==== 16-Oct-2012::15:04:24 ===
GET /depart/index [helpdesk] 200 296ms

=INFO REPORT==== 16-Oct-2012::15:04:30 ===
Loading routes from "/home/simba/hacking/erlang/helpdesk/priv/helpdesk.routes" ....

=INFO REPORT==== 16-Oct-2012::15:04:31 ===
GET /depart/request/depart-22 [helpdesk] 200 232ms

=INFO REPORT==== 16-Oct-2012::15:04:39 ===
Loading routes from "/home/simba/hacking/erlang/helpdesk/priv/helpdesk.routes" ....

=INFO REPORT==== 16-Oct-2012::15:04:40 ===
GET /main/depart_request [helpdesk] 200 1176ms

=INFO REPORT==== 16-Oct-2012::15:04:43 ===
Loading routes from "/home/simba/hacking/erlang/helpdesk/priv/helpdesk.routes" ....

=INFO REPORT==== 16-Oct-2012::15:04:43 ===
GET /main/user_request [helpdesk] 200 320ms

=INFO REPORT==== 16-Oct-2012::15:04:45 ===
Loading routes from "/home/simba/hacking/erlang/helpdesk/priv/helpdesk.routes" ....

=INFO REPORT==== 16-Oct-2012::15:04:45 ===
GET /depart/index [helpdesk] 200 286ms

=INFO REPORT==== 16-Oct-2012::15:04:51 ===
Loading routes from "/home/simba/hacking/erlang/helpdesk/priv/helpdesk.routes" ....

=INFO REPORT==== 16-Oct-2012::15:04:51 ===
GET /depart/request/depart-6 [helpdesk] 200 243ms

=INFO REPORT==== 16-Oct-2012::15:05:44 ===
Loading routes from "/home/simba/hacking/erlang/helpdesk/priv/helpdesk.routes" ....

=INFO REPORT==== 16-Oct-2012::15:05:44 ===
GET /depart/index [helpdesk] 200 312ms

=INFO REPORT==== 16-Oct-2012::15:05:47 ===
Loading routes from "/home/simba/hacking/erlang/helpdesk/priv/helpdesk.routes" ....

=INFO REPORT==== 16-Oct-2012::15:05:47 ===
GET /depart/request/depart-23 [helpdesk] 200 212ms

=INFO REPORT==== 16-Oct-2012::15:08:46 ===
Loading routes from "/home/simba/hacking/erlang/helpdesk/priv/helpdesk.routes" ....

=INFO REPORT==== 16-Oct-2012::15:08:46 ===
GET /depart/index [helpdesk] 200 291ms

=INFO REPORT==== 16-Oct-2012::15:08:50 ===
Loading routes from "/home/simba/hacking/erlang/helpdesk/priv/helpdesk.routes" ....

=ERROR REPORT==== 16-Oct-2012::15:08:51 ===
GET /depart/request/depart-23 [helpdesk] 404 475ms

=INFO REPORT==== 16-Oct-2012::15:08:55 ===
Loading routes from "/home/simba/hacking/erlang/helpdesk/priv/helpdesk.routes" ....

=ERROR REPORT==== 16-Oct-2012::15:08:55 ===
GET /depart/request/depart-22 [helpdesk] 404 443ms

=INFO REPORT==== 16-Oct-2012::15:09:20 ===
Loading routes from "/home/simba/hacking/erlang/helpdesk/priv/helpdesk.routes" ....

=INFO REPORT==== 16-Oct-2012::15:09:20 ===
GET /depart/request/depart-11 [helpdesk] 200 372ms

=INFO REPORT==== 16-Oct-2012::15:10:38 ===
Loading routes from "/home/simba/hacking/erlang/helpdesk/priv/helpdesk.routes" ....

=INFO REPORT==== 16-Oct-2012::15:10:39 ===
GET /depart/index [helpdesk] 200 275ms

=INFO REPORT==== 16-Oct-2012::15:10:40 ===
Loading routes from "/home/simba/hacking/erlang/helpdesk/priv/helpdesk.routes" ....

=ERROR REPORT==== 16-Oct-2012::15:10:41 ===
GET /depart/request/depart-8 [helpdesk] 404 436ms

=INFO REPORT==== 16-Oct-2012::15:12:35 ===
Loading routes from "/home/simba/hacking/erlang/helpdesk/priv/helpdesk.routes" ....

=INFO REPORT==== 16-Oct-2012::15:12:35 ===
GET /depart/request/depart-8 [helpdesk] 200 328ms

=INFO REPORT==== 16-Oct-2012::15:12:58 ===
Loading routes from "/home/simba/hacking/erlang/helpdesk/priv/helpdesk.routes" ....

=INFO REPORT==== 16-Oct-2012::15:12:58 ===
GET /depart/index [helpdesk] 200 282ms

=INFO REPORT==== 16-Oct-2012::15:13:02 ===
Loading routes from "/home/simba/hacking/erlang/helpdesk/priv/helpdesk.routes" ....

=INFO REPORT==== 16-Oct-2012::15:13:02 ===
GET /depart/request/depart-10 [helpdesk] 200 365ms

=INFO REPORT==== 16-Oct-2012::15:13:11 ===
GET /admin [cb_admin] 200 44ms

=INFO REPORT==== 16-Oct-2012::15:13:13 ===
GET /admin/model/model [cb_admin] 200 28ms

=INFO REPORT==== 16-Oct-2012::15:13:16 ===
GET /admin/model/model/cl_user [cb_admin] 200 63ms

=INFO REPORT==== 16-Oct-2012::15:13:16 ===
POST /admin/model/watch [cb_admin] 200 26ms

=INFO REPORT==== 16-Oct-2012::15:13:46 ===
POST /admin/model/heartbeat/1 [cb_admin] 200 0ms

=INFO REPORT==== 16-Oct-2012::15:13:46 ===
GET /admin/model/events/1350378796552242 [cb_admin] 200 30000ms

=INFO REPORT==== 16-Oct-2012::15:14:16 ===
POST /admin/model/heartbeat/1 [cb_admin] 200 0ms

=INFO REPORT==== 16-Oct-2012::15:14:16 ===
GET /admin/model/events/1350378796894748 [cb_admin] 200 30001ms

=INFO REPORT==== 16-Oct-2012::15:14:46 ===
POST /admin/model/heartbeat/1 [cb_admin] 200 0ms

=INFO REPORT==== 16-Oct-2012::15:14:46 ===
GET /admin/model/events/1350378826910202 [cb_admin] 200 30000ms

=INFO REPORT==== 16-Oct-2012::15:15:16 ===
POST /admin/model/heartbeat/1 [cb_admin] 200 0ms

=INFO REPORT==== 16-Oct-2012::15:15:16 ===
GET /admin/model/events/1350378856956772 [cb_admin] 200 30000ms

=INFO REPORT==== 16-Oct-2012::15:15:46 ===
POST /admin/model/heartbeat/1 [cb_admin] 200 0ms

=INFO REPORT==== 16-Oct-2012::15:15:47 ===
GET /admin/model/events/1350378887002760 [cb_admin] 200 30001ms

=INFO REPORT==== 16-Oct-2012::15:16:16 ===
POST /admin/model/heartbeat/1 [cb_admin] 200 0ms

=INFO REPORT==== 16-Oct-2012::15:16:17 ===
GET /admin/model/events/1350378917048443 [cb_admin] 200 30001ms

=INFO REPORT==== 16-Oct-2012::15:16:46 ===
POST /admin/model/heartbeat/1 [cb_admin] 200 0ms

=INFO REPORT==== 16-Oct-2012::15:16:47 ===
GET /admin/model/events/1350378947096117 [cb_admin] 200 30001ms

=INFO REPORT==== 16-Oct-2012::15:17:16 ===
POST /admin/model/heartbeat/1 [cb_admin] 200 0ms

=INFO REPORT==== 16-Oct-2012::15:17:17 ===
GET /admin/model/events/1350378977141531 [cb_admin] 200 30000ms

=INFO REPORT==== 16-Oct-2012::15:17:46 ===
POST /admin/model/heartbeat/1 [cb_admin] 200 0ms

=INFO REPORT==== 16-Oct-2012::15:17:47 ===
GET /admin/model/events/1350379007190909 [cb_admin] 200 30000ms

=INFO REPORT==== 16-Oct-2012::15:18:16 ===
POST /admin/model/heartbeat/1 [cb_admin] 200 0ms

=INFO REPORT==== 16-Oct-2012::15:18:17 ===
GET /admin/model/events/1350379037239641 [cb_admin] 200 30001ms

=INFO REPORT==== 16-Oct-2012::15:18:46 ===
POST /admin/model/heartbeat/1 [cb_admin] 200 0ms

=INFO REPORT==== 16-Oct-2012::15:18:47 ===
GET /admin/model/events/1350379067285223 [cb_admin] 200 30001ms

=INFO REPORT==== 16-Oct-2012::15:19:16 ===
POST /admin/model/heartbeat/1 [cb_admin] 200 0ms

=INFO REPORT==== 16-Oct-2012::15:19:17 ===
GET /admin/model/events/1350379097335049 [cb_admin] 200 30000ms

=INFO REPORT==== 16-Oct-2012::15:19:46 ===
POST /admin/model/heartbeat/1 [cb_admin] 200 0ms

=INFO REPORT==== 16-Oct-2012::15:19:47 ===
GET /admin/model/events/1350379127380823 [cb_admin] 200 30001ms

=INFO REPORT==== 16-Oct-2012::15:20:16 ===
POST /admin/model/heartbeat/1 [cb_admin] 200 0ms

=INFO REPORT==== 16-Oct-2012::15:20:17 ===
GET /admin/model/events/1350379157426389 [cb_admin] 200 30001ms

=INFO REPORT==== 16-Oct-2012::15:20:46 ===
POST /admin/model/heartbeat/1 [cb_admin] 200 0ms

=INFO REPORT==== 16-Oct-2012::15:20:47 ===
GET /admin/model/events/1350379187472994 [cb_admin] 200 30001ms

=INFO REPORT==== 16-Oct-2012::15:21:16 ===
POST /admin/model/heartbeat/1 [cb_admin] 200 0ms

=INFO REPORT==== 16-Oct-2012::15:21:17 ===
GET /admin/model/events/1350379217520301 [cb_admin] 200 30001ms

=INFO REPORT==== 16-Oct-2012::15:21:46 ===
POST /admin/model/heartbeat/1 [cb_admin] 200 0ms

=INFO REPORT==== 16-Oct-2012::15:21:47 ===
GET /admin/model/events/1350379247571049 [cb_admin] 200 30000ms

=INFO REPORT==== 16-Oct-2012::15:22:16 ===
POST /admin/model/heartbeat/1 [cb_admin] 200 0ms

=INFO REPORT==== 16-Oct-2012::15:22:17 ===
GET /admin/model/events/1350379277618736 [cb_admin] 200 30000ms

=INFO REPORT==== 16-Oct-2012::15:22:46 ===
POST /admin/model/heartbeat/1 [cb_admin] 200 0ms

=INFO REPORT==== 16-Oct-2012::15:22:47 ===
GET /admin/model/events/1350379307664613 [cb_admin] 200 30000ms

=INFO REPORT==== 16-Oct-2012::15:23:16 ===
POST /admin/model/heartbeat/1 [cb_admin] 200 0ms

=INFO REPORT==== 16-Oct-2012::15:23:17 ===
GET /admin/model/events/1350379337715845 [cb_admin] 200 30001ms

=INFO REPORT==== 16-Oct-2012::15:23:46 ===
POST /admin/model/heartbeat/1 [cb_admin] 200 0ms

=INFO REPORT==== 16-Oct-2012::15:23:47 ===
GET /admin/model/events/1350379367761059 [cb_admin] 200 30000ms

=INFO REPORT==== 16-Oct-2012::15:24:16 ===
POST /admin/model/heartbeat/1 [cb_admin] 200 0ms

=INFO REPORT==== 16-Oct-2012::15:24:17 ===
GET /admin/model/events/1350379397809791 [cb_admin] 200 30001ms

=INFO REPORT==== 16-Oct-2012::15:24:46 ===
POST /admin/model/heartbeat/1 [cb_admin] 200 0ms

=INFO REPORT==== 16-Oct-2012::15:24:47 ===
GET /admin/model/events/1350379427856206 [cb_admin] 200 30001ms

=INFO REPORT==== 16-Oct-2012::15:25:16 ===
POST /admin/model/heartbeat/1 [cb_admin] 200 0ms

=INFO REPORT==== 16-Oct-2012::15:25:17 ===
GET /admin/model/events/1350379457908178 [cb_admin] 200 30001ms

=INFO REPORT==== 16-Oct-2012::15:25:47 ===
POST /admin/model/heartbeat/1 [cb_admin] 200 0ms

=INFO REPORT==== 16-Oct-2012::15:25:47 ===
GET /admin/model/events/1350379487955402 [cb_admin] 200 30000ms

=INFO REPORT==== 16-Oct-2012::15:26:17 ===
POST /admin/model/heartbeat/1 [cb_admin] 200 0ms

=INFO REPORT==== 16-Oct-2012::15:26:18 ===
GET /admin/model/events/1350379518000904 [cb_admin] 200 30001ms

=INFO REPORT==== 16-Oct-2012::15:26:47 ===
POST /admin/model/heartbeat/1 [cb_admin] 200 0ms

=INFO REPORT==== 16-Oct-2012::15:26:48 ===
GET /admin/model/events/1350379548044192 [cb_admin] 200 30001ms

=INFO REPORT==== 16-Oct-2012::15:27:17 ===
POST /admin/model/heartbeat/1 [cb_admin] 200 0ms

=INFO REPORT==== 16-Oct-2012::15:27:18 ===
GET /admin/model/events/1350379578092462 [cb_admin] 200 30001ms

=INFO REPORT==== 16-Oct-2012::15:27:47 ===
POST /admin/model/heartbeat/1 [cb_admin] 200 0ms

=INFO REPORT==== 16-Oct-2012::15:27:48 ===
GET /admin/model/events/1350379608138398 [cb_admin] 200 30000ms

=INFO REPORT==== 16-Oct-2012::15:28:17 ===
POST /admin/model/heartbeat/1 [cb_admin] 200 0ms

=INFO REPORT==== 16-Oct-2012::15:28:18 ===
GET /admin/model/events/1350379638185676 [cb_admin] 200 30000ms

=INFO REPORT==== 16-Oct-2012::15:28:47 ===
POST /admin/model/heartbeat/1 [cb_admin] 200 0ms

=INFO REPORT==== 16-Oct-2012::15:28:48 ===
GET /admin/model/events/1350379668235896 [cb_admin] 200 30000ms

=INFO REPORT==== 16-Oct-2012::15:29:17 ===
POST /admin/model/heartbeat/1 [cb_admin] 200 0ms

=INFO REPORT==== 16-Oct-2012::15:29:18 ===
GET /admin/model/events/1350379698286647 [cb_admin] 200 30001ms

=INFO REPORT==== 16-Oct-2012::15:29:47 ===
POST /admin/model/heartbeat/1 [cb_admin] 200 0ms

=INFO REPORT==== 16-Oct-2012::15:29:48 ===
GET /admin/model/events/1350379728332085 [cb_admin] 200 30001ms

=INFO REPORT==== 16-Oct-2012::15:30:17 ===
POST /admin/model/heartbeat/1 [cb_admin] 200 0ms

=INFO REPORT==== 16-Oct-2012::15:30:18 ===
GET /admin/model/events/1350379758379990 [cb_admin] 200 30001ms

=INFO REPORT==== 16-Oct-2012::15:30:36 ===
GET /admin/model/show/depart-5 [cb_admin] 200 30ms

=INFO REPORT==== 16-Oct-2012::15:30:36 ===
POST /admin/model/watch [cb_admin] 200 0ms

=INFO REPORT==== 16-Oct-2012::15:30:42 ===
POST /admin/model/watch [cb_admin] 200 2ms

=INFO REPORT==== 16-Oct-2012::15:30:48 ===
GET /admin/model/events/1350379788424038 [cb_admin] 200 30001ms

=INFO REPORT==== 16-Oct-2012::15:31:06 ===
GET /admin/model/events/1350379836146566 [cb_admin] 200 30000ms

=INFO REPORT==== 16-Oct-2012::15:31:12 ===
GET /admin/model/events/1350378796552242 [cb_admin] 200 30000ms

=INFO REPORT==== 16-Oct-2012::15:31:12 ===
POST /admin/model/heartbeat/3 [cb_admin] 200 0ms

=INFO REPORT==== 16-Oct-2012::15:31:14 ===
GET /admin/model/csv/cl_user [cb_admin] 200 28ms

=INFO REPORT==== 16-Oct-2012::15:31:42 ===
POST /admin/model/heartbeat/3 [cb_admin] 200 0ms

=INFO REPORT==== 16-Oct-2012::15:31:42 ===
GET /admin/model/events/1350379842607933 [cb_admin] 200 30003ms

=INFO REPORT==== 16-Oct-2012::15:32:12 ===
POST /admin/model/heartbeat/3 [cb_admin] 200 0ms

=INFO REPORT==== 16-Oct-2012::15:32:42 ===
POST /admin/model/heartbeat/3 [cb_admin] 200 0ms

=INFO REPORT==== 16-Oct-2012::15:33:12 ===
POST /admin/model/heartbeat/3 [cb_admin] 200 0ms

=INFO REPORT==== 16-Oct-2012::15:33:42 ===
POST /admin/model/heartbeat/3 [cb_admin] 200 0ms

=INFO REPORT==== 16-Oct-2012::15:34:12 ===
POST /admin/model/heartbeat/3 [cb_admin] 200 0ms

=INFO REPORT==== 16-Oct-2012::15:34:42 ===
POST /admin/model/heartbeat/3 [cb_admin] 200 0ms

=INFO REPORT==== 16-Oct-2012::15:35:12 ===
POST /admin/model/heartbeat/3 [cb_admin] 200 0ms

=INFO REPORT==== 16-Oct-2012::15:35:42 ===
POST /admin/model/heartbeat/3 [cb_admin] 200 0ms

=INFO REPORT==== 16-Oct-2012::15:36:12 ===
POST /admin/model/heartbeat/3 [cb_admin] 200 0ms

=INFO REPORT==== 16-Oct-2012::15:36:42 ===
POST /admin/model/heartbeat/3 [cb_admin] 200 0ms

=INFO REPORT==== 16-Oct-2012::15:37:12 ===
POST /admin/model/heartbeat/3 [cb_admin] 200 0ms

=INFO REPORT==== 16-Oct-2012::15:37:42 ===
POST /admin/model/heartbeat/3 [cb_admin] 200 0ms

=INFO REPORT==== 16-Oct-2012::15:38:12 ===
POST /admin/model/heartbeat/3 [cb_admin] 200 0ms

=INFO REPORT==== 16-Oct-2012::15:38:42 ===
POST /admin/model/heartbeat/3 [cb_admin] 200 0ms

=INFO REPORT==== 16-Oct-2012::15:39:12 ===
POST /admin/model/heartbeat/3 [cb_admin] 200 0ms

=INFO REPORT==== 16-Oct-2012::15:39:42 ===
POST /admin/model/heartbeat/3 [cb_admin] 200 0ms

=INFO REPORT==== 16-Oct-2012::15:40:12 ===
POST /admin/model/heartbeat/3 [cb_admin] 200 0ms

=INFO REPORT==== 16-Oct-2012::15:40:42 ===
POST /admin/model/heartbeat/3 [cb_admin] 200 0ms

=INFO REPORT==== 16-Oct-2012::15:41:12 ===
POST /admin/model/heartbeat/3 [cb_admin] 200 0ms

=INFO REPORT==== 16-Oct-2012::15:41:42 ===
POST /admin/model/heartbeat/3 [cb_admin] 200 0ms

=INFO REPORT==== 16-Oct-2012::15:42:12 ===
POST /admin/model/heartbeat/3 [cb_admin] 200 0ms

=INFO REPORT==== 16-Oct-2012::15:42:42 ===
POST /admin/model/heartbeat/3 [cb_admin] 200 0ms

=INFO REPORT==== 16-Oct-2012::15:43:12 ===
POST /admin/model/heartbeat/3 [cb_admin] 200 0ms

=INFO REPORT==== 16-Oct-2012::15:43:42 ===
POST /admin/model/heartbeat/3 [cb_admin] 200 0ms

=INFO REPORT==== 16-Oct-2012::15:44:12 ===
POST /admin/model/heartbeat/3 [cb_admin] 200 0ms

=INFO REPORT==== 16-Oct-2012::15:44:42 ===
POST /admin/model/heartbeat/3 [cb_admin] 200 0ms

=INFO REPORT==== 16-Oct-2012::15:45:12 ===
POST /admin/model/heartbeat/3 [cb_admin] 200 0ms

=INFO REPORT==== 16-Oct-2012::15:45:42 ===
POST /admin/model/heartbeat/3 [cb_admin] 200 0ms

=INFO REPORT==== 16-Oct-2012::15:46:12 ===
POST /admin/model/heartbeat/3 [cb_admin] 200 0ms

=INFO REPORT==== 16-Oct-2012::15:46:42 ===
POST /admin/model/heartbeat/3 [cb_admin] 200 0ms

=INFO REPORT==== 16-Oct-2012::15:47:12 ===
POST /admin/model/heartbeat/3 [cb_admin] 200 0ms

=INFO REPORT==== 16-Oct-2012::15:47:42 ===
POST /admin/model/heartbeat/3 [cb_admin] 200 0ms

=INFO REPORT==== 16-Oct-2012::15:48:12 ===
POST /admin/model/heartbeat/3 [cb_admin] 200 0ms

=INFO REPORT==== 16-Oct-2012::15:48:42 ===
POST /admin/model/heartbeat/3 [cb_admin] 200 0ms

=INFO REPORT==== 16-Oct-2012::15:49:12 ===
POST /admin/model/heartbeat/3 [cb_admin] 200 0ms

=INFO REPORT==== 16-Oct-2012::15:49:42 ===
POST /admin/model/heartbeat/3 [cb_admin] 200 0ms

=INFO REPORT==== 16-Oct-2012::15:50:12 ===
POST /admin/model/heartbeat/3 [cb_admin] 200 0ms

=INFO REPORT==== 16-Oct-2012::15:50:42 ===
POST /admin/model/heartbeat/3 [cb_admin] 200 0ms

=INFO REPORT==== 16-Oct-2012::15:51:12 ===
POST /admin/model/heartbeat/3 [cb_admin] 200 0ms

=INFO REPORT==== 16-Oct-2012::15:51:42 ===
POST /admin/model/heartbeat/3 [cb_admin] 200 0ms

=INFO REPORT==== 16-Oct-2012::15:52:12 ===
POST /admin/model/heartbeat/3 [cb_admin] 200 0ms

=INFO REPORT==== 16-Oct-2012::15:52:42 ===
POST /admin/model/heartbeat/3 [cb_admin] 200 0ms

=INFO REPORT==== 16-Oct-2012::15:53:12 ===
POST /admin/model/heartbeat/3 [cb_admin] 200 0ms

=INFO REPORT==== 16-Oct-2012::15:53:42 ===
POST /admin/model/heartbeat/3 [cb_admin] 200 0ms

=INFO REPORT==== 16-Oct-2012::15:54:12 ===
POST /admin/model/heartbeat/3 [cb_admin] 200 0ms

=INFO REPORT==== 16-Oct-2012::15:54:42 ===
POST /admin/model/heartbeat/3 [cb_admin] 200 0ms

=INFO REPORT==== 16-Oct-2012::15:55:12 ===
POST /admin/model/heartbeat/3 [cb_admin] 200 0ms

=INFO REPORT==== 16-Oct-2012::15:55:27 ===
Loading routes from "/home/simba/hacking/erlang/helpdesk/priv/helpdesk.routes" ....

=INFO REPORT==== 16-Oct-2012::15:55:28 ===
GET / [helpdesk] 200 221ms

=INFO REPORT==== 16-Oct-2012::15:55:55 ===
Loading routes from "/home/simba/hacking/erlang/helpdesk/priv/helpdesk.routes" ....

=INFO REPORT==== 16-Oct-2012::15:55:55 ===
GET /depart/index [helpdesk] 200 301ms

=INFO REPORT==== 16-Oct-2012::15:55:56 ===
Loading routes from "/home/simba/hacking/erlang/helpdesk/priv/helpdesk.routes" ....

=INFO REPORT==== 16-Oct-2012::15:55:57 ===
GET /depart/request/depart-8 [helpdesk] 200 223ms

=INFO REPORT==== 16-Oct-2012::15:55:59 ===
Loading routes from "/home/simba/hacking/erlang/helpdesk/priv/helpdesk.routes" ....

=INFO REPORT==== 16-Oct-2012::15:56:00 ===
GET /depart/index [helpdesk] 200 300ms

=INFO REPORT==== 16-Oct-2012::15:56:03 ===
Loading routes from "/home/simba/hacking/erlang/helpdesk/priv/helpdesk.routes" ....

=INFO REPORT==== 16-Oct-2012::15:56:04 ===
GET /depart/request/depart-7 [helpdesk] 200 423ms

=INFO REPORT==== 16-Oct-2012::15:57:40 ===
Loading routes from "/home/simba/hacking/erlang/helpdesk/priv/helpdesk.routes" ....

=INFO REPORT==== 16-Oct-2012::15:57:41 ===
GET /depart/request/depart-7 [helpdesk] 200 480ms

=INFO REPORT==== 16-Oct-2012::15:58:06 ===
GET /admin [cb_admin] 200 1ms

=INFO REPORT==== 16-Oct-2012::15:58:08 ===
GET /admin/model/model [cb_admin] 200 3ms

=INFO REPORT==== 16-Oct-2012::15:58:11 ===
GET /admin/model/model/request [cb_admin] 200 91ms

=INFO REPORT==== 16-Oct-2012::15:58:11 ===
POST /admin/model/watch [cb_admin] 200 4ms

=INFO REPORT==== 16-Oct-2012::15:58:18 ===
GET /admin/model/model/depart [cb_admin] 200 15ms

=INFO REPORT==== 16-Oct-2012::15:58:18 ===
POST /admin/model/watch [cb_admin] 200 1ms

=INFO REPORT==== 16-Oct-2012::15:58:41 ===
GET /admin/model/events/1350381491141549 [cb_admin] 200 30000ms

=INFO REPORT==== 16-Oct-2012::15:58:48 ===
POST /admin/model/heartbeat/5 [cb_admin] 200 0ms

=INFO REPORT==== 16-Oct-2012::15:58:48 ===
GET /admin/model/events/1350381498319496 [cb_admin] 200 30000ms

=INFO REPORT==== 16-Oct-2012::15:59:18 ===
POST /admin/model/heartbeat/5 [cb_admin] 200 0ms

=INFO REPORT==== 16-Oct-2012::15:59:18 ===
GET /admin/model/events/1350381498673934 [cb_admin] 200 30001ms

=INFO REPORT==== 16-Oct-2012::15:59:22 ===
GET /admin/model/model [cb_admin] 200 2ms

=INFO REPORT==== 16-Oct-2012::15:59:24 ===
GET /admin/model/model/depart [cb_admin] 200 19ms

=INFO REPORT==== 16-Oct-2012::15:59:24 ===
POST /admin/model/watch [cb_admin] 200 1ms

=INFO REPORT==== 16-Oct-2012::15:59:27 ===
GET /doc/depart [helpdesk] 200 293ms

=ERROR REPORT==== 16-Oct-2012::15:59:27 ===
GET /doc/stylesheet.css [helpdesk] 404 0ms

=ERROR REPORT==== 16-Oct-2012::15:59:27 ===
GET /doc/erlang.png [helpdesk] 404 0ms

=INFO REPORT==== 16-Oct-2012::15:59:48 ===
GET /admin/model/events/1350381528689242 [cb_admin] 200 30001ms

=INFO REPORT==== 16-Oct-2012::15:59:54 ===
GET /admin/model/events/1350381564557024 [cb_admin] 200 30001ms

=INFO REPORT==== 16-Oct-2012::16:01:36 ===
Loading routes from "/home/simba/hacking/erlang/helpdesk/priv/helpdesk.routes" ....

=INFO REPORT==== 16-Oct-2012::16:01:36 ===
GET / [helpdesk] 200 223ms

=INFO REPORT==== 16-Oct-2012::16:01:38 ===
Loading routes from "/home/simba/hacking/erlang/helpdesk/priv/helpdesk.routes" ....

=INFO REPORT==== 16-Oct-2012::16:01:38 ===
GET /depart/index [helpdesk] 200 308ms

=INFO REPORT==== 16-Oct-2012::16:01:40 ===
Loading routes from "/home/simba/hacking/erlang/helpdesk/priv/helpdesk.routes" ....

=INFO REPORT==== 16-Oct-2012::16:01:40 ===
GET /depart/request/depart-8 [helpdesk] 200 229ms

=INFO REPORT==== 16-Oct-2012::16:02:18 ===
Loading routes from "/home/simba/hacking/erlang/helpdesk/priv/helpdesk.routes" ....

=INFO REPORT==== 16-Oct-2012::16:02:19 ===
GET /depart/request/depart-8 [helpdesk] 200 333ms

=INFO REPORT==== 16-Oct-2012::16:02:23 ===
Loading routes from "/home/simba/hacking/erlang/helpdesk/priv/helpdesk.routes" ....

=INFO REPORT==== 16-Oct-2012::16:02:23 ===
GET /depart/index [helpdesk] 200 284ms

=INFO REPORT==== 16-Oct-2012::16:02:26 ===
Loading routes from "/home/simba/hacking/erlang/helpdesk/priv/helpdesk.routes" ....

=INFO REPORT==== 16-Oct-2012::16:02:26 ===
GET /depart/request/depart-23 [helpdesk] 200 216ms

=INFO REPORT==== 16-Oct-2012::16:02:49 ===
Loading routes from "/home/simba/hacking/erlang/helpdesk/priv/helpdesk.routes" ....

=INFO REPORT==== 16-Oct-2012::16:02:50 ===
GET /depart/request/depart-23 [helpdesk] 200 350ms

=INFO REPORT==== 16-Oct-2012::16:02:56 ===
Loading routes from "/home/simba/hacking/erlang/helpdesk/priv/helpdesk.routes" ....

=INFO REPORT==== 16-Oct-2012::16:02:56 ===
GET /depart/index [helpdesk] 200 296ms

=INFO REPORT==== 16-Oct-2012::16:02:59 ===
Loading routes from "/home/simba/hacking/erlang/helpdesk/priv/helpdesk.routes" ....

=INFO REPORT==== 16-Oct-2012::16:02:59 ===
GET /depart/request/depart-17 [helpdesk] 200 265ms

=INFO REPORT==== 16-Oct-2012::16:04:28 ===
Loading routes from "/home/simba/hacking/erlang/helpdesk/priv/helpdesk.routes" ....

=INFO REPORT==== 16-Oct-2012::16:04:28 ===
GET /depart/index [helpdesk] 200 283ms

=INFO REPORT==== 16-Oct-2012::16:04:42 ===
Loading routes from "/home/simba/hacking/erlang/helpdesk/priv/helpdesk.routes" ....

=INFO REPORT==== 16-Oct-2012::16:04:42 ===
GET /depart/show/depart-9 [helpdesk] 200 226ms

=INFO REPORT==== 16-Oct-2012::16:04:46 ===
Loading routes from "/home/simba/hacking/erlang/helpdesk/priv/helpdesk.routes" ....

=INFO REPORT==== 16-Oct-2012::16:04:46 ===
GET /depart/index [helpdesk] 200 283ms

=INFO REPORT==== 16-Oct-2012::16:05:21 ===
Loading routes from "/home/simba/hacking/erlang/helpdesk/priv/helpdesk.routes" ....

=INFO REPORT==== 16-Oct-2012::16:05:21 ===
GET /depart/request/depart-7 [helpdesk] 200 421ms

=INFO REPORT==== 16-Oct-2012::16:09:48 ===
Loading routes from "/home/simba/hacking/erlang/helpdesk/priv/helpdesk.routes" ....

=INFO REPORT==== 16-Oct-2012::16:09:49 ===
GET /depart/index [helpdesk] 200 280ms

=INFO REPORT==== 16-Oct-2012::16:10:02 ===
Loading routes from "/home/simba/hacking/erlang/helpdesk/priv/helpdesk.routes" ....

=INFO REPORT==== 16-Oct-2012::16:10:02 ===
GET /user/register [helpdesk] 200 221ms

=INFO REPORT==== 16-Oct-2012::16:10:04 ===
Loading routes from "/home/simba/hacking/erlang/helpdesk/priv/helpdesk.routes" ....

=INFO REPORT==== 16-Oct-2012::16:10:05 ===
GET / [helpdesk] 200 262ms

=INFO REPORT==== 16-Oct-2012::16:10:10 ===
GET /admin [cb_admin] 200 3ms

=INFO REPORT==== 16-Oct-2012::16:10:11 ===
GET /admin/model/model [cb_admin] 200 3ms

=INFO REPORT==== 16-Oct-2012::16:10:12 ===
GET /admin/model/model/cl_user [cb_admin] 200 53ms

=INFO REPORT==== 16-Oct-2012::16:10:13 ===
POST /admin/model/watch [cb_admin] 200 2ms

=INFO REPORT==== 16-Oct-2012::16:10:43 ===
POST /admin/model/heartbeat/7 [cb_admin] 200 0ms

=INFO REPORT==== 16-Oct-2012::16:10:43 ===
GET /admin/model/events/1350382212873159 [cb_admin] 200 30001ms

=INFO REPORT==== 16-Oct-2012::16:11:13 ===
POST /admin/model/heartbeat/7 [cb_admin] 200 0ms

=INFO REPORT==== 16-Oct-2012::16:11:13 ===
GET /admin/model/events/1350382213240135 [cb_admin] 200 30001ms

=INFO REPORT==== 16-Oct-2012::16:11:43 ===
POST /admin/model/heartbeat/7 [cb_admin] 200 0ms

=INFO REPORT==== 16-Oct-2012::16:11:43 ===
GET /admin/model/events/1350382243250502 [cb_admin] 200 30001ms

=INFO REPORT==== 16-Oct-2012::16:12:13 ===
POST /admin/model/heartbeat/7 [cb_admin] 200 0ms

=INFO REPORT==== 16-Oct-2012::16:12:13 ===
GET /admin/model/events/1350382273297119 [cb_admin] 200 30000ms

=INFO REPORT==== 16-Oct-2012::16:12:43 ===
POST /admin/model/heartbeat/7 [cb_admin] 200 0ms

=INFO REPORT==== 16-Oct-2012::16:12:43 ===
GET /admin/model/events/1350382303346810 [cb_admin] 200 30001ms

=INFO REPORT==== 16-Oct-2012::16:13:13 ===
POST /admin/model/heartbeat/7 [cb_admin] 200 0ms

=INFO REPORT==== 16-Oct-2012::16:13:13 ===
GET /admin/model/events/1350382333392460 [cb_admin] 200 30001ms

=INFO REPORT==== 16-Oct-2012::16:13:34 ===
GET /admin/routes/index [cb_admin] 200 21ms

=INFO REPORT==== 16-Oct-2012::16:13:35 ===
GET /admin/ [cb_admin] 200 3ms

=INFO REPORT==== 16-Oct-2012::16:13:36 ===
GET /admin/routes/index [cb_admin] 200 2ms

=INFO REPORT==== 16-Oct-2012::16:13:37 ===
GET /admin/model/model [cb_admin] 200 3ms

=INFO REPORT==== 16-Oct-2012::16:13:37 ===
GET /admin/lang/show [cb_admin] 200 19ms

=INFO REPORT==== 16-Oct-2012::16:13:43 ===
GET /admin/model/events/1350382363440383 [cb_admin] 200 30000ms

=INFO REPORT==== 16-Oct-2012::16:25:22 ===
Loading routes from "/home/simba/hacking/erlang/helpdesk/priv/helpdesk.routes" ....

=INFO REPORT==== 16-Oct-2012::16:25:22 ===
GET / [helpdesk] 200 270ms

=INFO REPORT==== 16-Oct-2012::16:25:29 ===
Loading routes from "/home/simba/hacking/erlang/helpdesk/priv/helpdesk.routes" ....

=INFO REPORT==== 16-Oct-2012::16:25:30 ===
GET / [helpdesk] 200 225ms

=INFO REPORT==== 16-Oct-2012::16:25:31 ===
Loading routes from "/home/simba/hacking/erlang/helpdesk/priv/helpdesk.routes" ....

=INFO REPORT==== 16-Oct-2012::16:25:32 ===
GET /main/depart_request [helpdesk] 200 988ms

=INFO REPORT==== 16-Oct-2012::16:25:39 ===
Loading routes from "/home/simba/hacking/erlang/helpdesk/priv/helpdesk.routes" ....

=INFO REPORT==== 16-Oct-2012::16:25:40 ===
GET /about [helpdesk] 200 268ms

=INFO REPORT==== 16-Oct-2012::16:25:41 ===
Loading routes from "/home/simba/hacking/erlang/helpdesk/priv/helpdesk.routes" ....

=INFO REPORT==== 16-Oct-2012::16:25:42 ===
GET /depart/index [helpdesk] 200 392ms

=INFO REPORT==== 16-Oct-2012::16:25:43 ===
Loading routes from "/home/simba/hacking/erlang/helpdesk/priv/helpdesk.routes" ....

=INFO REPORT==== 16-Oct-2012::16:25:44 ===
GET /depart/request/depart-5 [helpdesk] 200 993ms

=INFO REPORT==== 16-Oct-2012::16:29:28 ===
Loading routes from "/home/simba/hacking/erlang/helpdesk/priv/helpdesk.routes" ....

=INFO REPORT==== 16-Oct-2012::16:29:29 ===
GET /depart/index [helpdesk] 200 406ms

=INFO REPORT==== 16-Oct-2012::16:29:30 ===
Loading routes from "/home/simba/hacking/erlang/helpdesk/priv/helpdesk.routes" ....

=INFO REPORT==== 16-Oct-2012::16:29:30 ===
GET /depart/index [helpdesk] 200 328ms

=INFO REPORT==== 16-Oct-2012::16:29:31 ===
Loading routes from "/home/simba/hacking/erlang/helpdesk/priv/helpdesk.routes" ....

=INFO REPORT==== 16-Oct-2012::16:29:31 ===
GET / [helpdesk] 200 266ms

=INFO REPORT==== 16-Oct-2012::16:29:32 ===
Loading routes from "/home/simba/hacking/erlang/helpdesk/priv/helpdesk.routes" ....

=INFO REPORT==== 16-Oct-2012::16:29:33 ===
GET /main/depart_request [helpdesk] 200 876ms

=INFO REPORT==== 16-Oct-2012::16:29:34 ===
Loading routes from "/home/simba/hacking/erlang/helpdesk/priv/helpdesk.routes" ....

=INFO REPORT==== 16-Oct-2012::16:29:34 ===
GET /depart/index [helpdesk] 200 321ms

=INFO REPORT==== 16-Oct-2012::16:29:35 ===
Loading routes from "/home/simba/hacking/erlang/helpdesk/priv/helpdesk.routes" ....

=INFO REPORT==== 16-Oct-2012::16:29:42 ===
Loading routes from "/home/simba/hacking/erlang/helpdesk/priv/helpdesk.routes" ....

=INFO REPORT==== 16-Oct-2012::16:29:44 ===
GET /request/index [helpdesk] 200 8522ms

=INFO REPORT==== 16-Oct-2012::16:29:49 ===
GET /request/index [helpdesk] 200 7823ms

=INFO REPORT==== 16-Oct-2012::16:29:51 ===
Loading routes from "/home/simba/hacking/erlang/helpdesk/priv/helpdesk.routes" ....

=INFO REPORT==== 16-Oct-2012::16:29:51 ===
GET / [helpdesk] 200 271ms

=INFO REPORT==== 16-Oct-2012::16:32:51 ===
Loading routes from "/home/simba/hacking/erlang/helpdesk/priv/helpdesk.routes" ....

=INFO REPORT==== 16-Oct-2012::16:32:51 ===
GET /depart/index [helpdesk] 200 319ms

=INFO REPORT==== 16-Oct-2012::16:32:53 ===
Loading routes from "/home/simba/hacking/erlang/helpdesk/priv/helpdesk.routes" ....

=INFO REPORT==== 16-Oct-2012::16:32:54 ===
GET /depart/request/depart-5 [helpdesk] 200 1001ms

=INFO REPORT==== 16-Oct-2012::16:39:14 ===
Loading routes from "/home/simba/hacking/erlang/helpdesk/priv/helpdesk.routes" ....

=INFO REPORT==== 16-Oct-2012::16:39:15 ===
GET /depart/request/depart-5 [helpdesk] 200 1145ms

=INFO REPORT==== 16-Oct-2012::16:39:15 ===
Loading routes from "/home/simba/hacking/erlang/helpdesk/priv/helpdesk.routes" ....

=INFO REPORT==== 16-Oct-2012::16:39:16 ===
Loading routes from "/home/simba/hacking/erlang/helpdesk/priv/helpdesk.routes" ....

=INFO REPORT==== 16-Oct-2012::16:39:17 ===
GET /depart/request/depart-5 [helpdesk] 200 1391ms

=INFO REPORT==== 16-Oct-2012::16:39:17 ===
GET /depart/request/depart-5 [helpdesk] 200 1291ms

=INFO REPORT==== 16-Oct-2012::16:39:21 ===
Loading routes from "/home/simba/hacking/erlang/helpdesk/priv/helpdesk.routes" ....

=INFO REPORT==== 16-Oct-2012::16:39:21 ===
GET / [helpdesk] 200 281ms

=INFO REPORT==== 16-Oct-2012::16:39:22 ===
Loading routes from "/home/simba/hacking/erlang/helpdesk/priv/helpdesk.routes" ....

=INFO REPORT==== 16-Oct-2012::16:39:23 ===
GET /main/depart_request [helpdesk] 200 835ms

=INFO REPORT==== 16-Oct-2012::16:39:25 ===
Loading routes from "/home/simba/hacking/erlang/helpdesk/priv/helpdesk.routes" ....

=INFO REPORT==== 16-Oct-2012::16:39:26 ===
GET / [helpdesk] 200 234ms

=INFO REPORT==== 16-Oct-2012::16:39:51 ===
Loading routes from "/home/simba/hacking/erlang/helpdesk/priv/helpdesk.routes" ....

=INFO REPORT==== 16-Oct-2012::16:39:51 ===
GET / [helpdesk] 200 289ms

=INFO REPORT==== 16-Oct-2012::16:39:53 ===
Loading routes from "/home/simba/hacking/erlang/helpdesk/priv/helpdesk.routes" ....

=INFO REPORT==== 16-Oct-2012::16:39:53 ===
GET / [helpdesk] 200 247ms

=INFO REPORT==== 16-Oct-2012::16:40:02 ===
Loading routes from "/home/simba/hacking/erlang/helpdesk/priv/helpdesk.routes" ....

=INFO REPORT==== 16-Oct-2012::16:40:02 ===
GET / [helpdesk] 200 237ms

=INFO REPORT==== 16-Oct-2012::16:40:04 ===
Loading routes from "/home/simba/hacking/erlang/helpdesk/priv/helpdesk.routes" ....

=INFO REPORT==== 16-Oct-2012::16:40:04 ===
GET /main/depart_request [helpdesk] 200 819ms

=INFO REPORT==== 16-Oct-2012::16:40:37 ===
Loading routes from "/home/simba/hacking/erlang/helpdesk/priv/helpdesk.routes" ....

=INFO REPORT==== 16-Oct-2012::16:40:38 ===
GET /main/depart_request [helpdesk] 200 917ms
