
=INFO REPORT==== 23-Aug-2012::23:24:05 ===
Starting Boss in development mode....

=INFO REPORT==== 23-Aug-2012::23:24:05 ===
Starting master services on 'helpdesk@simba-Aspire-4920'

=INFO REPORT==== 23-Aug-2012::23:24:05 ===
SSL:[]

=INFO REPORT==== 23-Aug-2012::23:24:05 ===
Loading routes from "../cb_admin/priv/cb_admin.routes" ....

=INFO REPORT==== 23-Aug-2012::23:24:05 ===
Loading routes from "/home/simba/hacking/erlang/helpdesk/priv/helpdesk.routes" ....

=INFO REPORT==== 23-Aug-2012::23:24:12 ===
Loading routes from "/home/simba/hacking/erlang/helpdesk/priv/helpdesk.routes" ....

=INFO REPORT==== 23-Aug-2012::23:24:12 ===
GET / [helpdesk] 200 288ms

=INFO REPORT==== 23-Aug-2012::23:24:13 ===
Loading routes from "/home/simba/hacking/erlang/helpdesk/priv/helpdesk.routes" ....

=INFO REPORT==== 23-Aug-2012::23:24:14 ===
GET / [helpdesk] 200 373ms

=INFO REPORT==== 23-Aug-2012::23:24:15 ===
Loading routes from "/home/simba/hacking/erlang/helpdesk/priv/helpdesk.routes" ....

=INFO REPORT==== 23-Aug-2012::23:24:15 ===
GET /chat [helpdesk] 200 360ms

=INFO REPORT==== 23-Aug-2012::23:24:17 ===
Loading routes from "/home/simba/hacking/erlang/helpdesk/priv/helpdesk.routes" ....

=INFO REPORT==== 23-Aug-2012::23:24:17 ===
GET /chat/live/public [helpdesk] 200 375ms

=INFO REPORT==== 23-Aug-2012::23:24:20 ===
Loading routes from "/home/simba/hacking/erlang/helpdesk/priv/helpdesk.routes" ....

=INFO REPORT==== 23-Aug-2012::23:24:21 ===
GET /chat/login/qwe [helpdesk] 200 352ms

=INFO REPORT==== 23-Aug-2012::23:24:21 ===
Loading routes from "/home/simba/hacking/erlang/helpdesk/priv/helpdesk.routes" ....

=INFO REPORT==== 23-Aug-2012::23:24:21 ===
GET /chat/receive_chat/public/0 [helpdesk] 200 351ms

=INFO REPORT==== 23-Aug-2012::23:24:21 ===
Loading routes from "/home/simba/hacking/erlang/helpdesk/priv/helpdesk.routes" ....

=INFO REPORT==== 23-Aug-2012::23:24:25 ===
Loading routes from "/home/simba/hacking/erlang/helpdesk/priv/helpdesk.routes" ....

=INFO REPORT==== 23-Aug-2012::23:24:26 ===
GET /user/login [helpdesk] 200 357ms

=INFO REPORT==== 23-Aug-2012::23:24:27 ===
Loading routes from "/home/simba/hacking/erlang/helpdesk/priv/helpdesk.routes" ....

=INFO REPORT==== 23-Aug-2012::23:24:27 ===
POST /user/login [helpdesk] 302 351ms

=INFO REPORT==== 23-Aug-2012::23:24:27 ===
Loading routes from "/home/simba/hacking/erlang/helpdesk/priv/helpdesk.routes" ....

=INFO REPORT==== 23-Aug-2012::23:24:28 ===
GET / [helpdesk] 200 349ms

=INFO REPORT==== 23-Aug-2012::23:24:37 ===
Loading routes from "/home/simba/hacking/erlang/helpdesk/priv/helpdesk.routes" ....

=INFO REPORT==== 23-Aug-2012::23:24:37 ===
GET /request/index [helpdesk] 200 436ms

=INFO REPORT==== 23-Aug-2012::23:24:39 ===
Loading routes from "/home/simba/hacking/erlang/helpdesk/priv/helpdesk.routes" ....

=INFO REPORT==== 23-Aug-2012::23:24:39 ===
GET /depart/index [helpdesk] 200 403ms

=INFO REPORT==== 23-Aug-2012::23:24:41 ===
Loading routes from "/home/simba/hacking/erlang/helpdesk/priv/helpdesk.routes" ....

=INFO REPORT==== 23-Aug-2012::23:24:41 ===
GET /main/depart_request [helpdesk] 200 400ms

=INFO REPORT==== 23-Aug-2012::23:24:42 ===
Loading routes from "/home/simba/hacking/erlang/helpdesk/priv/helpdesk.routes" ....

=INFO REPORT==== 23-Aug-2012::23:24:42 ===
GET /chat [helpdesk] 200 389ms

=INFO REPORT==== 23-Aug-2012::23:24:45 ===
Loading routes from "/home/simba/hacking/erlang/helpdesk/priv/helpdesk.routes" ....

=INFO REPORT==== 23-Aug-2012::23:24:45 ===
GET / [helpdesk] 200 367ms

=INFO REPORT==== 23-Aug-2012::23:24:47 ===
Loading routes from "/home/simba/hacking/erlang/helpdesk/priv/helpdesk.routes" ....

=INFO REPORT==== 23-Aug-2012::23:24:47 ===
GET /chat [helpdesk] 200 371ms

=INFO REPORT==== 23-Aug-2012::23:24:48 ===
Loading routes from "/home/simba/hacking/erlang/helpdesk/priv/helpdesk.routes" ....

=INFO REPORT==== 23-Aug-2012::23:24:49 ===
GET /chat/live/public [helpdesk] 200 366ms

=INFO REPORT==== 23-Aug-2012::23:24:51 ===
Loading routes from "/home/simba/hacking/erlang/helpdesk/priv/helpdesk.routes" ....

=INFO REPORT==== 23-Aug-2012::23:24:52 ===
GET /chat/login/qwe [helpdesk] 200 353ms

=INFO REPORT==== 23-Aug-2012::23:24:52 ===
Loading routes from "/home/simba/hacking/erlang/helpdesk/priv/helpdesk.routes" ....

=INFO REPORT==== 23-Aug-2012::23:24:52 ===
GET /chat/receive_chat/public/0 [helpdesk] 200 350ms

=INFO REPORT==== 23-Aug-2012::23:24:52 ===
Loading routes from "/home/simba/hacking/erlang/helpdesk/priv/helpdesk.routes" ....

=INFO REPORT==== 23-Aug-2012::23:26:53 ===
Loading routes from "/home/simba/hacking/erlang/helpdesk/priv/helpdesk.routes" ....

=INFO REPORT==== 23-Aug-2012::23:26:53 ===
GET /chat [helpdesk] 200 364ms

=INFO REPORT==== 23-Aug-2012::23:26:54 ===
Loading routes from "/home/simba/hacking/erlang/helpdesk/priv/helpdesk.routes" ....

=INFO REPORT==== 23-Aug-2012::23:26:55 ===
GET /chat/live/public [helpdesk] 200 366ms

=INFO REPORT==== 23-Aug-2012::23:26:59 ===
Loading routes from "/home/simba/hacking/erlang/helpdesk/priv/helpdesk.routes" ....

=INFO REPORT==== 23-Aug-2012::23:26:59 ===
GET /chat/login/as [helpdesk] 200 356ms

=INFO REPORT==== 23-Aug-2012::23:26:59 ===
Loading routes from "/home/simba/hacking/erlang/helpdesk/priv/helpdesk.routes" ....

=INFO REPORT==== 23-Aug-2012::23:26:59 ===
GET /chat/receive_chat/public/0 [helpdesk] 200 361ms

=INFO REPORT==== 23-Aug-2012::23:26:59 ===
Loading routes from "/home/simba/hacking/erlang/helpdesk/priv/helpdesk.routes" ....

=INFO REPORT==== 23-Aug-2012::23:27:03 ===
Loading routes from "/home/simba/hacking/erlang/helpdesk/priv/helpdesk.routes" ....

=INFO REPORT==== 23-Aug-2012::23:27:03 ===
GET /chat/receive_chat/public/1345742819762771 [helpdesk] 200 4190ms

=INFO REPORT==== 23-Aug-2012::23:27:03 ===
POST /chat/send_message/public [helpdesk] 200 354ms

=INFO REPORT==== 23-Aug-2012::23:27:04 ===
Loading routes from "/home/simba/hacking/erlang/helpdesk/priv/helpdesk.routes" ....

=INFO REPORT==== 23-Aug-2012::23:27:05 ===
Loading routes from "/home/simba/hacking/erlang/helpdesk/priv/helpdesk.routes" ....

=INFO REPORT==== 23-Aug-2012::23:27:06 ===
GET /chat/receive_chat/public/1345742824001769 [helpdesk] 200 2110ms

=INFO REPORT==== 23-Aug-2012::23:27:06 ===
POST /chat/send_message/public [helpdesk] 200 354ms

=INFO REPORT==== 23-Aug-2012::23:27:06 ===
Loading routes from "/home/simba/hacking/erlang/helpdesk/priv/helpdesk.routes" ....

=INFO REPORT==== 23-Aug-2012::23:27:08 ===
Loading routes from "/home/simba/hacking/erlang/helpdesk/priv/helpdesk.routes" ....

=INFO REPORT==== 23-Aug-2012::23:27:08 ===
POST /chat/send_message/public [helpdesk] 200 367ms

=INFO REPORT==== 23-Aug-2012::23:27:08 ===
GET /chat/receive_chat/public/1345742826158818 [helpdesk] 200 2495ms

=INFO REPORT==== 23-Aug-2012::23:27:08 ===
Loading routes from "/home/simba/hacking/erlang/helpdesk/priv/helpdesk.routes" ....

=INFO REPORT==== 23-Aug-2012::23:28:42 ===
Loading routes from "/home/simba/hacking/erlang/helpdesk/priv/helpdesk.routes" ....

=INFO REPORT==== 23-Aug-2012::23:28:42 ===
GET / [helpdesk] 200 375ms

=INFO REPORT==== 23-Aug-2012::23:28:49 ===
GET /admin [cb_admin] 200 47ms

=INFO REPORT==== 23-Aug-2012::23:28:52 ===
GET /admin/lang/show [cb_admin] 200 3ms

=INFO REPORT==== 23-Aug-2012::23:29:00 ===
GET /admin/lang/show/helpdesk [cb_admin] 200 4ms

=INFO REPORT==== 23-Aug-2012::23:29:04 ===
GET /admin/lang/show/helpdesk/ru [cb_admin] 200 54ms

=INFO REPORT==== 23-Aug-2012::23:29:13 ===
GET /admin/lang/show/helpdesk/en [cb_admin] 200 32ms

=INFO REPORT==== 23-Aug-2012::23:29:14 ===
GET /admin/lang/show/helpdesk/ru [cb_admin] 200 34ms

=INFO REPORT==== 23-Aug-2012::23:29:44 ===
POST /admin/lang/edit/helpdesk/ru [cb_admin] 302 3ms

=INFO REPORT==== 23-Aug-2012::23:29:44 ===
GET /admin/lang/show/helpdesk/ru [cb_admin] 200 31ms

=INFO REPORT==== 23-Aug-2012::23:30:01 ===
POST /admin/lang/edit/helpdesk/ru [cb_admin] 302 1ms

=INFO REPORT==== 23-Aug-2012::23:30:01 ===
GET /admin/lang/show/helpdesk/ru [cb_admin] 200 30ms

=INFO REPORT==== 23-Aug-2012::23:30:16 ===
Loading routes from "/home/simba/hacking/erlang/helpdesk/priv/helpdesk.routes" ....

=INFO REPORT==== 23-Aug-2012::23:30:17 ===
GET /user/logout [helpdesk] 302 357ms

=INFO REPORT==== 23-Aug-2012::23:30:17 ===
Loading routes from "/home/simba/hacking/erlang/helpdesk/priv/helpdesk.routes" ....

=INFO REPORT==== 23-Aug-2012::23:30:17 ===
GET / [helpdesk] 200 371ms

=INFO REPORT==== 23-Aug-2012::23:30:19 ===
Loading routes from "/home/simba/hacking/erlang/helpdesk/priv/helpdesk.routes" ....

=INFO REPORT==== 23-Aug-2012::23:30:19 ===
GET /user/login [helpdesk] 200 370ms

=INFO REPORT==== 23-Aug-2012::23:30:24 ===
Loading routes from "/home/simba/hacking/erlang/helpdesk/priv/helpdesk.routes" ....

=INFO REPORT==== 23-Aug-2012::23:30:24 ===
GET / [helpdesk] 200 370ms

=INFO REPORT==== 23-Aug-2012::23:30:31 ===
GET /admin/lang/show/helpdesk [cb_admin] 200 5ms

=INFO REPORT==== 23-Aug-2012::23:30:35 ===
GET /admin/lang/big_red_button/helpdesk [cb_admin] 200 89ms

=INFO REPORT==== 23-Aug-2012::23:30:37 ===
GET /admin/lang/create/helpdesk [cb_admin] 200 7ms

=INFO REPORT==== 23-Aug-2012::23:30:41 ===
GET /admin/model/model [cb_admin] 200 40ms

=INFO REPORT==== 23-Aug-2012::23:30:42 ===
GET /admin/upgrade/upgrade [cb_admin] 200 2ms

=INFO REPORT==== 23-Aug-2012::23:30:44 ===
POST /admin/upgrade/reread_init_scripts [cb_admin] 302 23ms

=INFO REPORT==== 23-Aug-2012::23:30:44 ===
GET /admin/upgrade/upgrade [cb_admin] 200 1ms

=INFO REPORT==== 23-Aug-2012::23:30:47 ===
Reloading modules...

=INFO REPORT==== 23-Aug-2012::23:30:48 ===
Reloading routes...

=INFO REPORT==== 23-Aug-2012::23:30:48 ===
Loading routes from "../cb_admin/priv/cb_admin.routes" ....

=INFO REPORT==== 23-Aug-2012::23:30:48 ===
Loading routes from "/home/simba/hacking/erlang/helpdesk/priv/helpdesk.routes" ....

=INFO REPORT==== 23-Aug-2012::23:30:48 ===
Reloading translation...

=INFO REPORT==== 23-Aug-2012::23:30:48 ===
POST /admin/upgrade/upgrade [cb_admin] 302 535ms

=INFO REPORT==== 23-Aug-2012::23:30:48 ===
GET /admin/upgrade/upgrade [cb_admin] 200 1ms

=INFO REPORT==== 23-Aug-2012::23:30:49 ===
GET /admin/model/model [cb_admin] 200 5ms

=INFO REPORT==== 23-Aug-2012::23:30:51 ===
GET /admin/model/model/cl_user [cb_admin] 200 25ms

=INFO REPORT==== 23-Aug-2012::23:30:51 ===
POST /admin/model/watch [cb_admin] 200 1ms

=INFO REPORT==== 23-Aug-2012::23:30:54 ===
GET /admin/lang/show [cb_admin] 200 1ms

=INFO REPORT==== 23-Aug-2012::23:30:56 ===
GET /admin/lang/show/cb_admin [cb_admin] 200 2ms

=INFO REPORT==== 23-Aug-2012::23:30:59 ===
GET /admin/lang/show/helpdesk [cb_admin] 200 4ms

=INFO REPORT==== 23-Aug-2012::23:31:09 ===
GET /admin/lang/show/helpdesk/en [cb_admin] 200 35ms

=INFO REPORT==== 23-Aug-2012::23:31:14 ===
GET /admin/lang/show/helpdesk/ru [cb_admin] 200 34ms

=INFO REPORT==== 23-Aug-2012::23:31:21 ===
GET /admin/model/events/1345743051086492 [cb_admin] 200 30000ms

=INFO REPORT==== 23-Aug-2012::23:31:43 ===
GET /admin/lang/delete/helpdesk/ru [cb_admin] 200 4ms

=INFO REPORT==== 23-Aug-2012::23:31:46 ===
GET /admin/ [cb_admin] 200 2ms

=INFO REPORT==== 23-Aug-2012::23:31:49 ===
Loading routes from "/home/simba/hacking/erlang/helpdesk/priv/helpdesk.routes" ....

=INFO REPORT==== 23-Aug-2012::23:31:49 ===
GET / [helpdesk] 200 286ms

=INFO REPORT==== 23-Aug-2012::23:31:50 ===
Loading routes from "/home/simba/hacking/erlang/helpdesk/priv/helpdesk.routes" ....

=INFO REPORT==== 23-Aug-2012::23:31:50 ===
GET /chat [helpdesk] 200 361ms

=INFO REPORT==== 23-Aug-2012::23:31:52 ===
Loading routes from "/home/simba/hacking/erlang/helpdesk/priv/helpdesk.routes" ....

=INFO REPORT==== 23-Aug-2012::23:31:52 ===
GET /chat/live/public [helpdesk] 200 366ms

=INFO REPORT==== 23-Aug-2012::23:32:06 ===
Loading routes from "/home/simba/hacking/erlang/helpdesk/priv/helpdesk.routes" ....

=INFO REPORT==== 23-Aug-2012::23:32:06 ===
GET /user/login [helpdesk] 200 361ms

=INFO REPORT==== 23-Aug-2012::23:32:08 ===
Loading routes from "/home/simba/hacking/erlang/helpdesk/priv/helpdesk.routes" ....

=INFO REPORT==== 23-Aug-2012::23:32:08 ===
POST /user/login [helpdesk] 302 361ms

=INFO REPORT==== 23-Aug-2012::23:32:08 ===
Loading routes from "/home/simba/hacking/erlang/helpdesk/priv/helpdesk.routes" ....

=INFO REPORT==== 23-Aug-2012::23:32:09 ===
GET / [helpdesk] 200 356ms

=INFO REPORT==== 23-Aug-2012::23:32:11 ===
Loading routes from "/home/simba/hacking/erlang/helpdesk/priv/helpdesk.routes" ....

=INFO REPORT==== 23-Aug-2012::23:32:11 ===
GET /main/user_request [helpdesk] 200 367ms

=INFO REPORT==== 23-Aug-2012::23:32:12 ===
Loading routes from "/home/simba/hacking/erlang/helpdesk/priv/helpdesk.routes" ....

=INFO REPORT==== 23-Aug-2012::23:32:13 ===
GET /main/depart_request [helpdesk] 200 384ms

=INFO REPORT==== 23-Aug-2012::23:32:28 ===
Loading routes from "/home/simba/hacking/erlang/helpdesk/priv/helpdesk.routes" ....

=INFO REPORT==== 23-Aug-2012::23:32:28 ===
GET /request/show/request-18 [helpdesk] 200 381ms

=INFO REPORT==== 23-Aug-2012::23:32:38 ===
Loading routes from "/home/simba/hacking/erlang/helpdesk/priv/helpdesk.routes" ....

=INFO REPORT==== 23-Aug-2012::23:32:39 ===
GET /request/report01 [helpdesk] 200 430ms

=INFO REPORT==== 23-Aug-2012::23:32:50 ===
Loading routes from "/home/simba/hacking/erlang/helpdesk/priv/helpdesk.routes" ....

=INFO REPORT==== 23-Aug-2012::23:32:51 ===
GET /request/index [helpdesk] 200 439ms

=INFO REPORT==== 23-Aug-2012::23:33:01 ===
Loading routes from "/home/simba/hacking/erlang/helpdesk/priv/helpdesk.routes" ....

=INFO REPORT==== 23-Aug-2012::23:33:01 ===
GET / [helpdesk] 200 364ms

=INFO REPORT==== 23-Aug-2012::23:33:01 ===
Loading routes from "/home/simba/hacking/erlang/helpdesk/priv/helpdesk.routes" ....

=INFO REPORT==== 23-Aug-2012::23:33:02 ===
GET /chat [helpdesk] 200 363ms

=INFO REPORT==== 23-Aug-2012::23:33:03 ===
Loading routes from "/home/simba/hacking/erlang/helpdesk/priv/helpdesk.routes" ....

=INFO REPORT==== 23-Aug-2012::23:33:03 ===
GET /chat/live/public [helpdesk] 200 365ms
