
=INFO REPORT==== 18-Aug-2012::10:11:20 ===
Starting Boss in development mode....

=INFO REPORT==== 18-Aug-2012::10:11:21 ===
Starting master services on 'helpdesk@simba-Aspire-4920'

=INFO REPORT==== 18-Aug-2012::10:11:21 ===
SSL:[]

=INFO REPORT==== 18-Aug-2012::10:11:21 ===
Loading routes from "../cb_admin/priv/cb_admin.routes" ....

=INFO REPORT==== 18-Aug-2012::10:11:21 ===
Loading routes from "/home/simba/hacking/erlang/helpdesk/priv/helpdesk.routes" ....

=INFO REPORT==== 18-Aug-2012::10:11:24 ===
Loading routes from "/home/simba/hacking/erlang/helpdesk/priv/helpdesk.routes" ....

=INFO REPORT==== 18-Aug-2012::10:11:24 ===
GET / [helpdesk] 200 643ms

=INFO REPORT==== 18-Aug-2012::10:11:29 ===
Loading routes from "/home/simba/hacking/erlang/helpdesk/priv/helpdesk.routes" ....

=INFO REPORT==== 18-Aug-2012::10:11:29 ===
GET /user/logout [helpdesk] 302 167ms

=INFO REPORT==== 18-Aug-2012::10:11:29 ===
Loading routes from "/home/simba/hacking/erlang/helpdesk/priv/helpdesk.routes" ....

=INFO REPORT==== 18-Aug-2012::10:11:29 ===
GET / [helpdesk] 200 162ms

=INFO REPORT==== 18-Aug-2012::10:11:32 ===
Loading routes from "/home/simba/hacking/erlang/helpdesk/priv/helpdesk.routes" ....

=INFO REPORT==== 18-Aug-2012::10:11:32 ===
GET /user/login [helpdesk] 200 170ms

=INFO REPORT==== 18-Aug-2012::10:11:36 ===
Loading routes from "/home/simba/hacking/erlang/helpdesk/priv/helpdesk.routes" ....

=INFO REPORT==== 18-Aug-2012::10:11:37 ===
POST /user/login [helpdesk] 200 335ms

=INFO REPORT==== 18-Aug-2012::10:11:43 ===
Loading routes from "/home/simba/hacking/erlang/helpdesk/priv/helpdesk.routes" ....

=INFO REPORT==== 18-Aug-2012::10:11:44 ===
POST /user/login [helpdesk] 302 171ms

=INFO REPORT==== 18-Aug-2012::10:11:44 ===
Loading routes from "/home/simba/hacking/erlang/helpdesk/priv/helpdesk.routes" ....

=INFO REPORT==== 18-Aug-2012::10:11:44 ===
GET / [helpdesk] 200 169ms

=INFO REPORT==== 18-Aug-2012::10:11:46 ===
Loading routes from "/home/simba/hacking/erlang/helpdesk/priv/helpdesk.routes" ....

=INFO REPORT==== 18-Aug-2012::10:11:47 ===
GET /depart/index [helpdesk] 200 433ms

=INFO REPORT==== 18-Aug-2012::10:17:57 ===
Loading routes from "/home/simba/hacking/erlang/helpdesk/priv/helpdesk.routes" ....

=INFO REPORT==== 18-Aug-2012::10:17:57 ===
GET /user/register [helpdesk] 200 196ms

=INFO REPORT==== 18-Aug-2012::10:18:01 ===
Loading routes from "/home/simba/hacking/erlang/helpdesk/priv/helpdesk.routes" ....

=INFO REPORT==== 18-Aug-2012::10:18:01 ===
GET /about [helpdesk] 200 174ms

=INFO REPORT==== 18-Aug-2012::10:18:04 ===
Loading routes from "/home/simba/hacking/erlang/helpdesk/priv/helpdesk.routes" ....

=INFO REPORT==== 18-Aug-2012::10:18:04 ===
GET /user/register [helpdesk] 200 170ms

=INFO REPORT==== 18-Aug-2012::10:18:05 ===
Loading routes from "/home/simba/hacking/erlang/helpdesk/priv/helpdesk.routes" ....

=INFO REPORT==== 18-Aug-2012::10:18:05 ===
GET /user/login [helpdesk] 200 168ms

=INFO REPORT==== 18-Aug-2012::10:18:06 ===
Loading routes from "/home/simba/hacking/erlang/helpdesk/priv/helpdesk.routes" ....

=INFO REPORT==== 18-Aug-2012::10:18:06 ===
GET /user/logout [helpdesk] 302 165ms

=INFO REPORT==== 18-Aug-2012::10:18:06 ===
Loading routes from "/home/simba/hacking/erlang/helpdesk/priv/helpdesk.routes" ....

=INFO REPORT==== 18-Aug-2012::10:18:06 ===
GET / [helpdesk] 200 165ms

=INFO REPORT==== 18-Aug-2012::10:23:09 ===
Loading routes from "/home/simba/hacking/erlang/helpdesk/priv/helpdesk.routes" ....

=INFO REPORT==== 18-Aug-2012::10:23:09 ===
GET /about [helpdesk] 200 191ms

=INFO REPORT==== 18-Aug-2012::10:23:10 ===
Loading routes from "/home/simba/hacking/erlang/helpdesk/priv/helpdesk.routes" ....

=INFO REPORT==== 18-Aug-2012::10:23:11 ===
GET /about [helpdesk] 200 174ms

=INFO REPORT==== 18-Aug-2012::10:23:16 ===
Loading routes from "/home/simba/hacking/erlang/helpdesk/priv/helpdesk.routes" ....

=INFO REPORT==== 18-Aug-2012::10:23:16 ===
GET /user/login [helpdesk] 200 191ms

=INFO REPORT==== 18-Aug-2012::10:23:20 ===
Loading routes from "/home/simba/hacking/erlang/helpdesk/priv/helpdesk.routes" ....

=INFO REPORT==== 18-Aug-2012::10:23:21 ===
POST /user/login [helpdesk] 302 172ms

=INFO REPORT==== 18-Aug-2012::10:23:21 ===
Loading routes from "/home/simba/hacking/erlang/helpdesk/priv/helpdesk.routes" ....

=INFO REPORT==== 18-Aug-2012::10:23:21 ===
GET / [helpdesk] 200 195ms

=INFO REPORT==== 18-Aug-2012::10:23:30 ===
Loading routes from "/home/simba/hacking/erlang/helpdesk/priv/helpdesk.routes" ....

=INFO REPORT==== 18-Aug-2012::10:23:30 ===
GET /about [helpdesk] 200 176ms

=INFO REPORT==== 18-Aug-2012::10:23:31 ===
Loading routes from "/home/simba/hacking/erlang/helpdesk/priv/helpdesk.routes" ....

=INFO REPORT==== 18-Aug-2012::10:23:31 ===
GET /depart/index [helpdesk] 200 250ms

=INFO REPORT==== 18-Aug-2012::10:23:33 ===
Loading routes from "/home/simba/hacking/erlang/helpdesk/priv/helpdesk.routes" ....

=INFO REPORT==== 18-Aug-2012::10:23:33 ===
GET /about [helpdesk] 200 184ms

=INFO REPORT==== 18-Aug-2012::10:23:39 ===
Loading routes from "/home/simba/hacking/erlang/helpdesk/priv/helpdesk.routes" ....

=INFO REPORT==== 18-Aug-2012::10:23:39 ===
GET /depart/index [helpdesk] 200 183ms

=INFO REPORT==== 18-Aug-2012::10:23:45 ===
Loading routes from "/home/simba/hacking/erlang/helpdesk/priv/helpdesk.routes" ....

=INFO REPORT==== 18-Aug-2012::10:23:45 ===
GET / [helpdesk] 200 175ms

=INFO REPORT==== 18-Aug-2012::10:24:33 ===
Loading routes from "/home/simba/hacking/erlang/helpdesk/priv/helpdesk.routes" ....

=INFO REPORT==== 18-Aug-2012::10:24:33 ===
GET / [helpdesk] 200 205ms

=INFO REPORT==== 18-Aug-2012::10:24:54 ===
Loading routes from "/home/simba/hacking/erlang/helpdesk/priv/helpdesk.routes" ....

=INFO REPORT==== 18-Aug-2012::10:24:54 ===
GET / [helpdesk] 200 203ms

=INFO REPORT==== 18-Aug-2012::10:26:10 ===
Loading routes from "/home/simba/hacking/erlang/helpdesk/priv/helpdesk.routes" ....

=INFO REPORT==== 18-Aug-2012::10:26:10 ===
GET / [helpdesk] 200 202ms

=INFO REPORT==== 18-Aug-2012::10:26:17 ===
Loading routes from "/home/simba/hacking/erlang/helpdesk/priv/helpdesk.routes" ....

=INFO REPORT==== 18-Aug-2012::10:26:17 ===
GET / [helpdesk] 200 176ms
