
=INFO REPORT==== 17-Aug-2012::12:49:09 ===
Starting Boss in development mode....

=INFO REPORT==== 17-Aug-2012::12:49:09 ===
Starting master services on 'helpdesk@simba-Aspire-4920'

=INFO REPORT==== 17-Aug-2012::12:49:09 ===
SSL:[]

=INFO REPORT==== 17-Aug-2012::12:49:09 ===
Loading routes from "../cb_admin/priv/cb_admin.routes" ....

=INFO REPORT==== 17-Aug-2012::12:49:09 ===
Loading routes from "/home/simba/hacking/erlang/helpdesk/priv/helpdesk.routes" ....

=INFO REPORT==== 17-Aug-2012::12:49:12 ===
GET /admin/model/model [cb_admin] 200 12ms

=INFO REPORT==== 17-Aug-2012::12:49:13 ===
GET /admin/model/model/operator [cb_admin] 200 16ms

=INFO REPORT==== 17-Aug-2012::12:49:14 ===
GET /admin/model/create/operator [cb_admin] 200 5ms

=ERROR REPORT==== 17-Aug-2012::12:49:22 ===
{function_clause,[{proplists,get_value,[limit,1,all]},
                  {boss_db,find,3},
                  {operator,'-validation_tests/0-fun-2-',1},
                  {boss_db,'-validate_record/1-lc$^0/1-0-',1},
                  {boss_db,'-validate_record/1-lc$^0/1-0-',1},
                  {boss_db,validate_record,1},
                  {boss_db,save_record,1},
                  {cb_admin_model_controller,create,4}]}

=ERROR REPORT==== 17-Aug-2012::12:49:22 ===
POST /admin/model/create/operator [cb_admin] 500 1ms

=INFO REPORT==== 17-Aug-2012::12:49:37 ===
GET /admin/model/model [cb_admin] 200 3ms
