
=INFO REPORT==== 16-Aug-2012::17:46:02 ===
Starting Boss in development mode....

=INFO REPORT==== 16-Aug-2012::17:46:02 ===
Starting master services on 'helpdesk@simba-Aspire-4920'

=INFO REPORT==== 16-Aug-2012::17:46:02 ===
SSL:[]

=INFO REPORT==== 16-Aug-2012::17:46:02 ===
Loading routes from "../cb_admin/priv/cb_admin.routes" ....

=INFO REPORT==== 16-Aug-2012::17:46:02 ===
Loading routes from "/home/simba/hacking/erlang/helpdesk/priv/helpdesk.routes" ....

=INFO REPORT==== 16-Aug-2012::17:46:07 ===
GET /admin/model/model [cb_admin] 200 16ms

=ERROR REPORT==== 16-Aug-2012::17:46:08 ===
** Generic server <0.65.0> terminating 
** Last message in was {count,person,[]}
** When Server state == {state,boss_db_adapter_pgsql,<0.66.0>,[],
                               {dict,0,16,16,8,80,48,
                                     {[],[],[],[],[],[],[],[],[],[],[],[],[],
                                      [],[],[]},
                                     {{[],[],[],[],[],[],[],[],[],[],[],[],[],
                                       [],[],[]}}},
                               false,60,db,0}
** Reason for termination == 
** {{badmatch,{error,{error,error,<<"42P01">>,
                            <<"relation \"people\" does not exist">>,
                            [{position,<<"31">>}]}}},
    [{boss_db_adapter_pgsql,count,3},
     {boss_db_controller,handle_call,3},
     {gen_server,handle_msg,5},
     {proc_lib,init_p_do_apply,3}]}

=ERROR REPORT==== 16-Aug-2012::17:46:08 ===
{{{badmatch,{error,{error,error,<<"42P01">>,
                          <<"relation \"people\" does not exist">>,
                          [{position,<<"31">>}]}}},
  [{boss_db_adapter_pgsql,count,3},
   {boss_db_controller,handle_call,3},
   {gen_server,handle_msg,5},
   {proc_lib,init_p_do_apply,3}]},
 {gen_server,call,[<0.65.0>,{count,person,[]},30000]}}

=ERROR REPORT==== 16-Aug-2012::17:46:08 ===
GET /admin/model/model/person [cb_admin] 500 2ms

=INFO REPORT==== 16-Aug-2012::17:49:06 ===
GET /admin/model/model/depart [cb_admin] 200 27ms

=INFO REPORT==== 16-Aug-2012::17:49:06 ===
POST /admin/model/watch [cb_admin] 200 4ms

=INFO REPORT==== 16-Aug-2012::17:49:07 ===
GET /admin/model/show/depart-2 [cb_admin] 200 8ms

=INFO REPORT==== 16-Aug-2012::17:49:07 ===
POST /admin/model/watch [cb_admin] 200 0ms

=INFO REPORT==== 16-Aug-2012::17:49:09 ===
GET /admin/model/edit/depart-2 [cb_admin] 200 5ms

=INFO REPORT==== 16-Aug-2012::17:49:12 ===
GET /admin/model/events/1345117746084922 [cb_admin] 200 6528ms

=INFO REPORT==== 16-Aug-2012::17:49:12 ===
GET /admin/model/events/1345117747673826 [cb_admin] 200 4981ms

=INFO REPORT==== 16-Aug-2012::17:49:12 ===
POST /admin/model/edit/depart-2 [cb_admin] 302 23ms

=INFO REPORT==== 16-Aug-2012::17:49:12 ===
GET /admin/model/show/depart-2 [cb_admin] 200 6ms

=INFO REPORT==== 16-Aug-2012::17:49:13 ===
POST /admin/model/watch [cb_admin] 200 0ms

=INFO REPORT==== 16-Aug-2012::17:49:16 ===
GET /admin/model/model/depart [cb_admin] 200 7ms

=INFO REPORT==== 16-Aug-2012::17:49:16 ===
POST /admin/model/watch [cb_admin] 200 0ms

=ERROR REPORT==== 16-Aug-2012::17:49:18 ===
** Generic server <0.76.0> terminating 
** Last message in was {count,person,[]}
** When Server state == {state,boss_db_adapter_pgsql,<0.77.0>,[],
                               {dict,0,16,16,8,80,48,
                                     {[],[],[],[],[],[],[],[],[],[],[],[],[],
                                      [],[],[]},
                                     {{[],[],[],[],[],[],[],[],[],[],[],[],[],
                                       [],[],[]}}},
                               false,60,db,0}
** Reason for termination == 
** {{badmatch,{error,{error,error,<<"42P01">>,
                            <<"relation \"people\" does not exist">>,
                            [{position,<<"31">>}]}}},
    [{boss_db_adapter_pgsql,count,3},
     {boss_db_controller,handle_call,3},
     {gen_server,handle_msg,5},
     {proc_lib,init_p_do_apply,3}]}

=ERROR REPORT==== 16-Aug-2012::17:49:18 ===
{{{badmatch,{error,{error,error,<<"42P01">>,
                          <<"relation \"people\" does not exist">>,
                          [{position,<<"31">>}]}}},
  [{boss_db_adapter_pgsql,count,3},
   {boss_db_controller,handle_call,3},
   {gen_server,handle_msg,5},
   {proc_lib,init_p_do_apply,3}]},
 {gen_server,call,[<0.76.0>,{count,person,[]},30000]}}

=ERROR REPORT==== 16-Aug-2012::17:49:18 ===
GET /admin/model/model/person [cb_admin] 500 3ms

=INFO REPORT==== 16-Aug-2012::17:49:20 ===
POST /admin/model/watch [cb_admin] 200 0ms

=ERROR REPORT==== 16-Aug-2012::17:49:23 ===
** Generic server <0.79.0> terminating 
** Last message in was {count,person,[]}
** When Server state == {state,boss_db_adapter_pgsql,<0.80.0>,[],
                               {dict,0,16,16,8,80,48,
                                     {[],[],[],[],[],[],[],[],[],[],[],[],[],
                                      [],[],[]},
                                     {{[],[],[],[],[],[],[],[],[],[],[],[],[],
                                       [],[],[]}}},
                               false,60,db,0}
** Reason for termination == 
** {{badmatch,{error,{error,error,<<"42P01">>,
                            <<"relation \"people\" does not exist">>,
                            [{position,<<"31">>}]}}},
    [{boss_db_adapter_pgsql,count,3},
     {boss_db_controller,handle_call,3},
     {gen_server,handle_msg,5},
     {proc_lib,init_p_do_apply,3}]}

=ERROR REPORT==== 16-Aug-2012::17:49:23 ===
{{{badmatch,{error,{error,error,<<"42P01">>,
                          <<"relation \"people\" does not exist">>,
                          [{position,<<"31">>}]}}},
  [{boss_db_adapter_pgsql,count,3},
   {boss_db_controller,handle_call,3},
   {gen_server,handle_msg,5},
   {proc_lib,init_p_do_apply,3}]},
 {gen_server,call,[<0.79.0>,{count,person,[]},30000]}}

=ERROR REPORT==== 16-Aug-2012::17:49:23 ===
GET /admin/model/model/person [cb_admin] 500 1ms

=INFO REPORT==== 16-Aug-2012::17:49:43 ===
GET /admin/model/events/1345117752881526 [cb_admin] 200 30000ms

=INFO REPORT==== 16-Aug-2012::17:49:46 ===
GET /admin/model/events/1345117756312234 [cb_admin] 200 30001ms

=INFO REPORT==== 16-Aug-2012::17:49:50 ===
GET /admin/model/events/1345117756312234 [cb_admin] 200 30001ms

=INFO REPORT==== 16-Aug-2012::17:50:32 ===
POST /admin/model/watch [cb_admin] 200 0ms

=ERROR REPORT==== 16-Aug-2012::17:50:34 ===
** Generic server <0.153.0> terminating 
** Last message in was {count,person,[]}
** When Server state == {state,boss_db_adapter_pgsql,<0.154.0>,[],
                               {dict,0,16,16,8,80,48,
                                     {[],[],[],[],[],[],[],[],[],[],[],[],[],
                                      [],[],[]},
                                     {{[],[],[],[],[],[],[],[],[],[],[],[],[],
                                       [],[],[]}}},
                               false,60,db,0}
** Reason for termination == 
** {{badmatch,{error,{error,error,<<"42P01">>,
                            <<"relation \"people\" does not exist">>,
                            [{position,<<"31">>}]}}},
    [{boss_db_adapter_pgsql,count,3},
     {boss_db_controller,handle_call,3},
     {gen_server,handle_msg,5},
     {proc_lib,init_p_do_apply,3}]}

=ERROR REPORT==== 16-Aug-2012::17:50:34 ===
{{{badmatch,{error,{error,error,<<"42P01">>,
                          <<"relation \"people\" does not exist">>,
                          [{position,<<"31">>}]}}},
  [{boss_db_adapter_pgsql,count,3},
   {boss_db_controller,handle_call,3},
   {gen_server,handle_msg,5},
   {proc_lib,init_p_do_apply,3}]},
 {gen_server,call,[<0.153.0>,{count,person,[]},30000]}}

=ERROR REPORT==== 16-Aug-2012::17:50:34 ===
GET /admin/model/model/person [cb_admin] 500 2ms

=INFO REPORT==== 16-Aug-2012::17:50:36 ===
POST /admin/model/watch [cb_admin] 200 0ms

=INFO REPORT==== 16-Aug-2012::17:51:02 ===
GET /admin/model/events/1345117756312234 [cb_admin] 200 30000ms

=INFO REPORT==== 16-Aug-2012::17:51:06 ===
POST /admin/model/heartbeat/6 [cb_admin] 200 0ms

=INFO REPORT==== 16-Aug-2012::17:51:06 ===
GET /admin/model/events/1345117756312234 [cb_admin] 200 30001ms
