
=INFO REPORT==== 20-Aug-2012::12:09:09 ===
Starting Boss in development mode....

=INFO REPORT==== 20-Aug-2012::12:09:09 ===
Starting master services on 'helpdesk@simba-Aspire-4920'

=INFO REPORT==== 20-Aug-2012::12:09:09 ===
SSL:[]

=INFO REPORT==== 20-Aug-2012::12:09:09 ===
Loading routes from "../cb_admin/priv/cb_admin.routes" ....

=INFO REPORT==== 20-Aug-2012::12:09:10 ===
Loading routes from "/home/simba/hacking/erlang/helpdesk/priv/helpdesk.routes" ....

=INFO REPORT==== 20-Aug-2012::12:09:14 ===
GET /admin/model/model [cb_admin] 200 13ms

=INFO REPORT==== 20-Aug-2012::12:09:15 ===
GET /admin/model/model/test [cb_admin] 200 32ms

=INFO REPORT==== 20-Aug-2012::12:09:17 ===
GET /admin/model/create/test [cb_admin] 200 4ms

=ERROR REPORT==== 20-Aug-2012::12:09:18 ===
{function_clause,
    [{erlydtl_runtime,init_counter_stats,
         [{error,error,<<"22P02">>,
              <<"invalid input syntax for integer: \"\"">>,
              [{position,<<"52">>}]},
          undefined]},
     {cb_admin_view_model_create_html,render_internal,4},
     {cb_admin_view_model_create_html,render,2},
     {boss_web_controller,render_view,6},
     {boss_web_controller,execute_action,5},
     {boss_web_controller,process_request,5},
     {timer,tc,3},
     {boss_web_controller,handle_request,3}]}

=ERROR REPORT==== 20-Aug-2012::12:09:18 ===
POST /admin/model/create/test [cb_admin] 500 3ms

=ERROR REPORT==== 20-Aug-2012::12:09:28 ===
{function_clause,
    [{erlydtl_runtime,init_counter_stats,
         [{error,error,<<"22P02">>,
              <<"invalid input syntax for integer: \"\"">>,
              [{position,<<"53">>}]},
          undefined]},
     {cb_admin_view_model_create_html,render_internal,4},
     {cb_admin_view_model_create_html,render,2},
     {boss_web_controller,render_view,6},
     {boss_web_controller,execute_action,5},
     {boss_web_controller,process_request,5},
     {timer,tc,3},
     {boss_web_controller,handle_request,3}]}

=ERROR REPORT==== 20-Aug-2012::12:09:28 ===
POST /admin/model/create/test [cb_admin] 500 3ms

=INFO REPORT==== 20-Aug-2012::12:09:35 ===
POST /admin/model/create/test [cb_admin] 302 26ms

=INFO REPORT==== 20-Aug-2012::12:09:35 ===
GET /admin/model/show/test-2 [cb_admin] 200 13ms

=INFO REPORT==== 20-Aug-2012::12:09:36 ===
POST /admin/model/watch [cb_admin] 200 4ms

=INFO REPORT==== 20-Aug-2012::12:09:38 ===
GET /admin/model/delete/test-2 [cb_admin] 200 26ms

=INFO REPORT==== 20-Aug-2012::12:09:39 ===
POST /admin/model/delete/test-2 [cb_admin] 302 66ms

=INFO REPORT==== 20-Aug-2012::12:09:39 ===
GET /admin/model/model/test [cb_admin] 200 5ms

=INFO REPORT==== 20-Aug-2012::12:09:42 ===
GET /doc/test [helpdesk] 200 343ms

=ERROR REPORT==== 20-Aug-2012::12:09:42 ===
GET /doc/stylesheet.css [helpdesk] 404 0ms

=ERROR REPORT==== 20-Aug-2012::12:09:42 ===
GET /doc/erlang.png [helpdesk] 404 0ms

=INFO REPORT==== 20-Aug-2012::12:10:06 ===
GET /admin/model/events/1345442975865314 [cb_admin] 200 30000ms

=INFO REPORT==== 20-Aug-2012::12:10:34 ===
GET /admin/model/create/test [cb_admin] 200 1ms
