
=INFO REPORT==== 20-Aug-2012::17:49:35 ===
Starting Boss in development mode....

=INFO REPORT==== 20-Aug-2012::17:49:35 ===
Starting master services on 'helpdesk@simba-Aspire-4920'

=INFO REPORT==== 20-Aug-2012::17:49:35 ===
SSL:[]

=INFO REPORT==== 20-Aug-2012::17:49:35 ===
Loading routes from "../cb_admin/priv/cb_admin.routes" ....

=INFO REPORT==== 20-Aug-2012::17:49:35 ===
Loading routes from "/home/simba/hacking/erlang/helpdesk/priv/helpdesk.routes" ....

=INFO REPORT==== 20-Aug-2012::17:49:36 ===
Loading routes from "/home/simba/hacking/erlang/helpdesk/priv/helpdesk.routes" ....

=INFO REPORT==== 20-Aug-2012::17:49:36 ===
GET /user/login [helpdesk] 200 194ms

=INFO REPORT==== 20-Aug-2012::17:49:40 ===
Loading routes from "/home/simba/hacking/erlang/helpdesk/priv/helpdesk.routes" ....

=INFO REPORT==== 20-Aug-2012::17:49:40 ===
POST /user/login [helpdesk] 302 238ms

=INFO REPORT==== 20-Aug-2012::17:49:40 ===
Loading routes from "/home/simba/hacking/erlang/helpdesk/priv/helpdesk.routes" ....

=INFO REPORT==== 20-Aug-2012::17:49:40 ===
GET / [helpdesk] 200 218ms

=INFO REPORT==== 20-Aug-2012::17:49:54 ===
Loading routes from "/home/simba/hacking/erlang/helpdesk/priv/helpdesk.routes" ....

=INFO REPORT==== 20-Aug-2012::17:49:54 ===
GET /request/index [helpdesk] 200 231ms

=INFO REPORT==== 20-Aug-2012::17:50:13 ===
Loading routes from "/home/simba/hacking/erlang/helpdesk/priv/helpdesk.routes" ....

=ERROR REPORT==== 20-Aug-2012::17:50:14 ===
{function_clause,[{erlydtl_runtime,init_counter_stats,
                                   [{error,{module_not_loaded,person}},
                                    undefined]},
                  {helpdesk_view_request_show_html,render_internal,4},
                  {helpdesk_view_request_show_html,render,2},
                  {boss_web_controller,render_view,6},
                  {boss_web_controller,execute_action,5},
                  {boss_web_controller,process_request,5},
                  {timer,tc,3},
                  {boss_web_controller,handle_request,3}]}

=ERROR REPORT==== 20-Aug-2012::17:50:14 ===
GET /request/show/request-1 [helpdesk] 500 240ms

=INFO REPORT==== 20-Aug-2012::17:50:52 ===
Loading routes from "/home/simba/hacking/erlang/helpdesk/priv/helpdesk.routes" ....

=INFO REPORT==== 20-Aug-2012::17:50:52 ===
GET /depart/index [helpdesk] 200 227ms

=INFO REPORT==== 20-Aug-2012::17:50:55 ===
Loading routes from "/home/simba/hacking/erlang/helpdesk/priv/helpdesk.routes" ....

=INFO REPORT==== 20-Aug-2012::17:50:55 ===
GET /depart/show/depart-1 [helpdesk] 200 228ms

=INFO REPORT==== 20-Aug-2012::17:51:02 ===
Loading routes from "/home/simba/hacking/erlang/helpdesk/priv/helpdesk.routes" ....

=INFO REPORT==== 20-Aug-2012::17:51:02 ===
GET /user/register [helpdesk] 200 229ms

=INFO REPORT==== 20-Aug-2012::17:51:03 ===
Loading routes from "/home/simba/hacking/erlang/helpdesk/priv/helpdesk.routes" ....

=INFO REPORT==== 20-Aug-2012::17:51:04 ===
GET /user/login [helpdesk] 200 234ms

=INFO REPORT==== 20-Aug-2012::17:51:05 ===
Loading routes from "/home/simba/hacking/erlang/helpdesk/priv/helpdesk.routes" ....

=INFO REPORT==== 20-Aug-2012::17:51:05 ===
GET /user/register [helpdesk] 200 227ms

=INFO REPORT==== 20-Aug-2012::17:51:06 ===
Loading routes from "/home/simba/hacking/erlang/helpdesk/priv/helpdesk.routes" ....

=INFO REPORT==== 20-Aug-2012::17:51:07 ===
GET /about [helpdesk] 200 224ms

=INFO REPORT==== 20-Aug-2012::17:51:09 ===
Loading routes from "/home/simba/hacking/erlang/helpdesk/priv/helpdesk.routes" ....

=INFO REPORT==== 20-Aug-2012::17:51:09 ===
GET /about [helpdesk] 200 223ms

=INFO REPORT==== 20-Aug-2012::17:51:10 ===
Loading routes from "/home/simba/hacking/erlang/helpdesk/priv/helpdesk.routes" ....

=INFO REPORT==== 20-Aug-2012::17:51:11 ===
GET /request/index [helpdesk] 200 246ms

=INFO REPORT==== 20-Aug-2012::17:51:16 ===
Loading routes from "/home/simba/hacking/erlang/helpdesk/priv/helpdesk.routes" ....

=INFO REPORT==== 20-Aug-2012::17:51:16 ===
GET /request/edit/request-1 [helpdesk] 200 226ms

=INFO REPORT==== 20-Aug-2012::17:51:18 ===
Loading routes from "/home/simba/hacking/erlang/helpdesk/priv/helpdesk.routes" ....

=INFO REPORT==== 20-Aug-2012::17:51:18 ===
POST /request/edit/request-1 [helpdesk] 302 338ms

=INFO REPORT==== 20-Aug-2012::17:51:18 ===
Loading routes from "/home/simba/hacking/erlang/helpdesk/priv/helpdesk.routes" ....

=ERROR REPORT==== 20-Aug-2012::17:51:18 ===
{function_clause,
    [{erlydtl_filters,date,[undefined,<<"j N Y, H:i">>]},
     {helpdesk_view_request_index_html,'-render_internal/4-fun-2-',3},
     {lists,mapfoldl,3},
     {erlydtl_runtime,forloop,3},
     {helpdesk_view_request_index_html,render_internal,4},
     {helpdesk_view_request_index_html,render,2},
     {boss_web_controller,render_view,6},
     {boss_web_controller,execute_action,5}]}

=ERROR REPORT==== 20-Aug-2012::17:51:18 ===
GET /request/index [helpdesk] 500 226ms

=INFO REPORT==== 20-Aug-2012::17:51:23 ===
Loading routes from "/home/simba/hacking/erlang/helpdesk/priv/helpdesk.routes" ....

=INFO REPORT==== 20-Aug-2012::17:51:23 ===
GET / [helpdesk] 200 237ms

=INFO REPORT==== 20-Aug-2012::17:51:29 ===
Loading routes from "/home/simba/hacking/erlang/helpdesk/priv/helpdesk.routes" ....

=ERROR REPORT==== 20-Aug-2012::17:51:29 ===
{function_clause,
    [{erlydtl_filters,date,[undefined,<<"j N Y, H:i">>]},
     {helpdesk_view_request_index_html,'-render_internal/4-fun-2-',3},
     {lists,mapfoldl,3},
     {erlydtl_runtime,forloop,3},
     {helpdesk_view_request_index_html,render_internal,4},
     {helpdesk_view_request_index_html,render,2},
     {boss_web_controller,render_view,6},
     {boss_web_controller,execute_action,5}]}

=ERROR REPORT==== 20-Aug-2012::17:51:29 ===
GET /request/index [helpdesk] 500 233ms
