
=INFO REPORT==== 17-Aug-2012::10:41:57 ===
Starting Boss in development mode....

=INFO REPORT==== 17-Aug-2012::10:41:57 ===
Starting master services on 'helpdesk@simba-Aspire-4920'

=INFO REPORT==== 17-Aug-2012::10:41:57 ===
SSL:[]

=INFO REPORT==== 17-Aug-2012::10:41:57 ===
Loading routes from "../cb_admin/priv/cb_admin.routes" ....

=INFO REPORT==== 17-Aug-2012::10:41:57 ===
Loading routes from "/home/simba/hacking/erlang/helpdesk/priv/helpdesk.routes" ....

=INFO REPORT==== 17-Aug-2012::10:41:58 ===
GET /admin/model/model [cb_admin] 200 15ms

=ERROR REPORT==== 17-Aug-2012::10:41:59 ===
** Generic server <0.65.0> terminating 
** Last message in was {count,person,[]}
** When Server state == {state,boss_db_adapter_pgsql,<0.66.0>,[],
                               {dict,0,16,16,8,80,48,
                                     {[],[],[],[],[],[],[],[],[],[],[],[],[],
                                      [],[],[]},
                                     {{[],[],[],[],[],[],[],[],[],[],[],[],[],
                                       [],[],[]}}},
                               false,60,db,0}
** Reason for termination == 
** {{badmatch,{error,{error,error,<<"42P01">>,
                            <<"relation \"people\" does not exist">>,
                            [{position,<<"31">>}]}}},
    [{boss_db_adapter_pgsql,count,3},
     {boss_db_controller,handle_call,3},
     {gen_server,handle_msg,5},
     {proc_lib,init_p_do_apply,3}]}

=ERROR REPORT==== 17-Aug-2012::10:41:59 ===
{{{badmatch,{error,{error,error,<<"42P01">>,
                          <<"relation \"people\" does not exist">>,
                          [{position,<<"31">>}]}}},
  [{boss_db_adapter_pgsql,count,3},
   {boss_db_controller,handle_call,3},
   {gen_server,handle_msg,5},
   {proc_lib,init_p_do_apply,3}]},
 {gen_server,call,[<0.65.0>,{count,person,[]},30000]}}

=ERROR REPORT==== 17-Aug-2012::10:41:59 ===
GET /admin/model/model/person [cb_admin] 500 2ms
