
=INFO REPORT==== 29-Aug-2012::11:30:46 ===
Starting Boss in development mode....

=INFO REPORT==== 29-Aug-2012::11:30:46 ===
Starting master services on 'helpdesk@simba-Aspire-4920'

=INFO REPORT==== 29-Aug-2012::11:30:46 ===
SSL:[]

=INFO REPORT==== 29-Aug-2012::11:30:46 ===
Loading routes from "../cb_admin/priv/cb_admin.routes" ....

=INFO REPORT==== 29-Aug-2012::11:30:47 ===
Loading routes from "/home/simba/hacking/erlang/helpdesk/priv/helpdesk.routes" ....

=INFO REPORT==== 29-Aug-2012::11:31:41 ===
Loading routes from "/home/simba/hacking/erlang/helpdesk/priv/helpdesk.routes" ....

=INFO REPORT==== 29-Aug-2012::11:31:41 ===
GET / [helpdesk] 200 135ms

=INFO REPORT==== 29-Aug-2012::11:31:43 ===
Loading routes from "/home/simba/hacking/erlang/helpdesk/priv/helpdesk.routes" ....

=INFO REPORT==== 29-Aug-2012::11:31:43 ===
GET /user/login [helpdesk] 200 99ms

=INFO REPORT==== 29-Aug-2012::11:31:45 ===
Loading routes from "/home/simba/hacking/erlang/helpdesk/priv/helpdesk.routes" ....

=INFO REPORT==== 29-Aug-2012::11:31:46 ===
GET / [helpdesk] 200 98ms

=INFO REPORT==== 29-Aug-2012::11:32:55 ===
Loading routes from "/home/simba/hacking/erlang/helpdesk/priv/helpdesk.routes" ....

=INFO REPORT==== 29-Aug-2012::11:32:55 ===
GET / [helpdesk] 200 126ms

=INFO REPORT==== 29-Aug-2012::11:32:57 ===
Loading routes from "/home/simba/hacking/erlang/helpdesk/priv/helpdesk.routes" ....

=INFO REPORT==== 29-Aug-2012::11:32:58 ===
GET /user/register [helpdesk] 200 204ms

=INFO REPORT==== 29-Aug-2012::11:33:01 ===
Loading routes from "/home/simba/hacking/erlang/helpdesk/priv/helpdesk.routes" ....

=INFO REPORT==== 29-Aug-2012::11:33:01 ===
GET / [helpdesk] 200 98ms

=INFO REPORT==== 29-Aug-2012::11:34:00 ===
Loading routes from "/home/simba/hacking/erlang/helpdesk/priv/helpdesk.routes" ....

=INFO REPORT==== 29-Aug-2012::11:34:00 ===
GET /user/login [helpdesk] 200 107ms

=INFO REPORT==== 29-Aug-2012::11:34:13 ===
Loading routes from "/home/simba/hacking/erlang/helpdesk/priv/helpdesk.routes" ....

=INFO REPORT==== 29-Aug-2012::11:34:13 ===
POST /user/login [helpdesk] 302 138ms

=INFO REPORT==== 29-Aug-2012::11:34:13 ===
Loading routes from "/home/simba/hacking/erlang/helpdesk/priv/helpdesk.routes" ....

=INFO REPORT==== 29-Aug-2012::11:34:13 ===
GET / [helpdesk] 200 119ms

=INFO REPORT==== 29-Aug-2012::11:34:16 ===
Loading routes from "/home/simba/hacking/erlang/helpdesk/priv/helpdesk.routes" ....

=INFO REPORT==== 29-Aug-2012::11:34:16 ===
GET /main/depart_request [helpdesk] 200 190ms

=INFO REPORT==== 29-Aug-2012::11:34:20 ===
Loading routes from "/home/simba/hacking/erlang/helpdesk/priv/helpdesk.routes" ....

=INFO REPORT==== 29-Aug-2012::11:34:20 ===
GET /request/set_worker/request-23 [helpdesk] 200 100ms

=INFO REPORT==== 29-Aug-2012::11:34:27 ===
Loading routes from "/home/simba/hacking/erlang/helpdesk/priv/helpdesk.routes" ....

=INFO REPORT==== 29-Aug-2012::11:34:27 ===
POST /request/set_worker/request-23 [helpdesk] 302 234ms

=INFO REPORT==== 29-Aug-2012::11:34:27 ===
Loading routes from "/home/simba/hacking/erlang/helpdesk/priv/helpdesk.routes" ....

=ERROR REPORT==== 29-Aug-2012::11:34:27 ===
GET /main/set_worker [helpdesk] 404 191ms

=INFO REPORT==== 29-Aug-2012::11:34:29 ===
Loading routes from "/home/simba/hacking/erlang/helpdesk/priv/helpdesk.routes" ....

=INFO REPORT==== 29-Aug-2012::11:34:29 ===
GET / [helpdesk] 200 101ms

=INFO REPORT==== 29-Aug-2012::11:34:30 ===
Loading routes from "/home/simba/hacking/erlang/helpdesk/priv/helpdesk.routes" ....

=INFO REPORT==== 29-Aug-2012::11:34:31 ===
GET /main/depart_request [helpdesk] 200 125ms

=INFO REPORT==== 29-Aug-2012::11:35:17 ===
Loading routes from "/home/simba/hacking/erlang/helpdesk/priv/helpdesk.routes" ....

=INFO REPORT==== 29-Aug-2012::11:35:17 ===
GET / [helpdesk] 200 95ms

=INFO REPORT==== 29-Aug-2012::11:35:20 ===
Loading routes from "/home/simba/hacking/erlang/helpdesk/priv/helpdesk.routes" ....

=INFO REPORT==== 29-Aug-2012::11:35:20 ===
GET /user/login [helpdesk] 200 97ms

=INFO REPORT==== 29-Aug-2012::11:35:28 ===
Loading routes from "/home/simba/hacking/erlang/helpdesk/priv/helpdesk.routes" ....

=INFO REPORT==== 29-Aug-2012::11:35:28 ===
POST /user/login [helpdesk] 200 95ms

=INFO REPORT==== 29-Aug-2012::11:35:40 ===
Loading routes from "/home/simba/hacking/erlang/helpdesk/priv/helpdesk.routes" ....

=INFO REPORT==== 29-Aug-2012::11:35:40 ===
POST /user/login [helpdesk] 200 98ms

=INFO REPORT==== 29-Aug-2012::11:35:50 ===
Loading routes from "/home/simba/hacking/erlang/helpdesk/priv/helpdesk.routes" ....

=INFO REPORT==== 29-Aug-2012::11:35:50 ===
POST /user/login [helpdesk] 200 96ms

=INFO REPORT==== 29-Aug-2012::11:35:53 ===
Loading routes from "/home/simba/hacking/erlang/helpdesk/priv/helpdesk.routes" ....

=INFO REPORT==== 29-Aug-2012::11:35:53 ===
GET /user/login [helpdesk] 200 98ms

=INFO REPORT==== 29-Aug-2012::11:36:13 ===
Loading routes from "/home/simba/hacking/erlang/helpdesk/priv/helpdesk.routes" ....

=INFO REPORT==== 29-Aug-2012::11:36:13 ===
POST /user/login [helpdesk] 302 112ms

=INFO REPORT==== 29-Aug-2012::11:36:13 ===
Loading routes from "/home/simba/hacking/erlang/helpdesk/priv/helpdesk.routes" ....

=INFO REPORT==== 29-Aug-2012::11:36:13 ===
GET / [helpdesk] 200 100ms

=INFO REPORT==== 29-Aug-2012::11:36:15 ===
Loading routes from "/home/simba/hacking/erlang/helpdesk/priv/helpdesk.routes" ....

=INFO REPORT==== 29-Aug-2012::11:36:15 ===
GET /main/user_request [helpdesk] 200 105ms

=INFO REPORT==== 29-Aug-2012::11:36:17 ===
Loading routes from "/home/simba/hacking/erlang/helpdesk/priv/helpdesk.routes" ....

=INFO REPORT==== 29-Aug-2012::11:36:17 ===
GET /request/create [helpdesk] 200 101ms

=INFO REPORT==== 29-Aug-2012::11:36:45 ===
Loading routes from "/home/simba/hacking/erlang/helpdesk/priv/helpdesk.routes" ....

=INFO REPORT==== 29-Aug-2012::11:36:45 ===
POST /request/create [helpdesk] 302 224ms

=INFO REPORT==== 29-Aug-2012::11:36:45 ===
Loading routes from "/home/simba/hacking/erlang/helpdesk/priv/helpdesk.routes" ....

=INFO REPORT==== 29-Aug-2012::11:36:45 ===
GET /main/user_request [helpdesk] 200 106ms

=INFO REPORT==== 29-Aug-2012::11:36:48 ===
Loading routes from "/home/simba/hacking/erlang/helpdesk/priv/helpdesk.routes" ....

=INFO REPORT==== 29-Aug-2012::11:36:48 ===
GET /main/depart_request [helpdesk] 200 128ms

=INFO REPORT==== 29-Aug-2012::11:36:53 ===
Loading routes from "/home/simba/hacking/erlang/helpdesk/priv/helpdesk.routes" ....

=INFO REPORT==== 29-Aug-2012::11:36:53 ===
GET /request/set_worker/request-30 [helpdesk] 200 112ms

=INFO REPORT==== 29-Aug-2012::11:36:57 ===
Loading routes from "/home/simba/hacking/erlang/helpdesk/priv/helpdesk.routes" ....

=INFO REPORT==== 29-Aug-2012::11:36:57 ===
POST /request/set_worker/request-30 [helpdesk] 302 168ms

=INFO REPORT==== 29-Aug-2012::11:36:57 ===
Loading routes from "/home/simba/hacking/erlang/helpdesk/priv/helpdesk.routes" ....

=ERROR REPORT==== 29-Aug-2012::11:36:57 ===
GET /main/set_worker [helpdesk] 404 191ms

=INFO REPORT==== 29-Aug-2012::11:36:59 ===
Loading routes from "/home/simba/hacking/erlang/helpdesk/priv/helpdesk.routes" ....

=INFO REPORT==== 29-Aug-2012::11:36:59 ===
GET / [helpdesk] 200 99ms

=INFO REPORT==== 29-Aug-2012::11:37:00 ===
Loading routes from "/home/simba/hacking/erlang/helpdesk/priv/helpdesk.routes" ....

=INFO REPORT==== 29-Aug-2012::11:37:00 ===
GET /main/depart_request [helpdesk] 200 122ms

=INFO REPORT==== 29-Aug-2012::11:37:06 ===
Loading routes from "/home/simba/hacking/erlang/helpdesk/priv/helpdesk.routes" ....

=INFO REPORT==== 29-Aug-2012::11:37:06 ===
GET /main/user_request [helpdesk] 200 108ms

=INFO REPORT==== 29-Aug-2012::11:37:08 ===
Loading routes from "/home/simba/hacking/erlang/helpdesk/priv/helpdesk.routes" ....

=INFO REPORT==== 29-Aug-2012::11:37:08 ===
GET /main/user_request [helpdesk] 200 111ms

=INFO REPORT==== 29-Aug-2012::11:37:08 ===
Loading routes from "/home/simba/hacking/erlang/helpdesk/priv/helpdesk.routes" ....

=INFO REPORT==== 29-Aug-2012::11:37:08 ===
GET /main/user_request [helpdesk] 200 106ms

=INFO REPORT==== 29-Aug-2012::11:37:09 ===
Loading routes from "/home/simba/hacking/erlang/helpdesk/priv/helpdesk.routes" ....

=INFO REPORT==== 29-Aug-2012::11:37:09 ===
GET /main/user_request [helpdesk] 200 123ms

=INFO REPORT==== 29-Aug-2012::11:37:09 ===
Loading routes from "/home/simba/hacking/erlang/helpdesk/priv/helpdesk.routes" ....

=INFO REPORT==== 29-Aug-2012::11:37:09 ===
GET /main/user_request [helpdesk] 200 109ms

=INFO REPORT==== 29-Aug-2012::11:37:10 ===
Loading routes from "/home/simba/hacking/erlang/helpdesk/priv/helpdesk.routes" ....

=INFO REPORT==== 29-Aug-2012::11:37:10 ===
GET /request/create [helpdesk] 200 101ms

=INFO REPORT==== 29-Aug-2012::11:37:23 ===
Loading routes from "/home/simba/hacking/erlang/helpdesk/priv/helpdesk.routes" ....

=INFO REPORT==== 29-Aug-2012::11:37:23 ===
POST /request/create [helpdesk] 302 156ms

=INFO REPORT==== 29-Aug-2012::11:37:23 ===
Loading routes from "/home/simba/hacking/erlang/helpdesk/priv/helpdesk.routes" ....

=INFO REPORT==== 29-Aug-2012::11:37:23 ===
GET /main/user_request [helpdesk] 200 109ms

=INFO REPORT==== 29-Aug-2012::11:37:51 ===
Loading routes from "/home/simba/hacking/erlang/helpdesk/priv/helpdesk.routes" ....

=INFO REPORT==== 29-Aug-2012::11:37:51 ===
GET /main/depart_request [helpdesk] 200 104ms

=INFO REPORT==== 29-Aug-2012::11:37:52 ===
Loading routes from "/home/simba/hacking/erlang/helpdesk/priv/helpdesk.routes" ....

=INFO REPORT==== 29-Aug-2012::11:37:52 ===
GET /main/depart_request [helpdesk] 200 104ms

=INFO REPORT==== 29-Aug-2012::11:37:53 ===
Loading routes from "/home/simba/hacking/erlang/helpdesk/priv/helpdesk.routes" ....

=INFO REPORT==== 29-Aug-2012::11:37:53 ===
GET /main/user_request [helpdesk] 200 113ms

=INFO REPORT==== 29-Aug-2012::11:37:55 ===
Loading routes from "/home/simba/hacking/erlang/helpdesk/priv/helpdesk.routes" ....

=INFO REPORT==== 29-Aug-2012::11:37:55 ===
GET /main/depart_request [helpdesk] 200 135ms

=INFO REPORT==== 29-Aug-2012::11:38:03 ===
Loading routes from "/home/simba/hacking/erlang/helpdesk/priv/helpdesk.routes" ....

=INFO REPORT==== 29-Aug-2012::11:38:03 ===
GET /main/depart_request [helpdesk] 200 127ms

=INFO REPORT==== 29-Aug-2012::11:40:25 ===
Loading routes from "/home/simba/hacking/erlang/helpdesk/priv/helpdesk.routes" ....

=INFO REPORT==== 29-Aug-2012::11:40:25 ===
GET /main/depart_request [helpdesk] 200 121ms

=INFO REPORT==== 29-Aug-2012::11:40:26 ===
Loading routes from "/home/simba/hacking/erlang/helpdesk/priv/helpdesk.routes" ....

=INFO REPORT==== 29-Aug-2012::11:40:26 ===
GET /main/depart_request [helpdesk] 200 129ms

=INFO REPORT==== 29-Aug-2012::11:40:28 ===
Loading routes from "/home/simba/hacking/erlang/helpdesk/priv/helpdesk.routes" ....

=INFO REPORT==== 29-Aug-2012::11:40:28 ===
GET /request/set_worker/request-31 [helpdesk] 200 111ms

=INFO REPORT==== 29-Aug-2012::11:40:33 ===
Loading routes from "/home/simba/hacking/erlang/helpdesk/priv/helpdesk.routes" ....

=INFO REPORT==== 29-Aug-2012::11:40:33 ===
POST /request/set_worker/request-31 [helpdesk] 302 165ms

=INFO REPORT==== 29-Aug-2012::11:40:33 ===
Loading routes from "/home/simba/hacking/erlang/helpdesk/priv/helpdesk.routes" ....

=INFO REPORT==== 29-Aug-2012::11:40:33 ===
GET /main/depart_request [helpdesk] 200 133ms

=INFO REPORT==== 29-Aug-2012::11:40:38 ===
Loading routes from "/home/simba/hacking/erlang/helpdesk/priv/helpdesk.routes" ....

=INFO REPORT==== 29-Aug-2012::11:40:38 ===
GET /main/depart_request [helpdesk] 200 123ms

=INFO REPORT==== 29-Aug-2012::11:40:39 ===
Loading routes from "/home/simba/hacking/erlang/helpdesk/priv/helpdesk.routes" ....

=INFO REPORT==== 29-Aug-2012::11:40:39 ===
GET /request/set_complit/request-31 [helpdesk] 200 112ms

=INFO REPORT==== 29-Aug-2012::11:40:41 ===
Loading routes from "/home/simba/hacking/erlang/helpdesk/priv/helpdesk.routes" ....

=INFO REPORT==== 29-Aug-2012::11:40:41 ===
POST /request/set_complit/request-31 [helpdesk] 302 232ms

=INFO REPORT==== 29-Aug-2012::11:40:41 ===
Loading routes from "/home/simba/hacking/erlang/helpdesk/priv/helpdesk.routes" ....

=INFO REPORT==== 29-Aug-2012::11:40:41 ===
GET /main/user_request [helpdesk] 200 100ms

=INFO REPORT==== 29-Aug-2012::11:40:48 ===
Loading routes from "/home/simba/hacking/erlang/helpdesk/priv/helpdesk.routes" ....

=INFO REPORT==== 29-Aug-2012::11:40:48 ===
GET /main/depart_request [helpdesk] 200 127ms

=INFO REPORT==== 29-Aug-2012::11:41:28 ===
Loading routes from "/home/simba/hacking/erlang/helpdesk/priv/helpdesk.routes" ....

=INFO REPORT==== 29-Aug-2012::11:41:28 ===
GET /request/set_complit/request-30 [helpdesk] 200 111ms

=INFO REPORT==== 29-Aug-2012::11:41:33 ===
Loading routes from "/home/simba/hacking/erlang/helpdesk/priv/helpdesk.routes" ....

=INFO REPORT==== 29-Aug-2012::11:41:34 ===
POST /request/set_complit/request-30 [helpdesk] 302 164ms

=INFO REPORT==== 29-Aug-2012::11:41:34 ===
Loading routes from "/home/simba/hacking/erlang/helpdesk/priv/helpdesk.routes" ....

=INFO REPORT==== 29-Aug-2012::11:41:34 ===
GET /main/depart_request [helpdesk] 200 122ms

=INFO REPORT==== 29-Aug-2012::11:41:37 ===
Loading routes from "/home/simba/hacking/erlang/helpdesk/priv/helpdesk.routes" ....

=INFO REPORT==== 29-Aug-2012::11:41:37 ===
GET /request/set_worker/request-24 [helpdesk] 200 108ms

=INFO REPORT==== 29-Aug-2012::11:41:38 ===
Loading routes from "/home/simba/hacking/erlang/helpdesk/priv/helpdesk.routes" ....

=INFO REPORT==== 29-Aug-2012::11:41:38 ===
POST /request/set_worker/request-24 [helpdesk] 302 198ms

=INFO REPORT==== 29-Aug-2012::11:41:38 ===
Loading routes from "/home/simba/hacking/erlang/helpdesk/priv/helpdesk.routes" ....

=INFO REPORT==== 29-Aug-2012::11:41:38 ===
GET /main/depart_request [helpdesk] 200 126ms

=INFO REPORT==== 29-Aug-2012::11:41:39 ===
Loading routes from "/home/simba/hacking/erlang/helpdesk/priv/helpdesk.routes" ....

=INFO REPORT==== 29-Aug-2012::11:41:40 ===
GET /request/set_worker/request-25 [helpdesk] 200 107ms

=INFO REPORT==== 29-Aug-2012::11:41:41 ===
Loading routes from "/home/simba/hacking/erlang/helpdesk/priv/helpdesk.routes" ....

=INFO REPORT==== 29-Aug-2012::11:41:41 ===
POST /request/set_worker/request-25 [helpdesk] 302 187ms

=INFO REPORT==== 29-Aug-2012::11:41:41 ===
Loading routes from "/home/simba/hacking/erlang/helpdesk/priv/helpdesk.routes" ....

=INFO REPORT==== 29-Aug-2012::11:41:41 ===
GET /main/depart_request [helpdesk] 200 127ms

=INFO REPORT==== 29-Aug-2012::11:41:49 ===
Loading routes from "/home/simba/hacking/erlang/helpdesk/priv/helpdesk.routes" ....

=INFO REPORT==== 29-Aug-2012::11:41:49 ===
GET /main/user_request [helpdesk] 200 113ms

=INFO REPORT==== 29-Aug-2012::11:41:53 ===
Loading routes from "/home/simba/hacking/erlang/helpdesk/priv/helpdesk.routes" ....

=INFO REPORT==== 29-Aug-2012::11:41:53 ===
GET /request/set_close/request-31 [helpdesk] 200 104ms

=INFO REPORT==== 29-Aug-2012::11:41:55 ===
Loading routes from "/home/simba/hacking/erlang/helpdesk/priv/helpdesk.routes" ....

=INFO REPORT==== 29-Aug-2012::11:41:55 ===
POST /request/set_close/request-31 [helpdesk] 302 151ms

=INFO REPORT==== 29-Aug-2012::11:41:55 ===
Loading routes from "/home/simba/hacking/erlang/helpdesk/priv/helpdesk.routes" ....

=INFO REPORT==== 29-Aug-2012::11:41:55 ===
GET /main/user_request [helpdesk] 200 111ms

=INFO REPORT==== 29-Aug-2012::11:41:57 ===
Loading routes from "/home/simba/hacking/erlang/helpdesk/priv/helpdesk.routes" ....

=INFO REPORT==== 29-Aug-2012::11:41:57 ===
GET /request/set_close/request-30 [helpdesk] 200 103ms

=INFO REPORT==== 29-Aug-2012::11:41:58 ===
Loading routes from "/home/simba/hacking/erlang/helpdesk/priv/helpdesk.routes" ....

=INFO REPORT==== 29-Aug-2012::11:41:59 ===
POST /request/set_close/request-30 [helpdesk] 302 150ms

=INFO REPORT==== 29-Aug-2012::11:41:59 ===
Loading routes from "/home/simba/hacking/erlang/helpdesk/priv/helpdesk.routes" ....

=INFO REPORT==== 29-Aug-2012::11:41:59 ===
GET /main/user_request [helpdesk] 200 110ms

=INFO REPORT==== 29-Aug-2012::11:42:02 ===
Loading routes from "/home/simba/hacking/erlang/helpdesk/priv/helpdesk.routes" ....

=INFO REPORT==== 29-Aug-2012::11:42:02 ===
GET /request/create [helpdesk] 200 102ms

=INFO REPORT==== 29-Aug-2012::11:42:10 ===
Loading routes from "/home/simba/hacking/erlang/helpdesk/priv/helpdesk.routes" ....

=INFO REPORT==== 29-Aug-2012::11:42:10 ===
POST /request/create [helpdesk] 302 143ms

=INFO REPORT==== 29-Aug-2012::11:42:10 ===
Loading routes from "/home/simba/hacking/erlang/helpdesk/priv/helpdesk.routes" ....

=INFO REPORT==== 29-Aug-2012::11:42:10 ===
GET /main/user_request [helpdesk] 200 111ms

=INFO REPORT==== 29-Aug-2012::11:45:27 ===
Loading routes from "/home/simba/hacking/erlang/helpdesk/priv/helpdesk.routes" ....

=INFO REPORT==== 29-Aug-2012::11:45:28 ===
GET /main/depart_request [helpdesk] 200 134ms

=INFO REPORT==== 29-Aug-2012::11:45:29 ===
Loading routes from "/home/simba/hacking/erlang/helpdesk/priv/helpdesk.routes" ....

=INFO REPORT==== 29-Aug-2012::11:45:29 ===
GET /request/set_worker/request-32 [helpdesk] 200 111ms

=INFO REPORT==== 29-Aug-2012::11:47:55 ===
Loading routes from "/home/simba/hacking/erlang/helpdesk/priv/helpdesk.routes" ....

=INFO REPORT==== 29-Aug-2012::11:47:55 ===
GET /main/depart_request [helpdesk] 200 130ms

=INFO REPORT==== 29-Aug-2012::11:47:57 ===
Loading routes from "/home/simba/hacking/erlang/helpdesk/priv/helpdesk.routes" ....

=INFO REPORT==== 29-Aug-2012::11:47:57 ===
GET /request/set_worker/request-32 [helpdesk] 200 109ms

=INFO REPORT==== 29-Aug-2012::11:47:59 ===
Loading routes from "/home/simba/hacking/erlang/helpdesk/priv/helpdesk.routes" ....

=INFO REPORT==== 29-Aug-2012::11:47:59 ===
GET / [helpdesk] 200 95ms

=INFO REPORT==== 29-Aug-2012::11:48:00 ===
Loading routes from "/home/simba/hacking/erlang/helpdesk/priv/helpdesk.routes" ....

=INFO REPORT==== 29-Aug-2012::11:48:00 ===
GET /chat [helpdesk] 200 104ms

=INFO REPORT==== 29-Aug-2012::11:48:02 ===
Loading routes from "/home/simba/hacking/erlang/helpdesk/priv/helpdesk.routes" ....

=INFO REPORT==== 29-Aug-2012::11:48:02 ===
GET /main/depart_request [helpdesk] 200 129ms

=INFO REPORT==== 29-Aug-2012::11:48:07 ===
Loading routes from "/home/simba/hacking/erlang/helpdesk/priv/helpdesk.routes" ....

=INFO REPORT==== 29-Aug-2012::11:48:07 ===
GET /request/create [helpdesk] 200 104ms

=INFO REPORT==== 29-Aug-2012::11:48:13 ===
Loading routes from "/home/simba/hacking/erlang/helpdesk/priv/helpdesk.routes" ....

=INFO REPORT==== 29-Aug-2012::11:48:14 ===
POST /request/create [helpdesk] 302 161ms

=INFO REPORT==== 29-Aug-2012::11:48:14 ===
Loading routes from "/home/simba/hacking/erlang/helpdesk/priv/helpdesk.routes" ....

=INFO REPORT==== 29-Aug-2012::11:48:14 ===
GET /main/user_request [helpdesk] 200 113ms

=INFO REPORT==== 29-Aug-2012::11:48:16 ===
Loading routes from "/home/simba/hacking/erlang/helpdesk/priv/helpdesk.routes" ....

=INFO REPORT==== 29-Aug-2012::11:48:16 ===
GET /main/depart_request [helpdesk] 200 140ms

=INFO REPORT==== 29-Aug-2012::11:48:19 ===
Loading routes from "/home/simba/hacking/erlang/helpdesk/priv/helpdesk.routes" ....

=INFO REPORT==== 29-Aug-2012::11:48:19 ===
GET /request/set_worker/request-32 [helpdesk] 200 105ms

=INFO REPORT==== 29-Aug-2012::11:48:23 ===
Loading routes from "/home/simba/hacking/erlang/helpdesk/priv/helpdesk.routes" ....

=INFO REPORT==== 29-Aug-2012::11:48:23 ===
POST /request/set_worker/request-32 [helpdesk] 302 152ms

=INFO REPORT==== 29-Aug-2012::11:48:23 ===
Loading routes from "/home/simba/hacking/erlang/helpdesk/priv/helpdesk.routes" ....

=INFO REPORT==== 29-Aug-2012::11:48:23 ===
GET /main/depart_request [helpdesk] 200 132ms

=INFO REPORT==== 29-Aug-2012::11:48:25 ===
Loading routes from "/home/simba/hacking/erlang/helpdesk/priv/helpdesk.routes" ....

=INFO REPORT==== 29-Aug-2012::11:48:25 ===
GET /request/set_complit/request-32 [helpdesk] 200 103ms

=INFO REPORT==== 29-Aug-2012::11:48:29 ===
Loading routes from "/home/simba/hacking/erlang/helpdesk/priv/helpdesk.routes" ....

=INFO REPORT==== 29-Aug-2012::11:48:29 ===
GET /main/depart_request [helpdesk] 200 134ms

=INFO REPORT==== 29-Aug-2012::11:48:31 ===
Loading routes from "/home/simba/hacking/erlang/helpdesk/priv/helpdesk.routes" ....

=INFO REPORT==== 29-Aug-2012::11:48:31 ===
GET /request/show/request-32 [helpdesk] 200 119ms

=INFO REPORT==== 29-Aug-2012::11:48:47 ===
Loading routes from "/home/simba/hacking/erlang/helpdesk/priv/helpdesk.routes" ....

=INFO REPORT==== 29-Aug-2012::11:48:47 ===
POST /request/show/request-32 [helpdesk] 302 167ms

=INFO REPORT==== 29-Aug-2012::11:48:47 ===
Loading routes from "/home/simba/hacking/erlang/helpdesk/priv/helpdesk.routes" ....

=INFO REPORT==== 29-Aug-2012::11:48:47 ===
GET /request/show/request-32 [helpdesk] 200 111ms

=INFO REPORT==== 29-Aug-2012::11:48:49 ===
Loading routes from "/home/simba/hacking/erlang/helpdesk/priv/helpdesk.routes" ....

=INFO REPORT==== 29-Aug-2012::11:48:49 ===
GET /main/depart_request [helpdesk] 200 136ms

=INFO REPORT==== 29-Aug-2012::11:48:50 ===
Loading routes from "/home/simba/hacking/erlang/helpdesk/priv/helpdesk.routes" ....

=INFO REPORT==== 29-Aug-2012::11:48:50 ===
GET /request/set_complit/request-32 [helpdesk] 200 104ms

=INFO REPORT==== 29-Aug-2012::11:48:52 ===
Loading routes from "/home/simba/hacking/erlang/helpdesk/priv/helpdesk.routes" ....

=INFO REPORT==== 29-Aug-2012::11:48:52 ===
GET /main/depart_request [helpdesk] 200 139ms

=INFO REPORT==== 29-Aug-2012::11:48:53 ===
Loading routes from "/home/simba/hacking/erlang/helpdesk/priv/helpdesk.routes" ....

=INFO REPORT==== 29-Aug-2012::11:48:53 ===
GET /request/set_worker/request-33 [helpdesk] 200 110ms

=INFO REPORT==== 29-Aug-2012::11:48:55 ===
Loading routes from "/home/simba/hacking/erlang/helpdesk/priv/helpdesk.routes" ....

=INFO REPORT==== 29-Aug-2012::11:48:55 ===
GET /main/depart_request [helpdesk] 200 135ms

=INFO REPORT==== 29-Aug-2012::11:48:59 ===
Loading routes from "/home/simba/hacking/erlang/helpdesk/priv/helpdesk.routes" ....

=INFO REPORT==== 29-Aug-2012::11:49:00 ===
GET /request/set_close/request-32 [helpdesk] 200 206ms

=INFO REPORT==== 29-Aug-2012::11:49:03 ===
Loading routes from "/home/simba/hacking/erlang/helpdesk/priv/helpdesk.routes" ....

=INFO REPORT==== 29-Aug-2012::11:49:04 ===
GET /main/user_request [helpdesk] 200 121ms

=INFO REPORT==== 29-Aug-2012::11:49:53 ===
Loading routes from "/home/simba/hacking/erlang/helpdesk/priv/helpdesk.routes" ....

=INFO REPORT==== 29-Aug-2012::11:49:53 ===
GET /main/depart_request [helpdesk] 200 135ms

=INFO REPORT==== 29-Aug-2012::11:49:54 ===
Loading routes from "/home/simba/hacking/erlang/helpdesk/priv/helpdesk.routes" ....

=INFO REPORT==== 29-Aug-2012::11:49:54 ===
GET /request/set_complit/request-32 [helpdesk] 200 213ms

=INFO REPORT==== 29-Aug-2012::11:50:01 ===
Loading routes from "/home/simba/hacking/erlang/helpdesk/priv/helpdesk.routes" ....

=INFO REPORT==== 29-Aug-2012::11:50:01 ===
GET /request/set_worker/request-33 [helpdesk] 200 213ms

=INFO REPORT==== 29-Aug-2012::11:50:27 ===
Loading routes from "/home/simba/hacking/erlang/helpdesk/priv/helpdesk.routes" ....

=INFO REPORT==== 29-Aug-2012::11:50:28 ===
GET /request/set_worker/request-33 [helpdesk] 200 111ms

=INFO REPORT==== 29-Aug-2012::11:50:30 ===
Loading routes from "/home/simba/hacking/erlang/helpdesk/priv/helpdesk.routes" ....

=INFO REPORT==== 29-Aug-2012::11:50:30 ===
GET /main/depart_request [helpdesk] 200 136ms

=INFO REPORT==== 29-Aug-2012::11:50:31 ===
Loading routes from "/home/simba/hacking/erlang/helpdesk/priv/helpdesk.routes" ....

=INFO REPORT==== 29-Aug-2012::11:50:31 ===
GET /request/show/request-33 [helpdesk] 200 111ms

=INFO REPORT==== 29-Aug-2012::11:50:37 ===
Loading routes from "/home/simba/hacking/erlang/helpdesk/priv/helpdesk.routes" ....

=INFO REPORT==== 29-Aug-2012::11:50:37 ===
POST /request/show/request-33 [helpdesk] 302 153ms

=INFO REPORT==== 29-Aug-2012::11:50:37 ===
Loading routes from "/home/simba/hacking/erlang/helpdesk/priv/helpdesk.routes" ....

=INFO REPORT==== 29-Aug-2012::11:50:37 ===
GET /request/show/request-33 [helpdesk] 200 108ms

=INFO REPORT==== 29-Aug-2012::11:50:39 ===
Loading routes from "/home/simba/hacking/erlang/helpdesk/priv/helpdesk.routes" ....

=INFO REPORT==== 29-Aug-2012::11:50:39 ===
GET /main/depart_request [helpdesk] 200 135ms

=INFO REPORT==== 29-Aug-2012::11:50:41 ===
Loading routes from "/home/simba/hacking/erlang/helpdesk/priv/helpdesk.routes" ....

=INFO REPORT==== 29-Aug-2012::11:50:41 ===
GET /request/set_worker/request-33 [helpdesk] 200 117ms

=INFO REPORT==== 29-Aug-2012::11:50:47 ===
Loading routes from "/home/simba/hacking/erlang/helpdesk/priv/helpdesk.routes" ....

=INFO REPORT==== 29-Aug-2012::11:50:47 ===
GET /main/depart_request [helpdesk] 200 131ms

=INFO REPORT==== 29-Aug-2012::11:50:48 ===
Loading routes from "/home/simba/hacking/erlang/helpdesk/priv/helpdesk.routes" ....

=INFO REPORT==== 29-Aug-2012::11:50:48 ===
GET /request/set_complit/request-32 [helpdesk] 200 109ms

=INFO REPORT==== 29-Aug-2012::11:50:49 ===
Loading routes from "/home/simba/hacking/erlang/helpdesk/priv/helpdesk.routes" ....

=INFO REPORT==== 29-Aug-2012::11:50:50 ===
GET /main/depart_request [helpdesk] 200 132ms

=INFO REPORT==== 29-Aug-2012::11:50:50 ===
Loading routes from "/home/simba/hacking/erlang/helpdesk/priv/helpdesk.routes" ....

=INFO REPORT==== 29-Aug-2012::11:50:51 ===
GET /request/set_worker/request-33 [helpdesk] 200 120ms

=INFO REPORT==== 29-Aug-2012::11:50:52 ===
Loading routes from "/home/simba/hacking/erlang/helpdesk/priv/helpdesk.routes" ....

=INFO REPORT==== 29-Aug-2012::11:50:52 ===
GET /main/depart_request [helpdesk] 200 134ms

=INFO REPORT==== 29-Aug-2012::11:51:09 ===
Loading routes from "/home/simba/hacking/erlang/helpdesk/priv/helpdesk.routes" ....

=INFO REPORT==== 29-Aug-2012::11:51:10 ===
GET /main/user_request [helpdesk] 200 104ms

=INFO REPORT==== 29-Aug-2012::11:51:11 ===
Loading routes from "/home/simba/hacking/erlang/helpdesk/priv/helpdesk.routes" ....

=INFO REPORT==== 29-Aug-2012::11:51:11 ===
GET /depart/index [helpdesk] 200 126ms

=INFO REPORT==== 29-Aug-2012::11:51:14 ===
Loading routes from "/home/simba/hacking/erlang/helpdesk/priv/helpdesk.routes" ....

=INFO REPORT==== 29-Aug-2012::11:51:14 ===
GET /request/index [helpdesk] 200 187ms

=INFO REPORT==== 29-Aug-2012::11:53:11 ===
Loading routes from "/home/simba/hacking/erlang/helpdesk/priv/helpdesk.routes" ....

=INFO REPORT==== 29-Aug-2012::11:53:11 ===
GET /request/edit/request-18 [helpdesk] 200 106ms

=INFO REPORT==== 29-Aug-2012::11:53:26 ===
Loading routes from "/home/simba/hacking/erlang/helpdesk/priv/helpdesk.routes" ....

=INFO REPORT==== 29-Aug-2012::11:53:26 ===
GET /request/index [helpdesk] 200 187ms

=INFO REPORT==== 29-Aug-2012::11:53:37 ===
Loading routes from "/home/simba/hacking/erlang/helpdesk/priv/helpdesk.routes" ....

=INFO REPORT==== 29-Aug-2012::11:53:37 ===
GET /request/index [helpdesk] 200 191ms

=INFO REPORT==== 29-Aug-2012::11:53:42 ===
Loading routes from "/home/simba/hacking/erlang/helpdesk/priv/helpdesk.routes" ....

=INFO REPORT==== 29-Aug-2012::11:53:42 ===
GET /request/create [helpdesk] 200 107ms

=INFO REPORT==== 29-Aug-2012::11:54:01 ===
Loading routes from "/home/simba/hacking/erlang/helpdesk/priv/helpdesk.routes" ....

=INFO REPORT==== 29-Aug-2012::11:54:01 ===
GET /request/report01 [helpdesk] 200 195ms

=INFO REPORT==== 29-Aug-2012::11:54:13 ===
Loading routes from "/home/simba/hacking/erlang/helpdesk/priv/helpdesk.routes" ....

=INFO REPORT==== 29-Aug-2012::11:54:13 ===
GET / [helpdesk] 200 99ms

=INFO REPORT==== 29-Aug-2012::11:54:24 ===
Loading routes from "/home/simba/hacking/erlang/helpdesk/priv/helpdesk.routes" ....

=INFO REPORT==== 29-Aug-2012::11:54:25 ===
GET /main/depart_request [helpdesk] 200 133ms

=INFO REPORT==== 29-Aug-2012::11:56:13 ===
Loading routes from "/home/simba/hacking/erlang/helpdesk/priv/helpdesk.routes" ....

=INFO REPORT==== 29-Aug-2012::11:56:13 ===
GET /main/depart_request [helpdesk] 200 134ms

=INFO REPORT==== 29-Aug-2012::11:56:19 ===
Loading routes from "/home/simba/hacking/erlang/helpdesk/priv/helpdesk.routes" ....

=INFO REPORT==== 29-Aug-2012::11:56:19 ===
GET /main/user_request [helpdesk] 200 101ms

=INFO REPORT==== 29-Aug-2012::11:59:12 ===
Loading routes from "/home/simba/hacking/erlang/helpdesk/priv/helpdesk.routes" ....

=INFO REPORT==== 29-Aug-2012::11:59:12 ===
GET /main/user_request [helpdesk] 200 102ms

=INFO REPORT==== 29-Aug-2012::11:59:13 ===
Loading routes from "/home/simba/hacking/erlang/helpdesk/priv/helpdesk.routes" ....

=INFO REPORT==== 29-Aug-2012::11:59:13 ===
GET /depart/index [helpdesk] 200 118ms

=INFO REPORT==== 29-Aug-2012::11:59:16 ===
Loading routes from "/home/simba/hacking/erlang/helpdesk/priv/helpdesk.routes" ....

=INFO REPORT==== 29-Aug-2012::11:59:16 ===
GET /request/index [helpdesk] 200 193ms

=INFO REPORT==== 29-Aug-2012::11:59:22 ===
Loading routes from "/home/simba/hacking/erlang/helpdesk/priv/helpdesk.routes" ....

=INFO REPORT==== 29-Aug-2012::11:59:22 ===
GET /about [helpdesk] 200 107ms

=INFO REPORT==== 29-Aug-2012::11:59:24 ===
Loading routes from "/home/simba/hacking/erlang/helpdesk/priv/helpdesk.routes" ....

=INFO REPORT==== 29-Aug-2012::11:59:24 ===
GET /main/targetplan [helpdesk] 200 102ms

=INFO REPORT==== 29-Aug-2012::11:59:26 ===
Loading routes from "/home/simba/hacking/erlang/helpdesk/priv/helpdesk.routes" ....

=INFO REPORT==== 29-Aug-2012::11:59:26 ===
GET /about [helpdesk] 200 104ms

=INFO REPORT==== 29-Aug-2012::11:59:27 ===
Loading routes from "/home/simba/hacking/erlang/helpdesk/priv/helpdesk.routes" ....

=INFO REPORT==== 29-Aug-2012::11:59:28 ===
GET /main/user_request [helpdesk] 200 104ms

=INFO REPORT==== 29-Aug-2012::12:03:52 ===
Loading routes from "/home/simba/hacking/erlang/helpdesk/priv/helpdesk.routes" ....

=ERROR REPORT==== 29-Aug-2012::12:03:53 ===
{function_clause,
    [{erlydtl_filters,date,[undefined,<<"Y">>]},
     {helpdesk_view_main_user_request_html,'-render_internal/4-fun-0-',2},
     {lists,mapfoldl,3},
     {erlydtl_runtime,forloop,3},
     {helpdesk_view_main_user_request_html,render_internal,4},
     {helpdesk_view_main_user_request_html,render,2},
     {boss_web_controller,render_view,6},
     {boss_web_controller,execute_action,5}]}

=ERROR REPORT==== 29-Aug-2012::12:03:53 ===
GET /main/user_request [helpdesk] 500 193ms

=INFO REPORT==== 29-Aug-2012::12:04:20 ===
Loading routes from "/home/simba/hacking/erlang/helpdesk/priv/helpdesk.routes" ....

=INFO REPORT==== 29-Aug-2012::12:04:20 ===
GET /main/user_request [helpdesk] 200 217ms

=INFO REPORT==== 29-Aug-2012::12:04:41 ===
Loading routes from "/home/simba/hacking/erlang/helpdesk/priv/helpdesk.routes" ....

=INFO REPORT==== 29-Aug-2012::12:04:41 ===
GET /main/depart_request [helpdesk] 200 155ms

=INFO REPORT==== 29-Aug-2012::12:04:57 ===
Loading routes from "/home/simba/hacking/erlang/helpdesk/priv/helpdesk.routes" ....

=INFO REPORT==== 29-Aug-2012::12:04:57 ===
GET /request/create [helpdesk] 200 106ms

=INFO REPORT==== 29-Aug-2012::12:05:05 ===
Loading routes from "/home/simba/hacking/erlang/helpdesk/priv/helpdesk.routes" ....

=INFO REPORT==== 29-Aug-2012::12:05:05 ===
POST /request/create [helpdesk] 302 147ms

=INFO REPORT==== 29-Aug-2012::12:05:05 ===
Loading routes from "/home/simba/hacking/erlang/helpdesk/priv/helpdesk.routes" ....

=INFO REPORT==== 29-Aug-2012::12:05:05 ===
GET /main/user_request [helpdesk] 200 122ms

=INFO REPORT==== 29-Aug-2012::12:05:08 ===
Loading routes from "/home/simba/hacking/erlang/helpdesk/priv/helpdesk.routes" ....

=INFO REPORT==== 29-Aug-2012::12:05:08 ===
GET /main/depart_request [helpdesk] 200 133ms

=INFO REPORT==== 29-Aug-2012::12:05:11 ===
Loading routes from "/home/simba/hacking/erlang/helpdesk/priv/helpdesk.routes" ....

=INFO REPORT==== 29-Aug-2012::12:05:11 ===
GET /request/set_worker/request-34 [helpdesk] 200 114ms

=INFO REPORT==== 29-Aug-2012::12:05:15 ===
Loading routes from "/home/simba/hacking/erlang/helpdesk/priv/helpdesk.routes" ....

=INFO REPORT==== 29-Aug-2012::12:05:15 ===
POST /request/set_worker/request-34 [helpdesk] 302 163ms

=INFO REPORT==== 29-Aug-2012::12:05:15 ===
Loading routes from "/home/simba/hacking/erlang/helpdesk/priv/helpdesk.routes" ....

=INFO REPORT==== 29-Aug-2012::12:05:15 ===
GET /main/depart_request [helpdesk] 200 136ms

=INFO REPORT==== 29-Aug-2012::12:05:18 ===
Loading routes from "/home/simba/hacking/erlang/helpdesk/priv/helpdesk.routes" ....

=INFO REPORT==== 29-Aug-2012::12:05:18 ===
GET /request/set_complit/request-34 [helpdesk] 200 107ms

=INFO REPORT==== 29-Aug-2012::12:05:19 ===
Loading routes from "/home/simba/hacking/erlang/helpdesk/priv/helpdesk.routes" ....

=INFO REPORT==== 29-Aug-2012::12:05:19 ===
POST /request/set_complit/request-34 [helpdesk] 302 216ms

=INFO REPORT==== 29-Aug-2012::12:05:19 ===
Loading routes from "/home/simba/hacking/erlang/helpdesk/priv/helpdesk.routes" ....

=INFO REPORT==== 29-Aug-2012::12:05:20 ===
GET /main/depart_request [helpdesk] 200 131ms

=INFO REPORT==== 29-Aug-2012::12:05:26 ===
Loading routes from "/home/simba/hacking/erlang/helpdesk/priv/helpdesk.routes" ....

=INFO REPORT==== 29-Aug-2012::12:05:26 ===
GET /main/user_request [helpdesk] 200 133ms

=INFO REPORT==== 29-Aug-2012::12:05:48 ===
Loading routes from "/home/simba/hacking/erlang/helpdesk/priv/helpdesk.routes" ....

=INFO REPORT==== 29-Aug-2012::12:05:48 ===
GET /main/user_request [helpdesk] 200 119ms

=INFO REPORT==== 29-Aug-2012::12:05:49 ===
Loading routes from "/home/simba/hacking/erlang/helpdesk/priv/helpdesk.routes" ....

=INFO REPORT==== 29-Aug-2012::12:05:49 ===
GET /main/user_request [helpdesk] 200 118ms

=INFO REPORT==== 29-Aug-2012::12:05:50 ===
Loading routes from "/home/simba/hacking/erlang/helpdesk/priv/helpdesk.routes" ....

=INFO REPORT==== 29-Aug-2012::12:05:50 ===
GET /main/user_request [helpdesk] 200 116ms

=INFO REPORT==== 29-Aug-2012::12:05:50 ===
Loading routes from "/home/simba/hacking/erlang/helpdesk/priv/helpdesk.routes" ....

=INFO REPORT==== 29-Aug-2012::12:05:50 ===
GET /main/user_request [helpdesk] 200 122ms

=INFO REPORT==== 29-Aug-2012::12:05:53 ===
Loading routes from "/home/simba/hacking/erlang/helpdesk/priv/helpdesk.routes" ....

=INFO REPORT==== 29-Aug-2012::12:05:53 ===
GET /request/set_close/request-34 [helpdesk] 200 103ms

=INFO REPORT==== 29-Aug-2012::12:05:55 ===
Loading routes from "/home/simba/hacking/erlang/helpdesk/priv/helpdesk.routes" ....

=INFO REPORT==== 29-Aug-2012::12:05:56 ===
GET /main/user_request [helpdesk] 200 119ms

=INFO REPORT==== 29-Aug-2012::12:05:57 ===
Loading routes from "/home/simba/hacking/erlang/helpdesk/priv/helpdesk.routes" ....

=INFO REPORT==== 29-Aug-2012::12:05:57 ===
GET /main/user_request [helpdesk] 200 128ms

=INFO REPORT==== 29-Aug-2012::12:05:58 ===
Loading routes from "/home/simba/hacking/erlang/helpdesk/priv/helpdesk.routes" ....

=INFO REPORT==== 29-Aug-2012::12:05:58 ===
GET /main/user_request [helpdesk] 200 121ms

=INFO REPORT==== 29-Aug-2012::12:05:58 ===
Loading routes from "/home/simba/hacking/erlang/helpdesk/priv/helpdesk.routes" ....

=INFO REPORT==== 29-Aug-2012::12:05:59 ===
GET /main/user_request [helpdesk] 200 116ms

=INFO REPORT==== 29-Aug-2012::12:06:00 ===
Loading routes from "/home/simba/hacking/erlang/helpdesk/priv/helpdesk.routes" ....

=INFO REPORT==== 29-Aug-2012::12:06:00 ===
GET /main/user_request [helpdesk] 200 117ms

=INFO REPORT==== 29-Aug-2012::12:06:02 ===
Loading routes from "/home/simba/hacking/erlang/helpdesk/priv/helpdesk.routes" ....

=INFO REPORT==== 29-Aug-2012::12:06:02 ===
GET /request/set_close/request-34 [helpdesk] 200 107ms

=INFO REPORT==== 29-Aug-2012::12:06:06 ===
Loading routes from "/home/simba/hacking/erlang/helpdesk/priv/helpdesk.routes" ....

=INFO REPORT==== 29-Aug-2012::12:06:06 ===
GET /main/user_request [helpdesk] 200 125ms

=INFO REPORT==== 29-Aug-2012::12:06:07 ===
Loading routes from "/home/simba/hacking/erlang/helpdesk/priv/helpdesk.routes" ....

=INFO REPORT==== 29-Aug-2012::12:06:07 ===
GET /main/user_request [helpdesk] 200 116ms

=INFO REPORT==== 29-Aug-2012::12:06:17 ===
Loading routes from "/home/simba/hacking/erlang/helpdesk/priv/helpdesk.routes" ....

=INFO REPORT==== 29-Aug-2012::12:06:17 ===
GET /main/user_request [helpdesk] 200 215ms

=INFO REPORT==== 29-Aug-2012::12:06:19 ===
Loading routes from "/home/simba/hacking/erlang/helpdesk/priv/helpdesk.routes" ....

=INFO REPORT==== 29-Aug-2012::12:06:19 ===
GET /main/user_request [helpdesk] 200 118ms

=INFO REPORT==== 29-Aug-2012::12:06:20 ===
Loading routes from "/home/simba/hacking/erlang/helpdesk/priv/helpdesk.routes" ....

=INFO REPORT==== 29-Aug-2012::12:06:20 ===
GET /request/set_close/request-34 [helpdesk] 200 108ms

=INFO REPORT==== 29-Aug-2012::12:06:23 ===
Loading routes from "/home/simba/hacking/erlang/helpdesk/priv/helpdesk.routes" ....

=INFO REPORT==== 29-Aug-2012::12:06:23 ===
GET /main/user_request [helpdesk] 200 121ms

=INFO REPORT==== 29-Aug-2012::12:06:24 ===
Loading routes from "/home/simba/hacking/erlang/helpdesk/priv/helpdesk.routes" ....

=INFO REPORT==== 29-Aug-2012::12:06:24 ===
GET /request/show/request-32 [helpdesk] 200 112ms

=INFO REPORT==== 29-Aug-2012::12:06:28 ===
Loading routes from "/home/simba/hacking/erlang/helpdesk/priv/helpdesk.routes" ....

=INFO REPORT==== 29-Aug-2012::12:06:28 ===
GET /request/show/request-34 [helpdesk] 200 120ms

=INFO REPORT==== 29-Aug-2012::12:06:38 ===
Loading routes from "/home/simba/hacking/erlang/helpdesk/priv/helpdesk.routes" ....

=INFO REPORT==== 29-Aug-2012::12:06:38 ===
POST /request/show/request-34 [helpdesk] 302 355ms

=INFO REPORT==== 29-Aug-2012::12:06:38 ===
Loading routes from "/home/simba/hacking/erlang/helpdesk/priv/helpdesk.routes" ....

=INFO REPORT==== 29-Aug-2012::12:06:39 ===
GET /request/show/request-34 [helpdesk] 200 111ms

=INFO REPORT==== 29-Aug-2012::12:06:41 ===
Loading routes from "/home/simba/hacking/erlang/helpdesk/priv/helpdesk.routes" ....

=INFO REPORT==== 29-Aug-2012::12:06:41 ===
GET /main/user_request [helpdesk] 200 118ms

=INFO REPORT==== 29-Aug-2012::12:06:43 ===
Loading routes from "/home/simba/hacking/erlang/helpdesk/priv/helpdesk.routes" ....

=INFO REPORT==== 29-Aug-2012::12:06:43 ===
GET /main/user_request [helpdesk] 200 116ms

=INFO REPORT==== 29-Aug-2012::12:06:44 ===
Loading routes from "/home/simba/hacking/erlang/helpdesk/priv/helpdesk.routes" ....

=INFO REPORT==== 29-Aug-2012::12:06:44 ===
GET /main/user_request [helpdesk] 200 125ms

=INFO REPORT==== 29-Aug-2012::12:06:44 ===
Loading routes from "/home/simba/hacking/erlang/helpdesk/priv/helpdesk.routes" ....

=INFO REPORT==== 29-Aug-2012::12:06:44 ===
GET /request/show/request-33 [helpdesk] 200 114ms

=INFO REPORT==== 29-Aug-2012::12:06:47 ===
Loading routes from "/home/simba/hacking/erlang/helpdesk/priv/helpdesk.routes" ....

=INFO REPORT==== 29-Aug-2012::12:06:47 ===
GET /request/set_close/request-34 [helpdesk] 200 111ms

=INFO REPORT==== 29-Aug-2012::12:07:23 ===
Loading routes from "/home/simba/hacking/erlang/helpdesk/priv/helpdesk.routes" ....

=INFO REPORT==== 29-Aug-2012::12:07:23 ===
GET /main/user_request [helpdesk] 200 116ms

=INFO REPORT==== 29-Aug-2012::12:07:27 ===
Loading routes from "/home/simba/hacking/erlang/helpdesk/priv/helpdesk.routes" ....

=INFO REPORT==== 29-Aug-2012::12:07:27 ===
GET /main/depart_request [helpdesk] 200 132ms

=INFO REPORT==== 29-Aug-2012::12:07:32 ===
Loading routes from "/home/simba/hacking/erlang/helpdesk/priv/helpdesk.routes" ....

=INFO REPORT==== 29-Aug-2012::12:07:32 ===
GET /request/show/request-34 [helpdesk] 200 117ms

=INFO REPORT==== 29-Aug-2012::12:07:36 ===
Loading routes from "/home/simba/hacking/erlang/helpdesk/priv/helpdesk.routes" ....

=INFO REPORT==== 29-Aug-2012::12:07:36 ===
GET /main/depart_request [helpdesk] 200 135ms

=INFO REPORT==== 29-Aug-2012::12:37:31 ===
Loading routes from "/home/simba/hacking/erlang/helpdesk/priv/helpdesk.routes" ....

=INFO REPORT==== 29-Aug-2012::12:37:32 ===
GET /main/user_request [helpdesk] 200 534ms

=INFO REPORT==== 29-Aug-2012::12:37:32 ===
Loading routes from "/home/simba/hacking/erlang/helpdesk/priv/helpdesk.routes" ....

=INFO REPORT==== 29-Aug-2012::12:37:32 ===
GET /main/user_request [helpdesk] 200 118ms

=INFO REPORT==== 29-Aug-2012::12:37:33 ===
Loading routes from "/home/simba/hacking/erlang/helpdesk/priv/helpdesk.routes" ....

=INFO REPORT==== 29-Aug-2012::12:37:33 ===
GET /request/set_close/request-34 [helpdesk] 200 190ms

=INFO REPORT==== 29-Aug-2012::12:37:47 ===
Loading routes from "/home/simba/hacking/erlang/helpdesk/priv/helpdesk.routes" ....

=INFO REPORT==== 29-Aug-2012::12:37:47 ===
GET /request/set_close/request-34 [helpdesk] 200 111ms

=INFO REPORT==== 29-Aug-2012::13:19:27 ===
Loading routes from "/home/simba/hacking/erlang/helpdesk/priv/helpdesk.routes" ....

=INFO REPORT==== 29-Aug-2012::13:19:27 ===
GET / [helpdesk] 200 125ms

=INFO REPORT==== 29-Aug-2012::13:19:29 ===
Loading routes from "/home/simba/hacking/erlang/helpdesk/priv/helpdesk.routes" ....

=INFO REPORT==== 29-Aug-2012::13:19:29 ===
GET /main/depart_request [helpdesk] 200 165ms

=INFO REPORT==== 29-Aug-2012::13:19:40 ===
Loading routes from "/home/simba/hacking/erlang/helpdesk/priv/helpdesk.routes" ....

=INFO REPORT==== 29-Aug-2012::13:19:40 ===
GET /main/depart_request [helpdesk] 200 133ms

=INFO REPORT==== 29-Aug-2012::13:19:41 ===
Loading routes from "/home/simba/hacking/erlang/helpdesk/priv/helpdesk.routes" ....

=INFO REPORT==== 29-Aug-2012::13:19:41 ===
GET /request/show/request-32 [helpdesk] 200 266ms

=INFO REPORT==== 29-Aug-2012::13:21:12 ===
Loading routes from "/home/simba/hacking/erlang/helpdesk/priv/helpdesk.routes" ....

=INFO REPORT==== 29-Aug-2012::13:21:12 ===
GET /main/depart_request [helpdesk] 200 130ms

=INFO REPORT==== 29-Aug-2012::13:21:14 ===
Loading routes from "/home/simba/hacking/erlang/helpdesk/priv/helpdesk.routes" ....

=INFO REPORT==== 29-Aug-2012::13:21:14 ===
GET /request/index [helpdesk] 200 230ms

=INFO REPORT==== 29-Aug-2012::13:21:18 ===
Loading routes from "/home/simba/hacking/erlang/helpdesk/priv/helpdesk.routes" ....

=INFO REPORT==== 29-Aug-2012::13:21:18 ===
GET /main/user_request [helpdesk] 200 102ms

=INFO REPORT==== 29-Aug-2012::13:21:19 ===
Loading routes from "/home/simba/hacking/erlang/helpdesk/priv/helpdesk.routes" ....

=INFO REPORT==== 29-Aug-2012::13:21:19 ===
GET /request/show/request-19 [helpdesk] 200 112ms

=INFO REPORT==== 29-Aug-2012::13:21:58 ===
Loading routes from "/home/simba/hacking/erlang/helpdesk/priv/helpdesk.routes" ....

=INFO REPORT==== 29-Aug-2012::13:21:58 ===
GET /request/show/request-19 [helpdesk] 200 115ms

=INFO REPORT==== 29-Aug-2012::13:21:59 ===
Loading routes from "/home/simba/hacking/erlang/helpdesk/priv/helpdesk.routes" ....

=INFO REPORT==== 29-Aug-2012::13:21:59 ===
GET /request/show/request-19 [helpdesk] 200 119ms

=INFO REPORT==== 29-Aug-2012::13:22:00 ===
Loading routes from "/home/simba/hacking/erlang/helpdesk/priv/helpdesk.routes" ....

=INFO REPORT==== 29-Aug-2012::13:22:00 ===
GET /main/depart_request [helpdesk] 200 139ms

=INFO REPORT==== 29-Aug-2012::13:22:01 ===
Loading routes from "/home/simba/hacking/erlang/helpdesk/priv/helpdesk.routes" ....

=INFO REPORT==== 29-Aug-2012::13:22:02 ===
GET /request/set_complit/request-32 [helpdesk] 200 207ms

=INFO REPORT==== 29-Aug-2012::13:22:05 ===
Loading routes from "/home/simba/hacking/erlang/helpdesk/priv/helpdesk.routes" ....

=INFO REPORT==== 29-Aug-2012::13:22:05 ===
GET /main/depart_request [helpdesk] 200 136ms

=INFO REPORT==== 29-Aug-2012::13:22:07 ===
Loading routes from "/home/simba/hacking/erlang/helpdesk/priv/helpdesk.routes" ....

=INFO REPORT==== 29-Aug-2012::13:22:07 ===
GET /request/set_worker/request-33 [helpdesk] 200 218ms

=INFO REPORT==== 29-Aug-2012::13:22:11 ===
Loading routes from "/home/simba/hacking/erlang/helpdesk/priv/helpdesk.routes" ....

=INFO REPORT==== 29-Aug-2012::13:22:11 ===
GET /main/depart_request [helpdesk] 200 135ms

=INFO REPORT==== 29-Aug-2012::13:22:12 ===
Loading routes from "/home/simba/hacking/erlang/helpdesk/priv/helpdesk.routes" ....

=INFO REPORT==== 29-Aug-2012::13:22:12 ===
GET /request/show/request-34 [helpdesk] 200 116ms

=INFO REPORT==== 29-Aug-2012::13:22:33 ===
Loading routes from "/home/simba/hacking/erlang/helpdesk/priv/helpdesk.routes" ....

=INFO REPORT==== 29-Aug-2012::13:22:33 ===
GET /request/show/request-34 [helpdesk] 200 221ms

=INFO REPORT==== 29-Aug-2012::13:23:19 ===
Loading routes from "/home/simba/hacking/erlang/helpdesk/priv/helpdesk.routes" ....

=INFO REPORT==== 29-Aug-2012::13:23:19 ===
GET /main/depart_request [helpdesk] 200 136ms

=INFO REPORT==== 29-Aug-2012::13:23:21 ===
Loading routes from "/home/simba/hacking/erlang/helpdesk/priv/helpdesk.routes" ....

=INFO REPORT==== 29-Aug-2012::13:23:21 ===
GET /request/show/request-32 [helpdesk] 200 117ms

=INFO REPORT==== 29-Aug-2012::13:23:23 ===
Loading routes from "/home/simba/hacking/erlang/helpdesk/priv/helpdesk.routes" ....

=INFO REPORT==== 29-Aug-2012::13:23:23 ===
GET /main/depart_request [helpdesk] 200 138ms

=INFO REPORT==== 29-Aug-2012::13:23:24 ===
Loading routes from "/home/simba/hacking/erlang/helpdesk/priv/helpdesk.routes" ....

=INFO REPORT==== 29-Aug-2012::13:23:24 ===
GET /request/set_complit/request-32 [helpdesk] 200 106ms

=INFO REPORT==== 29-Aug-2012::13:23:30 ===
Loading routes from "/home/simba/hacking/erlang/helpdesk/priv/helpdesk.routes" ....

=INFO REPORT==== 29-Aug-2012::13:23:30 ===
GET /request/set_worker/request-33 [helpdesk] 200 114ms

=INFO REPORT==== 29-Aug-2012::13:23:34 ===
Loading routes from "/home/simba/hacking/erlang/helpdesk/priv/helpdesk.routes" ....

=INFO REPORT==== 29-Aug-2012::13:23:34 ===
GET /main/user_request [helpdesk] 200 105ms

=INFO REPORT==== 29-Aug-2012::13:23:39 ===
Loading routes from "/home/simba/hacking/erlang/helpdesk/priv/helpdesk.routes" ....

=INFO REPORT==== 29-Aug-2012::13:23:40 ===
GET /main/user_request [helpdesk] 200 117ms

=INFO REPORT==== 29-Aug-2012::13:23:41 ===
Loading routes from "/home/simba/hacking/erlang/helpdesk/priv/helpdesk.routes" ....

=INFO REPORT==== 29-Aug-2012::13:23:41 ===
GET /main/user_request [helpdesk] 200 123ms

=INFO REPORT==== 29-Aug-2012::13:23:44 ===
Loading routes from "/home/simba/hacking/erlang/helpdesk/priv/helpdesk.routes" ....

=INFO REPORT==== 29-Aug-2012::13:23:44 ===
GET /main/user_request [helpdesk] 200 122ms

=INFO REPORT==== 29-Aug-2012::13:23:45 ===
Loading routes from "/home/simba/hacking/erlang/helpdesk/priv/helpdesk.routes" ....

=INFO REPORT==== 29-Aug-2012::13:23:45 ===
GET /main/user_request [helpdesk] 200 118ms

=INFO REPORT==== 29-Aug-2012::13:23:46 ===
Loading routes from "/home/simba/hacking/erlang/helpdesk/priv/helpdesk.routes" ....

=INFO REPORT==== 29-Aug-2012::13:23:46 ===
GET /main/user_request [helpdesk] 200 124ms

=INFO REPORT==== 29-Aug-2012::13:23:46 ===
Loading routes from "/home/simba/hacking/erlang/helpdesk/priv/helpdesk.routes" ....

=INFO REPORT==== 29-Aug-2012::13:23:47 ===
GET /request/set_close/request-34 [helpdesk] 200 214ms

=INFO REPORT==== 29-Aug-2012::13:24:21 ===
Loading routes from "/home/simba/hacking/erlang/helpdesk/priv/helpdesk.routes" ....

=INFO REPORT==== 29-Aug-2012::13:24:21 ===
GET /main/depart_request [helpdesk] 200 161ms

=INFO REPORT==== 29-Aug-2012::13:24:23 ===
Loading routes from "/home/simba/hacking/erlang/helpdesk/priv/helpdesk.routes" ....

=INFO REPORT==== 29-Aug-2012::13:24:23 ===
GET /request/show/request-32 [helpdesk] 200 122ms

=INFO REPORT==== 29-Aug-2012::13:24:27 ===
Loading routes from "/home/simba/hacking/erlang/helpdesk/priv/helpdesk.routes" ....

=INFO REPORT==== 29-Aug-2012::13:24:27 ===
GET /main/depart_request [helpdesk] 200 211ms

=INFO REPORT==== 29-Aug-2012::13:24:28 ===
Loading routes from "/home/simba/hacking/erlang/helpdesk/priv/helpdesk.routes" ....

=INFO REPORT==== 29-Aug-2012::13:24:28 ===
GET /request/set_complit/request-32 [helpdesk] 200 107ms

=INFO REPORT==== 29-Aug-2012::13:26:24 ===
Loading routes from "/home/simba/hacking/erlang/helpdesk/priv/helpdesk.routes" ....

=INFO REPORT==== 29-Aug-2012::13:26:25 ===
GET /request/set_complit/request-32 [helpdesk] 200 199ms

=INFO REPORT==== 29-Aug-2012::13:40:56 ===
Loading routes from "/home/simba/hacking/erlang/helpdesk/priv/helpdesk.routes" ....

=INFO REPORT==== 29-Aug-2012::13:40:56 ===
GET /main/depart_request [helpdesk] 200 136ms

=INFO REPORT==== 29-Aug-2012::13:40:58 ===
Loading routes from "/home/simba/hacking/erlang/helpdesk/priv/helpdesk.routes" ....

=INFO REPORT==== 29-Aug-2012::13:40:58 ===
GET /main/depart_request [helpdesk] 200 146ms

=INFO REPORT==== 29-Aug-2012::13:40:59 ===
Loading routes from "/home/simba/hacking/erlang/helpdesk/priv/helpdesk.routes" ....

=INFO REPORT==== 29-Aug-2012::13:40:59 ===
GET /request/set_worker/request-33 [helpdesk] 200 202ms

=INFO REPORT==== 29-Aug-2012::13:41:49 ===
Loading routes from "/home/simba/hacking/erlang/helpdesk/priv/helpdesk.routes" ....

=INFO REPORT==== 29-Aug-2012::13:41:49 ===
GET /main/depart_request [helpdesk] 200 146ms

=INFO REPORT==== 29-Aug-2012::13:42:09 ===
Loading routes from "/home/simba/hacking/erlang/helpdesk/priv/helpdesk.routes" ....

=INFO REPORT==== 29-Aug-2012::13:42:09 ===
GET /main/depart_request [helpdesk] 200 98ms

=INFO REPORT==== 29-Aug-2012::13:42:10 ===
Loading routes from "/home/simba/hacking/erlang/helpdesk/priv/helpdesk.routes" ....

=INFO REPORT==== 29-Aug-2012::13:42:10 ===
GET /main/user_request [helpdesk] 200 126ms

=INFO REPORT==== 29-Aug-2012::13:58:35 ===
Loading routes from "/home/simba/hacking/erlang/helpdesk/priv/helpdesk.routes" ....

=INFO REPORT==== 29-Aug-2012::13:58:35 ===
GET /request/index [helpdesk] 200 193ms

=INFO REPORT==== 29-Aug-2012::13:58:37 ===
Loading routes from "/home/simba/hacking/erlang/helpdesk/priv/helpdesk.routes" ....

=INFO REPORT==== 29-Aug-2012::13:58:37 ===
GET /request/edit/request-18 [helpdesk] 200 105ms

=INFO REPORT==== 29-Aug-2012::13:58:56 ===
Loading routes from "/home/simba/hacking/erlang/helpdesk/priv/helpdesk.routes" ....

=INFO REPORT==== 29-Aug-2012::13:58:56 ===
GET /request/index [helpdesk] 200 210ms

=INFO REPORT==== 29-Aug-2012::13:58:59 ===
Loading routes from "/home/simba/hacking/erlang/helpdesk/priv/helpdesk.routes" ....

=INFO REPORT==== 29-Aug-2012::13:58:59 ===
GET /request/show/request-22 [helpdesk] 200 116ms

=INFO REPORT==== 29-Aug-2012::14:00:11 ===
Loading routes from "/home/simba/hacking/erlang/helpdesk/priv/helpdesk.routes" ....

=INFO REPORT==== 29-Aug-2012::14:00:11 ===
GET /main/user_request [helpdesk] 200 115ms

=INFO REPORT==== 29-Aug-2012::14:00:13 ===
Loading routes from "/home/simba/hacking/erlang/helpdesk/priv/helpdesk.routes" ....

=INFO REPORT==== 29-Aug-2012::14:00:13 ===
GET /main/user_request [helpdesk] 200 126ms

=INFO REPORT==== 29-Aug-2012::14:00:49 ===
Loading routes from "/home/simba/hacking/erlang/helpdesk/priv/helpdesk.routes" ....

=INFO REPORT==== 29-Aug-2012::14:00:49 ===
GET /main/user_request [helpdesk] 200 122ms

=INFO REPORT==== 29-Aug-2012::14:01:40 ===
Loading routes from "/home/simba/hacking/erlang/helpdesk/priv/helpdesk.routes" ....

=INFO REPORT==== 29-Aug-2012::14:01:40 ===
GET /main/depart_request [helpdesk] 200 99ms

=INFO REPORT==== 29-Aug-2012::14:01:41 ===
Loading routes from "/home/simba/hacking/erlang/helpdesk/priv/helpdesk.routes" ....

=INFO REPORT==== 29-Aug-2012::14:01:41 ===
GET /main/user_request [helpdesk] 200 114ms

=INFO REPORT==== 29-Aug-2012::14:02:32 ===
Loading routes from "/home/simba/hacking/erlang/helpdesk/priv/helpdesk.routes" ....

=INFO REPORT==== 29-Aug-2012::14:02:32 ===
GET /main/user_request [helpdesk] 200 223ms

=INFO REPORT==== 29-Aug-2012::14:03:02 ===
Loading routes from "/home/simba/hacking/erlang/helpdesk/priv/helpdesk.routes" ....

=INFO REPORT==== 29-Aug-2012::14:03:02 ===
GET /main/user_request [helpdesk] 200 116ms

=INFO REPORT==== 29-Aug-2012::14:03:04 ===
Loading routes from "/home/simba/hacking/erlang/helpdesk/priv/helpdesk.routes" ....

=INFO REPORT==== 29-Aug-2012::14:03:04 ===
GET /main/user_request [helpdesk] 200 119ms

=INFO REPORT==== 29-Aug-2012::14:03:04 ===
Loading routes from "/home/simba/hacking/erlang/helpdesk/priv/helpdesk.routes" ....

=INFO REPORT==== 29-Aug-2012::14:03:04 ===
GET /main/depart_request [helpdesk] 200 185ms

=INFO REPORT==== 29-Aug-2012::14:03:05 ===
Loading routes from "/home/simba/hacking/erlang/helpdesk/priv/helpdesk.routes" ....

=INFO REPORT==== 29-Aug-2012::14:03:05 ===
GET /main/depart_request [helpdesk] 200 102ms

=INFO REPORT==== 29-Aug-2012::14:03:23 ===
Loading routes from "/home/simba/hacking/erlang/helpdesk/priv/helpdesk.routes" ....

=INFO REPORT==== 29-Aug-2012::14:03:23 ===
GET /main/depart_request [helpdesk] 200 201ms

=INFO REPORT==== 29-Aug-2012::14:03:44 ===
Loading routes from "/home/simba/hacking/erlang/helpdesk/priv/helpdesk.routes" ....

=INFO REPORT==== 29-Aug-2012::14:03:44 ===
GET /main/user_request [helpdesk] 200 217ms

=INFO REPORT==== 29-Aug-2012::14:03:45 ===
Loading routes from "/home/simba/hacking/erlang/helpdesk/priv/helpdesk.routes" ....

=INFO REPORT==== 29-Aug-2012::14:03:45 ===
GET /main/depart_request [helpdesk] 200 104ms

=INFO REPORT==== 29-Aug-2012::14:03:46 ===
Loading routes from "/home/simba/hacking/erlang/helpdesk/priv/helpdesk.routes" ....

=INFO REPORT==== 29-Aug-2012::14:03:46 ===
GET /main/user_request [helpdesk] 200 123ms

=INFO REPORT==== 29-Aug-2012::14:03:53 ===
Loading routes from "/home/simba/hacking/erlang/helpdesk/priv/helpdesk.routes" ....

=INFO REPORT==== 29-Aug-2012::14:03:53 ===
GET /main/user_request [helpdesk] 200 127ms

=INFO REPORT==== 29-Aug-2012::14:03:54 ===
Loading routes from "/home/simba/hacking/erlang/helpdesk/priv/helpdesk.routes" ....

=INFO REPORT==== 29-Aug-2012::14:03:54 ===
GET /main/depart_request [helpdesk] 200 100ms

=INFO REPORT==== 29-Aug-2012::14:03:55 ===
Loading routes from "/home/simba/hacking/erlang/helpdesk/priv/helpdesk.routes" ....

=INFO REPORT==== 29-Aug-2012::14:03:55 ===
GET / [helpdesk] 200 98ms

=INFO REPORT==== 29-Aug-2012::14:03:58 ===
Loading routes from "/home/simba/hacking/erlang/helpdesk/priv/helpdesk.routes" ....

=INFO REPORT==== 29-Aug-2012::14:03:58 ===
GET /main/user_request [helpdesk] 200 114ms

=INFO REPORT==== 29-Aug-2012::14:04:14 ===
Loading routes from "/home/simba/hacking/erlang/helpdesk/priv/helpdesk.routes" ....

=INFO REPORT==== 29-Aug-2012::14:04:14 ===
GET /main/user_request [helpdesk] 200 122ms

=INFO REPORT==== 29-Aug-2012::14:04:15 ===
Loading routes from "/home/simba/hacking/erlang/helpdesk/priv/helpdesk.routes" ....

=INFO REPORT==== 29-Aug-2012::14:04:15 ===
GET /main/depart_request [helpdesk] 200 101ms

=INFO REPORT==== 29-Aug-2012::14:04:16 ===
Loading routes from "/home/simba/hacking/erlang/helpdesk/priv/helpdesk.routes" ....

=INFO REPORT==== 29-Aug-2012::14:04:16 ===
GET /main/user_request [helpdesk] 200 118ms

=INFO REPORT==== 29-Aug-2012::14:04:19 ===
Loading routes from "/home/simba/hacking/erlang/helpdesk/priv/helpdesk.routes" ....

=INFO REPORT==== 29-Aug-2012::14:04:19 ===
GET /main/depart_request [helpdesk] 200 142ms

=INFO REPORT==== 29-Aug-2012::14:04:20 ===
Loading routes from "/home/simba/hacking/erlang/helpdesk/priv/helpdesk.routes" ....

=INFO REPORT==== 29-Aug-2012::14:04:20 ===
GET /main/depart_request [helpdesk] 200 136ms

=INFO REPORT==== 29-Aug-2012::14:05:36 ===
Loading routes from "/home/simba/hacking/erlang/helpdesk/priv/helpdesk.routes" ....

=INFO REPORT==== 29-Aug-2012::14:05:37 ===
GET /request/set_worker/request-33 [helpdesk] 200 113ms

=INFO REPORT==== 29-Aug-2012::14:05:41 ===
Loading routes from "/home/simba/hacking/erlang/helpdesk/priv/helpdesk.routes" ....

=INFO REPORT==== 29-Aug-2012::14:05:41 ===
GET /request/set_complit/request-32 [helpdesk] 200 122ms

=INFO REPORT==== 29-Aug-2012::14:06:42 ===
Loading routes from "/home/simba/hacking/erlang/helpdesk/priv/helpdesk.routes" ....

=INFO REPORT==== 29-Aug-2012::14:06:42 ===
GET /main/user_request [helpdesk] 200 103ms

=INFO REPORT==== 29-Aug-2012::14:06:47 ===
Loading routes from "/home/simba/hacking/erlang/helpdesk/priv/helpdesk.routes" ....

=INFO REPORT==== 29-Aug-2012::14:06:47 ===
GET /request/show/request-19 [helpdesk] 200 119ms
