
=INFO REPORT==== 20-Aug-2012::21:45:14 ===
Starting Boss in development mode....

=INFO REPORT==== 20-Aug-2012::21:45:14 ===
Starting master services on 'helpdesk@simba-Aspire-4920'

=INFO REPORT==== 20-Aug-2012::21:45:14 ===
SSL:[]

=INFO REPORT==== 20-Aug-2012::21:45:14 ===
Loading routes from "../cb_admin/priv/cb_admin.routes" ....

=INFO REPORT==== 20-Aug-2012::21:45:15 ===
Loading routes from "/home/simba/hacking/erlang/helpdesk/priv/helpdesk.routes" ....

=INFO REPORT==== 20-Aug-2012::21:45:34 ===
GET /admin/model/model [cb_admin] 200 36ms

=INFO REPORT==== 20-Aug-2012::21:45:35 ===
GET /admin/model/model/depart [cb_admin] 200 43ms

=INFO REPORT==== 20-Aug-2012::21:45:36 ===
POST /admin/model/watch [cb_admin] 200 50ms

=INFO REPORT==== 20-Aug-2012::21:45:40 ===
GET /admin/model/model/cl_user [cb_admin] 200 19ms

=INFO REPORT==== 20-Aug-2012::21:45:40 ===
POST /admin/model/watch [cb_admin] 200 0ms

=ERROR REPORT==== 20-Aug-2012::21:45:40 ===
{function_clause,[{lists,map,
                         [#Fun<cb_admin_model_controller.0.33077844>,
                          {error,<<"#42S02Table 'helpdesk.operators' doesn't exist">>}]},
                  {cb_admin_model_controller,model,4},
                  {boss_web_controller,execute_action,5},
                  {boss_web_controller,process_request,5},
                  {timer,tc,3},
                  {boss_web_controller,handle_request,3},
                  {mochiweb_http,headers,5},
                  {proc_lib,init_p_do_apply,3}]}

=ERROR REPORT==== 20-Aug-2012::21:45:40 ===
GET /admin/model/model/operator [cb_admin] 500 2ms

=INFO REPORT==== 20-Aug-2012::21:45:42 ===
POST /admin/model/watch [cb_admin] 200 0ms

=INFO REPORT==== 20-Aug-2012::21:45:43 ===
GET /admin/model/model/request [cb_admin] 200 5ms

=INFO REPORT==== 20-Aug-2012::21:45:43 ===
POST /admin/model/watch [cb_admin] 200 0ms

=INFO REPORT==== 20-Aug-2012::21:45:53 ===
Loading routes from "/home/simba/hacking/erlang/helpdesk/priv/helpdesk.routes" ....

=INFO REPORT==== 20-Aug-2012::21:45:53 ===
GET / [helpdesk] 200 196ms

=INFO REPORT==== 20-Aug-2012::21:45:55 ===
Loading routes from "/home/simba/hacking/erlang/helpdesk/priv/helpdesk.routes" ....

=INFO REPORT==== 20-Aug-2012::21:45:55 ===
GET /user/login [helpdesk] 200 225ms

=INFO REPORT==== 20-Aug-2012::21:45:59 ===
Loading routes from "/home/simba/hacking/erlang/helpdesk/priv/helpdesk.routes" ....

=INFO REPORT==== 20-Aug-2012::21:45:59 ===
GET /user/register [helpdesk] 200 226ms

=INFO REPORT==== 20-Aug-2012::21:46:00 ===
Loading routes from "/home/simba/hacking/erlang/helpdesk/priv/helpdesk.routes" ....

=INFO REPORT==== 20-Aug-2012::21:46:00 ===
GET /about [helpdesk] 200 218ms

=INFO REPORT==== 20-Aug-2012::21:46:04 ===
Loading routes from "/home/simba/hacking/erlang/helpdesk/priv/helpdesk.routes" ....

=INFO REPORT==== 20-Aug-2012::21:46:04 ===
GET /request/index [helpdesk] 200 220ms

=INFO REPORT==== 20-Aug-2012::21:46:06 ===
GET /admin/model/events/1345477535961040 [cb_admin] 200 30000ms

=INFO REPORT==== 20-Aug-2012::21:46:10 ===
GET /admin/model/events/1345477540018472 [cb_admin] 200 30000ms

=INFO REPORT==== 20-Aug-2012::21:46:12 ===
GET /admin/model/events/1345477540018472 [cb_admin] 200 30001ms

=INFO REPORT==== 20-Aug-2012::21:46:13 ===
GET /admin/model/events/1345477543517568 [cb_admin] 200 30000ms

=INFO REPORT==== 20-Aug-2012::21:47:49 ===
GET /admin [cb_admin] 200 22ms

=INFO REPORT==== 20-Aug-2012::21:47:51 ===
GET /admin/model/model [cb_admin] 200 4ms

=INFO REPORT==== 20-Aug-2012::21:47:53 ===
GET /admin/model/model/request [cb_admin] 200 5ms

=INFO REPORT==== 20-Aug-2012::21:47:53 ===
POST /admin/model/watch [cb_admin] 200 0ms

=INFO REPORT==== 20-Aug-2012::21:47:55 ===
GET /admin/model/show/cl_user-1 [cb_admin] 200 7ms

=INFO REPORT==== 20-Aug-2012::21:47:55 ===
POST /admin/model/watch [cb_admin] 200 0ms

=INFO REPORT==== 20-Aug-2012::21:48:00 ===
GET /admin/model/model/cl_user [cb_admin] 200 5ms

=INFO REPORT==== 20-Aug-2012::21:48:00 ===
POST /admin/model/watch [cb_admin] 200 0ms

=INFO REPORT==== 20-Aug-2012::21:48:03 ===
GET /doc/cl_user [helpdesk] 200 397ms

=ERROR REPORT==== 20-Aug-2012::21:48:03 ===
GET /doc/stylesheet.css [helpdesk] 404 0ms

=ERROR REPORT==== 20-Aug-2012::21:48:03 ===
GET /doc/erlang.png [helpdesk] 404 0ms

=INFO REPORT==== 20-Aug-2012::21:48:08 ===
POST /admin/model/watch [cb_admin] 200 0ms

=INFO REPORT==== 20-Aug-2012::21:48:08 ===
POST /admin/model/watch [cb_admin] 200 0ms

=INFO REPORT==== 20-Aug-2012::21:48:09 ===
POST /admin/model/watch [cb_admin] 200 0ms

=INFO REPORT==== 20-Aug-2012::21:48:23 ===
GET /admin/model/events/1345477673274922 [cb_admin] 200 30001ms

=INFO REPORT==== 20-Aug-2012::21:48:24 ===
Loading routes from "/home/simba/hacking/erlang/helpdesk/priv/helpdesk.routes" ....

=INFO REPORT==== 20-Aug-2012::21:48:25 ===
GET /request/index [helpdesk] 200 252ms

=INFO REPORT==== 20-Aug-2012::21:48:25 ===
GET /admin/model/events/1345477675648412 [cb_admin] 200 30001ms

=INFO REPORT==== 20-Aug-2012::21:48:30 ===
Loading routes from "/home/simba/hacking/erlang/helpdesk/priv/helpdesk.routes" ....

=INFO REPORT==== 20-Aug-2012::21:48:30 ===
GET /admin/model/events/1345477680067328 [cb_admin] 200 30001ms

=INFO REPORT==== 20-Aug-2012::21:48:30 ===
GET /request/index [helpdesk] 200 242ms

=INFO REPORT==== 20-Aug-2012::21:48:38 ===
GET /admin/model/events/1345477680067328 [cb_admin] 200 30001ms

=INFO REPORT==== 20-Aug-2012::21:48:38 ===
GET /admin/model/events/1345477675648412 [cb_admin] 200 30000ms

=INFO REPORT==== 20-Aug-2012::21:48:39 ===
GET /admin/model/events/1345477673274922 [cb_admin] 200 30000ms

=INFO REPORT==== 20-Aug-2012::21:48:44 ===
Loading routes from "/home/simba/hacking/erlang/helpdesk/priv/helpdesk.routes" ....

=INFO REPORT==== 20-Aug-2012::21:48:44 ===
GET /request/index [helpdesk] 200 331ms

=INFO REPORT==== 20-Aug-2012::21:48:50 ===
Loading routes from "/home/simba/hacking/erlang/helpdesk/priv/helpdesk.routes" ....

=INFO REPORT==== 20-Aug-2012::21:48:50 ===
GET /request/index [helpdesk] 200 240ms

=INFO REPORT==== 20-Aug-2012::21:49:28 ===
Loading routes from "/home/simba/hacking/erlang/helpdesk/priv/helpdesk.routes" ....

=INFO REPORT==== 20-Aug-2012::21:49:28 ===
GET /request/index [helpdesk] 200 325ms

=INFO REPORT==== 20-Aug-2012::21:52:28 ===
Loading routes from "/home/simba/hacking/erlang/helpdesk/priv/helpdesk.routes" ....

=INFO REPORT==== 20-Aug-2012::21:52:28 ===
GET /request/index [helpdesk] 200 324ms

=INFO REPORT==== 20-Aug-2012::21:57:54 ===
GET /admin [cb_admin] 200 3ms

=INFO REPORT==== 20-Aug-2012::21:57:55 ===
GET /admin/model/model [cb_admin] 200 4ms

=INFO REPORT==== 20-Aug-2012::21:57:57 ===
GET /admin/model/model/request [cb_admin] 200 4ms

=INFO REPORT==== 20-Aug-2012::21:57:57 ===
POST /admin/model/watch [cb_admin] 200 0ms

=INFO REPORT==== 20-Aug-2012::21:58:01 ===
GET /admin/model/show/cl_user-1 [cb_admin] 200 6ms

=INFO REPORT==== 20-Aug-2012::21:58:02 ===
POST /admin/model/watch [cb_admin] 200 0ms

=INFO REPORT==== 20-Aug-2012::21:58:12 ===
POST /admin/model/watch [cb_admin] 200 0ms

=INFO REPORT==== 20-Aug-2012::21:58:15 ===
GET /admin/model/show/request-1 [cb_admin] 200 8ms

=INFO REPORT==== 20-Aug-2012::21:58:15 ===
POST /admin/model/watch [cb_admin] 200 0ms

=INFO REPORT==== 20-Aug-2012::21:58:19 ===
POST /admin/model/watch [cb_admin] 200 0ms

=INFO REPORT==== 20-Aug-2012::21:58:21 ===
GET /admin/model/show/depart-1 [cb_admin] 200 8ms

=INFO REPORT==== 20-Aug-2012::21:58:21 ===
POST /admin/model/watch [cb_admin] 200 0ms

=INFO REPORT==== 20-Aug-2012::21:58:23 ===
POST /admin/model/watch [cb_admin] 200 0ms

=INFO REPORT==== 20-Aug-2012::21:58:27 ===
GET /admin/model/events/1345478277569899 [cb_admin] 200 30001ms

=INFO REPORT==== 20-Aug-2012::21:58:32 ===
GET /admin/model/events/1345478281877245 [cb_admin] 200 30000ms

=INFO REPORT==== 20-Aug-2012::21:58:42 ===
GET /admin/model/events/1345478277569899 [cb_admin] 200 30001ms

=INFO REPORT==== 20-Aug-2012::21:58:45 ===
GET /admin/model/events/1345478295291756 [cb_admin] 200 30000ms

=INFO REPORT==== 20-Aug-2012::21:58:49 ===
GET /admin/model/events/1345478277569899 [cb_admin] 200 30000ms

=INFO REPORT==== 20-Aug-2012::21:58:51 ===
GET /admin/model/events/1345478301595966 [cb_admin] 200 30000ms

=INFO REPORT==== 20-Aug-2012::21:58:53 ===
POST /admin/model/heartbeat/16 [cb_admin] 200 0ms

=INFO REPORT==== 20-Aug-2012::21:58:53 ===
GET /admin/model/events/1345478277569899 [cb_admin] 200 30001ms

=INFO REPORT==== 20-Aug-2012::21:59:23 ===
POST /admin/model/heartbeat/16 [cb_admin] 200 0ms

=INFO REPORT==== 20-Aug-2012::21:59:23 ===
GET /admin/model/events/1345478303919448 [cb_admin] 200 30000ms

=INFO REPORT==== 20-Aug-2012::21:59:53 ===
POST /admin/model/heartbeat/16 [cb_admin] 200 0ms

=INFO REPORT==== 20-Aug-2012::21:59:54 ===
GET /admin/model/events/1345478333929737 [cb_admin] 200 30000ms

=INFO REPORT==== 20-Aug-2012::22:00:23 ===
POST /admin/model/heartbeat/16 [cb_admin] 200 0ms

=INFO REPORT==== 20-Aug-2012::22:00:24 ===
GET /admin/model/events/1345478364006597 [cb_admin] 200 30001ms

=INFO REPORT==== 20-Aug-2012::22:00:53 ===
POST /admin/model/heartbeat/16 [cb_admin] 200 0ms

=INFO REPORT==== 20-Aug-2012::22:00:54 ===
GET /admin/model/events/1345478394053478 [cb_admin] 200 30001ms

=INFO REPORT==== 20-Aug-2012::22:01:23 ===
POST /admin/model/heartbeat/16 [cb_admin] 200 0ms

=INFO REPORT==== 20-Aug-2012::22:01:24 ===
GET /admin/model/events/1345478424102350 [cb_admin] 200 30001ms

=INFO REPORT==== 20-Aug-2012::22:01:53 ===
POST /admin/model/heartbeat/16 [cb_admin] 200 0ms

=INFO REPORT==== 20-Aug-2012::22:01:54 ===
GET /admin/model/events/1345478454152514 [cb_admin] 200 30000ms

=INFO REPORT==== 20-Aug-2012::22:02:23 ===
POST /admin/model/heartbeat/16 [cb_admin] 200 0ms

=INFO REPORT==== 20-Aug-2012::22:02:24 ===
GET /admin/model/events/1345478484200630 [cb_admin] 200 30001ms

=INFO REPORT==== 20-Aug-2012::22:02:53 ===
POST /admin/model/heartbeat/16 [cb_admin] 200 0ms

=INFO REPORT==== 20-Aug-2012::22:02:54 ===
GET /admin/model/events/1345478514247400 [cb_admin] 200 30000ms

=INFO REPORT==== 20-Aug-2012::22:03:23 ===
POST /admin/model/heartbeat/16 [cb_admin] 200 0ms

=INFO REPORT==== 20-Aug-2012::22:03:24 ===
GET /admin/model/events/1345478544294807 [cb_admin] 200 30000ms

=INFO REPORT==== 20-Aug-2012::22:03:53 ===
POST /admin/model/heartbeat/16 [cb_admin] 200 0ms

=INFO REPORT==== 20-Aug-2012::22:03:54 ===
GET /admin/model/events/1345478574341857 [cb_admin] 200 30001ms

=INFO REPORT==== 20-Aug-2012::22:04:23 ===
POST /admin/model/heartbeat/16 [cb_admin] 200 0ms

=INFO REPORT==== 20-Aug-2012::22:04:24 ===
GET /admin/model/events/1345478604390574 [cb_admin] 200 30001ms

=INFO REPORT==== 20-Aug-2012::22:04:32 ===
Loading routes from "/home/simba/hacking/erlang/helpdesk/priv/helpdesk.routes" ....

=INFO REPORT==== 20-Aug-2012::22:04:32 ===
GET /depart/index [helpdesk] 200 228ms

=INFO REPORT==== 20-Aug-2012::22:04:35 ===
Loading routes from "/home/simba/hacking/erlang/helpdesk/priv/helpdesk.routes" ....

=INFO REPORT==== 20-Aug-2012::22:04:35 ===
GET /request/index [helpdesk] 200 334ms

=INFO REPORT==== 20-Aug-2012::22:04:41 ===
Loading routes from "/home/simba/hacking/erlang/helpdesk/priv/helpdesk.routes" ....

=INFO REPORT==== 20-Aug-2012::22:04:41 ===
GET /request/edit/request-1 [helpdesk] 200 233ms

=INFO REPORT==== 20-Aug-2012::22:04:45 ===
Loading routes from "/home/simba/hacking/erlang/helpdesk/priv/helpdesk.routes" ....

=INFO REPORT==== 20-Aug-2012::22:04:45 ===
GET /admin/model/events/1345478634437521 [cb_admin] 200 21422ms

=INFO REPORT==== 20-Aug-2012::22:04:45 ===
POST /request/edit/request-1 [helpdesk] 302 316ms

=INFO REPORT==== 20-Aug-2012::22:04:45 ===
Loading routes from "/home/simba/hacking/erlang/helpdesk/priv/helpdesk.routes" ....

=ERROR REPORT==== 20-Aug-2012::22:04:46 ===
{function_clause,
    [{erlydtl_filters,date,[undefined,<<"j N Y, H:i">>]},
     {helpdesk_view_request_index_html,'-render_internal/4-fun-2-',3},
     {lists,mapfoldl,3},
     {erlydtl_runtime,forloop,3},
     {helpdesk_view_request_index_html,render_internal,4},
     {helpdesk_view_request_index_html,render,2},
     {boss_web_controller,render_view,6},
     {boss_web_controller,execute_action,5}]}

=ERROR REPORT==== 20-Aug-2012::22:04:46 ===
GET /request/index [helpdesk] 500 225ms

=INFO REPORT==== 20-Aug-2012::22:04:50 ===
Loading routes from "/home/simba/hacking/erlang/helpdesk/priv/helpdesk.routes" ....

=ERROR REPORT==== 20-Aug-2012::22:04:51 ===
{function_clause,
    [{erlydtl_filters,date,[undefined,<<"j N Y, H:i">>]},
     {helpdesk_view_request_index_html,'-render_internal/4-fun-2-',3},
     {lists,mapfoldl,3},
     {erlydtl_runtime,forloop,3},
     {helpdesk_view_request_index_html,render_internal,4},
     {helpdesk_view_request_index_html,render,2},
     {boss_web_controller,render_view,6},
     {boss_web_controller,execute_action,5}]}

=ERROR REPORT==== 20-Aug-2012::22:04:51 ===
GET /request/index [helpdesk] 500 228ms

=INFO REPORT==== 20-Aug-2012::22:04:53 ===
POST /admin/model/heartbeat/16 [cb_admin] 200 0ms

=INFO REPORT==== 20-Aug-2012::22:05:23 ===
POST /admin/model/heartbeat/16 [cb_admin] 200 0ms

=INFO REPORT==== 20-Aug-2012::22:05:53 ===
POST /admin/model/heartbeat/16 [cb_admin] 200 0ms

=INFO REPORT==== 20-Aug-2012::22:06:23 ===
POST /admin/model/heartbeat/16 [cb_admin] 200 0ms

=INFO REPORT==== 20-Aug-2012::22:06:53 ===
POST /admin/model/heartbeat/16 [cb_admin] 200 0ms

=INFO REPORT==== 20-Aug-2012::22:07:23 ===
POST /admin/model/heartbeat/16 [cb_admin] 200 0ms

=INFO REPORT==== 20-Aug-2012::22:07:53 ===
POST /admin/model/heartbeat/16 [cb_admin] 200 0ms

=INFO REPORT==== 20-Aug-2012::22:08:23 ===
POST /admin/model/heartbeat/16 [cb_admin] 200 0ms

=INFO REPORT==== 20-Aug-2012::22:08:54 ===
POST /admin/model/heartbeat/16 [cb_admin] 200 0ms

=INFO REPORT==== 20-Aug-2012::22:09:24 ===
POST /admin/model/heartbeat/16 [cb_admin] 200 0ms

=INFO REPORT==== 20-Aug-2012::22:09:44 ===
Loading routes from "/home/simba/hacking/erlang/helpdesk/priv/helpdesk.routes" ....

=ERROR REPORT==== 20-Aug-2012::22:09:44 ===
{function_clause,
    [{erlydtl_filters,date,[undefined,<<"j N Y, H:i">>]},
     {helpdesk_view_request_index_html,'-render_internal/4-fun-2-',3},
     {lists,mapfoldl,3},
     {erlydtl_runtime,forloop,3},
     {helpdesk_view_request_index_html,render_internal,4},
     {helpdesk_view_request_index_html,render,2},
     {boss_web_controller,render_view,6},
     {boss_web_controller,execute_action,5}]}

=ERROR REPORT==== 20-Aug-2012::22:09:44 ===
GET /request/index [helpdesk] 500 251ms

=INFO REPORT==== 20-Aug-2012::22:09:47 ===
Loading routes from "/home/simba/hacking/erlang/helpdesk/priv/helpdesk.routes" ....

=ERROR REPORT==== 20-Aug-2012::22:09:47 ===
{function_clause,
    [{erlydtl_filters,date,[undefined,<<"j N Y, H:i">>]},
     {helpdesk_view_request_index_html,'-render_internal/4-fun-2-',3},
     {lists,mapfoldl,3},
     {erlydtl_runtime,forloop,3},
     {helpdesk_view_request_index_html,render_internal,4},
     {helpdesk_view_request_index_html,render,2},
     {boss_web_controller,render_view,6},
     {boss_web_controller,execute_action,5}]}

=ERROR REPORT==== 20-Aug-2012::22:09:47 ===
GET /request/index [helpdesk] 500 238ms

=INFO REPORT==== 20-Aug-2012::22:09:54 ===
POST /admin/model/heartbeat/16 [cb_admin] 200 0ms

=INFO REPORT==== 20-Aug-2012::22:09:55 ===
GET /admin/model/show/request-1 [cb_admin] 200 8ms

=INFO REPORT==== 20-Aug-2012::22:09:55 ===
POST /admin/model/watch [cb_admin] 200 0ms

=INFO REPORT==== 20-Aug-2012::22:10:03 ===
GET /admin/model/edit/request-1 [cb_admin] 200 19ms

=INFO REPORT==== 20-Aug-2012::22:10:08 ===
GET /admin/model/events/1345478995548214 [cb_admin] 200 13048ms

=INFO REPORT==== 20-Aug-2012::22:10:08 ===
POST /admin/model/edit/request-1 [cb_admin] 302 57ms

=INFO REPORT==== 20-Aug-2012::22:10:08 ===
GET /admin/model/show/request-1 [cb_admin] 200 4ms

=INFO REPORT==== 20-Aug-2012::22:10:09 ===
POST /admin/model/watch [cb_admin] 200 0ms

=INFO REPORT==== 20-Aug-2012::22:10:13 ===
Loading routes from "/home/simba/hacking/erlang/helpdesk/priv/helpdesk.routes" ....

=INFO REPORT==== 20-Aug-2012::22:10:13 ===
GET /request/index [helpdesk] 200 229ms

=INFO REPORT==== 20-Aug-2012::22:10:17 ===
Loading routes from "/home/simba/hacking/erlang/helpdesk/priv/helpdesk.routes" ....

=INFO REPORT==== 20-Aug-2012::22:10:17 ===
GET /request/edit/request-1 [helpdesk] 200 283ms

=INFO REPORT==== 20-Aug-2012::22:10:39 ===
POST /admin/model/heartbeat/18 [cb_admin] 200 0ms

=INFO REPORT==== 20-Aug-2012::22:10:39 ===
GET /admin/model/events/1345479008779650 [cb_admin] 200 30000ms

=INFO REPORT==== 20-Aug-2012::22:11:09 ===
POST /admin/model/heartbeat/18 [cb_admin] 200 0ms

=INFO REPORT==== 20-Aug-2012::22:11:09 ===
GET /admin/model/events/1345479009099746 [cb_admin] 200 30000ms

=INFO REPORT==== 20-Aug-2012::22:11:39 ===
POST /admin/model/heartbeat/18 [cb_admin] 200 0ms

=INFO REPORT==== 20-Aug-2012::22:11:39 ===
GET /admin/model/events/1345479039109664 [cb_admin] 200 30001ms

=INFO REPORT==== 20-Aug-2012::22:11:54 ===
Loading routes from "/home/simba/hacking/erlang/helpdesk/priv/helpdesk.routes" ....

=INFO REPORT==== 20-Aug-2012::22:11:54 ===
GET /request/edit/request-1 [helpdesk] 200 305ms

=INFO REPORT==== 20-Aug-2012::22:12:00 ===
GET /admin/model/edit/request-1 [cb_admin] 200 5ms

=INFO REPORT==== 20-Aug-2012::22:12:09 ===
GET /admin/model/events/1345479069158994 [cb_admin] 200 30001ms

=INFO REPORT==== 20-Aug-2012::22:12:12 ===
POST /admin/model/edit/request-1 [cb_admin] 302 53ms

=INFO REPORT==== 20-Aug-2012::22:12:12 ===
GET /admin/model/show/request-1 [cb_admin] 200 4ms

=INFO REPORT==== 20-Aug-2012::22:12:13 ===
POST /admin/model/watch [cb_admin] 200 0ms

=INFO REPORT==== 20-Aug-2012::22:12:16 ===
Loading routes from "/home/simba/hacking/erlang/helpdesk/priv/helpdesk.routes" ....

=INFO REPORT==== 20-Aug-2012::22:12:17 ===
GET /request/edit/request-1 [helpdesk] 200 233ms

=INFO REPORT==== 20-Aug-2012::22:12:34 ===
Loading routes from "/home/simba/hacking/erlang/helpdesk/priv/helpdesk.routes" ....

=INFO REPORT==== 20-Aug-2012::22:12:35 ===
GET /request/edit/request-1 [helpdesk] 200 227ms

=INFO REPORT==== 20-Aug-2012::22:12:43 ===
POST /admin/model/heartbeat/19 [cb_admin] 200 0ms

=INFO REPORT==== 20-Aug-2012::22:12:43 ===
GET /admin/model/events/1345479132897722 [cb_admin] 200 30001ms

=INFO REPORT==== 20-Aug-2012::22:13:13 ===
POST /admin/model/heartbeat/19 [cb_admin] 200 0ms

=INFO REPORT==== 20-Aug-2012::22:13:13 ===
GET /admin/model/events/1345479133193559 [cb_admin] 200 30004ms

=INFO REPORT==== 20-Aug-2012::22:13:19 ===
POST /admin/model/edit/request-1 [cb_admin] 302 51ms

=INFO REPORT==== 20-Aug-2012::22:13:19 ===
GET /admin/model/events/1345479163252828 [cb_admin] 200 6547ms

=INFO REPORT==== 20-Aug-2012::22:13:19 ===
GET /admin/model/show/request-1 [cb_admin] 200 4ms

=INFO REPORT==== 20-Aug-2012::22:13:20 ===
POST /admin/model/watch [cb_admin] 200 0ms

=INFO REPORT==== 20-Aug-2012::22:13:21 ===
GET /admin/model/model/request [cb_admin] 200 8ms

=INFO REPORT==== 20-Aug-2012::22:13:21 ===
POST /admin/model/watch [cb_admin] 200 0ms

=INFO REPORT==== 20-Aug-2012::22:13:32 ===
Loading routes from "/home/simba/hacking/erlang/helpdesk/priv/helpdesk.routes" ....

=INFO REPORT==== 20-Aug-2012::22:13:32 ===
GET /depart/index [helpdesk] 200 227ms

=INFO REPORT==== 20-Aug-2012::22:13:33 ===
Loading routes from "/home/simba/hacking/erlang/helpdesk/priv/helpdesk.routes" ....

=INFO REPORT==== 20-Aug-2012::22:13:33 ===
GET /request/index [helpdesk] 200 234ms

=INFO REPORT==== 20-Aug-2012::22:13:34 ===
Loading routes from "/home/simba/hacking/erlang/helpdesk/priv/helpdesk.routes" ....

=ERROR REPORT==== 20-Aug-2012::22:13:34 ===
{function_clause,[{erlydtl_runtime,init_counter_stats,
                                   [{error,{module_not_loaded,person}},
                                    undefined]},
                  {helpdesk_view_request_show_html,render_internal,4},
                  {helpdesk_view_request_show_html,render,2},
                  {boss_web_controller,render_view,6},
                  {boss_web_controller,execute_action,5},
                  {boss_web_controller,process_request,5},
                  {timer,tc,3},
                  {boss_web_controller,handle_request,3}]}

=ERROR REPORT==== 20-Aug-2012::22:13:34 ===
GET /request/show/request-1 [helpdesk] 500 231ms

=INFO REPORT==== 20-Aug-2012::22:13:50 ===
GET /admin/model/events/1345479199829238 [cb_admin] 200 30000ms

=INFO REPORT==== 20-Aug-2012::22:13:50 ===
GET /admin/model/csv/request [cb_admin] 200 16ms

=INFO REPORT==== 20-Aug-2012::22:13:51 ===
GET /admin/model/events/1345479201667026 [cb_admin] 200 30001ms

=INFO REPORT==== 20-Aug-2012::22:13:51 ===
POST /admin/model/heartbeat/21 [cb_admin] 200 0ms

=INFO REPORT==== 20-Aug-2012::22:13:56 ===
GET /admin/model/model [cb_admin] 200 4ms

=INFO REPORT==== 20-Aug-2012::22:13:58 ===
GET /admin/model/model/request [cb_admin] 200 4ms

=INFO REPORT==== 20-Aug-2012::22:13:58 ===
POST /admin/model/watch [cb_admin] 200 0ms

=INFO REPORT==== 20-Aug-2012::22:14:10 ===
Loading routes from "/home/simba/hacking/erlang/helpdesk/priv/helpdesk.routes" ....

=INFO REPORT==== 20-Aug-2012::22:14:10 ===
GET /request/edit/request-1 [helpdesk] 200 222ms

=INFO REPORT==== 20-Aug-2012::22:14:28 ===
GET /admin/model/events/1345479238325637 [cb_admin] 200 30001ms

=INFO REPORT==== 20-Aug-2012::22:14:28 ===
POST /admin/model/heartbeat/22 [cb_admin] 200 0ms

=INFO REPORT==== 20-Aug-2012::22:14:58 ===
POST /admin/model/heartbeat/22 [cb_admin] 200 0ms

=INFO REPORT==== 20-Aug-2012::22:14:58 ===
GET /admin/model/events/1345479238492429 [cb_admin] 200 30001ms

=INFO REPORT==== 20-Aug-2012::22:15:28 ===
POST /admin/model/heartbeat/22 [cb_admin] 200 0ms

=INFO REPORT==== 20-Aug-2012::22:15:28 ===
GET /admin/model/events/1345479268502461 [cb_admin] 200 30000ms

=INFO REPORT==== 20-Aug-2012::22:15:58 ===
POST /admin/model/heartbeat/22 [cb_admin] 200 0ms

=INFO REPORT==== 20-Aug-2012::22:15:58 ===
GET /admin/model/events/1345479298550948 [cb_admin] 200 30001ms

=INFO REPORT==== 20-Aug-2012::22:16:28 ===
POST /admin/model/heartbeat/22 [cb_admin] 200 0ms

=INFO REPORT==== 20-Aug-2012::22:16:28 ===
GET /admin/model/events/1345479328599173 [cb_admin] 200 30001ms

=INFO REPORT==== 20-Aug-2012::22:16:58 ===
POST /admin/model/heartbeat/22 [cb_admin] 200 0ms

=INFO REPORT==== 20-Aug-2012::22:16:58 ===
GET /admin/model/events/1345479358649046 [cb_admin] 200 30001ms

=INFO REPORT==== 20-Aug-2012::22:17:28 ===
POST /admin/model/heartbeat/22 [cb_admin] 200 0ms

=INFO REPORT==== 20-Aug-2012::22:17:28 ===
GET /admin/model/events/1345479388696069 [cb_admin] 200 30000ms

=INFO REPORT==== 20-Aug-2012::22:17:58 ===
POST /admin/model/heartbeat/22 [cb_admin] 200 0ms

=INFO REPORT==== 20-Aug-2012::22:17:58 ===
GET /admin/model/events/1345479418745806 [cb_admin] 200 30000ms

=INFO REPORT==== 20-Aug-2012::22:18:28 ===
POST /admin/model/heartbeat/22 [cb_admin] 200 0ms

=INFO REPORT==== 20-Aug-2012::22:18:28 ===
GET /admin/model/events/1345479448794535 [cb_admin] 200 30001ms

=INFO REPORT==== 20-Aug-2012::22:18:58 ===
POST /admin/model/heartbeat/22 [cb_admin] 200 0ms

=INFO REPORT==== 20-Aug-2012::22:18:58 ===
GET /admin/model/events/1345479478840236 [cb_admin] 200 30000ms

=INFO REPORT==== 20-Aug-2012::22:19:28 ===
POST /admin/model/heartbeat/22 [cb_admin] 200 0ms

=INFO REPORT==== 20-Aug-2012::22:19:28 ===
GET /admin/model/events/1345479508887862 [cb_admin] 200 30001ms

=INFO REPORT==== 20-Aug-2012::22:19:58 ===
POST /admin/model/heartbeat/22 [cb_admin] 200 0ms

=INFO REPORT==== 20-Aug-2012::22:19:58 ===
GET /admin/model/events/1345479538935651 [cb_admin] 200 30000ms

=INFO REPORT==== 20-Aug-2012::22:20:28 ===
POST /admin/model/heartbeat/22 [cb_admin] 200 0ms

=INFO REPORT==== 20-Aug-2012::22:20:29 ===
GET /admin/model/events/1345479568983859 [cb_admin] 200 30001ms

=INFO REPORT==== 20-Aug-2012::22:20:58 ===
POST /admin/model/heartbeat/22 [cb_admin] 200 0ms

=INFO REPORT==== 20-Aug-2012::22:20:59 ===
GET /admin/model/events/1345479599031607 [cb_admin] 200 30000ms

=INFO REPORT==== 20-Aug-2012::22:21:28 ===
POST /admin/model/heartbeat/22 [cb_admin] 200 0ms

=INFO REPORT==== 20-Aug-2012::22:21:29 ===
GET /admin/model/events/1345479629079761 [cb_admin] 200 30001ms

=INFO REPORT==== 20-Aug-2012::22:21:58 ===
POST /admin/model/heartbeat/22 [cb_admin] 200 0ms

=INFO REPORT==== 20-Aug-2012::22:21:59 ===
GET /admin/model/events/1345479659128342 [cb_admin] 200 30001ms

=INFO REPORT==== 20-Aug-2012::22:22:28 ===
POST /admin/model/heartbeat/22 [cb_admin] 200 0ms

=INFO REPORT==== 20-Aug-2012::22:22:29 ===
GET /admin/model/events/1345479689175567 [cb_admin] 200 30001ms

=INFO REPORT==== 20-Aug-2012::22:22:58 ===
POST /admin/model/heartbeat/22 [cb_admin] 200 0ms

=INFO REPORT==== 20-Aug-2012::22:22:59 ===
GET /admin/model/events/1345479719223383 [cb_admin] 200 30001ms

=INFO REPORT==== 20-Aug-2012::22:23:28 ===
POST /admin/model/heartbeat/22 [cb_admin] 200 0ms

=INFO REPORT==== 20-Aug-2012::22:23:29 ===
GET /admin/model/events/1345479749273036 [cb_admin] 200 30001ms

=INFO REPORT==== 20-Aug-2012::22:23:58 ===
POST /admin/model/heartbeat/22 [cb_admin] 200 0ms

=INFO REPORT==== 20-Aug-2012::22:23:59 ===
GET /admin/model/events/1345479779319485 [cb_admin] 200 30001ms

=INFO REPORT==== 20-Aug-2012::22:24:28 ===
POST /admin/model/heartbeat/22 [cb_admin] 200 0ms

=INFO REPORT==== 20-Aug-2012::22:24:29 ===
GET /admin/model/events/1345479809367648 [cb_admin] 200 30001ms

=INFO REPORT==== 20-Aug-2012::22:24:58 ===
POST /admin/model/heartbeat/22 [cb_admin] 200 0ms

=INFO REPORT==== 20-Aug-2012::22:24:59 ===
GET /admin/model/events/1345479839414367 [cb_admin] 200 30000ms

=INFO REPORT==== 20-Aug-2012::22:25:28 ===
POST /admin/model/heartbeat/22 [cb_admin] 200 0ms

=INFO REPORT==== 20-Aug-2012::22:25:29 ===
GET /admin/model/events/1345479869457803 [cb_admin] 200 30001ms

=INFO REPORT==== 20-Aug-2012::22:25:58 ===
POST /admin/model/heartbeat/22 [cb_admin] 200 0ms

=INFO REPORT==== 20-Aug-2012::22:25:59 ===
GET /admin/model/events/1345479899502341 [cb_admin] 200 30001ms

=INFO REPORT==== 20-Aug-2012::22:26:28 ===
POST /admin/model/heartbeat/22 [cb_admin] 200 0ms

=INFO REPORT==== 20-Aug-2012::22:26:29 ===
GET /admin/model/events/1345479929547491 [cb_admin] 200 30001ms

=INFO REPORT==== 20-Aug-2012::22:26:58 ===
POST /admin/model/heartbeat/22 [cb_admin] 200 0ms

=INFO REPORT==== 20-Aug-2012::22:26:59 ===
GET /admin/model/events/1345479959596360 [cb_admin] 200 30001ms

=INFO REPORT==== 20-Aug-2012::22:27:28 ===
POST /admin/model/heartbeat/22 [cb_admin] 200 0ms

=INFO REPORT==== 20-Aug-2012::22:27:29 ===
GET /admin/model/events/1345479989641316 [cb_admin] 200 30001ms

=INFO REPORT==== 20-Aug-2012::22:27:58 ===
POST /admin/model/heartbeat/22 [cb_admin] 200 0ms

=INFO REPORT==== 20-Aug-2012::22:27:59 ===
GET /admin/model/events/1345480019687320 [cb_admin] 200 30000ms

=INFO REPORT==== 20-Aug-2012::22:28:28 ===
POST /admin/model/heartbeat/22 [cb_admin] 200 0ms

=INFO REPORT==== 20-Aug-2012::22:28:29 ===
GET /admin/model/events/1345480049736802 [cb_admin] 200 30001ms

=INFO REPORT==== 20-Aug-2012::22:28:58 ===
POST /admin/model/heartbeat/22 [cb_admin] 200 0ms

=INFO REPORT==== 20-Aug-2012::22:28:59 ===
GET /admin/model/events/1345480079783246 [cb_admin] 200 30001ms

=INFO REPORT==== 20-Aug-2012::22:29:28 ===
POST /admin/model/heartbeat/22 [cb_admin] 200 0ms

=INFO REPORT==== 20-Aug-2012::22:29:29 ===
GET /admin/model/events/1345480109831467 [cb_admin] 200 30001ms

=INFO REPORT==== 20-Aug-2012::22:29:58 ===
POST /admin/model/heartbeat/22 [cb_admin] 200 0ms

=INFO REPORT==== 20-Aug-2012::22:29:59 ===
GET /admin/model/events/1345480139879581 [cb_admin] 200 30000ms

=INFO REPORT==== 20-Aug-2012::22:30:28 ===
POST /admin/model/heartbeat/22 [cb_admin] 200 0ms

=INFO REPORT==== 20-Aug-2012::22:30:29 ===
GET /admin/model/events/1345480169927693 [cb_admin] 200 30001ms

=INFO REPORT==== 20-Aug-2012::22:30:58 ===
POST /admin/model/heartbeat/22 [cb_admin] 200 0ms

=INFO REPORT==== 20-Aug-2012::22:31:00 ===
GET /admin/model/events/1345480199973139 [cb_admin] 200 30001ms

=INFO REPORT==== 20-Aug-2012::22:31:28 ===
POST /admin/model/heartbeat/22 [cb_admin] 200 0ms

=INFO REPORT==== 20-Aug-2012::22:31:30 ===
GET /admin/model/events/1345480230018427 [cb_admin] 200 30001ms

=INFO REPORT==== 20-Aug-2012::22:31:58 ===
POST /admin/model/heartbeat/22 [cb_admin] 200 0ms

=INFO REPORT==== 20-Aug-2012::22:32:00 ===
GET /admin/model/events/1345480260065041 [cb_admin] 200 30001ms

=INFO REPORT==== 20-Aug-2012::22:32:28 ===
POST /admin/model/heartbeat/22 [cb_admin] 200 0ms

=INFO REPORT==== 20-Aug-2012::22:32:30 ===
GET /admin/model/events/1345480290111086 [cb_admin] 200 30000ms

=INFO REPORT==== 20-Aug-2012::22:32:58 ===
POST /admin/model/heartbeat/22 [cb_admin] 200 0ms

=INFO REPORT==== 20-Aug-2012::22:33:00 ===
GET /admin/model/events/1345480320156957 [cb_admin] 200 30001ms

=INFO REPORT==== 20-Aug-2012::22:33:28 ===
POST /admin/model/heartbeat/22 [cb_admin] 200 0ms

=INFO REPORT==== 20-Aug-2012::22:33:30 ===
GET /admin/model/events/1345480350201031 [cb_admin] 200 30001ms

=INFO REPORT==== 20-Aug-2012::22:33:58 ===
POST /admin/model/heartbeat/22 [cb_admin] 200 0ms

=INFO REPORT==== 20-Aug-2012::22:34:00 ===
GET /admin/model/events/1345480380246405 [cb_admin] 200 30000ms

=INFO REPORT==== 20-Aug-2012::22:34:28 ===
POST /admin/model/heartbeat/22 [cb_admin] 200 0ms

=INFO REPORT==== 20-Aug-2012::22:34:30 ===
GET /admin/model/events/1345480410288948 [cb_admin] 200 30001ms

=INFO REPORT==== 20-Aug-2012::22:34:58 ===
POST /admin/model/heartbeat/22 [cb_admin] 200 0ms

=INFO REPORT==== 20-Aug-2012::22:35:00 ===
GET /admin/model/events/1345480440333070 [cb_admin] 200 30000ms

=INFO REPORT==== 20-Aug-2012::22:35:28 ===
POST /admin/model/heartbeat/22 [cb_admin] 200 0ms

=INFO REPORT==== 20-Aug-2012::22:35:30 ===
GET /admin/model/events/1345480470377783 [cb_admin] 200 30000ms

=INFO REPORT==== 20-Aug-2012::22:35:58 ===
POST /admin/model/heartbeat/22 [cb_admin] 200 0ms

=INFO REPORT==== 20-Aug-2012::22:36:00 ===
GET /admin/model/events/1345480500420865 [cb_admin] 200 30001ms

=INFO REPORT==== 20-Aug-2012::22:36:28 ===
POST /admin/model/heartbeat/22 [cb_admin] 200 0ms

=INFO REPORT==== 20-Aug-2012::22:36:30 ===
GET /admin/model/events/1345480530467294 [cb_admin] 200 30000ms

=INFO REPORT==== 20-Aug-2012::22:36:58 ===
POST /admin/model/heartbeat/22 [cb_admin] 200 0ms

=INFO REPORT==== 20-Aug-2012::22:37:00 ===
GET /admin/model/events/1345480560513742 [cb_admin] 200 30001ms

=INFO REPORT==== 20-Aug-2012::22:37:28 ===
POST /admin/model/heartbeat/22 [cb_admin] 200 0ms

=INFO REPORT==== 20-Aug-2012::22:37:30 ===
GET /admin/model/events/1345480590556998 [cb_admin] 200 30000ms

=INFO REPORT==== 20-Aug-2012::22:37:40 ===
Loading routes from "/home/simba/hacking/erlang/helpdesk/priv/helpdesk.routes" ....

=INFO REPORT==== 20-Aug-2012::22:37:40 ===
GET /request/edit/request-1 [helpdesk] 200 296ms

=INFO REPORT==== 20-Aug-2012::22:37:42 ===
Loading routes from "/home/simba/hacking/erlang/helpdesk/priv/helpdesk.routes" ....

=INFO REPORT==== 20-Aug-2012::22:37:42 ===
GET /request/edit/request-1 [helpdesk] 200 236ms

=INFO REPORT==== 20-Aug-2012::22:37:42 ===
Loading routes from "/home/simba/hacking/erlang/helpdesk/priv/helpdesk.routes" ....

=INFO REPORT==== 20-Aug-2012::22:37:43 ===
GET /request/edit/request-1 [helpdesk] 200 234ms

=INFO REPORT==== 20-Aug-2012::22:37:50 ===
GET /admin/model/show/request-1 [cb_admin] 200 12ms

=INFO REPORT==== 20-Aug-2012::22:37:50 ===
POST /admin/model/watch [cb_admin] 200 0ms

=INFO REPORT==== 20-Aug-2012::22:37:52 ===
GET /admin/model/edit/request-1 [cb_admin] 200 3ms

=INFO REPORT==== 20-Aug-2012::22:38:00 ===
GET /admin/model/events/1345480620601638 [cb_admin] 200 30000ms

=INFO REPORT==== 20-Aug-2012::22:38:11 ===
POST /admin/model/edit/request-1 [cb_admin] 302 54ms

=INFO REPORT==== 20-Aug-2012::22:38:11 ===
GET /admin/model/events/1345480670677439 [cb_admin] 200 20510ms

=INFO REPORT==== 20-Aug-2012::22:38:11 ===
GET /admin/model/show/request-1 [cb_admin] 200 5ms

=INFO REPORT==== 20-Aug-2012::22:38:11 ===
POST /admin/model/watch [cb_admin] 200 0ms

=INFO REPORT==== 20-Aug-2012::22:38:14 ===
Loading routes from "/home/simba/hacking/erlang/helpdesk/priv/helpdesk.routes" ....

=INFO REPORT==== 20-Aug-2012::22:38:14 ===
GET /request/edit/request-1 [helpdesk] 200 246ms

=INFO REPORT==== 20-Aug-2012::22:38:41 ===
GET /admin/model/events/1345480691427033 [cb_admin] 200 30001ms

=INFO REPORT==== 20-Aug-2012::22:38:41 ===
POST /admin/model/heartbeat/24 [cb_admin] 200 0ms

=INFO REPORT==== 20-Aug-2012::22:39:11 ===
POST /admin/model/heartbeat/24 [cb_admin] 200 0ms

=INFO REPORT==== 20-Aug-2012::22:39:11 ===
GET /admin/model/events/1345480691778082 [cb_admin] 200 30001ms

=INFO REPORT==== 20-Aug-2012::22:39:41 ===
POST /admin/model/heartbeat/24 [cb_admin] 200 0ms

=INFO REPORT==== 20-Aug-2012::22:39:41 ===
GET /admin/model/events/1345480721789699 [cb_admin] 200 30001ms

=INFO REPORT==== 20-Aug-2012::22:40:04 ===
Loading routes from "/home/simba/hacking/erlang/helpdesk/priv/helpdesk.routes" ....

=INFO REPORT==== 20-Aug-2012::22:40:04 ===
GET /request/edit/request-1 [helpdesk] 200 287ms

=INFO REPORT==== 20-Aug-2012::22:40:11 ===
POST /admin/model/heartbeat/24 [cb_admin] 200 0ms

=INFO REPORT==== 20-Aug-2012::22:40:11 ===
GET /admin/model/events/1345480751838120 [cb_admin] 200 30001ms

=INFO REPORT==== 20-Aug-2012::22:40:41 ===
POST /admin/model/heartbeat/24 [cb_admin] 200 0ms

=INFO REPORT==== 20-Aug-2012::22:40:41 ===
GET /admin/model/events/1345480781886174 [cb_admin] 200 30001ms

=INFO REPORT==== 20-Aug-2012::22:41:11 ===
POST /admin/model/heartbeat/24 [cb_admin] 200 0ms

=INFO REPORT==== 20-Aug-2012::22:41:11 ===
GET /admin/model/events/1345480811931996 [cb_admin] 200 30000ms

=INFO REPORT==== 20-Aug-2012::22:41:41 ===
POST /admin/model/heartbeat/24 [cb_admin] 200 0ms

=INFO REPORT==== 20-Aug-2012::22:41:42 ===
GET /admin/model/events/1345480841982614 [cb_admin] 200 30000ms

=INFO REPORT==== 20-Aug-2012::22:42:11 ===
POST /admin/model/heartbeat/24 [cb_admin] 200 0ms

=INFO REPORT==== 20-Aug-2012::22:42:12 ===
GET /admin/model/events/1345480872028763 [cb_admin] 200 30001ms

=INFO REPORT==== 20-Aug-2012::22:42:35 ===
Loading routes from "/home/simba/hacking/erlang/helpdesk/priv/helpdesk.routes" ....

=INFO REPORT==== 20-Aug-2012::22:42:35 ===
GET /request/edit/request-1 [helpdesk] 200 235ms

=INFO REPORT==== 20-Aug-2012::22:42:36 ===
Loading routes from "/home/simba/hacking/erlang/helpdesk/priv/helpdesk.routes" ....

=INFO REPORT==== 20-Aug-2012::22:42:36 ===
GET /admin/model/events/1345480902078471 [cb_admin] 200 24847ms

=INFO REPORT==== 20-Aug-2012::22:42:36 ===
POST /request/edit/request-1 [helpdesk] 302 288ms

=INFO REPORT==== 20-Aug-2012::22:42:36 ===
Loading routes from "/home/simba/hacking/erlang/helpdesk/priv/helpdesk.routes" ....

=ERROR REPORT==== 20-Aug-2012::22:42:36 ===
{json_encode,{bad_term,{{2012,8,20},{22,42,36}}}}

=ERROR REPORT==== 20-Aug-2012::22:42:36 ===
GET /admin/model/events/1345480956972832 [cb_admin] 500 0ms

=ERROR REPORT==== 20-Aug-2012::22:42:37 ===
{function_clause,
    [{erlydtl_filters,date,[undefined,<<"j N Y, H:i">>]},
     {helpdesk_view_request_index_html,'-render_internal/4-fun-2-',3},
     {lists,mapfoldl,3},
     {erlydtl_runtime,forloop,3},
     {helpdesk_view_request_index_html,render_internal,4},
     {helpdesk_view_request_index_html,render,2},
     {boss_web_controller,render_view,6},
     {boss_web_controller,execute_action,5}]}

=ERROR REPORT==== 20-Aug-2012::22:42:37 ===
GET /request/index [helpdesk] 500 225ms

=INFO REPORT==== 20-Aug-2012::22:42:41 ===
POST /admin/model/heartbeat/24 [cb_admin] 200 0ms

=INFO REPORT==== 20-Aug-2012::22:42:46 ===
Loading routes from "/home/simba/hacking/erlang/helpdesk/priv/helpdesk.routes" ....

=ERROR REPORT==== 20-Aug-2012::22:42:46 ===
{function_clause,
    [{erlydtl_filters,date,[undefined,<<"j N Y, H:i">>]},
     {helpdesk_view_request_index_html,'-render_internal/4-fun-2-',3},
     {lists,mapfoldl,3},
     {erlydtl_runtime,forloop,3},
     {helpdesk_view_request_index_html,render_internal,4},
     {helpdesk_view_request_index_html,render,2},
     {boss_web_controller,render_view,6},
     {boss_web_controller,execute_action,5}]}

=ERROR REPORT==== 20-Aug-2012::22:42:46 ===
GET /request/index [helpdesk] 500 233ms

=INFO REPORT==== 20-Aug-2012::22:42:51 ===
GET /admin/model/model/request [cb_admin] 200 8ms

=INFO REPORT==== 20-Aug-2012::22:42:51 ===
POST /admin/model/watch [cb_admin] 200 0ms

=INFO REPORT==== 20-Aug-2012::22:43:19 ===
GET /admin/model/show/request-1 [cb_admin] 200 5ms

=INFO REPORT==== 20-Aug-2012::22:43:20 ===
POST /admin/model/watch [cb_admin] 200 0ms

=INFO REPORT==== 20-Aug-2012::22:43:21 ===
GET /admin/model/edit/request-1 [cb_admin] 200 4ms

=INFO REPORT==== 20-Aug-2012::22:43:21 ===
GET /admin/model/events/1345480971701107 [cb_admin] 200 30000ms

=INFO REPORT==== 20-Aug-2012::22:43:27 ===
POST /admin/model/edit/request-1 [cb_admin] 302 71ms

=INFO REPORT==== 20-Aug-2012::22:43:27 ===
GET /admin/model/events/1345480999859511 [cb_admin] 200 7299ms

=INFO REPORT==== 20-Aug-2012::22:43:27 ===
GET /admin/model/show/request-1 [cb_admin] 200 4ms

=INFO REPORT==== 20-Aug-2012::22:43:27 ===
POST /admin/model/watch [cb_admin] 200 0ms

=INFO REPORT==== 20-Aug-2012::22:43:30 ===
Loading routes from "/home/simba/hacking/erlang/helpdesk/priv/helpdesk.routes" ....

=INFO REPORT==== 20-Aug-2012::22:43:30 ===
GET /request/index [helpdesk] 200 226ms

=INFO REPORT==== 20-Aug-2012::22:43:32 ===
Loading routes from "/home/simba/hacking/erlang/helpdesk/priv/helpdesk.routes" ....

=INFO REPORT==== 20-Aug-2012::22:43:32 ===
GET /request/edit/request-1 [helpdesk] 200 223ms

=INFO REPORT==== 20-Aug-2012::22:43:35 ===
Loading routes from "/home/simba/hacking/erlang/helpdesk/priv/helpdesk.routes" ....

=INFO REPORT==== 20-Aug-2012::22:43:36 ===
POST /request/edit/request-1 [helpdesk] 302 309ms

=INFO REPORT==== 20-Aug-2012::22:43:36 ===
GET /admin/model/events/1345481007385686 [cb_admin] 200 8483ms

=INFO REPORT==== 20-Aug-2012::22:43:36 ===
Loading routes from "/home/simba/hacking/erlang/helpdesk/priv/helpdesk.routes" ....

=ERROR REPORT==== 20-Aug-2012::22:43:36 ===
{json_encode,{bad_term,{{2012,8,20},{22,43,35}}}}

=ERROR REPORT==== 20-Aug-2012::22:43:36 ===
GET /admin/model/events/1345481016070091 [cb_admin] 500 0ms

=INFO REPORT==== 20-Aug-2012::22:43:36 ===
GET /request/index [helpdesk] 200 231ms

=INFO REPORT==== 20-Aug-2012::22:43:39 ===
Loading routes from "/home/simba/hacking/erlang/helpdesk/priv/helpdesk.routes" ....

=INFO REPORT==== 20-Aug-2012::22:43:39 ===
GET /request/edit/request-1 [helpdesk] 200 250ms

=INFO REPORT==== 20-Aug-2012::22:43:57 ===
POST /admin/model/heartbeat/27 [cb_admin] 200 0ms

=INFO REPORT==== 20-Aug-2012::22:43:59 ===
Loading routes from "/home/simba/hacking/erlang/helpdesk/priv/helpdesk.routes" ....

=INFO REPORT==== 20-Aug-2012::22:43:59 ===
POST /request/edit/request-1 [helpdesk] 302 285ms

=INFO REPORT==== 20-Aug-2012::22:43:59 ===
Loading routes from "/home/simba/hacking/erlang/helpdesk/priv/helpdesk.routes" ....

=INFO REPORT==== 20-Aug-2012::22:43:59 ===
GET /request/index [helpdesk] 200 226ms

=INFO REPORT==== 20-Aug-2012::22:44:01 ===
Loading routes from "/home/simba/hacking/erlang/helpdesk/priv/helpdesk.routes" ....

=INFO REPORT==== 20-Aug-2012::22:44:01 ===
GET /request/edit/request-1 [helpdesk] 200 233ms

=INFO REPORT==== 20-Aug-2012::22:44:06 ===
Loading routes from "/home/simba/hacking/erlang/helpdesk/priv/helpdesk.routes" ....

=INFO REPORT==== 20-Aug-2012::22:44:06 ===
POST /request/edit/request-1 [helpdesk] 302 288ms

=INFO REPORT==== 20-Aug-2012::22:44:06 ===
Loading routes from "/home/simba/hacking/erlang/helpdesk/priv/helpdesk.routes" ....

=INFO REPORT==== 20-Aug-2012::22:44:06 ===
GET /request/index [helpdesk] 200 223ms

=INFO REPORT==== 20-Aug-2012::22:44:09 ===
Loading routes from "/home/simba/hacking/erlang/helpdesk/priv/helpdesk.routes" ....

=INFO REPORT==== 20-Aug-2012::22:44:09 ===
GET /request/edit/request-1 [helpdesk] 200 230ms

=INFO REPORT==== 20-Aug-2012::22:44:27 ===
POST /admin/model/heartbeat/27 [cb_admin] 200 0ms

=INFO REPORT==== 20-Aug-2012::22:44:57 ===
POST /admin/model/heartbeat/27 [cb_admin] 200 0ms

=INFO REPORT==== 20-Aug-2012::22:45:06 ===
Loading routes from "/home/simba/hacking/erlang/helpdesk/priv/helpdesk.routes" ....

=INFO REPORT==== 20-Aug-2012::22:45:06 ===
POST /request/edit/request-1 [helpdesk] 302 288ms

=INFO REPORT==== 20-Aug-2012::22:45:06 ===
Loading routes from "/home/simba/hacking/erlang/helpdesk/priv/helpdesk.routes" ....

=INFO REPORT==== 20-Aug-2012::22:45:06 ===
GET /request/index [helpdesk] 200 228ms

=INFO REPORT==== 20-Aug-2012::22:45:27 ===
POST /admin/model/heartbeat/27 [cb_admin] 200 0ms

=INFO REPORT==== 20-Aug-2012::22:45:32 ===
Loading routes from "/home/simba/hacking/erlang/helpdesk/priv/helpdesk.routes" ....

=INFO REPORT==== 20-Aug-2012::22:45:32 ===
GET /request/index [helpdesk] 200 337ms

=INFO REPORT==== 20-Aug-2012::22:45:53 ===
Loading routes from "/home/simba/hacking/erlang/helpdesk/priv/helpdesk.routes" ....

=INFO REPORT==== 20-Aug-2012::22:45:54 ===
GET /request/index [helpdesk] 200 336ms

=INFO REPORT==== 20-Aug-2012::22:45:57 ===
POST /admin/model/heartbeat/27 [cb_admin] 200 0ms

=INFO REPORT==== 20-Aug-2012::22:46:27 ===
POST /admin/model/heartbeat/27 [cb_admin] 200 0ms

=INFO REPORT==== 20-Aug-2012::22:46:57 ===
POST /admin/model/heartbeat/27 [cb_admin] 200 0ms

=INFO REPORT==== 20-Aug-2012::22:46:57 ===
Loading routes from "/home/simba/hacking/erlang/helpdesk/priv/helpdesk.routes" ....

=INFO REPORT==== 20-Aug-2012::22:46:58 ===
GET /request/index [helpdesk] 200 331ms

=INFO REPORT==== 20-Aug-2012::22:47:18 ===
Loading routes from "/home/simba/hacking/erlang/helpdesk/priv/helpdesk.routes" ....

=INFO REPORT==== 20-Aug-2012::22:47:18 ===
GET /request/edit/request-1 [helpdesk] 200 238ms

=INFO REPORT==== 20-Aug-2012::22:47:27 ===
POST /admin/model/heartbeat/27 [cb_admin] 200 0ms

=INFO REPORT==== 20-Aug-2012::22:47:51 ===
Loading routes from "/home/simba/hacking/erlang/helpdesk/priv/helpdesk.routes" ....

=INFO REPORT==== 20-Aug-2012::22:47:52 ===
POST /request/edit/request-1 [helpdesk] 302 289ms

=INFO REPORT==== 20-Aug-2012::22:47:52 ===
Loading routes from "/home/simba/hacking/erlang/helpdesk/priv/helpdesk.routes" ....

=INFO REPORT==== 20-Aug-2012::22:47:52 ===
GET /request/index [helpdesk] 200 231ms

=INFO REPORT==== 20-Aug-2012::22:47:57 ===
POST /admin/model/heartbeat/27 [cb_admin] 200 0ms

=INFO REPORT==== 20-Aug-2012::22:48:01 ===
Loading routes from "/home/simba/hacking/erlang/helpdesk/priv/helpdesk.routes" ....

=ERROR REPORT==== 20-Aug-2012::22:48:01 ===
{function_clause,[{erlydtl_runtime,init_counter_stats,
                                   [{error,{module_not_loaded,person}},
                                    undefined]},
                  {helpdesk_view_request_show_html,render_internal,4},
                  {helpdesk_view_request_show_html,render,2},
                  {boss_web_controller,render_view,6},
                  {boss_web_controller,execute_action,5},
                  {boss_web_controller,process_request,5},
                  {timer,tc,3},
                  {boss_web_controller,handle_request,3}]}

=ERROR REPORT==== 20-Aug-2012::22:48:01 ===
GET /request/show/request-1 [helpdesk] 500 235ms

=INFO REPORT==== 20-Aug-2012::22:48:27 ===
POST /admin/model/heartbeat/27 [cb_admin] 200 0ms

=INFO REPORT==== 20-Aug-2012::22:48:57 ===
POST /admin/model/heartbeat/27 [cb_admin] 200 0ms

=INFO REPORT==== 20-Aug-2012::22:49:27 ===
POST /admin/model/heartbeat/27 [cb_admin] 200 0ms

=INFO REPORT==== 20-Aug-2012::22:49:57 ===
POST /admin/model/heartbeat/27 [cb_admin] 200 0ms

=INFO REPORT==== 20-Aug-2012::22:50:27 ===
POST /admin/model/heartbeat/27 [cb_admin] 200 0ms

=INFO REPORT==== 20-Aug-2012::22:50:57 ===
POST /admin/model/heartbeat/27 [cb_admin] 200 0ms

=INFO REPORT==== 20-Aug-2012::22:51:27 ===
POST /admin/model/heartbeat/27 [cb_admin] 200 0ms

=INFO REPORT==== 20-Aug-2012::22:51:57 ===
POST /admin/model/heartbeat/27 [cb_admin] 200 0ms

=INFO REPORT==== 20-Aug-2012::22:52:27 ===
POST /admin/model/heartbeat/27 [cb_admin] 200 0ms

=INFO REPORT==== 20-Aug-2012::22:52:57 ===
POST /admin/model/heartbeat/27 [cb_admin] 200 0ms

=INFO REPORT==== 20-Aug-2012::22:53:27 ===
POST /admin/model/heartbeat/27 [cb_admin] 200 0ms

=INFO REPORT==== 20-Aug-2012::22:53:57 ===
POST /admin/model/heartbeat/27 [cb_admin] 200 0ms

=INFO REPORT==== 20-Aug-2012::22:54:27 ===
POST /admin/model/heartbeat/27 [cb_admin] 200 0ms

=INFO REPORT==== 20-Aug-2012::22:54:57 ===
POST /admin/model/heartbeat/27 [cb_admin] 200 0ms

=INFO REPORT==== 20-Aug-2012::22:55:27 ===
POST /admin/model/heartbeat/27 [cb_admin] 200 0ms

=INFO REPORT==== 20-Aug-2012::22:55:57 ===
POST /admin/model/heartbeat/27 [cb_admin] 200 0ms

=INFO REPORT==== 20-Aug-2012::22:56:27 ===
POST /admin/model/heartbeat/27 [cb_admin] 200 0ms

=INFO REPORT==== 20-Aug-2012::22:56:57 ===
POST /admin/model/heartbeat/27 [cb_admin] 200 0ms

=INFO REPORT==== 20-Aug-2012::22:57:27 ===
POST /admin/model/heartbeat/27 [cb_admin] 200 0ms

=INFO REPORT==== 20-Aug-2012::22:57:57 ===
POST /admin/model/heartbeat/27 [cb_admin] 200 0ms

=INFO REPORT==== 20-Aug-2012::22:58:27 ===
POST /admin/model/heartbeat/27 [cb_admin] 200 0ms

=INFO REPORT==== 20-Aug-2012::22:58:57 ===
POST /admin/model/heartbeat/27 [cb_admin] 200 0ms

=INFO REPORT==== 20-Aug-2012::22:59:27 ===
POST /admin/model/heartbeat/27 [cb_admin] 200 0ms

=INFO REPORT==== 20-Aug-2012::22:59:57 ===
POST /admin/model/heartbeat/27 [cb_admin] 200 0ms

=INFO REPORT==== 20-Aug-2012::23:00:27 ===
POST /admin/model/heartbeat/27 [cb_admin] 200 0ms

=INFO REPORT==== 20-Aug-2012::23:00:57 ===
POST /admin/model/heartbeat/27 [cb_admin] 200 0ms

=INFO REPORT==== 20-Aug-2012::23:01:27 ===
POST /admin/model/heartbeat/27 [cb_admin] 200 0ms

=INFO REPORT==== 20-Aug-2012::23:01:57 ===
POST /admin/model/heartbeat/27 [cb_admin] 200 0ms

=INFO REPORT==== 20-Aug-2012::23:02:27 ===
POST /admin/model/heartbeat/27 [cb_admin] 200 0ms

=INFO REPORT==== 20-Aug-2012::23:02:57 ===
POST /admin/model/heartbeat/27 [cb_admin] 200 0ms

=INFO REPORT==== 20-Aug-2012::23:03:27 ===
POST /admin/model/heartbeat/27 [cb_admin] 200 0ms

=INFO REPORT==== 20-Aug-2012::23:03:48 ===
Loading routes from "/home/simba/hacking/erlang/helpdesk/priv/helpdesk.routes" ....

=INFO REPORT==== 20-Aug-2012::23:03:49 ===
GET / [helpdesk] 200 231ms

=INFO REPORT==== 20-Aug-2012::23:03:50 ===
Loading routes from "/home/simba/hacking/erlang/helpdesk/priv/helpdesk.routes" ....

=INFO REPORT==== 20-Aug-2012::23:03:50 ===
GET /depart/index [helpdesk] 200 229ms

=INFO REPORT==== 20-Aug-2012::23:03:51 ===
Loading routes from "/home/simba/hacking/erlang/helpdesk/priv/helpdesk.routes" ....

=INFO REPORT==== 20-Aug-2012::23:03:51 ===
GET /request/index [helpdesk] 200 229ms

=INFO REPORT==== 20-Aug-2012::23:03:57 ===
POST /admin/model/heartbeat/27 [cb_admin] 200 0ms

=INFO REPORT==== 20-Aug-2012::23:04:19 ===
Loading routes from "/home/simba/hacking/erlang/helpdesk/priv/helpdesk.routes" ....

=ERROR REPORT==== 20-Aug-2012::23:04:19 ===
{function_clause,[{erlydtl_runtime,init_counter_stats,
                                   [{error,{module_not_loaded,person}},
                                    undefined]},
                  {helpdesk_view_request_show_html,render_internal,4},
                  {helpdesk_view_request_show_html,render,2},
                  {boss_web_controller,render_view,6},
                  {boss_web_controller,execute_action,5},
                  {boss_web_controller,process_request,5},
                  {timer,tc,3},
                  {boss_web_controller,handle_request,3}]}

=ERROR REPORT==== 20-Aug-2012::23:04:19 ===
GET /request/show/request-1 [helpdesk] 500 233ms

=INFO REPORT==== 20-Aug-2012::23:04:27 ===
POST /admin/model/heartbeat/27 [cb_admin] 200 0ms

=INFO REPORT==== 20-Aug-2012::23:04:57 ===
POST /admin/model/heartbeat/27 [cb_admin] 200 0ms

=INFO REPORT==== 20-Aug-2012::23:05:27 ===
POST /admin/model/heartbeat/27 [cb_admin] 200 0ms

=INFO REPORT==== 20-Aug-2012::23:05:57 ===
POST /admin/model/heartbeat/27 [cb_admin] 200 0ms

=INFO REPORT==== 20-Aug-2012::23:06:27 ===
POST /admin/model/heartbeat/27 [cb_admin] 200 0ms

=INFO REPORT==== 20-Aug-2012::23:06:57 ===
POST /admin/model/heartbeat/27 [cb_admin] 200 0ms

=INFO REPORT==== 20-Aug-2012::23:07:27 ===
POST /admin/model/heartbeat/27 [cb_admin] 200 0ms

=INFO REPORT==== 20-Aug-2012::23:07:57 ===
POST /admin/model/heartbeat/27 [cb_admin] 200 0ms

=INFO REPORT==== 20-Aug-2012::23:08:27 ===
POST /admin/model/heartbeat/27 [cb_admin] 200 0ms

=INFO REPORT==== 20-Aug-2012::23:08:57 ===
POST /admin/model/heartbeat/27 [cb_admin] 200 0ms

=INFO REPORT==== 20-Aug-2012::23:09:04 ===
Loading routes from "/home/simba/hacking/erlang/helpdesk/priv/helpdesk.routes" ....

=ERROR REPORT==== 20-Aug-2012::23:09:05 ===
{function_clause,[{erlydtl_runtime,init_counter_stats,
                                   [{error,{module_not_loaded,person}},
                                    undefined]},
                  {helpdesk_view_request_show_html,render_internal,4},
                  {helpdesk_view_request_show_html,render,2},
                  {boss_web_controller,render_view,6},
                  {boss_web_controller,execute_action,5},
                  {boss_web_controller,process_request,5},
                  {timer,tc,3},
                  {boss_web_controller,handle_request,3}]}

=ERROR REPORT==== 20-Aug-2012::23:09:05 ===
GET /request/show/request-1 [helpdesk] 500 305ms

=INFO REPORT==== 20-Aug-2012::23:09:27 ===
POST /admin/model/heartbeat/27 [cb_admin] 200 0ms

=INFO REPORT==== 20-Aug-2012::23:09:57 ===
POST /admin/model/heartbeat/27 [cb_admin] 200 0ms

=INFO REPORT==== 20-Aug-2012::23:10:27 ===
POST /admin/model/heartbeat/27 [cb_admin] 200 0ms

=INFO REPORT==== 20-Aug-2012::23:10:57 ===
POST /admin/model/heartbeat/27 [cb_admin] 200 0ms

=INFO REPORT==== 20-Aug-2012::23:11:02 ===
Loading routes from "/home/simba/hacking/erlang/helpdesk/priv/helpdesk.routes" ....

=INFO REPORT==== 20-Aug-2012::23:11:03 ===
GET /request/show/request-1 [helpdesk] 200 236ms

=INFO REPORT==== 20-Aug-2012::23:11:19 ===
Loading routes from "/home/simba/hacking/erlang/helpdesk/priv/helpdesk.routes" ....

=INFO REPORT==== 20-Aug-2012::23:11:19 ===
GET /request/show/request-1 [helpdesk] 200 233ms

=INFO REPORT==== 20-Aug-2012::23:11:27 ===
POST /admin/model/heartbeat/27 [cb_admin] 200 0ms

=INFO REPORT==== 20-Aug-2012::23:11:57 ===
POST /admin/model/heartbeat/27 [cb_admin] 200 0ms

=INFO REPORT==== 20-Aug-2012::23:12:27 ===
POST /admin/model/heartbeat/27 [cb_admin] 200 0ms

=INFO REPORT==== 20-Aug-2012::23:12:57 ===
POST /admin/model/heartbeat/27 [cb_admin] 200 0ms

=INFO REPORT==== 20-Aug-2012::23:13:27 ===
POST /admin/model/heartbeat/27 [cb_admin] 200 0ms

=INFO REPORT==== 20-Aug-2012::23:13:57 ===
POST /admin/model/heartbeat/27 [cb_admin] 200 0ms

=INFO REPORT==== 20-Aug-2012::23:14:27 ===
POST /admin/model/heartbeat/27 [cb_admin] 200 0ms

=INFO REPORT==== 20-Aug-2012::23:14:57 ===
POST /admin/model/heartbeat/27 [cb_admin] 200 0ms

=INFO REPORT==== 20-Aug-2012::23:15:27 ===
POST /admin/model/heartbeat/27 [cb_admin] 200 0ms

=INFO REPORT==== 20-Aug-2012::23:15:57 ===
POST /admin/model/heartbeat/27 [cb_admin] 200 0ms

=INFO REPORT==== 20-Aug-2012::23:16:27 ===
POST /admin/model/heartbeat/27 [cb_admin] 200 0ms

=INFO REPORT==== 20-Aug-2012::23:16:57 ===
POST /admin/model/heartbeat/27 [cb_admin] 200 0ms

=INFO REPORT==== 20-Aug-2012::23:17:27 ===
POST /admin/model/heartbeat/27 [cb_admin] 200 0ms
