
=INFO REPORT==== 23-Aug-2012::22:11:02 ===
Starting Boss in development mode....

=INFO REPORT==== 23-Aug-2012::22:11:02 ===
Starting master services on 'helpdesk@simba-Aspire-4920'

=INFO REPORT==== 23-Aug-2012::22:11:02 ===
SSL:[]

=INFO REPORT==== 23-Aug-2012::22:11:02 ===
Loading routes from "../cb_admin/priv/cb_admin.routes" ....

=INFO REPORT==== 23-Aug-2012::22:11:02 ===
Loading routes from "/home/simba/hacking/erlang/helpdesk/priv/helpdesk.routes" ....

=INFO REPORT==== 23-Aug-2012::22:11:25 ===
Loading routes from "/home/simba/hacking/erlang/helpdesk/priv/helpdesk.routes" ....

=INFO REPORT==== 23-Aug-2012::22:11:26 ===
GET / [helpdesk] 200 493ms

=INFO REPORT==== 23-Aug-2012::22:11:33 ===
Loading routes from "/home/simba/hacking/erlang/helpdesk/priv/helpdesk.routes" ....

=INFO REPORT==== 23-Aug-2012::22:11:33 ===
GET / [helpdesk] 200 334ms

=INFO REPORT==== 23-Aug-2012::22:11:34 ===
Loading routes from "/home/simba/hacking/erlang/helpdesk/priv/helpdesk.routes" ....

=INFO REPORT==== 23-Aug-2012::22:11:35 ===
GET /chat [helpdesk] 200 334ms

=INFO REPORT==== 23-Aug-2012::22:11:37 ===
Loading routes from "/home/simba/hacking/erlang/helpdesk/priv/helpdesk.routes" ....

=INFO REPORT==== 23-Aug-2012::22:11:37 ===
GET /chat/live/public [helpdesk] 200 358ms

=INFO REPORT==== 23-Aug-2012::22:11:56 ===
Loading routes from "/home/simba/hacking/erlang/helpdesk/priv/helpdesk.routes" ....

=INFO REPORT==== 23-Aug-2012::22:11:56 ===
GET /user/logout [helpdesk] 302 329ms

=INFO REPORT==== 23-Aug-2012::22:11:56 ===
Loading routes from "/home/simba/hacking/erlang/helpdesk/priv/helpdesk.routes" ....

=INFO REPORT==== 23-Aug-2012::22:11:56 ===
GET / [helpdesk] 200 329ms

=INFO REPORT==== 23-Aug-2012::22:11:57 ===
Loading routes from "/home/simba/hacking/erlang/helpdesk/priv/helpdesk.routes" ....

=INFO REPORT==== 23-Aug-2012::22:11:58 ===
GET /chat [helpdesk] 200 336ms

=INFO REPORT==== 23-Aug-2012::22:11:59 ===
Loading routes from "/home/simba/hacking/erlang/helpdesk/priv/helpdesk.routes" ....

=INFO REPORT==== 23-Aug-2012::22:11:59 ===
GET /chat/live/public [helpdesk] 200 333ms

=INFO REPORT==== 23-Aug-2012::22:12:08 ===
Loading routes from "/home/simba/hacking/erlang/helpdesk/priv/helpdesk.routes" ....

=INFO REPORT==== 23-Aug-2012::22:12:08 ===
GET /user/login [helpdesk] 200 339ms

=INFO REPORT==== 23-Aug-2012::22:12:13 ===
Loading routes from "/home/simba/hacking/erlang/helpdesk/priv/helpdesk.routes" ....

=INFO REPORT==== 23-Aug-2012::22:12:13 ===
POST /user/login [helpdesk] 302 332ms

=INFO REPORT==== 23-Aug-2012::22:12:13 ===
Loading routes from "/home/simba/hacking/erlang/helpdesk/priv/helpdesk.routes" ....

=INFO REPORT==== 23-Aug-2012::22:12:13 ===
GET / [helpdesk] 200 339ms

=INFO REPORT==== 23-Aug-2012::22:12:15 ===
Loading routes from "/home/simba/hacking/erlang/helpdesk/priv/helpdesk.routes" ....

=INFO REPORT==== 23-Aug-2012::22:12:16 ===
GET /chat [helpdesk] 200 342ms

=INFO REPORT==== 23-Aug-2012::22:12:17 ===
Loading routes from "/home/simba/hacking/erlang/helpdesk/priv/helpdesk.routes" ....

=INFO REPORT==== 23-Aug-2012::22:12:17 ===
GET /chat/live/public [helpdesk] 200 383ms

=INFO REPORT==== 23-Aug-2012::22:12:26 ===
Loading routes from "/home/simba/hacking/erlang/helpdesk/priv/helpdesk.routes" ....

=ERROR REPORT==== 23-Aug-2012::22:12:27 ===
{function_clause,
    [{helpdesk_main_controller,nope,
         ['DELETE',[],
          {helpdesk_main_controller,
              {simple_bridge_request_wrapper,mochiweb_request_bridge,
                  {mochiweb_request,#Port<0.21205>,'DELETE',"/login/",
                      {1,1},
                      {9,
                       {"host",
                        {'Host',"localhost:8001"},
                        {"accept",
                         {'Accept',"*/*"},
                         nil,
                         {"accept-language",
                          {'Accept-Language',
                              "ru-ru,ru;q=0.8,en-us;q=0.5,en;q=0.3"},
                          {"accept-encoding",
                           {'Accept-Encoding',"gzip, deflate"},
                           nil,nil},
                          {"connection",
                           {'Connection',"keep-alive"},
                           nil,
                           {"cookie",
                            {'Cookie',
                                "_boss_session=1cf088edecd2d55b164433b18986d237a3491097; org.cups.sid=354fe9cf18a6b02165e9e21a19cf09ff; cl_user_id=cl_user-1; session_id=afec1df47bfc91f35a00df7ccb100300"},
                            nil,nil}}}},
                        {"user-agent",
                         {'User-Agent',
                             "Mozilla/5.0 (X11; Ubuntu; Linux x86_64; rv:14.0) Gecko/20100101 Firefox/14.0.1"},
                         {"referer",
                          {'Referer',"http://localhost:8001/chat/live/public"},
                          nil,nil},
                         {"x-requested-with",
                          {"X-Requested-With","XMLHttpRequest"},
                          nil,nil}}}}},
                  false,[],[],none}}]},
     {boss_web_controller,execute_action,5},
     {boss_web_controller,process_not_found,5},
     {boss_web_controller,process_request,5},
     {timer,tc,3},
     {boss_web_controller,handle_request,3},
     {mochiweb_http,headers,5},
     {proc_lib,init_p_do_apply,3}]}

=ERROR REPORT==== 23-Aug-2012::22:12:27 ===
DELETE /login/ [helpdesk] 500 333ms

=INFO REPORT==== 23-Aug-2012::22:13:40 ===
Loading routes from "/home/simba/hacking/erlang/helpdesk/priv/helpdesk.routes" ....

=INFO REPORT==== 23-Aug-2012::22:13:41 ===
GET / [helpdesk] 200 343ms

=INFO REPORT==== 23-Aug-2012::22:13:43 ===
Loading routes from "/home/simba/hacking/erlang/helpdesk/priv/helpdesk.routes" ....

=INFO REPORT==== 23-Aug-2012::22:13:43 ===
GET /user/login [helpdesk] 200 339ms

=INFO REPORT==== 23-Aug-2012::22:13:44 ===
Loading routes from "/home/simba/hacking/erlang/helpdesk/priv/helpdesk.routes" ....

=INFO REPORT==== 23-Aug-2012::22:13:45 ===
POST /user/login [helpdesk] 302 341ms

=INFO REPORT==== 23-Aug-2012::22:13:45 ===
Loading routes from "/home/simba/hacking/erlang/helpdesk/priv/helpdesk.routes" ....

=INFO REPORT==== 23-Aug-2012::22:13:45 ===
GET / [helpdesk] 200 336ms

=INFO REPORT==== 23-Aug-2012::22:13:46 ===
Loading routes from "/home/simba/hacking/erlang/helpdesk/priv/helpdesk.routes" ....

=INFO REPORT==== 23-Aug-2012::22:13:47 ===
GET /chat [helpdesk] 200 341ms

=INFO REPORT==== 23-Aug-2012::22:13:48 ===
Loading routes from "/home/simba/hacking/erlang/helpdesk/priv/helpdesk.routes" ....

=INFO REPORT==== 23-Aug-2012::22:13:48 ===
GET /chat/live/public [helpdesk] 200 352ms

=INFO REPORT==== 23-Aug-2012::22:13:58 ===
Loading routes from "/home/simba/hacking/erlang/helpdesk/priv/helpdesk.routes" ....

=INFO REPORT==== 23-Aug-2012::22:13:58 ===
GET /chat/login/qwer [helpdesk] 200 337ms

=INFO REPORT==== 23-Aug-2012::22:13:58 ===
Loading routes from "/home/simba/hacking/erlang/helpdesk/priv/helpdesk.routes" ....

=INFO REPORT==== 23-Aug-2012::22:13:59 ===
GET /chat/receive_chat/public/0 [helpdesk] 200 383ms

=INFO REPORT==== 23-Aug-2012::22:13:59 ===
Loading routes from "/home/simba/hacking/erlang/helpdesk/priv/helpdesk.routes" ....

=INFO REPORT==== 23-Aug-2012::22:14:02 ===
Loading routes from "/home/simba/hacking/erlang/helpdesk/priv/helpdesk.routes" ....

=INFO REPORT==== 23-Aug-2012::22:14:02 ===
GET /chat/receive_chat/public/1345738439267153 [helpdesk] 200 3521ms

=INFO REPORT==== 23-Aug-2012::22:14:02 ===
POST /chat/send_message/public [helpdesk] 200 333ms

=INFO REPORT==== 23-Aug-2012::22:14:02 ===
Loading routes from "/home/simba/hacking/erlang/helpdesk/priv/helpdesk.routes" ....

=INFO REPORT==== 23-Aug-2012::22:16:48 ===
Loading routes from "/home/simba/hacking/erlang/helpdesk/priv/helpdesk.routes" ....

=INFO REPORT==== 23-Aug-2012::22:16:49 ===
GET / [helpdesk] 200 387ms
