
=INFO REPORT==== 17-Aug-2012::16:26:54 ===
Starting Boss in development mode....

=INFO REPORT==== 17-Aug-2012::16:26:54 ===
Starting master services on 'helpdesk@simba-Aspire-4920'

=INFO REPORT==== 17-Aug-2012::16:26:54 ===
SSL:[]

=INFO REPORT==== 17-Aug-2012::16:26:54 ===
Loading routes from "../cb_admin/priv/cb_admin.routes" ....

=INFO REPORT==== 17-Aug-2012::16:26:54 ===
Loading routes from "/home/simba/hacking/erlang/helpdesk/priv/helpdesk.routes" ....

=INFO REPORT==== 17-Aug-2012::16:26:59 ===
Loading routes from "/home/simba/hacking/erlang/helpdesk/priv/helpdesk.routes" ....

=INFO REPORT==== 17-Aug-2012::16:26:59 ===
GET / [helpdesk] 200 146ms

=INFO REPORT==== 17-Aug-2012::16:27:00 ===
Loading routes from "/home/simba/hacking/erlang/helpdesk/priv/helpdesk.routes" ....

=INFO REPORT==== 17-Aug-2012::16:27:00 ===
GET / [helpdesk] 200 171ms

=INFO REPORT==== 17-Aug-2012::16:27:01 ===
Loading routes from "/home/simba/hacking/erlang/helpdesk/priv/helpdesk.routes" ....

=INFO REPORT==== 17-Aug-2012::16:27:01 ===
GET / [helpdesk] 200 170ms

=INFO REPORT==== 17-Aug-2012::16:27:02 ===
Loading routes from "/home/simba/hacking/erlang/helpdesk/priv/helpdesk.routes" ....

=INFO REPORT==== 17-Aug-2012::16:27:02 ===
GET /user/register [helpdesk] 200 165ms

=INFO REPORT==== 17-Aug-2012::16:27:10 ===
Loading routes from "/home/simba/hacking/erlang/helpdesk/priv/helpdesk.routes" ....

=INFO REPORT==== 17-Aug-2012::16:27:10 ===
POST /user/register [helpdesk] 200 198ms

=INFO REPORT==== 17-Aug-2012::16:27:13 ===
Loading routes from "/home/simba/hacking/erlang/helpdesk/priv/helpdesk.routes" ....

=INFO REPORT==== 17-Aug-2012::16:27:13 ===
GET /user/login [helpdesk] 200 162ms

=INFO REPORT==== 17-Aug-2012::16:27:21 ===
Loading routes from "/home/simba/hacking/erlang/helpdesk/priv/helpdesk.routes" ....

=INFO REPORT==== 17-Aug-2012::16:27:21 ===
POST /user/login [helpdesk] 200 173ms

=INFO REPORT==== 17-Aug-2012::16:27:28 ===
Loading routes from "/home/simba/hacking/erlang/helpdesk/priv/helpdesk.routes" ....

=INFO REPORT==== 17-Aug-2012::16:27:28 ===
POST /user/login [helpdesk] 302 165ms

=INFO REPORT==== 17-Aug-2012::16:27:28 ===
Loading routes from "/home/simba/hacking/erlang/helpdesk/priv/helpdesk.routes" ....

=INFO REPORT==== 17-Aug-2012::16:27:28 ===
GET / [helpdesk] 200 163ms

=INFO REPORT==== 17-Aug-2012::16:27:40 ===
Loading routes from "/home/simba/hacking/erlang/helpdesk/priv/helpdesk.routes" ....

=INFO REPORT==== 17-Aug-2012::16:27:40 ===
GET /about [helpdesk] 200 290ms

=INFO REPORT==== 17-Aug-2012::16:27:41 ===
Loading routes from "/home/simba/hacking/erlang/helpdesk/priv/helpdesk.routes" ....

=INFO REPORT==== 17-Aug-2012::16:27:41 ===
GET /user/register [helpdesk] 200 184ms

=INFO REPORT==== 17-Aug-2012::16:27:42 ===
Loading routes from "/home/simba/hacking/erlang/helpdesk/priv/helpdesk.routes" ....

=INFO REPORT==== 17-Aug-2012::16:27:42 ===
GET /user/login [helpdesk] 200 169ms

=INFO REPORT==== 17-Aug-2012::16:27:43 ===
Loading routes from "/home/simba/hacking/erlang/helpdesk/priv/helpdesk.routes" ....

=INFO REPORT==== 17-Aug-2012::16:27:43 ===
GET /user/register [helpdesk] 200 167ms

=INFO REPORT==== 17-Aug-2012::16:27:44 ===
Loading routes from "/home/simba/hacking/erlang/helpdesk/priv/helpdesk.routes" ....

=INFO REPORT==== 17-Aug-2012::16:27:44 ===
GET / [helpdesk] 200 176ms

=INFO REPORT==== 17-Aug-2012::16:27:49 ===
Loading routes from "/home/simba/hacking/erlang/helpdesk/priv/helpdesk.routes" ....

=INFO REPORT==== 17-Aug-2012::16:27:49 ===
GET /user/register [helpdesk] 200 174ms

=INFO REPORT==== 17-Aug-2012::16:27:55 ===
Loading routes from "/home/simba/hacking/erlang/helpdesk/priv/helpdesk.routes" ....

=INFO REPORT==== 17-Aug-2012::16:27:56 ===
POST /user/register [helpdesk] 200 197ms

=INFO REPORT==== 17-Aug-2012::16:28:02 ===
Loading routes from "/home/simba/hacking/erlang/helpdesk/priv/helpdesk.routes" ....

=INFO REPORT==== 17-Aug-2012::16:28:02 ===
POST /user/register [helpdesk] 200 190ms

=INFO REPORT==== 17-Aug-2012::16:28:08 ===
GET /admin [cb_admin] 200 11ms

=INFO REPORT==== 17-Aug-2012::16:28:09 ===
GET /admin/model/model [cb_admin] 200 5ms

=INFO REPORT==== 17-Aug-2012::16:28:11 ===
GET /admin/model/model/cl_user [cb_admin] 200 23ms

=INFO REPORT==== 17-Aug-2012::16:28:11 ===
POST /admin/model/watch [cb_admin] 200 5ms

=INFO REPORT==== 17-Aug-2012::16:28:41 ===
GET /admin/model/events/1345199291079203 [cb_admin] 200 30000ms

=INFO REPORT==== 17-Aug-2012::16:28:41 ===
POST /admin/model/heartbeat/0 [cb_admin] 200 0ms

=INFO REPORT==== 17-Aug-2012::16:29:11 ===
POST /admin/model/heartbeat/0 [cb_admin] 200 0ms

=INFO REPORT==== 17-Aug-2012::16:29:11 ===
GET /admin/model/events/1345199291255705 [cb_admin] 200 30000ms

=INFO REPORT==== 17-Aug-2012::16:29:41 ===
POST /admin/model/heartbeat/0 [cb_admin] 200 0ms

=INFO REPORT==== 17-Aug-2012::16:29:41 ===
GET /admin/model/events/1345199321267805 [cb_admin] 200 30001ms

=INFO REPORT==== 17-Aug-2012::16:29:58 ===
GET /admin/model/show/cl_user-10 [cb_admin] 200 9ms

=INFO REPORT==== 17-Aug-2012::16:29:58 ===
POST /admin/model/watch [cb_admin] 200 0ms

=INFO REPORT==== 17-Aug-2012::16:29:59 ===
GET /admin/model/delete/cl_user-10 [cb_admin] 200 4ms

=INFO REPORT==== 17-Aug-2012::16:30:00 ===
POST /admin/model/delete/cl_user-10 [cb_admin] 302 38ms

=INFO REPORT==== 17-Aug-2012::16:30:00 ===
GET /admin/model/model/cl_user [cb_admin] 200 9ms

=INFO REPORT==== 17-Aug-2012::16:30:00 ===
POST /admin/model/watch [cb_admin] 200 0ms

=INFO REPORT==== 17-Aug-2012::16:30:01 ===
GET /admin/model/show/cl_user-9 [cb_admin] 200 7ms

=INFO REPORT==== 17-Aug-2012::16:30:01 ===
POST /admin/model/watch [cb_admin] 200 0ms

=INFO REPORT==== 17-Aug-2012::16:30:02 ===
GET /admin/model/delete/cl_user-9 [cb_admin] 200 4ms

=INFO REPORT==== 17-Aug-2012::16:30:03 ===
POST /admin/model/delete/cl_user-9 [cb_admin] 302 47ms

=INFO REPORT==== 17-Aug-2012::16:30:03 ===
GET /admin/model/model/cl_user [cb_admin] 200 7ms

=INFO REPORT==== 17-Aug-2012::16:30:03 ===
POST /admin/model/watch [cb_admin] 200 0ms

=INFO REPORT==== 17-Aug-2012::16:30:05 ===
GET /admin/model/show/cl_user-8 [cb_admin] 200 9ms

=INFO REPORT==== 17-Aug-2012::16:30:05 ===
POST /admin/model/watch [cb_admin] 200 0ms

=INFO REPORT==== 17-Aug-2012::16:30:05 ===
GET /admin/model/delete/cl_user-8 [cb_admin] 200 4ms

=INFO REPORT==== 17-Aug-2012::16:30:06 ===
POST /admin/model/delete/cl_user-8 [cb_admin] 302 25ms

=INFO REPORT==== 17-Aug-2012::16:30:06 ===
GET /admin/model/model/cl_user [cb_admin] 200 11ms

=INFO REPORT==== 17-Aug-2012::16:30:06 ===
POST /admin/model/watch [cb_admin] 200 0ms

=INFO REPORT==== 17-Aug-2012::16:30:07 ===
GET /admin/model/show/cl_user-7 [cb_admin] 200 7ms

=INFO REPORT==== 17-Aug-2012::16:30:07 ===
POST /admin/model/watch [cb_admin] 200 0ms

=INFO REPORT==== 17-Aug-2012::16:30:08 ===
GET /admin/model/delete/cl_user-7 [cb_admin] 200 3ms

=INFO REPORT==== 17-Aug-2012::16:30:09 ===
POST /admin/model/delete/cl_user-7 [cb_admin] 302 36ms

=INFO REPORT==== 17-Aug-2012::16:30:09 ===
GET /admin/model/model/cl_user [cb_admin] 200 6ms

=INFO REPORT==== 17-Aug-2012::16:30:09 ===
POST /admin/model/watch [cb_admin] 200 0ms

=INFO REPORT==== 17-Aug-2012::16:30:10 ===
GET /admin/model/show/cl_user-6 [cb_admin] 200 8ms

=INFO REPORT==== 17-Aug-2012::16:30:10 ===
POST /admin/model/watch [cb_admin] 200 0ms

=INFO REPORT==== 17-Aug-2012::16:30:11 ===
GET /admin/model/delete/cl_user-6 [cb_admin] 200 2ms

=INFO REPORT==== 17-Aug-2012::16:30:11 ===
GET /admin/model/events/1345199351314365 [cb_admin] 200 30001ms

=INFO REPORT==== 17-Aug-2012::16:30:12 ===
POST /admin/model/delete/cl_user-6 [cb_admin] 302 24ms

=INFO REPORT==== 17-Aug-2012::16:30:12 ===
GET /admin/model/model/cl_user [cb_admin] 200 9ms

=INFO REPORT==== 17-Aug-2012::16:30:12 ===
POST /admin/model/watch [cb_admin] 200 0ms

=INFO REPORT==== 17-Aug-2012::16:30:13 ===
GET /admin/model/show/cl_user-4 [cb_admin] 200 7ms

=INFO REPORT==== 17-Aug-2012::16:30:13 ===
POST /admin/model/watch [cb_admin] 200 0ms

=INFO REPORT==== 17-Aug-2012::16:30:14 ===
GET /admin/model/delete/cl_user-4 [cb_admin] 200 3ms

=INFO REPORT==== 17-Aug-2012::16:30:15 ===
POST /admin/model/delete/cl_user-4 [cb_admin] 302 24ms

=INFO REPORT==== 17-Aug-2012::16:30:15 ===
GET /admin/model/model/cl_user [cb_admin] 200 5ms

=INFO REPORT==== 17-Aug-2012::16:30:15 ===
POST /admin/model/watch [cb_admin] 200 0ms

=INFO REPORT==== 17-Aug-2012::16:30:16 ===
GET /admin/model/show/cl_user-3 [cb_admin] 200 8ms

=INFO REPORT==== 17-Aug-2012::16:30:16 ===
POST /admin/model/watch [cb_admin] 200 0ms

=INFO REPORT==== 17-Aug-2012::16:30:17 ===
GET /admin/model/delete/cl_user-3 [cb_admin] 200 4ms

=INFO REPORT==== 17-Aug-2012::16:30:18 ===
POST /admin/model/delete/cl_user-3 [cb_admin] 302 27ms

=INFO REPORT==== 17-Aug-2012::16:30:18 ===
GET /admin/model/model/cl_user [cb_admin] 200 9ms

=INFO REPORT==== 17-Aug-2012::16:30:18 ===
POST /admin/model/watch [cb_admin] 200 0ms

=INFO REPORT==== 17-Aug-2012::16:30:19 ===
GET /admin/model/show/cl_user-2 [cb_admin] 200 8ms

=INFO REPORT==== 17-Aug-2012::16:30:19 ===
POST /admin/model/watch [cb_admin] 200 0ms

=INFO REPORT==== 17-Aug-2012::16:30:28 ===
GET /admin/model/events/1345199398212464 [cb_admin] 200 30000ms

=INFO REPORT==== 17-Aug-2012::16:30:28 ===
GET /admin/model/model/cl_user [cb_admin] 200 8ms

=INFO REPORT==== 17-Aug-2012::16:30:28 ===
POST /admin/model/watch [cb_admin] 200 0ms

=INFO REPORT==== 17-Aug-2012::16:30:30 ===
GET /admin/model/events/1345199400602516 [cb_admin] 200 30001ms

=INFO REPORT==== 17-Aug-2012::16:30:31 ===
GET /admin/model/events/1345199401735024 [cb_admin] 200 30001ms

=INFO REPORT==== 17-Aug-2012::16:30:32 ===
GET /admin/model/show/cl_user-2 [cb_admin] 200 6ms

=INFO REPORT==== 17-Aug-2012::16:30:32 ===
POST /admin/model/watch [cb_admin] 200 0ms

=INFO REPORT==== 17-Aug-2012::16:30:33 ===
GET /admin/model/delete/cl_user-2 [cb_admin] 200 3ms

=INFO REPORT==== 17-Aug-2012::16:30:33 ===
GET /admin/model/events/1345199403777277 [cb_admin] 200 30001ms

=INFO REPORT==== 17-Aug-2012::16:30:34 ===
POST /admin/model/delete/cl_user-2 [cb_admin] 302 39ms

=INFO REPORT==== 17-Aug-2012::16:30:34 ===
GET /admin/model/model/cl_user [cb_admin] 200 7ms

=INFO REPORT==== 17-Aug-2012::16:30:35 ===
GET /admin/model/events/1345199405013911 [cb_admin] 200 30001ms

=INFO REPORT==== 17-Aug-2012::16:30:36 ===
GET /admin/model/events/1345199406559988 [cb_admin] 200 30001ms

=INFO REPORT==== 17-Aug-2012::16:30:36 ===
GET /admin/model/create/cl_user [cb_admin] 200 4ms

=INFO REPORT==== 17-Aug-2012::16:30:37 ===
GET /admin/model/events/1345199407445527 [cb_admin] 200 30000ms

=INFO REPORT==== 17-Aug-2012::16:30:39 ===
GET /admin/model/events/1345199409361628 [cb_admin] 200 30000ms

=INFO REPORT==== 17-Aug-2012::16:30:40 ===
GET /admin/model/events/1345199410341072 [cb_admin] 200 30000ms

=INFO REPORT==== 17-Aug-2012::16:30:40 ===
Loading routes from "/home/simba/hacking/erlang/helpdesk/priv/helpdesk.routes" ....

=ERROR REPORT==== 17-Aug-2012::16:30:40 ===
{undef,[{unbound_var,'Name',[]},
        {erlydtl_filters,format_number,1},
        {boss_html_error_template,'-render_internal/4-fun-0-',2},
        {lists,mapfoldl,3},
        {erlydtl_runtime,forloop,3},
        {boss_html_error_template,'-render_internal/4-fun-2-',2},
        {lists,mapfoldl,3},
        {erlydtl_runtime,forloop,3}]}

=ERROR REPORT==== 17-Aug-2012::16:30:40 ===
GET / [helpdesk] 500 161ms

=INFO REPORT==== 17-Aug-2012::16:30:42 ===
GET /admin/model/events/1345199412403547 [cb_admin] 200 30001ms

=INFO REPORT==== 17-Aug-2012::16:30:43 ===
GET /admin/model/events/1345199413447296 [cb_admin] 200 30001ms

=INFO REPORT==== 17-Aug-2012::16:30:43 ===
Loading routes from "/home/simba/hacking/erlang/helpdesk/priv/helpdesk.routes" ....

=ERROR REPORT==== 17-Aug-2012::16:30:44 ===
{undef,[{unbound_var,'Name',[]},
        {erlydtl_filters,format_number,1},
        {boss_html_error_template,'-render_internal/4-fun-0-',2},
        {lists,mapfoldl,3},
        {erlydtl_runtime,forloop,3},
        {boss_html_error_template,'-render_internal/4-fun-2-',2},
        {lists,mapfoldl,3},
        {erlydtl_runtime,forloop,3}]}

=ERROR REPORT==== 17-Aug-2012::16:30:44 ===
GET / [helpdesk] 500 157ms

=INFO REPORT==== 17-Aug-2012::16:30:45 ===
GET /admin/model/events/1345199415420188 [cb_admin] 200 30000ms

=INFO REPORT==== 17-Aug-2012::16:30:46 ===
GET /admin/model/events/1345199416508947 [cb_admin] 200 30000ms

=INFO REPORT==== 17-Aug-2012::16:30:47 ===
Loading routes from "/home/simba/hacking/erlang/helpdesk/priv/helpdesk.routes" ....

=ERROR REPORT==== 17-Aug-2012::16:30:47 ===
{undef,[{unbound_var,'Name',[]},
        {erlydtl_filters,format_number,1},
        {boss_html_error_template,'-render_internal/4-fun-0-',2},
        {lists,mapfoldl,3},
        {erlydtl_runtime,forloop,3},
        {boss_html_error_template,'-render_internal/4-fun-2-',2},
        {lists,mapfoldl,3},
        {erlydtl_runtime,forloop,3}]}

=ERROR REPORT==== 17-Aug-2012::16:30:47 ===
GET / [helpdesk] 500 159ms

=INFO REPORT==== 17-Aug-2012::16:30:48 ===
GET /admin/model/events/1345199418679540 [cb_admin] 200 30000ms

=INFO REPORT==== 17-Aug-2012::16:30:49 ===
GET /admin/model/events/1345199419656519 [cb_admin] 200 30000ms

=INFO REPORT==== 17-Aug-2012::16:30:58 ===
GET /admin/model/events/1345199428433166 [cb_admin] 200 30000ms

=INFO REPORT==== 17-Aug-2012::16:30:59 ===
Loading routes from "/home/simba/hacking/erlang/helpdesk/priv/helpdesk.routes" ....

=ERROR REPORT==== 17-Aug-2012::16:30:59 ===
{undef,[{unbound_var,'Name',[]},
        {erlydtl_filters,format_number,1},
        {boss_html_error_template,'-render_internal/4-fun-0-',2},
        {lists,mapfoldl,3},
        {erlydtl_runtime,forloop,3},
        {boss_html_error_template,'-render_internal/4-fun-2-',2},
        {lists,mapfoldl,3},
        {erlydtl_runtime,forloop,3}]}

=ERROR REPORT==== 17-Aug-2012::16:30:59 ===
GET /user/login [helpdesk] 500 152ms

=INFO REPORT==== 17-Aug-2012::16:31:02 ===
GET /admin/model/events/1345199432598281 [cb_admin] 200 30001ms

=INFO REPORT==== 17-Aug-2012::16:31:06 ===
Loading routes from "/home/simba/hacking/erlang/helpdesk/priv/helpdesk.routes" ....

=ERROR REPORT==== 17-Aug-2012::16:31:06 ===
{undef,[{unbound_var,'Name',[]},
        {erlydtl_filters,format_number,1},
        {boss_html_error_template,'-render_internal/4-fun-0-',2},
        {lists,mapfoldl,3},
        {erlydtl_runtime,forloop,3},
        {boss_html_error_template,'-render_internal/4-fun-2-',2},
        {lists,mapfoldl,3},
        {erlydtl_runtime,forloop,3}]}

=ERROR REPORT==== 17-Aug-2012::16:31:06 ===
GET /user/register [helpdesk] 500 161ms

=INFO REPORT==== 17-Aug-2012::16:32:08 ===
Loading routes from "/home/simba/hacking/erlang/helpdesk/priv/helpdesk.routes" ....

=ERROR REPORT==== 17-Aug-2012::16:32:09 ===
{undef,[{unbound_var,'Name',[]},
        {erlydtl_filters,format_number,1},
        {boss_html_error_template,'-render_internal/4-fun-0-',2},
        {lists,mapfoldl,3},
        {erlydtl_runtime,forloop,3},
        {boss_html_error_template,'-render_internal/4-fun-2-',2},
        {lists,mapfoldl,3},
        {erlydtl_runtime,forloop,3}]}

=ERROR REPORT==== 17-Aug-2012::16:32:09 ===
GET / [helpdesk] 500 156ms

=INFO REPORT==== 17-Aug-2012::16:32:23 ===
Loading routes from "/home/simba/hacking/erlang/helpdesk/priv/helpdesk.routes" ....

=ERROR REPORT==== 17-Aug-2012::16:32:23 ===
{undef,[{unbound_var,'Name',[]},
        {erlydtl_filters,format_number,1},
        {boss_html_error_template,'-render_internal/4-fun-0-',2},
        {lists,mapfoldl,3},
        {erlydtl_runtime,forloop,3},
        {boss_html_error_template,'-render_internal/4-fun-2-',2},
        {lists,mapfoldl,3},
        {erlydtl_runtime,forloop,3}]}

=ERROR REPORT==== 17-Aug-2012::16:32:23 ===
GET / [helpdesk] 500 171ms

=INFO REPORT==== 17-Aug-2012::16:32:31 ===
Loading routes from "/home/simba/hacking/erlang/helpdesk/priv/helpdesk.routes" ....

=ERROR REPORT==== 17-Aug-2012::16:32:31 ===
{undef,[{unbound_var,'Name',[]},
        {erlydtl_filters,format_number,1},
        {boss_html_error_template,'-render_internal/4-fun-0-',2},
        {lists,mapfoldl,3},
        {erlydtl_runtime,forloop,3},
        {boss_html_error_template,'-render_internal/4-fun-2-',2},
        {lists,mapfoldl,3},
        {erlydtl_runtime,forloop,3}]}

=ERROR REPORT==== 17-Aug-2012::16:32:31 ===
GET /main [helpdesk] 500 159ms
