
=INFO REPORT==== 16-Aug-2012::22:11:01 ===
Starting Boss in development mode....

=INFO REPORT==== 16-Aug-2012::22:11:02 ===
Starting master services on 'helpdesk@simba-Aspire-4920'

=INFO REPORT==== 16-Aug-2012::22:11:02 ===
SSL:[]

=INFO REPORT==== 16-Aug-2012::22:11:02 ===
Loading routes from "../cb_admin/priv/cb_admin.routes" ....

=INFO REPORT==== 16-Aug-2012::22:11:02 ===
Loading routes from "/home/simba/hacking/erlang/helpdesk/priv/helpdesk.routes" ....

=INFO REPORT==== 16-Aug-2012::22:11:04 ===
GET /admin/model/model [cb_admin] 200 16ms

=ERROR REPORT==== 16-Aug-2012::22:11:06 ===
** Generic server <0.70.0> terminating 
** Last message in was {find,request,[],100,0,id,descending}
** When Server state == {state,boss_db_adapter_pgsql,<0.71.0>,[],
                               {dict,0,16,16,8,80,48,
                                     {[],[],[],[],[],[],[],[],[],[],[],[],[],
                                      [],[],[]},
                                     {{[],[],[],[],[],[],[],[],[],[],[],[],[],
                                       [],[],[]}}},
                               false,60,db,0}
** Reason for termination == 
** {bad_return_value,{error,"Expected attribute 'id_pepart' was not found in Postgres query results. Synchronise your model and data'"}}

=ERROR REPORT==== 16-Aug-2012::22:11:06 ===
{{bad_return_value,{error,"Expected attribute 'id_pepart' was not found in Postgres query results. Synchronise your model and data'"}},
 {gen_server,call,[<0.70.0>,{find,request,[],100,0,id,descending},30000]}}

=ERROR REPORT==== 16-Aug-2012::22:11:06 ===
GET /admin/model/model/request [cb_admin] 500 25ms
