
=INFO REPORT==== 16-Aug-2012::22:11:32 ===
Starting Boss in development mode....

=INFO REPORT==== 16-Aug-2012::22:11:32 ===
Starting master services on 'helpdesk@simba-Aspire-4920'

=INFO REPORT==== 16-Aug-2012::22:11:32 ===
SSL:[]

=INFO REPORT==== 16-Aug-2012::22:11:32 ===
Loading routes from "../cb_admin/priv/cb_admin.routes" ....

=INFO REPORT==== 16-Aug-2012::22:11:32 ===
Loading routes from "/home/simba/hacking/erlang/helpdesk/priv/helpdesk.routes" ....

=ERROR REPORT==== 16-Aug-2012::22:11:35 ===
** Generic server <0.70.0> terminating 
** Last message in was {find,request,[],100,0,id,descending}
** When Server state == {state,boss_db_adapter_pgsql,<0.71.0>,[],
                               {dict,0,16,16,8,80,48,
                                     {[],[],[],[],[],[],[],[],[],[],[],[],[],
                                      [],[],[]},
                                     {{[],[],[],[],[],[],[],[],[],[],[],[],[],
                                       [],[],[]}}},
                               false,60,db,0}
** Reason for termination == 
** {bad_return_value,{error,"Expected attribute 'id_depart' was not found in Postgres query results. Synchronise your model and data'"}}

=ERROR REPORT==== 16-Aug-2012::22:11:35 ===
{{bad_return_value,{error,"Expected attribute 'id_depart' was not found in Postgres query results. Synchronise your model and data'"}},
 {gen_server,call,[<0.70.0>,{find,request,[],100,0,id,descending},30000]}}

=ERROR REPORT==== 16-Aug-2012::22:11:35 ===
GET /admin/model/model/request [cb_admin] 500 12ms

=INFO REPORT==== 16-Aug-2012::22:12:10 ===
GET /admin/model/model/request [cb_admin] 200 39ms

=INFO REPORT==== 16-Aug-2012::22:12:10 ===
POST /admin/model/watch [cb_admin] 200 4ms

=INFO REPORT==== 16-Aug-2012::22:12:12 ===
GET /admin/model/show/request-2 [cb_admin] 200 8ms

=INFO REPORT==== 16-Aug-2012::22:12:12 ===
POST /admin/model/watch [cb_admin] 200 0ms

=INFO REPORT==== 16-Aug-2012::22:12:13 ===
GET /admin/model/delete/request-2 [cb_admin] 200 4ms

=INFO REPORT==== 16-Aug-2012::22:12:14 ===
POST /admin/model/delete/request-2 [cb_admin] 302 48ms

=INFO REPORT==== 16-Aug-2012::22:12:14 ===
GET /admin/model/model/request [cb_admin] 200 8ms

=INFO REPORT==== 16-Aug-2012::22:12:16 ===
GET /admin/model/create/request [cb_admin] 200 5ms

=INFO REPORT==== 16-Aug-2012::22:12:20 ===
POST /admin/model/create/request [cb_admin] 302 30ms

=INFO REPORT==== 16-Aug-2012::22:12:20 ===
GET /admin/model/show/request-3 [cb_admin] 200 8ms

=INFO REPORT==== 16-Aug-2012::22:12:20 ===
POST /admin/model/watch [cb_admin] 200 0ms

=INFO REPORT==== 16-Aug-2012::22:12:23 ===
GET /admin/model/model/request [cb_admin] 200 7ms

=INFO REPORT==== 16-Aug-2012::22:12:23 ===
POST /admin/model/watch [cb_admin] 200 0ms

=INFO REPORT==== 16-Aug-2012::22:12:25 ===
GET /admin/model/show/request-3 [cb_admin] 200 5ms

=INFO REPORT==== 16-Aug-2012::22:12:25 ===
POST /admin/model/watch [cb_admin] 200 0ms

=INFO REPORT==== 16-Aug-2012::22:12:27 ===
GET /admin/model/edit/request-3 [cb_admin] 200 4ms

=ERROR REPORT==== 16-Aug-2012::22:12:32 ===
** Generic server <0.73.0> terminating 
** Last message in was {save_record,
                           {request,"request-3",
                               [208,185,209,134,49],
                               [208,185,209,134,49],
                               [208,185,209,134,49],
                               {{2012,8,16},{10,12,20.0}},
                               {{2012,8,16},{16,12,20.0}}}}
** When Server state == {state,boss_db_adapter_pgsql,<0.74.0>,[],
                               {dict,0,16,16,8,80,48,
                                     {[],[],[],[],[],[],[],[],[],[],[],[],[],
                                      [],[],[]},
                                     {{[],[],[],[],[],[],[],[],[],[],[],[],[],
                                       [],[],[]}}},
                               false,60,db,0}
** Reason for termination == 
** {badarg,[{erlang,integer_to_list,[20.0]},
            {erlydtl_dateformat,integer_to_list_zerofill,1},
            {erlydtl_dateformat,tag_to_value,3},
            {erlydtl_dateformat,replace_tags,5},
            {boss_db_adapter_pgsql,pack_datetime,1},
            {boss_db_adapter_pgsql,'-build_update_query/1-fun-0-',2},
            {lists,foldl,3},
            {boss_db_adapter_pgsql,build_update_query,1}]}

=ERROR REPORT==== 16-Aug-2012::22:12:32 ===
{{badarg,[{erlang,integer_to_list,[20.0]},
          {erlydtl_dateformat,integer_to_list_zerofill,1},
          {erlydtl_dateformat,tag_to_value,3},
          {erlydtl_dateformat,replace_tags,5},
          {boss_db_adapter_pgsql,pack_datetime,1},
          {boss_db_adapter_pgsql,'-build_update_query/1-fun-0-',2},
          {lists,foldl,3},
          {boss_db_adapter_pgsql,build_update_query,1}]},
 {gen_server,call,
             [<0.73.0>,
              {save_record,{request,"request-3",
                                    [208,185,209,134,49],
                                    [208,185,209,134,49],
                                    [208,185,209,134,49],
                                    {{2012,8,16},{10,12,20.0}},
                                    {{2012,8,16},{16,12,20.0}}}},
              30000]}}

=ERROR REPORT==== 16-Aug-2012::22:12:32 ===
POST /admin/model/edit/request-3 [cb_admin] 500 4ms

=INFO REPORT==== 16-Aug-2012::22:12:37 ===
GET /admin/model/events/1345133530336410 [cb_admin] 200 27196ms

=INFO REPORT==== 16-Aug-2012::22:12:37 ===
POST /admin/model/edit/request-3 [cb_admin] 302 31ms

=INFO REPORT==== 16-Aug-2012::22:12:37 ===
GET /admin/model/events/1345133545654489 [cb_admin] 200 11948ms

=INFO REPORT==== 16-Aug-2012::22:12:37 ===
GET /admin/model/events/1345133543228465 [cb_admin] 200 14299ms

=INFO REPORT==== 16-Aug-2012::22:12:37 ===
GET /admin/model/events/1345133540793950 [cb_admin] 200 16762ms

=INFO REPORT==== 16-Aug-2012::22:12:37 ===
GET /admin/model/events/1345133532408133 [cb_admin] 200 25165ms

=INFO REPORT==== 16-Aug-2012::22:12:37 ===
GET /admin/model/show/request-3 [cb_admin] 200 7ms

=INFO REPORT==== 16-Aug-2012::22:12:37 ===
POST /admin/model/watch [cb_admin] 200 0ms

=INFO REPORT==== 16-Aug-2012::22:13:08 ===
GET /admin/model/events/1345133557760233 [cb_admin] 200 30001ms

=INFO REPORT==== 16-Aug-2012::22:13:08 ===
POST /admin/model/heartbeat/5 [cb_admin] 200 0ms

=INFO REPORT==== 16-Aug-2012::22:13:16 ===
GET /admin/model/model/request [cb_admin] 200 9ms

=INFO REPORT==== 16-Aug-2012::22:13:17 ===
POST /admin/model/watch [cb_admin] 200 0ms

=INFO REPORT==== 16-Aug-2012::22:13:21 ===
GET /admin/model/show/request-3 [cb_admin] 200 10ms

=INFO REPORT==== 16-Aug-2012::22:13:21 ===
POST /admin/model/watch [cb_admin] 200 0ms

=INFO REPORT==== 16-Aug-2012::22:13:25 ===
GET /admin/model/edit/request-3 [cb_admin] 200 5ms

=ERROR REPORT==== 16-Aug-2012::22:13:27 ===
** Generic server <0.65.0> terminating 
** Last message in was {save_record,
                           {request,"request-3",
                               [208,185,209,134,49],
                               [208,185,209,134,49],
                               [208,185,209,134,49],
                               {{2012,8,16},{10,12,37.0}},
                               {{2012,8,16},{10,12,37.0}}}}
** When Server state == {state,boss_db_adapter_pgsql,<0.66.0>,[],
                               {dict,0,16,16,8,80,48,
                                     {[],[],[],[],[],[],[],[],[],[],[],[],[],
                                      [],[],[]},
                                     {{[],[],[],[],[],[],[],[],[],[],[],[],[],
                                       [],[],[]}}},
                               false,60,db,0}
** Reason for termination == 
** {badarg,[{erlang,integer_to_list,[37.0]},
            {erlydtl_dateformat,integer_to_list_zerofill,1},
            {erlydtl_dateformat,tag_to_value,3},
            {erlydtl_dateformat,replace_tags,5},
            {boss_db_adapter_pgsql,pack_datetime,1},
            {boss_db_adapter_pgsql,'-build_update_query/1-fun-0-',2},
            {lists,foldl,3},
            {boss_db_adapter_pgsql,build_update_query,1}]}

=ERROR REPORT==== 16-Aug-2012::22:13:27 ===
{{badarg,[{erlang,integer_to_list,[37.0]},
          {erlydtl_dateformat,integer_to_list_zerofill,1},
          {erlydtl_dateformat,tag_to_value,3},
          {erlydtl_dateformat,replace_tags,5},
          {boss_db_adapter_pgsql,pack_datetime,1},
          {boss_db_adapter_pgsql,'-build_update_query/1-fun-0-',2},
          {lists,foldl,3},
          {boss_db_adapter_pgsql,build_update_query,1}]},
 {gen_server,call,
             [<0.65.0>,
              {save_record,{request,"request-3",
                                    [208,185,209,134,49],
                                    [208,185,209,134,49],
                                    [208,185,209,134,49],
                                    {{2012,8,16},{10,12,37.0}},
                                    {{2012,8,16},{10,12,37.0}}}},
              30000]}}

=ERROR REPORT==== 16-Aug-2012::22:13:27 ===
POST /admin/model/edit/request-3 [cb_admin] 500 7ms

=INFO REPORT==== 16-Aug-2012::22:13:36 ===
GET /admin/model/events/1345133558031069 [cb_admin] 200 28285ms

=INFO REPORT==== 16-Aug-2012::22:13:36 ===
GET /admin/model/events/1345133596930183 [cb_admin] 200 19230ms

=INFO REPORT==== 16-Aug-2012::22:13:36 ===
GET /admin/model/events/1345133601193264 [cb_admin] 200 14963ms

=INFO REPORT==== 16-Aug-2012::22:13:36 ===
POST /admin/model/edit/request-3 [cb_admin] 302 47ms

=INFO REPORT==== 16-Aug-2012::22:13:36 ===
GET /admin/model/show/request-3 [cb_admin] 200 6ms

=INFO REPORT==== 16-Aug-2012::22:13:36 ===
POST /admin/model/watch [cb_admin] 200 0ms

=INFO REPORT==== 16-Aug-2012::22:13:38 ===
GET /admin/model/model [cb_admin] 200 3ms

=INFO REPORT==== 16-Aug-2012::22:14:06 ===
GET /admin/model/events/1345133616340815 [cb_admin] 200 30000ms
