
=INFO REPORT==== 16-Aug-2012::16:19:50 ===
Starting Boss in development mode....

=ERROR REPORT==== 16-Aug-2012::16:19:51 ===
** Generic server <0.265.0> terminating 
** Last message in was {'EXIT',<0.264.0>,
                           {{badmatch,
                                {error,
                                    {{badmatch,{error,<<"57P03">>}},
                                     [{boss_db_controller,init,1},
                                      {gen_server,init_it,6},
                                      {proc_lib,init_p_do_apply,3}]}}},
                            [{poolboy,new_worker,2},
                             {poolboy,prepopulate,4},
                             {poolboy,init,2},
                             {gen_fsm,init_it,6},
                             {proc_lib,init_p_do_apply,3}]}}
** When Server state == {state,
                            {<0.265.0>,poolboy_sup},
                            simple_one_for_one,
                            [{child,undefined,boss_db_controller,
                                 {boss_db_controller,start_link,
                                     [[{size,5},
                                       {max_overflow,10},
                                       {adapter,pgsql},
                                       {cache_enable,false},
                                       {shards,[]},
                                       {is_master_node,true},
                                       {db_database,"helpdesk"},
                                       {db_password,"qwerty"},
                                       {db_username,"helpdesk"},
                                       {db_host,"localhost"},
                                       {db_port,5432}]]},
                                 temporary,brutal_kill,worker,
                                 [boss_db_controller]}],
                            {set,0,16,16,8,80,48,
                                {[],[],[],[],[],[],[],[],[],[],[],[],[],[],[],
                                 []},
                                {{[],[],[],[],[],[],[],[],[],[],[],[],[],[],
                                  [],[]}}},
                            0,1,[],poolboy_sup,
                            {boss_db_controller,
                                [{size,5},
                                 {max_overflow,10},
                                 {adapter,pgsql},
                                 {cache_enable,false},
                                 {shards,[]},
                                 {is_master_node,true},
                                 {db_database,"helpdesk"},
                                 {db_password,"qwerty"},
                                 {db_username,"helpdesk"},
                                 {db_host,"localhost"},
                                 {db_port,5432}]}}
** Reason for termination == 
** {{badmatch,{error,{{badmatch,{error,<<"57P03">>}},
                      [{boss_db_controller,init,1},
                       {gen_server,init_it,6},
                       {proc_lib,init_p_do_apply,3}]}}},
    [{poolboy,new_worker,2},
     {poolboy,prepopulate,4},
     {poolboy,init,2},
     {gen_fsm,init_it,6},
     {proc_lib,init_p_do_apply,3}]}
