
=INFO REPORT==== 16-Aug-2012::14:45:24 ===
Starting Boss in development mode....

=INFO REPORT==== 16-Aug-2012::14:45:24 ===
Starting master services on 'helpdesk@simba-Aspire-4920'

=INFO REPORT==== 16-Aug-2012::14:45:24 ===
SSL:[]

=INFO REPORT==== 16-Aug-2012::14:45:24 ===
Loading routes from "../cb_admin/priv/cb_admin.routes" ....

=INFO REPORT==== 16-Aug-2012::14:45:24 ===
Loading routes from "/home/simba/hacking/erlang/helpdesk/priv/helpdesk.routes" ....

=INFO REPORT==== 16-Aug-2012::14:45:30 ===
GET /admin/model/model/depart [cb_admin] 200 29ms

=INFO REPORT==== 16-Aug-2012::14:45:31 ===
GET /admin/model/create/depart [cb_admin] 200 4ms

=ERROR REPORT==== 16-Aug-2012::14:45:34 ===
{function_clause,
    [{erlydtl_runtime,init_counter_stats,
         [{error,error,<<"23502">>,
              <<"null value in column \"id\" violates not-null constraint">>,
              []},
          undefined]},
     {cb_admin_view_model_create_html,render_internal,4},
     {cb_admin_view_model_create_html,render,2},
     {boss_web_controller,render_view,6},
     {boss_web_controller,execute_action,5},
     {boss_web_controller,process_request,5},
     {timer,tc,3},
     {boss_web_controller,handle_request,3}]}

=ERROR REPORT==== 16-Aug-2012::14:45:34 ===
POST /admin/model/create/depart [cb_admin] 500 4ms
