
=INFO REPORT==== 15-Aug-2012::16:04:56 ===
Starting Boss in development mode....

=INFO REPORT==== 15-Aug-2012::16:04:56 ===
Starting master services on 'helpdesk@simba-Aspire-4920'

=INFO REPORT==== 15-Aug-2012::16:04:56 ===
SSL:[]

=INFO REPORT==== 15-Aug-2012::16:04:56 ===
Loading routes from "../cb_admin/priv/cb_admin.routes" ....

=INFO REPORT==== 15-Aug-2012::16:04:56 ===
Loading routes from "/home/simba/hacking/erlang/helpdesk/priv/helpdesk.routes" ....

=INFO REPORT==== 15-Aug-2012::16:05:00 ===
GET /admin/ [cb_admin] 200 14ms

=INFO REPORT==== 15-Aug-2012::16:05:04 ===
GET /admin/model/model [cb_admin] 200 3ms

=INFO REPORT==== 15-Aug-2012::16:05:05 ===
GET /admin/model/model/request [cb_admin] 200 33ms

=INFO REPORT==== 15-Aug-2012::16:05:07 ===
GET /admin/model/create/request [cb_admin] 200 47ms

=INFO REPORT==== 15-Aug-2012::16:05:13 ===
POST /admin/model/create/request [cb_admin] 302 1ms

=INFO REPORT==== 15-Aug-2012::16:05:13 ===
GET /admin/model/show/request-1 [cb_admin] 200 32ms

=INFO REPORT==== 15-Aug-2012::16:05:14 ===
POST /admin/model/watch [cb_admin] 200 75ms

=INFO REPORT==== 15-Aug-2012::16:05:20 ===
GET /admin/model/model/request [cb_admin] 200 4ms

=INFO REPORT==== 15-Aug-2012::16:05:20 ===
POST /admin/model/watch [cb_admin] 200 0ms

=INFO REPORT==== 15-Aug-2012::16:05:44 ===
GET /admin/model/events/1345025113942282 [cb_admin] 200 30000ms

=INFO REPORT==== 15-Aug-2012::16:05:50 ===
POST /admin/model/heartbeat/1 [cb_admin] 200 0ms

=INFO REPORT==== 15-Aug-2012::16:05:50 ===
GET /admin/model/events/1345025120094924 [cb_admin] 200 30000ms

=INFO REPORT==== 15-Aug-2012::16:06:20 ===
POST /admin/model/heartbeat/1 [cb_admin] 200 0ms

=INFO REPORT==== 15-Aug-2012::16:06:20 ===
GET /admin/model/events/1345025120294731 [cb_admin] 200 30001ms

=INFO REPORT==== 15-Aug-2012::16:06:50 ===
POST /admin/model/heartbeat/1 [cb_admin] 200 0ms

=INFO REPORT==== 15-Aug-2012::16:06:50 ===
GET /admin/model/events/1345025150304481 [cb_admin] 200 30000ms

=INFO REPORT==== 15-Aug-2012::16:07:20 ===
POST /admin/model/heartbeat/1 [cb_admin] 200 0ms

=INFO REPORT==== 15-Aug-2012::16:07:20 ===
GET /admin/model/events/1345025180353577 [cb_admin] 200 30000ms

=INFO REPORT==== 15-Aug-2012::16:07:50 ===
POST /admin/model/heartbeat/1 [cb_admin] 200 0ms

=INFO REPORT==== 15-Aug-2012::16:07:50 ===
GET /admin/model/events/1345025210398762 [cb_admin] 200 30001ms

=INFO REPORT==== 15-Aug-2012::16:08:20 ===
POST /admin/model/heartbeat/1 [cb_admin] 200 0ms

=INFO REPORT==== 15-Aug-2012::16:08:20 ===
GET /admin/model/events/1345025240441264 [cb_admin] 200 30000ms

=INFO REPORT==== 15-Aug-2012::16:08:50 ===
POST /admin/model/heartbeat/1 [cb_admin] 200 0ms

=INFO REPORT==== 15-Aug-2012::16:08:50 ===
GET /admin/model/events/1345025270486839 [cb_admin] 200 30001ms

=INFO REPORT==== 15-Aug-2012::16:09:14 ===
GET /admin/model/show/request-1 [cb_admin] 200 4ms

=INFO REPORT==== 15-Aug-2012::16:09:14 ===
POST /admin/model/watch [cb_admin] 200 0ms

=INFO REPORT==== 15-Aug-2012::16:09:16 ===
GET /admin/model/delete/request-1 [cb_admin] 200 2ms

=INFO REPORT==== 15-Aug-2012::16:09:17 ===
POST /admin/model/delete/request-1 [cb_admin] 302 1ms

=INFO REPORT==== 15-Aug-2012::16:09:17 ===
GET /admin/model/model/request [cb_admin] 200 2ms

=INFO REPORT==== 15-Aug-2012::16:09:20 ===
GET /admin/model/events/1345025300534230 [cb_admin] 200 30000ms
