
=INFO REPORT==== 17-Aug-2012::14:43:00 ===
Starting Boss in development mode....

=INFO REPORT==== 17-Aug-2012::14:43:00 ===
Starting master services on 'helpdesk@simba-Aspire-4920'

=INFO REPORT==== 17-Aug-2012::14:43:00 ===
SSL:[]

=INFO REPORT==== 17-Aug-2012::14:43:00 ===
Loading routes from "../cb_admin/priv/cb_admin.routes" ....

=INFO REPORT==== 17-Aug-2012::14:43:00 ===
Loading routes from "/home/simba/hacking/erlang/helpdesk/priv/helpdesk.routes" ....

=INFO REPORT==== 17-Aug-2012::14:43:09 ===
Loading routes from "/home/simba/hacking/erlang/helpdesk/priv/helpdesk.routes" ....

=INFO REPORT==== 17-Aug-2012::14:43:09 ===
GET /main [helpdesk] 200 136ms

=INFO REPORT==== 17-Aug-2012::14:43:13 ===
Loading routes from "/home/simba/hacking/erlang/helpdesk/priv/helpdesk.routes" ....

=INFO REPORT==== 17-Aug-2012::14:43:13 ===
GET /user/login [helpdesk] 200 156ms

=INFO REPORT==== 17-Aug-2012::14:43:21 ===
Loading routes from "/home/simba/hacking/erlang/helpdesk/priv/helpdesk.routes" ....

=ERROR REPORT==== 17-Aug-2012::14:43:21 ===
{function_clause,[{proplists,get_value,[limit,1,all]},
                  {boss_db,find,3},
                  {helpdesk_user_controller,login,3},
                  {boss_web_controller,execute_action,5},
                  {boss_web_controller,process_request,5},
                  {timer,tc,3},
                  {boss_web_controller,handle_request,3},
                  {mochiweb_http,headers,5}]}

=ERROR REPORT==== 17-Aug-2012::14:43:21 ===
POST /user/login [helpdesk] 500 152ms

=INFO REPORT==== 17-Aug-2012::14:43:33 ===
Loading routes from "/home/simba/hacking/erlang/helpdesk/priv/helpdesk.routes" ....

=INFO REPORT==== 17-Aug-2012::14:43:33 ===
GET /user/register [helpdesk] 200 161ms

=INFO REPORT==== 17-Aug-2012::14:43:45 ===
Loading routes from "/home/simba/hacking/erlang/helpdesk/priv/helpdesk.routes" ....

=ERROR REPORT==== 17-Aug-2012::14:43:45 ===
{undef,[{bcrypt,gen_salt,[]},
        {helpdesk_user_controller,register,3},
        {boss_web_controller,execute_action,5},
        {boss_web_controller,process_request,5},
        {timer,tc,3},
        {boss_web_controller,handle_request,3},
        {mochiweb_http,headers,5},
        {proc_lib,init_p_do_apply,3}]}

=ERROR REPORT==== 17-Aug-2012::14:43:45 ===
POST /user/register [helpdesk] 500 161ms
