
=INFO REPORT==== 17-Aug-2012::12:59:16 ===
Starting Boss in development mode....

=INFO REPORT==== 17-Aug-2012::12:59:16 ===
Starting master services on 'helpdesk@simba-Aspire-4920'

=INFO REPORT==== 17-Aug-2012::12:59:16 ===
SSL:[]

=INFO REPORT==== 17-Aug-2012::12:59:16 ===
Loading routes from "../cb_admin/priv/cb_admin.routes" ....

=INFO REPORT==== 17-Aug-2012::12:59:16 ===
Loading routes from "/home/simba/hacking/erlang/helpdesk/priv/helpdesk.routes" ....

=INFO REPORT==== 17-Aug-2012::12:59:21 ===
GET /admin/model/model [cb_admin] 200 14ms

=INFO REPORT==== 17-Aug-2012::12:59:22 ===
GET /admin/model/model/operator [cb_admin] 200 44ms

=INFO REPORT==== 17-Aug-2012::12:59:23 ===
GET /admin/model/create/operator [cb_admin] 200 2ms

=ERROR REPORT==== 17-Aug-2012::12:59:27 ===
{function_clause,[{proplists,get_value,[limit,1,all]},
                  {boss_db,find,3},
                  {operator,'-validation_tests/0-fun-2-',1},
                  {boss_db,'-validate_record/1-lc$^0/1-0-',1},
                  {boss_db,'-validate_record/1-lc$^0/1-0-',1},
                  {boss_db,validate_record,1},
                  {boss_db,save_record,1},
                  {cb_admin_model_controller,create,4}]}

=ERROR REPORT==== 17-Aug-2012::12:59:27 ===
POST /admin/model/create/operator [cb_admin] 500 1ms

=ERROR REPORT==== 17-Aug-2012::12:59:35 ===
{function_clause,[{proplists,get_value,[limit,1,all]},
                  {boss_db,find,3},
                  {operator,'-validation_tests/0-fun-2-',1},
                  {boss_db,'-validate_record/1-lc$^0/1-0-',1},
                  {boss_db,'-validate_record/1-lc$^0/1-0-',1},
                  {boss_db,validate_record,1},
                  {boss_db,save_record,1},
                  {cb_admin_model_controller,create,4}]}

=ERROR REPORT==== 17-Aug-2012::12:59:35 ===
POST /admin/model/create/operator [cb_admin] 500 1ms

=INFO REPORT==== 17-Aug-2012::14:12:12 ===
GET /admin/model/create/operator [cb_admin] 200 3ms

=INFO REPORT==== 17-Aug-2012::14:12:14 ===
GET /admin/model/model [cb_admin] 200 2ms
