
=INFO REPORT==== 16-Aug-2012::20:59:40 ===
Starting Boss in development mode....

=INFO REPORT==== 16-Aug-2012::20:59:40 ===
Starting master services on 'helpdesk@simba-Aspire-4920'

=INFO REPORT==== 16-Aug-2012::20:59:40 ===
SSL:[]

=INFO REPORT==== 16-Aug-2012::20:59:40 ===
Loading routes from "../cb_admin/priv/cb_admin.routes" ....

=INFO REPORT==== 16-Aug-2012::20:59:40 ===
Loading routes from "/home/simba/hacking/erlang/helpdesk/priv/helpdesk.routes" ....

=ERROR REPORT==== 16-Aug-2012::21:01:33 ===
** Generic server <0.65.0> terminating 
** Last message in was {count,person,[]}
** When Server state == {state,boss_db_adapter_pgsql,<0.66.0>,[],
                               {dict,0,16,16,8,80,48,
                                     {[],[],[],[],[],[],[],[],[],[],[],[],[],
                                      [],[],[]},
                                     {{[],[],[],[],[],[],[],[],[],[],[],[],[],
                                       [],[],[]}}},
                               false,60,db,0}
** Reason for termination == 
** {{badmatch,{error,{error,error,<<"42P01">>,
                            <<"relation \"people\" does not exist">>,
                            [{position,<<"31">>}]}}},
    [{boss_db_adapter_pgsql,count,3},
     {boss_db_controller,handle_call,3},
     {gen_server,handle_msg,5},
     {proc_lib,init_p_do_apply,3}]}

=ERROR REPORT==== 16-Aug-2012::21:01:33 ===
{{{badmatch,{error,{error,error,<<"42P01">>,
                          <<"relation \"people\" does not exist">>,
                          [{position,<<"31">>}]}}},
  [{boss_db_adapter_pgsql,count,3},
   {boss_db_controller,handle_call,3},
   {gen_server,handle_msg,5},
   {proc_lib,init_p_do_apply,3}]},
 {gen_server,call,[<0.65.0>,{count,person,[]},30000]}}

=ERROR REPORT==== 16-Aug-2012::21:01:33 ===
GET /admin/model/model/person [cb_admin] 500 3ms

=INFO REPORT==== 16-Aug-2012::21:01:36 ===
GET /admin/model/model/depart [cb_admin] 200 65ms

=INFO REPORT==== 16-Aug-2012::21:01:37 ===
POST /admin/model/watch [cb_admin] 200 4ms

=ERROR REPORT==== 16-Aug-2012::21:01:41 ===
** Generic server <0.76.0> terminating 
** Last message in was {count,person,[]}
** When Server state == {state,boss_db_adapter_pgsql,<0.77.0>,[],
                               {dict,0,16,16,8,80,48,
                                     {[],[],[],[],[],[],[],[],[],[],[],[],[],
                                      [],[],[]},
                                     {{[],[],[],[],[],[],[],[],[],[],[],[],[],
                                       [],[],[]}}},
                               false,60,db,0}
** Reason for termination == 
** {{badmatch,{error,{error,error,<<"42P01">>,
                            <<"relation \"people\" does not exist">>,
                            [{position,<<"31">>}]}}},
    [{boss_db_adapter_pgsql,count,3},
     {boss_db_controller,handle_call,3},
     {gen_server,handle_msg,5},
     {proc_lib,init_p_do_apply,3}]}

=ERROR REPORT==== 16-Aug-2012::21:01:41 ===
{{{badmatch,{error,{error,error,<<"42P01">>,
                          <<"relation \"people\" does not exist">>,
                          [{position,<<"31">>}]}}},
  [{boss_db_adapter_pgsql,count,3},
   {boss_db_controller,handle_call,3},
   {gen_server,handle_msg,5},
   {proc_lib,init_p_do_apply,3}]},
 {gen_server,call,[<0.76.0>,{count,person,[]},30000]}}

=ERROR REPORT==== 16-Aug-2012::21:01:41 ===
GET /admin/model/model/person [cb_admin] 500 2ms

=INFO REPORT==== 16-Aug-2012::21:01:45 ===
POST /admin/model/watch [cb_admin] 200 0ms

=ERROR REPORT==== 16-Aug-2012::21:01:57 ===
** Generic server <0.79.0> terminating 
** Last message in was {count,person,[]}
** When Server state == {state,boss_db_adapter_pgsql,<0.80.0>,[],
                               {dict,0,16,16,8,80,48,
                                     {[],[],[],[],[],[],[],[],[],[],[],[],[],
                                      [],[],[]},
                                     {{[],[],[],[],[],[],[],[],[],[],[],[],[],
                                       [],[],[]}}},
                               false,60,db,0}
** Reason for termination == 
** {{badmatch,{error,{error,error,<<"42P01">>,
                            <<"relation \"people\" does not exist">>,
                            [{position,<<"31">>}]}}},
    [{boss_db_adapter_pgsql,count,3},
     {boss_db_controller,handle_call,3},
     {gen_server,handle_msg,5},
     {proc_lib,init_p_do_apply,3}]}

=ERROR REPORT==== 16-Aug-2012::21:01:57 ===
{{{badmatch,{error,{error,error,<<"42P01">>,
                          <<"relation \"people\" does not exist">>,
                          [{position,<<"31">>}]}}},
  [{boss_db_adapter_pgsql,count,3},
   {boss_db_controller,handle_call,3},
   {gen_server,handle_msg,5},
   {proc_lib,init_p_do_apply,3}]},
 {gen_server,call,[<0.79.0>,{count,person,[]},30000]}}

=ERROR REPORT==== 16-Aug-2012::21:01:57 ===
GET /admin/model/model/person [cb_admin] 500 2ms

=INFO REPORT==== 16-Aug-2012::21:02:07 ===
GET /admin/model/events/1345129296898350 [cb_admin] 200 30000ms

=INFO REPORT==== 16-Aug-2012::21:02:16 ===
GET /admin/model/events/1345129296898350 [cb_admin] 200 30000ms
