
=INFO REPORT==== 23-Aug-2012::14:43:56 ===
Starting Boss in development mode....

=INFO REPORT==== 23-Aug-2012::14:43:56 ===
Starting master services on 'helpdesk@simba-Aspire-4920'

=INFO REPORT==== 23-Aug-2012::14:43:56 ===
SSL:[]

=INFO REPORT==== 23-Aug-2012::14:43:56 ===
Loading routes from "../cb_admin/priv/cb_admin.routes" ....

=INFO REPORT==== 23-Aug-2012::14:43:56 ===
Loading routes from "/home/simba/hacking/erlang/helpdesk/priv/helpdesk.routes" ....

=INFO REPORT==== 23-Aug-2012::14:43:58 ===
Loading routes from "/home/simba/hacking/erlang/helpdesk/priv/helpdesk.routes" ....

=ERROR REPORT==== 23-Aug-2012::14:43:59 ===
GET /chat/live [helpdesk] 404 295ms

=INFO REPORT==== 23-Aug-2012::14:45:05 ===
Loading routes from "/home/simba/hacking/erlang/helpdesk/priv/helpdesk.routes" ....

=ERROR REPORT==== 23-Aug-2012::14:45:06 ===
{undef,
    [{user_lib,check_user,
         [{simple_bridge_request_wrapper,mochiweb_request_bridge,
              {mochiweb_request,#Port<0.19784>,'GET',"/chat/live",
                  {1,1},
                  {9,
                   {"host",
                    {'Host',"localhost:8001"},
                    {"connection",
                     {'Connection',"keep-alive"},
                     {"accept",
                      {'Accept',
                          "text/html,application/xhtml+xml,application/xml;q=0.9,*/*;q=0.8"},
                      nil,
                      {"accept-encoding",
                       {'Accept-Encoding',"gzip,deflate,sdch"},
                       {"accept-charset",
                        {'Accept-Charset',"windows-1251,utf-8;q=0.7,*;q=0.3"},
                        nil,nil},
                       {"accept-language",
                        {'Accept-Language',
                            "ru-RU,ru;q=0.8,en-US;q=0.6,en;q=0.4"},
                        nil,nil}}},
                     {"cookie",
                      {'Cookie',
                          "cl_user_id=cl_user-1; session_id=afec1df47bfc91f35a00df7ccb100300; _boss_session=9038a76cc5f012dbbf024c42af653ad64e1f891a"},
                      nil,nil}},
                    {"user-agent",
                     {'User-Agent',
                         "Mozilla/5.0 (X11; Linux x86_64) AppleWebKit/535.19 (KHTML, like Gecko) Ubuntu/12.04 Chromium/18.0.1025.168 Chrome/18.0.1025.168 Safari/535.19"},
                     {"referer",
                      {'Referer',"http://localhost:8001/chat/live"},
                      nil,nil},
                     nil}}}},
              false,[],[],none}]},
     {boss_web_controller,execute_action,5},
     {boss_web_controller,process_request,5},
     {timer,tc,3},
     {boss_web_controller,handle_request,3},
     {mochiweb_http,headers,5},
     {proc_lib,init_p_do_apply,3}]}

=ERROR REPORT==== 23-Aug-2012::14:45:06 ===
GET /chat/live [helpdesk] 500 350ms

=INFO REPORT==== 23-Aug-2012::14:45:24 ===
Loading routes from "/home/simba/hacking/erlang/helpdesk/priv/helpdesk.routes" ....

=ERROR REPORT==== 23-Aug-2012::14:45:25 ===
{undef,
    [{user_lib,check_user,
         [{simple_bridge_request_wrapper,mochiweb_request_bridge,
              {mochiweb_request,#Port<0.19784>,'GET',"/chat/live",
                  {1,1},
                  {9,
                   {"host",
                    {'Host',"localhost:8001"},
                    {"connection",
                     {'Connection',"keep-alive"},
                     {"accept",
                      {'Accept',
                          "text/html,application/xhtml+xml,application/xml;q=0.9,*/*;q=0.8"},
                      nil,
                      {"accept-encoding",
                       {'Accept-Encoding',"gzip,deflate,sdch"},
                       {"accept-charset",
                        {'Accept-Charset',"windows-1251,utf-8;q=0.7,*;q=0.3"},
                        nil,nil},
                       {"accept-language",
                        {'Accept-Language',
                            "ru-RU,ru;q=0.8,en-US;q=0.6,en;q=0.4"},
                        nil,nil}}},
                     {"cookie",
                      {'Cookie',
                          "cl_user_id=cl_user-1; session_id=afec1df47bfc91f35a00df7ccb100300; _boss_session=9038a76cc5f012dbbf024c42af653ad64e1f891a"},
                      nil,nil}},
                    {"user-agent",
                     {'User-Agent',
                         "Mozilla/5.0 (X11; Linux x86_64) AppleWebKit/535.19 (KHTML, like Gecko) Ubuntu/12.04 Chromium/18.0.1025.168 Chrome/18.0.1025.168 Safari/535.19"},
                     {"referer",
                      {'Referer',"http://localhost:8001/chat/live/public"},
                      nil,nil},
                     nil}}}},
              false,[],[],none}]},
     {boss_web_controller,execute_action,5},
     {boss_web_controller,process_request,5},
     {timer,tc,3},
     {boss_web_controller,handle_request,3},
     {mochiweb_http,headers,5},
     {proc_lib,init_p_do_apply,3}]}

=ERROR REPORT==== 23-Aug-2012::14:45:25 ===
GET /chat/live [helpdesk] 500 339ms

=INFO REPORT==== 23-Aug-2012::14:45:32 ===
Loading routes from "/home/simba/hacking/erlang/helpdesk/priv/helpdesk.routes" ....

=INFO REPORT==== 23-Aug-2012::14:45:33 ===
GET /user/login [helpdesk] 200 380ms

=INFO REPORT==== 23-Aug-2012::14:45:35 ===
Loading routes from "/home/simba/hacking/erlang/helpdesk/priv/helpdesk.routes" ....

=INFO REPORT==== 23-Aug-2012::14:45:35 ===
POST /user/login [helpdesk] 302 346ms

=INFO REPORT==== 23-Aug-2012::14:45:35 ===
Loading routes from "/home/simba/hacking/erlang/helpdesk/priv/helpdesk.routes" ....

=INFO REPORT==== 23-Aug-2012::14:45:35 ===
GET / [helpdesk] 200 387ms

=INFO REPORT==== 23-Aug-2012::14:45:37 ===
Loading routes from "/home/simba/hacking/erlang/helpdesk/priv/helpdesk.routes" ....

=ERROR REPORT==== 23-Aug-2012::14:45:37 ===
{undef,
    [{user_lib,check_user,
         [{simple_bridge_request_wrapper,mochiweb_request_bridge,
              {mochiweb_request,#Port<0.19784>,'GET',"/chat/live/public",
                  {1,1},
                  {9,
                   {"host",
                    {'Host',"localhost:8001"},
                    {"connection",
                     {'Connection',"keep-alive"},
                     {"accept",
                      {'Accept',
                          "text/html,application/xhtml+xml,application/xml;q=0.9,*/*;q=0.8"},
                      nil,
                      {"accept-encoding",
                       {'Accept-Encoding',"gzip,deflate,sdch"},
                       {"accept-charset",
                        {'Accept-Charset',"windows-1251,utf-8;q=0.7,*;q=0.3"},
                        nil,nil},
                       {"accept-language",
                        {'Accept-Language',
                            "ru-RU,ru;q=0.8,en-US;q=0.6,en;q=0.4"},
                        nil,nil}}},
                     {"cookie",
                      {'Cookie',
                          "cl_user_id=cl_user-1; session_id=afec1df47bfc91f35a00df7ccb100300; _boss_session=9038a76cc5f012dbbf024c42af653ad64e1f891a"},
                      nil,nil}},
                    {"user-agent",
                     {'User-Agent',
                         "Mozilla/5.0 (X11; Linux x86_64) AppleWebKit/535.19 (KHTML, like Gecko) Ubuntu/12.04 Chromium/18.0.1025.168 Chrome/18.0.1025.168 Safari/535.19"},
                     {"referer",{'Referer',"http://localhost:8001/"},nil,nil},
                     nil}}}},
              false,[],[],none}]},
     {boss_web_controller,execute_action,5},
     {boss_web_controller,process_request,5},
     {timer,tc,3},
     {boss_web_controller,handle_request,3},
     {mochiweb_http,headers,5},
     {proc_lib,init_p_do_apply,3}]}

=ERROR REPORT==== 23-Aug-2012::14:45:37 ===
GET /chat/live/public [helpdesk] 500 344ms

=INFO REPORT==== 23-Aug-2012::14:51:31 ===
Loading routes from "/home/simba/hacking/erlang/helpdesk/priv/helpdesk.routes" ....

=ERROR REPORT==== 23-Aug-2012::14:51:31 ===
{undef,
    [{user_lib,check_user,
         [{simple_bridge_request_wrapper,mochiweb_request_bridge,
              {mochiweb_request,#Port<0.21934>,'GET',"/chat/live/public",
                  {1,1},
                  {9,
                   {"host",
                    {'Host',"localhost:8001"},
                    {"connection",
                     {'Connection',"keep-alive"},
                     {"accept",
                      {'Accept',
                          "text/html,application/xhtml+xml,application/xml;q=0.9,*/*;q=0.8"},
                      nil,
                      {"accept-encoding",
                       {'Accept-Encoding',"gzip,deflate,sdch"},
                       {"accept-charset",
                        {'Accept-Charset',"windows-1251,utf-8;q=0.7,*;q=0.3"},
                        nil,nil},
                       {"accept-language",
                        {'Accept-Language',
                            "ru-RU,ru;q=0.8,en-US;q=0.6,en;q=0.4"},
                        nil,nil}}},
                     {"cookie",
                      {'Cookie',
                          "cl_user_id=cl_user-1; session_id=afec1df47bfc91f35a00df7ccb100300; _boss_session=9038a76cc5f012dbbf024c42af653ad64e1f891a"},
                      nil,nil}},
                    {"user-agent",
                     {'User-Agent',
                         "Mozilla/5.0 (X11; Linux x86_64) AppleWebKit/535.19 (KHTML, like Gecko) Ubuntu/12.04 Chromium/18.0.1025.168 Chrome/18.0.1025.168 Safari/535.19"},
                     {"referer",{'Referer',"http://localhost:8001/"},nil,nil},
                     nil}}}},
              false,[],[],none}]},
     {boss_web_controller,execute_action,5},
     {boss_web_controller,process_request,5},
     {timer,tc,3},
     {boss_web_controller,handle_request,3},
     {mochiweb_http,headers,5},
     {proc_lib,init_p_do_apply,3}]}

=ERROR REPORT==== 23-Aug-2012::14:51:31 ===
GET /chat/live/public [helpdesk] 500 344ms

=INFO REPORT==== 23-Aug-2012::14:53:35 ===
Loading routes from "/home/simba/hacking/erlang/helpdesk/priv/helpdesk.routes" ....

=INFO REPORT==== 23-Aug-2012::14:53:35 ===
GET /chat/live/public [helpdesk] 200 401ms

=INFO REPORT==== 23-Aug-2012::14:53:37 ===
Loading routes from "/home/simba/hacking/erlang/helpdesk/priv/helpdesk.routes" ....

=INFO REPORT==== 23-Aug-2012::14:53:37 ===
GET /user/login [helpdesk] 200 348ms

=INFO REPORT==== 23-Aug-2012::14:53:39 ===
Loading routes from "/home/simba/hacking/erlang/helpdesk/priv/helpdesk.routes" ....

=INFO REPORT==== 23-Aug-2012::14:53:39 ===
POST /user/login [helpdesk] 302 348ms

=INFO REPORT==== 23-Aug-2012::14:53:39 ===
Loading routes from "/home/simba/hacking/erlang/helpdesk/priv/helpdesk.routes" ....

=INFO REPORT==== 23-Aug-2012::14:53:39 ===
GET / [helpdesk] 200 342ms

=INFO REPORT==== 23-Aug-2012::14:53:40 ===
Loading routes from "/home/simba/hacking/erlang/helpdesk/priv/helpdesk.routes" ....

=INFO REPORT==== 23-Aug-2012::14:53:41 ===
GET /chat/live/public [helpdesk] 200 350ms

=INFO REPORT==== 23-Aug-2012::14:56:36 ===
Loading routes from "/home/simba/hacking/erlang/helpdesk/priv/helpdesk.routes" ....

=INFO REPORT==== 23-Aug-2012::14:56:36 ===
GET /chat/live/public [helpdesk] 200 348ms

=INFO REPORT==== 23-Aug-2012::14:56:39 ===
Loading routes from "/home/simba/hacking/erlang/helpdesk/priv/helpdesk.routes" ....

=INFO REPORT==== 23-Aug-2012::14:56:39 ===
GET /chat/live/public [helpdesk] 200 348ms

=INFO REPORT==== 23-Aug-2012::14:56:48 ===
Loading routes from "/home/simba/hacking/erlang/helpdesk/priv/helpdesk.routes" ....

=INFO REPORT==== 23-Aug-2012::14:56:49 ===
GET /user/login [helpdesk] 200 345ms

=INFO REPORT==== 23-Aug-2012::14:56:50 ===
Loading routes from "/home/simba/hacking/erlang/helpdesk/priv/helpdesk.routes" ....

=INFO REPORT==== 23-Aug-2012::14:56:51 ===
POST /user/login [helpdesk] 302 358ms

=INFO REPORT==== 23-Aug-2012::14:56:51 ===
Loading routes from "/home/simba/hacking/erlang/helpdesk/priv/helpdesk.routes" ....

=INFO REPORT==== 23-Aug-2012::14:56:51 ===
GET / [helpdesk] 200 385ms

=INFO REPORT==== 23-Aug-2012::14:56:56 ===
Loading routes from "/home/simba/hacking/erlang/helpdesk/priv/helpdesk.routes" ....

=INFO REPORT==== 23-Aug-2012::14:56:57 ===
GET /chat/live/public [helpdesk] 200 354ms
