
=INFO REPORT==== 17-Aug-2012::16:35:10 ===
Starting Boss in development mode....

=INFO REPORT==== 17-Aug-2012::16:35:10 ===
Starting master services on 'helpdesk@simba-Aspire-4920'

=INFO REPORT==== 17-Aug-2012::16:35:10 ===
SSL:[]

=INFO REPORT==== 17-Aug-2012::16:35:10 ===
Loading routes from "../cb_admin/priv/cb_admin.routes" ....

=INFO REPORT==== 17-Aug-2012::16:35:10 ===
Loading routes from "/home/simba/hacking/erlang/helpdesk/priv/helpdesk.routes" ....

=INFO REPORT==== 17-Aug-2012::16:35:12 ===
Loading routes from "/home/simba/hacking/erlang/helpdesk/priv/helpdesk.routes" ....

=INFO REPORT==== 17-Aug-2012::16:35:13 ===
GET / [helpdesk] 200 148ms

=INFO REPORT==== 17-Aug-2012::16:35:18 ===
Loading routes from "/home/simba/hacking/erlang/helpdesk/priv/helpdesk.routes" ....

=INFO REPORT==== 17-Aug-2012::16:35:18 ===
GET /user/register [helpdesk] 200 170ms

=INFO REPORT==== 17-Aug-2012::16:35:23 ===
Loading routes from "/home/simba/hacking/erlang/helpdesk/priv/helpdesk.routes" ....

=ERROR REPORT==== 17-Aug-2012::16:35:24 ===
{function_clause,[{proplists,get_value,[limit,1,all]},
                  {boss_db,find,3},
                  {cl_user,'-validation_tests/0-fun-2-',1},
                  {boss_db,'-validate_record/1-lc$^0/1-0-',1},
                  {boss_db,validate_record,1},
                  {boss_db,save_record,1},
                  {helpdesk_user_controller,register,3},
                  {boss_web_controller,execute_action,5}]}

=ERROR REPORT==== 17-Aug-2012::16:35:24 ===
POST /user/register [helpdesk] 500 165ms

=INFO REPORT==== 17-Aug-2012::16:35:39 ===
Loading routes from "/home/simba/hacking/erlang/helpdesk/priv/helpdesk.routes" ....

=ERROR REPORT==== 17-Aug-2012::16:35:40 ===
{function_clause,[{proplists,get_value,[limit,1,all]},
                  {boss_db,find,3},
                  {cl_user,'-validation_tests/0-fun-2-',1},
                  {boss_db,'-validate_record/1-lc$^0/1-0-',1},
                  {boss_db,validate_record,1},
                  {boss_db,save_record,1},
                  {helpdesk_user_controller,register,3},
                  {boss_web_controller,execute_action,5}]}

=ERROR REPORT==== 17-Aug-2012::16:35:40 ===
POST /user/register [helpdesk] 500 170ms

=INFO REPORT==== 17-Aug-2012::16:36:13 ===
Loading routes from "/home/simba/hacking/erlang/helpdesk/priv/helpdesk.routes" ....

=INFO REPORT==== 17-Aug-2012::16:36:14 ===
POST /user/register [helpdesk] 200 200ms

=INFO REPORT==== 17-Aug-2012::16:36:21 ===
Loading routes from "/home/simba/hacking/erlang/helpdesk/priv/helpdesk.routes" ....

=INFO REPORT==== 17-Aug-2012::16:36:22 ===
POST /user/register [helpdesk] 200 195ms

=INFO REPORT==== 17-Aug-2012::16:36:27 ===
GET /admin [cb_admin] 200 8ms

=INFO REPORT==== 17-Aug-2012::16:36:28 ===
GET /admin/model/model [cb_admin] 200 6ms

=INFO REPORT==== 17-Aug-2012::16:36:30 ===
GET /admin/model/model/cl_user [cb_admin] 200 19ms

=INFO REPORT==== 17-Aug-2012::16:36:30 ===
POST /admin/model/watch [cb_admin] 200 5ms

=INFO REPORT==== 17-Aug-2012::16:36:42 ===
Loading routes from "/home/simba/hacking/erlang/helpdesk/priv/helpdesk.routes" ....

=INFO REPORT==== 17-Aug-2012::16:36:42 ===
GET / [helpdesk] 200 177ms

=INFO REPORT==== 17-Aug-2012::16:36:45 ===
Loading routes from "/home/simba/hacking/erlang/helpdesk/priv/helpdesk.routes" ....

=INFO REPORT==== 17-Aug-2012::16:36:45 ===
GET /user/register [helpdesk] 200 174ms

=INFO REPORT==== 17-Aug-2012::16:36:50 ===
Loading routes from "/home/simba/hacking/erlang/helpdesk/priv/helpdesk.routes" ....

=INFO REPORT==== 17-Aug-2012::16:36:50 ===
POST /user/register [helpdesk] 200 176ms

=INFO REPORT==== 17-Aug-2012::16:37:00 ===
GET /admin/model/events/1345199790099869 [cb_admin] 200 30001ms

=INFO REPORT==== 17-Aug-2012::16:37:01 ===
Loading routes from "/home/simba/hacking/erlang/helpdesk/priv/helpdesk.routes" ....

=INFO REPORT==== 17-Aug-2012::16:37:01 ===
POST /user/register [helpdesk] 200 176ms

=INFO REPORT==== 17-Aug-2012::16:37:12 ===
Loading routes from "/home/simba/hacking/erlang/helpdesk/priv/helpdesk.routes" ....

=INFO REPORT==== 17-Aug-2012::16:37:12 ===
POST /user/register [helpdesk] 200 171ms

=INFO REPORT==== 17-Aug-2012::16:37:24 ===
Loading routes from "/home/simba/hacking/erlang/helpdesk/priv/helpdesk.routes" ....

=INFO REPORT==== 17-Aug-2012::16:37:24 ===
POST /user/register [helpdesk] 200 170ms

=INFO REPORT==== 17-Aug-2012::16:37:32 ===
Loading routes from "/home/simba/hacking/erlang/helpdesk/priv/helpdesk.routes" ....

=INFO REPORT==== 17-Aug-2012::16:37:33 ===
POST /user/register [helpdesk] 200 203ms

=INFO REPORT==== 17-Aug-2012::16:37:37 ===
Loading routes from "/home/simba/hacking/erlang/helpdesk/priv/helpdesk.routes" ....

=INFO REPORT==== 17-Aug-2012::16:37:37 ===
GET /user/login [helpdesk] 200 176ms

=INFO REPORT==== 17-Aug-2012::16:37:42 ===
Loading routes from "/home/simba/hacking/erlang/helpdesk/priv/helpdesk.routes" ....

=INFO REPORT==== 17-Aug-2012::16:37:42 ===
POST /user/login [helpdesk] 302 168ms

=INFO REPORT==== 17-Aug-2012::16:37:43 ===
Loading routes from "/home/simba/hacking/erlang/helpdesk/priv/helpdesk.routes" ....

=INFO REPORT==== 17-Aug-2012::16:37:43 ===
GET / [helpdesk] 200 167ms

=INFO REPORT==== 17-Aug-2012::16:37:47 ===
Loading routes from "/home/simba/hacking/erlang/helpdesk/priv/helpdesk.routes" ....

=INFO REPORT==== 17-Aug-2012::16:37:47 ===
GET / [helpdesk] 200 178ms

=INFO REPORT==== 17-Aug-2012::16:37:48 ===
Loading routes from "/home/simba/hacking/erlang/helpdesk/priv/helpdesk.routes" ....

=INFO REPORT==== 17-Aug-2012::16:37:48 ===
GET /about [helpdesk] 200 180ms

=INFO REPORT==== 17-Aug-2012::16:37:50 ===
Loading routes from "/home/simba/hacking/erlang/helpdesk/priv/helpdesk.routes" ....

=INFO REPORT==== 17-Aug-2012::16:37:50 ===
GET /user/register [helpdesk] 200 171ms

=INFO REPORT==== 17-Aug-2012::16:37:51 ===
Loading routes from "/home/simba/hacking/erlang/helpdesk/priv/helpdesk.routes" ....

=INFO REPORT==== 17-Aug-2012::16:37:51 ===
GET /user/login [helpdesk] 200 179ms

=INFO REPORT==== 17-Aug-2012::16:37:54 ===
Loading routes from "/home/simba/hacking/erlang/helpdesk/priv/helpdesk.routes" ....

=INFO REPORT==== 17-Aug-2012::16:37:55 ===
GET / [helpdesk] 200 171ms

=INFO REPORT==== 17-Aug-2012::16:38:06 ===
Loading routes from "/home/simba/hacking/erlang/helpdesk/priv/helpdesk.routes" ....

=INFO REPORT==== 17-Aug-2012::16:38:06 ===
GET / [helpdesk] 200 180ms

=INFO REPORT==== 17-Aug-2012::16:38:49 ===
Loading routes from "/home/simba/hacking/erlang/helpdesk/priv/helpdesk.routes" ....

=INFO REPORT==== 17-Aug-2012::16:38:50 ===
GET /user/register [helpdesk] 200 174ms

=INFO REPORT==== 17-Aug-2012::16:38:55 ===
Loading routes from "/home/simba/hacking/erlang/helpdesk/priv/helpdesk.routes" ....

=INFO REPORT==== 17-Aug-2012::16:38:56 ===
POST /user/register [helpdesk] 200 174ms

=INFO REPORT==== 17-Aug-2012::16:41:19 ===
Loading routes from "/home/simba/hacking/erlang/helpdesk/priv/helpdesk.routes" ....

=INFO REPORT==== 17-Aug-2012::16:41:19 ===
POST /user/register [helpdesk] 200 195ms

=INFO REPORT==== 17-Aug-2012::16:41:24 ===
Loading routes from "/home/simba/hacking/erlang/helpdesk/priv/helpdesk.routes" ....

=INFO REPORT==== 17-Aug-2012::16:41:24 ===
POST /user/register [helpdesk] 200 202ms
