
=INFO REPORT==== 30-Aug-2012::13:32:00 ===
Starting Boss in development mode....

=INFO REPORT==== 30-Aug-2012::13:32:00 ===
Starting master services on 'helpdesk@simba-Aspire-4920'

=INFO REPORT==== 30-Aug-2012::13:32:00 ===
SSL:[]

=INFO REPORT==== 30-Aug-2012::13:32:00 ===
Loading routes from "../cb_admin/priv/cb_admin.routes" ....

=INFO REPORT==== 30-Aug-2012::13:32:00 ===
Loading routes from "/home/simba/hacking/erlang/helpdesk/priv/helpdesk.routes" ....

=INFO REPORT==== 30-Aug-2012::13:32:04 ===
Loading routes from "/home/simba/hacking/erlang/helpdesk/priv/helpdesk.routes" ....

=INFO REPORT==== 30-Aug-2012::13:32:04 ===
GET /main/user_request/tag_order/1 [helpdesk] 200 150ms

=INFO REPORT==== 30-Aug-2012::13:32:07 ===
Loading routes from "/home/simba/hacking/erlang/helpdesk/priv/helpdesk.routes" ....

=INFO REPORT==== 30-Aug-2012::13:32:07 ===
GET /main/user_request/tag_order/1 [helpdesk] 200 147ms

=INFO REPORT==== 30-Aug-2012::13:32:12 ===
Loading routes from "/home/simba/hacking/erlang/helpdesk/priv/helpdesk.routes" ....

=INFO REPORT==== 30-Aug-2012::13:32:12 ===
GET /main/user_request/tag_order/creation_time [helpdesk] 200 140ms

=INFO REPORT==== 30-Aug-2012::13:32:13 ===
Loading routes from "/home/simba/hacking/erlang/helpdesk/priv/helpdesk.routes" ....

=INFO REPORT==== 30-Aug-2012::13:32:13 ===
GET /main/user_request/tag_order/creation_time [helpdesk] 200 139ms

=INFO REPORT==== 30-Aug-2012::13:32:15 ===
Loading routes from "/home/simba/hacking/erlang/helpdesk/priv/helpdesk.routes" ....

=INFO REPORT==== 30-Aug-2012::13:32:15 ===
GET /main/depart_request [helpdesk] 200 125ms

=INFO REPORT==== 30-Aug-2012::13:32:17 ===
Loading routes from "/home/simba/hacking/erlang/helpdesk/priv/helpdesk.routes" ....

=INFO REPORT==== 30-Aug-2012::13:32:17 ===
GET /main/user_request [helpdesk] 200 137ms

=INFO REPORT==== 30-Aug-2012::13:32:21 ===
Loading routes from "/home/simba/hacking/erlang/helpdesk/priv/helpdesk.routes" ....

=INFO REPORT==== 30-Aug-2012::13:32:21 ===
GET /main/user_request/tag_order/creation_time [helpdesk] 200 135ms

=INFO REPORT==== 30-Aug-2012::13:33:46 ===
Loading routes from "/home/simba/hacking/erlang/helpdesk/priv/helpdesk.routes" ....

=INFO REPORT==== 30-Aug-2012::13:33:46 ===
GET /main/user_request [helpdesk] 200 223ms

=INFO REPORT==== 30-Aug-2012::13:33:48 ===
Loading routes from "/home/simba/hacking/erlang/helpdesk/priv/helpdesk.routes" ....

=INFO REPORT==== 30-Aug-2012::13:33:48 ===
GET /main/user_request/tag_order/worker_in_time [helpdesk] 200 135ms

=INFO REPORT==== 30-Aug-2012::13:33:49 ===
Loading routes from "/home/simba/hacking/erlang/helpdesk/priv/helpdesk.routes" ....

=INFO REPORT==== 30-Aug-2012::13:33:49 ===
GET /main/user_request/tag_order/creation_time [helpdesk] 200 139ms

=INFO REPORT==== 30-Aug-2012::13:33:51 ===
Loading routes from "/home/simba/hacking/erlang/helpdesk/priv/helpdesk.routes" ....

=INFO REPORT==== 30-Aug-2012::13:33:51 ===
GET /main/user_request/tag_order/worker_in_time [helpdesk] 200 140ms

=INFO REPORT==== 30-Aug-2012::13:33:53 ===
Loading routes from "/home/simba/hacking/erlang/helpdesk/priv/helpdesk.routes" ....

=INFO REPORT==== 30-Aug-2012::13:33:53 ===
GET /main/user_request/tag_order/creation_time [helpdesk] 200 136ms

=INFO REPORT==== 30-Aug-2012::13:34:00 ===
Loading routes from "/home/simba/hacking/erlang/helpdesk/priv/helpdesk.routes" ....

=INFO REPORT==== 30-Aug-2012::13:34:00 ===
GET /main/user_request/tag_order/creation_time [helpdesk] 200 143ms

=INFO REPORT==== 30-Aug-2012::13:34:04 ===
Loading routes from "/home/simba/hacking/erlang/helpdesk/priv/helpdesk.routes" ....

=INFO REPORT==== 30-Aug-2012::13:34:04 ===
GET /main/user_request/tag_order/worker_in_time [helpdesk] 200 138ms

=INFO REPORT==== 30-Aug-2012::13:39:46 ===
Loading routes from "/home/simba/hacking/erlang/helpdesk/priv/helpdesk.routes" ....

=INFO REPORT==== 30-Aug-2012::13:39:46 ===
GET /main/user_request/tag_order/worker_in_time [helpdesk] 200 245ms

=INFO REPORT==== 30-Aug-2012::13:39:48 ===
Loading routes from "/home/simba/hacking/erlang/helpdesk/priv/helpdesk.routes" ....

=ERROR REPORT==== 30-Aug-2012::13:39:48 ===
{function_clause,
    [{erlydtl_runtime,init_counter_stats,
         [{error,<<"#42S22Unknown column 'depart' in 'order clause'">>},
          undefined]},
     {helpdesk_view_main_user_request_html,render_internal,4},
     {helpdesk_view_main_user_request_html,render,2},
     {boss_web_controller,render_view,6},
     {boss_web_controller,execute_action,5},
     {boss_web_controller,process_request,5},
     {timer,tc,3},
     {boss_web_controller,handle_request,3}]}

=ERROR REPORT==== 30-Aug-2012::13:39:48 ===
GET /main/user_request/tag_order/depart [helpdesk] 500 125ms

=INFO REPORT==== 30-Aug-2012::13:39:51 ===
Loading routes from "/home/simba/hacking/erlang/helpdesk/priv/helpdesk.routes" ....

=INFO REPORT==== 30-Aug-2012::13:39:51 ===
GET /main/user_request/tag_order/worker_in_time [helpdesk] 200 140ms

=INFO REPORT==== 30-Aug-2012::13:39:52 ===
Loading routes from "/home/simba/hacking/erlang/helpdesk/priv/helpdesk.routes" ....

=ERROR REPORT==== 30-Aug-2012::13:39:52 ===
{function_clause,
    [{erlydtl_runtime,init_counter_stats,
         [{error,<<"#42S22Unknown column 'order_in' in 'order clause'">>},
          undefined]},
     {helpdesk_view_main_user_request_html,render_internal,4},
     {helpdesk_view_main_user_request_html,render,2},
     {boss_web_controller,render_view,6},
     {boss_web_controller,execute_action,5},
     {boss_web_controller,process_request,5},
     {timer,tc,3},
     {boss_web_controller,handle_request,3}]}

=ERROR REPORT==== 30-Aug-2012::13:39:52 ===
GET /main/user_request/tag_order/order_in [helpdesk] 500 122ms

=INFO REPORT==== 30-Aug-2012::13:39:55 ===
Loading routes from "/home/simba/hacking/erlang/helpdesk/priv/helpdesk.routes" ....

=INFO REPORT==== 30-Aug-2012::13:39:55 ===
GET /main/user_request/tag_order/creation_time [helpdesk] 200 140ms

=INFO REPORT==== 30-Aug-2012::13:39:56 ===
Loading routes from "/home/simba/hacking/erlang/helpdesk/priv/helpdesk.routes" ....

=INFO REPORT==== 30-Aug-2012::13:39:56 ===
GET /main/user_request/tag_order/worker_in_time [helpdesk] 200 140ms

=INFO REPORT==== 30-Aug-2012::13:39:57 ===
Loading routes from "/home/simba/hacking/erlang/helpdesk/priv/helpdesk.routes" ....

=INFO REPORT==== 30-Aug-2012::13:39:57 ===
GET /main/user_request/tag_order/worker_out_time [helpdesk] 200 145ms

=INFO REPORT==== 30-Aug-2012::13:39:59 ===
Loading routes from "/home/simba/hacking/erlang/helpdesk/priv/helpdesk.routes" ....

=INFO REPORT==== 30-Aug-2012::13:39:59 ===
GET /main/user_request/tag_order/close_time [helpdesk] 200 139ms

=INFO REPORT==== 30-Aug-2012::13:40:01 ===
Loading routes from "/home/simba/hacking/erlang/helpdesk/priv/helpdesk.routes" ....

=INFO REPORT==== 30-Aug-2012::13:40:01 ===
GET /main/user_request/tag_order/note [helpdesk] 200 147ms

=INFO REPORT==== 30-Aug-2012::13:40:04 ===
Loading routes from "/home/simba/hacking/erlang/helpdesk/priv/helpdesk.routes" ....

=INFO REPORT==== 30-Aug-2012::13:40:04 ===
GET /main/user_request/tag_order/note [helpdesk] 200 142ms

=INFO REPORT==== 30-Aug-2012::13:40:11 ===
Loading routes from "/home/simba/hacking/erlang/helpdesk/priv/helpdesk.routes" ....

=INFO REPORT==== 30-Aug-2012::13:40:11 ===
GET /main/user_request/tag_order/close_time [helpdesk] 200 142ms

=INFO REPORT==== 30-Aug-2012::13:40:12 ===
Loading routes from "/home/simba/hacking/erlang/helpdesk/priv/helpdesk.routes" ....

=INFO REPORT==== 30-Aug-2012::13:40:12 ===
GET /main/user_request/tag_order/worker_out_time [helpdesk] 200 149ms

=INFO REPORT==== 30-Aug-2012::13:40:13 ===
Loading routes from "/home/simba/hacking/erlang/helpdesk/priv/helpdesk.routes" ....

=INFO REPORT==== 30-Aug-2012::13:40:13 ===
GET /main/user_request/tag_order/worker_in_time [helpdesk] 200 140ms

=INFO REPORT==== 30-Aug-2012::13:40:13 ===
Loading routes from "/home/simba/hacking/erlang/helpdesk/priv/helpdesk.routes" ....

=INFO REPORT==== 30-Aug-2012::13:40:13 ===
GET /main/user_request/tag_order/creation_time [helpdesk] 200 138ms

=INFO REPORT==== 30-Aug-2012::13:40:36 ===
Loading routes from "/home/simba/hacking/erlang/helpdesk/priv/helpdesk.routes" ....

=INFO REPORT==== 30-Aug-2012::13:40:36 ===
GET /main/user_request/tag_order/creation_time [helpdesk] 200 259ms

=INFO REPORT==== 30-Aug-2012::13:40:37 ===
Loading routes from "/home/simba/hacking/erlang/helpdesk/priv/helpdesk.routes" ....

=INFO REPORT==== 30-Aug-2012::13:40:38 ===
GET /main/user_request/tag_order/depart_id [helpdesk] 200 142ms

=INFO REPORT==== 30-Aug-2012::13:41:07 ===
Loading routes from "/home/simba/hacking/erlang/helpdesk/priv/helpdesk.routes" ....

=ERROR REPORT==== 30-Aug-2012::13:41:07 ===
{function_clause,
    [{erlydtl_runtime,init_counter_stats,
         [{error,<<"#42S22Unknown column 'order_in' in 'order clause'">>},
          undefined]},
     {helpdesk_view_main_user_request_html,render_internal,4},
     {helpdesk_view_main_user_request_html,render,2},
     {boss_web_controller,render_view,6},
     {boss_web_controller,execute_action,5},
     {boss_web_controller,process_request,5},
     {timer,tc,3},
     {boss_web_controller,handle_request,3}]}

=ERROR REPORT==== 30-Aug-2012::13:41:07 ===
GET /main/user_request/tag_order/order_in [helpdesk] 500 124ms

=INFO REPORT==== 30-Aug-2012::13:41:26 ===
Loading routes from "/home/simba/hacking/erlang/helpdesk/priv/helpdesk.routes" ....

=INFO REPORT==== 30-Aug-2012::13:41:26 ===
GET /main/user_request/tag_order/depart_id [helpdesk] 200 259ms

=INFO REPORT==== 30-Aug-2012::13:41:27 ===
Loading routes from "/home/simba/hacking/erlang/helpdesk/priv/helpdesk.routes" ....

=INFO REPORT==== 30-Aug-2012::13:41:27 ===
GET /main/user_request/tag_order/id_order [helpdesk] 200 140ms

=INFO REPORT==== 30-Aug-2012::13:41:40 ===
Loading routes from "/home/simba/hacking/erlang/helpdesk/priv/helpdesk.routes" ....

=INFO REPORT==== 30-Aug-2012::13:41:40 ===
GET /main/user_request/tag_order/creation_time [helpdesk] 200 144ms

=INFO REPORT==== 30-Aug-2012::13:41:41 ===
Loading routes from "/home/simba/hacking/erlang/helpdesk/priv/helpdesk.routes" ....

=INFO REPORT==== 30-Aug-2012::13:41:41 ===
GET /main/user_request/tag_order/worker_in_time [helpdesk] 200 149ms

=INFO REPORT==== 30-Aug-2012::13:41:42 ===
Loading routes from "/home/simba/hacking/erlang/helpdesk/priv/helpdesk.routes" ....

=INFO REPORT==== 30-Aug-2012::13:41:42 ===
GET /main/user_request/tag_order/creation_time [helpdesk] 200 144ms

=INFO REPORT==== 30-Aug-2012::13:41:43 ===
Loading routes from "/home/simba/hacking/erlang/helpdesk/priv/helpdesk.routes" ....

=INFO REPORT==== 30-Aug-2012::13:41:43 ===
GET /main/user_request/tag_order/worker_in_time [helpdesk] 200 148ms

=INFO REPORT==== 30-Aug-2012::13:41:44 ===
Loading routes from "/home/simba/hacking/erlang/helpdesk/priv/helpdesk.routes" ....

=INFO REPORT==== 30-Aug-2012::13:41:44 ===
GET /main/user_request/tag_order/worker_out_time [helpdesk] 200 147ms

=INFO REPORT==== 30-Aug-2012::13:41:45 ===
Loading routes from "/home/simba/hacking/erlang/helpdesk/priv/helpdesk.routes" ....

=INFO REPORT==== 30-Aug-2012::13:41:45 ===
GET /main/user_request/tag_order/close_time [helpdesk] 200 142ms

=INFO REPORT==== 30-Aug-2012::13:41:47 ===
Loading routes from "/home/simba/hacking/erlang/helpdesk/priv/helpdesk.routes" ....

=INFO REPORT==== 30-Aug-2012::13:41:47 ===
GET /main/user_request/tag_order/depart_id [helpdesk] 200 142ms

=INFO REPORT==== 30-Aug-2012::13:41:52 ===
Loading routes from "/home/simba/hacking/erlang/helpdesk/priv/helpdesk.routes" ....

=INFO REPORT==== 30-Aug-2012::13:41:52 ===
GET /main/user_request/tag_order/creation_time [helpdesk] 200 142ms

=INFO REPORT==== 30-Aug-2012::13:41:53 ===
Loading routes from "/home/simba/hacking/erlang/helpdesk/priv/helpdesk.routes" ....

=INFO REPORT==== 30-Aug-2012::13:41:53 ===
GET /main/user_request/tag_order/worker_in_time [helpdesk] 200 149ms

=INFO REPORT==== 30-Aug-2012::13:41:54 ===
Loading routes from "/home/simba/hacking/erlang/helpdesk/priv/helpdesk.routes" ....

=INFO REPORT==== 30-Aug-2012::13:41:54 ===
GET /main/user_request [helpdesk] 200 140ms

=INFO REPORT==== 30-Aug-2012::13:41:59 ===
Loading routes from "/home/simba/hacking/erlang/helpdesk/priv/helpdesk.routes" ....

=INFO REPORT==== 30-Aug-2012::13:41:59 ===
GET /main/user_request/tag_order/creation_time [helpdesk] 200 145ms

=INFO REPORT==== 30-Aug-2012::13:43:06 ===
Loading routes from "/home/simba/hacking/erlang/helpdesk/priv/helpdesk.routes" ....

=INFO REPORT==== 30-Aug-2012::13:43:06 ===
GET /main/user_request/tag_order/creation_time [helpdesk] 200 150ms

=INFO REPORT==== 30-Aug-2012::13:43:07 ===
Loading routes from "/home/simba/hacking/erlang/helpdesk/priv/helpdesk.routes" ....

=INFO REPORT==== 30-Aug-2012::13:43:07 ===
GET /main/user_request/tag_order/creation_time [helpdesk] 200 137ms

=INFO REPORT==== 30-Aug-2012::13:43:09 ===
Loading routes from "/home/simba/hacking/erlang/helpdesk/priv/helpdesk.routes" ....

=INFO REPORT==== 30-Aug-2012::13:43:09 ===
GET /main/user_request/tag_order/worker_in_time [helpdesk] 200 136ms

=INFO REPORT==== 30-Aug-2012::13:43:16 ===
Loading routes from "/home/simba/hacking/erlang/helpdesk/priv/helpdesk.routes" ....

=INFO REPORT==== 30-Aug-2012::13:43:17 ===
GET /main/user_request/tag_order/worker_out_time [helpdesk] 200 153ms

=INFO REPORT==== 30-Aug-2012::13:43:23 ===
Loading routes from "/home/simba/hacking/erlang/helpdesk/priv/helpdesk.routes" ....

=INFO REPORT==== 30-Aug-2012::13:43:23 ===
GET /main/user_request/tag_order/worker_out_time [helpdesk] 200 136ms

=INFO REPORT==== 30-Aug-2012::13:43:26 ===
Loading routes from "/home/simba/hacking/erlang/helpdesk/priv/helpdesk.routes" ....

=INFO REPORT==== 30-Aug-2012::13:43:26 ===
GET /main/user_request/tag_order/close_time [helpdesk] 200 141ms

=INFO REPORT==== 30-Aug-2012::13:43:30 ===
Loading routes from "/home/simba/hacking/erlang/helpdesk/priv/helpdesk.routes" ....

=INFO REPORT==== 30-Aug-2012::13:43:30 ===
GET /main/user_request [helpdesk] 200 144ms

=INFO REPORT==== 30-Aug-2012::13:43:35 ===
Loading routes from "/home/simba/hacking/erlang/helpdesk/priv/helpdesk.routes" ....

=INFO REPORT==== 30-Aug-2012::13:43:35 ===
GET /main/user_request/tag_order/note [helpdesk] 200 140ms

=INFO REPORT==== 30-Aug-2012::13:45:48 ===
Loading routes from "/home/simba/hacking/erlang/helpdesk/priv/helpdesk.routes" ....

=INFO REPORT==== 30-Aug-2012::13:45:48 ===
GET /main/depart_request [helpdesk] 200 121ms

=INFO REPORT==== 30-Aug-2012::13:45:50 ===
Loading routes from "/home/simba/hacking/erlang/helpdesk/priv/helpdesk.routes" ....

=INFO REPORT==== 30-Aug-2012::13:45:50 ===
GET /main/user_request [helpdesk] 200 143ms

=INFO REPORT==== 30-Aug-2012::13:45:54 ===
Loading routes from "/home/simba/hacking/erlang/helpdesk/priv/helpdesk.routes" ....

=INFO REPORT==== 30-Aug-2012::13:45:55 ===
GET /main/user_request/tag_order/creation_time [helpdesk] 200 157ms

=INFO REPORT==== 30-Aug-2012::13:45:55 ===
Loading routes from "/home/simba/hacking/erlang/helpdesk/priv/helpdesk.routes" ....

=INFO REPORT==== 30-Aug-2012::13:45:55 ===
GET /main/user_request/tag_order/id_order [helpdesk] 200 142ms

=INFO REPORT==== 30-Aug-2012::13:45:57 ===
Loading routes from "/home/simba/hacking/erlang/helpdesk/priv/helpdesk.routes" ....

=INFO REPORT==== 30-Aug-2012::13:45:57 ===
GET /main/user_request/tag_order/creation_time [helpdesk] 200 149ms

=INFO REPORT==== 30-Aug-2012::13:45:57 ===
Loading routes from "/home/simba/hacking/erlang/helpdesk/priv/helpdesk.routes" ....

=INFO REPORT==== 30-Aug-2012::13:45:57 ===
GET /main/user_request/tag_order/worker_in_time [helpdesk] 200 146ms

=INFO REPORT==== 30-Aug-2012::13:45:58 ===
Loading routes from "/home/simba/hacking/erlang/helpdesk/priv/helpdesk.routes" ....

=INFO REPORT==== 30-Aug-2012::13:45:58 ===
GET /main/user_request/tag_order/worker_out_time [helpdesk] 200 148ms

=INFO REPORT==== 30-Aug-2012::13:45:59 ===
Loading routes from "/home/simba/hacking/erlang/helpdesk/priv/helpdesk.routes" ....

=INFO REPORT==== 30-Aug-2012::13:45:59 ===
GET /main/user_request/tag_order/close_time [helpdesk] 200 143ms

=INFO REPORT==== 30-Aug-2012::13:46:05 ===
Loading routes from "/home/simba/hacking/erlang/helpdesk/priv/helpdesk.routes" ....

=INFO REPORT==== 30-Aug-2012::13:46:05 ===
GET /request/show/request-32 [helpdesk] 200 137ms

=INFO REPORT==== 30-Aug-2012::13:46:12 ===
Loading routes from "/home/simba/hacking/erlang/helpdesk/priv/helpdesk.routes" ....

=INFO REPORT==== 30-Aug-2012::13:46:13 ===
GET /main/user_request [helpdesk] 200 152ms

=INFO REPORT==== 30-Aug-2012::13:46:16 ===
Loading routes from "/home/simba/hacking/erlang/helpdesk/priv/helpdesk.routes" ....

=INFO REPORT==== 30-Aug-2012::13:46:16 ===
GET /user/logout [helpdesk] 302 117ms

=INFO REPORT==== 30-Aug-2012::13:46:16 ===
Loading routes from "/home/simba/hacking/erlang/helpdesk/priv/helpdesk.routes" ....

=INFO REPORT==== 30-Aug-2012::13:46:16 ===
GET / [helpdesk] 200 118ms

=INFO REPORT==== 30-Aug-2012::13:46:18 ===
Loading routes from "/home/simba/hacking/erlang/helpdesk/priv/helpdesk.routes" ....

=INFO REPORT==== 30-Aug-2012::13:46:18 ===
GET /user/login [helpdesk] 200 123ms

=INFO REPORT==== 30-Aug-2012::13:46:21 ===
Loading routes from "/home/simba/hacking/erlang/helpdesk/priv/helpdesk.routes" ....

=INFO REPORT==== 30-Aug-2012::13:46:22 ===
POST /user/login [helpdesk] 302 123ms

=INFO REPORT==== 30-Aug-2012::13:46:22 ===
Loading routes from "/home/simba/hacking/erlang/helpdesk/priv/helpdesk.routes" ....

=INFO REPORT==== 30-Aug-2012::13:46:22 ===
GET / [helpdesk] 200 118ms

=INFO REPORT==== 30-Aug-2012::13:46:23 ===
Loading routes from "/home/simba/hacking/erlang/helpdesk/priv/helpdesk.routes" ....

=INFO REPORT==== 30-Aug-2012::13:46:23 ===
GET /main/depart_request [helpdesk] 200 163ms

=INFO REPORT==== 30-Aug-2012::13:49:15 ===
Loading routes from "/home/simba/hacking/erlang/helpdesk/priv/helpdesk.routes" ....

=INFO REPORT==== 30-Aug-2012::13:49:15 ===
GET /main/depart_request [helpdesk] 200 262ms

=INFO REPORT==== 30-Aug-2012::13:49:17 ===
Loading routes from "/home/simba/hacking/erlang/helpdesk/priv/helpdesk.routes" ....

=INFO REPORT==== 30-Aug-2012::13:49:17 ===
GET /main/depart_request/tag_order/cl_user_id [helpdesk] 200 164ms

=INFO REPORT==== 30-Aug-2012::13:51:54 ===
Loading routes from "/home/simba/hacking/erlang/helpdesk/priv/helpdesk.routes" ....

=INFO REPORT==== 30-Aug-2012::13:51:54 ===
GET /main/depart_request/tag_order/cl_user_id [helpdesk] 200 284ms

=INFO REPORT==== 30-Aug-2012::13:51:56 ===
Loading routes from "/home/simba/hacking/erlang/helpdesk/priv/helpdesk.routes" ....

=INFO REPORT==== 30-Aug-2012::13:51:56 ===
GET /main/depart_request/tag_order/id_order [helpdesk] 200 153ms

=INFO REPORT==== 30-Aug-2012::13:52:00 ===
Loading routes from "/home/simba/hacking/erlang/helpdesk/priv/helpdesk.routes" ....

=INFO REPORT==== 30-Aug-2012::13:52:00 ===
GET /main/depart_request/tag_order/creation_time [helpdesk] 200 167ms

=INFO REPORT==== 30-Aug-2012::13:52:09 ===
Loading routes from "/home/simba/hacking/erlang/helpdesk/priv/helpdesk.routes" ....

=INFO REPORT==== 30-Aug-2012::13:52:09 ===
GET /main/depart_request/tag_order/worker_in_time [helpdesk] 200 158ms

=INFO REPORT==== 30-Aug-2012::13:52:10 ===
Loading routes from "/home/simba/hacking/erlang/helpdesk/priv/helpdesk.routes" ....

=INFO REPORT==== 30-Aug-2012::13:52:10 ===
GET /main/depart_request/tag_order/worker_out_time [helpdesk] 200 160ms

=INFO REPORT==== 30-Aug-2012::13:52:12 ===
Loading routes from "/home/simba/hacking/erlang/helpdesk/priv/helpdesk.routes" ....

=INFO REPORT==== 30-Aug-2012::13:52:12 ===
GET /main/depart_request/tag_order/close_time [helpdesk] 200 167ms

=INFO REPORT==== 30-Aug-2012::13:52:13 ===
Loading routes from "/home/simba/hacking/erlang/helpdesk/priv/helpdesk.routes" ....

=INFO REPORT==== 30-Aug-2012::13:52:13 ===
GET /main/depart_request/tag_order/note [helpdesk] 200 166ms

=INFO REPORT==== 30-Aug-2012::13:52:23 ===
Loading routes from "/home/simba/hacking/erlang/helpdesk/priv/helpdesk.routes" ....

=INFO REPORT==== 30-Aug-2012::13:52:24 ===
GET /main/depart_request/tag_order/close_time [helpdesk] 200 171ms

=INFO REPORT==== 30-Aug-2012::13:53:03 ===
Loading routes from "/home/simba/hacking/erlang/helpdesk/priv/helpdesk.routes" ....

=INFO REPORT==== 30-Aug-2012::13:53:04 ===
GET /main/user_request [helpdesk] 200 134ms

=INFO REPORT==== 30-Aug-2012::13:53:05 ===
Loading routes from "/home/simba/hacking/erlang/helpdesk/priv/helpdesk.routes" ....

=INFO REPORT==== 30-Aug-2012::13:53:05 ===
GET /main/user_request/tag_order/id_order [helpdesk] 200 142ms

=INFO REPORT==== 30-Aug-2012::13:53:06 ===
Loading routes from "/home/simba/hacking/erlang/helpdesk/priv/helpdesk.routes" ....

=INFO REPORT==== 30-Aug-2012::13:53:06 ===
GET /main/user_request/tag_order/depart_id [helpdesk] 200 139ms

=INFO REPORT==== 30-Aug-2012::13:53:07 ===
Loading routes from "/home/simba/hacking/erlang/helpdesk/priv/helpdesk.routes" ....

=INFO REPORT==== 30-Aug-2012::13:53:07 ===
GET /main/user_request/tag_order/creation_time [helpdesk] 200 133ms

=INFO REPORT==== 30-Aug-2012::13:53:57 ===
Loading routes from "/home/simba/hacking/erlang/helpdesk/priv/helpdesk.routes" ....

=INFO REPORT==== 30-Aug-2012::13:53:57 ===
GET /main/user_request/tag_order/note [helpdesk] 200 137ms

=INFO REPORT==== 30-Aug-2012::13:53:59 ===
Loading routes from "/home/simba/hacking/erlang/helpdesk/priv/helpdesk.routes" ....

=INFO REPORT==== 30-Aug-2012::13:53:59 ===
GET /main/user_request/tag_order/close_time [helpdesk] 200 131ms

=INFO REPORT==== 30-Aug-2012::13:54:01 ===
Loading routes from "/home/simba/hacking/erlang/helpdesk/priv/helpdesk.routes" ....

=INFO REPORT==== 30-Aug-2012::13:54:01 ===
GET /main/user_request/tag_order/note [helpdesk] 200 127ms

=INFO REPORT==== 30-Aug-2012::13:54:18 ===
Loading routes from "/home/simba/hacking/erlang/helpdesk/priv/helpdesk.routes" ....

=INFO REPORT==== 30-Aug-2012::13:54:18 ===
Loading routes from "/home/simba/hacking/erlang/helpdesk/priv/helpdesk.routes" ....

=INFO REPORT==== 30-Aug-2012::13:54:18 ===
Loading routes from "/home/simba/hacking/erlang/helpdesk/priv/helpdesk.routes" ....

=INFO REPORT==== 30-Aug-2012::13:54:18 ===
GET /main/user_request/tag_order/creation_time [helpdesk] 200 182ms

=INFO REPORT==== 30-Aug-2012::13:54:18 ===
GET /main/user_request/tag_order/creation_time [helpdesk] 200 179ms

=INFO REPORT==== 30-Aug-2012::13:54:18 ===
GET /main/user_request/tag_order/creation_time [helpdesk] 200 156ms

=INFO REPORT==== 30-Aug-2012::13:54:20 ===
Loading routes from "/home/simba/hacking/erlang/helpdesk/priv/helpdesk.routes" ....

=INFO REPORT==== 30-Aug-2012::13:54:20 ===
GET /main/user_request/tag_order/worker_in_time [helpdesk] 200 129ms

=INFO REPORT==== 30-Aug-2012::13:54:21 ===
Loading routes from "/home/simba/hacking/erlang/helpdesk/priv/helpdesk.routes" ....

=INFO REPORT==== 30-Aug-2012::13:54:21 ===
GET /main/user_request/tag_order/worker_out_time [helpdesk] 200 133ms

=INFO REPORT==== 30-Aug-2012::13:54:22 ===
Loading routes from "/home/simba/hacking/erlang/helpdesk/priv/helpdesk.routes" ....

=INFO REPORT==== 30-Aug-2012::13:54:22 ===
GET /main/user_request/tag_order/close_time [helpdesk] 200 131ms

=INFO REPORT==== 30-Aug-2012::13:54:24 ===
Loading routes from "/home/simba/hacking/erlang/helpdesk/priv/helpdesk.routes" ....

=INFO REPORT==== 30-Aug-2012::13:54:24 ===
GET /main/user_request/tag_order/note [helpdesk] 200 134ms

=INFO REPORT==== 30-Aug-2012::13:54:41 ===
Loading routes from "/home/simba/hacking/erlang/helpdesk/priv/helpdesk.routes" ....

=INFO REPORT==== 30-Aug-2012::13:54:41 ===
GET /main/depart_request [helpdesk] 200 166ms

=INFO REPORT==== 30-Aug-2012::13:55:04 ===
Loading routes from "/home/simba/hacking/erlang/helpdesk/priv/helpdesk.routes" ....

=INFO REPORT==== 30-Aug-2012::13:55:04 ===
GET /main/depart_request/tag_order/worker_in_time [helpdesk] 200 159ms

=INFO REPORT==== 30-Aug-2012::13:55:05 ===
Loading routes from "/home/simba/hacking/erlang/helpdesk/priv/helpdesk.routes" ....

=INFO REPORT==== 30-Aug-2012::13:55:05 ===
GET /main/depart_request/tag_order/creation_time [helpdesk] 200 157ms

=INFO REPORT==== 30-Aug-2012::13:55:06 ===
Loading routes from "/home/simba/hacking/erlang/helpdesk/priv/helpdesk.routes" ....

=INFO REPORT==== 30-Aug-2012::13:55:06 ===
GET /main/depart_request/tag_order/id_order [helpdesk] 200 159ms

=INFO REPORT==== 30-Aug-2012::13:55:07 ===
Loading routes from "/home/simba/hacking/erlang/helpdesk/priv/helpdesk.routes" ....

=INFO REPORT==== 30-Aug-2012::13:55:08 ===
GET /main/depart_request/tag_order/cl_user_id [helpdesk] 200 174ms

=INFO REPORT==== 30-Aug-2012::13:55:33 ===
Loading routes from "/home/simba/hacking/erlang/helpdesk/priv/helpdesk.routes" ....

=INFO REPORT==== 30-Aug-2012::13:55:33 ===
GET /request/index [helpdesk] 200 228ms

=INFO REPORT==== 30-Aug-2012::13:55:34 ===
Loading routes from "/home/simba/hacking/erlang/helpdesk/priv/helpdesk.routes" ....

=INFO REPORT==== 30-Aug-2012::13:55:34 ===
GET /request/create [helpdesk] 200 130ms

=INFO REPORT==== 30-Aug-2012::13:55:50 ===
Loading routes from "/home/simba/hacking/erlang/helpdesk/priv/helpdesk.routes" ....

=INFO REPORT==== 30-Aug-2012::13:55:50 ===
GET /depart/index [helpdesk] 200 145ms

=INFO REPORT==== 30-Aug-2012::13:58:36 ===
Loading routes from "/home/simba/hacking/erlang/helpdesk/priv/helpdesk.routes" ....

=INFO REPORT==== 30-Aug-2012::13:58:36 ===
GET /main/user_request [helpdesk] 200 137ms

=INFO REPORT==== 30-Aug-2012::13:58:55 ===
Loading routes from "/home/simba/hacking/erlang/helpdesk/priv/helpdesk.routes" ....

=INFO REPORT==== 30-Aug-2012::13:58:55 ===
GET /main/depart_request [helpdesk] 200 157ms

=INFO REPORT==== 30-Aug-2012::13:58:57 ===
Loading routes from "/home/simba/hacking/erlang/helpdesk/priv/helpdesk.routes" ....

=INFO REPORT==== 30-Aug-2012::13:58:57 ===
GET /main/depart_request/tag_order/note [helpdesk] 200 167ms

=INFO REPORT==== 30-Aug-2012::13:59:02 ===
Loading routes from "/home/simba/hacking/erlang/helpdesk/priv/helpdesk.routes" ....

=INFO REPORT==== 30-Aug-2012::13:59:02 ===
GET /main/depart_request/tag_order/cl_user_id [helpdesk] 200 161ms
