
=INFO REPORT==== 20-Aug-2012::16:08:13 ===
Starting Boss in development mode....

=INFO REPORT==== 20-Aug-2012::16:08:13 ===
Starting master services on 'helpdesk@simba-Aspire-4920'

=INFO REPORT==== 20-Aug-2012::16:08:13 ===
SSL:[]

=INFO REPORT==== 20-Aug-2012::16:08:13 ===
Loading routes from "../cb_admin/priv/cb_admin.routes" ....

=INFO REPORT==== 20-Aug-2012::16:08:13 ===
Loading routes from "/home/simba/hacking/erlang/helpdesk/priv/helpdesk.routes" ....

=INFO REPORT==== 20-Aug-2012::16:08:17 ===
GET /admin/model/model [cb_admin] 200 15ms

=ERROR REPORT==== 20-Aug-2012::16:08:19 ===
{function_clause,[{lists,map,
                         [#Fun<cb_admin_model_controller.0.33077844>,
                          {error,<<"#42S02Table 'helpdesk.tests' doesn't exist">>}]},
                  {cb_admin_model_controller,model,4},
                  {boss_web_controller,execute_action,5},
                  {boss_web_controller,process_request,5},
                  {timer,tc,3},
                  {boss_web_controller,handle_request,3},
                  {mochiweb_http,headers,5},
                  {proc_lib,init_p_do_apply,3}]}

=ERROR REPORT==== 20-Aug-2012::16:08:19 ===
GET /admin/model/model/test [cb_admin] 500 8ms

=INFO REPORT==== 20-Aug-2012::16:08:45 ===
GET /admin/model/model/test [cb_admin] 200 14ms

=INFO REPORT==== 20-Aug-2012::16:08:47 ===
GET /admin/model/create/test [cb_admin] 200 3ms

=INFO REPORT==== 20-Aug-2012::16:08:49 ===
POST /admin/model/create/test [cb_admin] 302 65ms

=INFO REPORT==== 20-Aug-2012::16:08:49 ===
GET /admin/model/show/test-0 [cb_admin] 200 91ms

=INFO REPORT==== 20-Aug-2012::16:08:50 ===
POST /admin/model/watch [cb_admin] 200 4ms

=INFO REPORT==== 20-Aug-2012::16:08:55 ===
GET /admin/model/edit/test-0 [cb_admin] 200 6ms

=INFO REPORT==== 20-Aug-2012::16:09:03 ===
POST /admin/model/edit/test-0 [cb_admin] 302 58ms

=INFO REPORT==== 20-Aug-2012::16:09:03 ===
GET /admin/model/events/1345457329871988 [cb_admin] 200 12896ms

=INFO REPORT==== 20-Aug-2012::16:09:03 ===
GET /admin/model/show/test-0 [cb_admin] 200 3ms

=INFO REPORT==== 20-Aug-2012::16:09:03 ===
POST /admin/model/watch [cb_admin] 200 0ms

=INFO REPORT==== 20-Aug-2012::16:09:05 ===
GET /admin/model/edit/test-0 [cb_admin] 200 2ms

=INFO REPORT==== 20-Aug-2012::16:09:11 ===
POST /admin/model/edit/test-0 [cb_admin] 302 53ms

=INFO REPORT==== 20-Aug-2012::16:09:11 ===
GET /admin/model/events/1345457343067761 [cb_admin] 200 8621ms

=INFO REPORT==== 20-Aug-2012::16:09:11 ===
GET /admin/model/show/test-0 [cb_admin] 200 3ms

=INFO REPORT==== 20-Aug-2012::16:09:12 ===
POST /admin/model/watch [cb_admin] 200 0ms

=INFO REPORT==== 20-Aug-2012::16:09:19 ===
GET /admin/model/edit/test-0 [cb_admin] 200 4ms

=INFO REPORT==== 20-Aug-2012::16:09:27 ===
POST /admin/model/edit/test-0 [cb_admin] 302 59ms

=INFO REPORT==== 20-Aug-2012::16:09:27 ===
GET /admin/model/events/1345457351916530 [cb_admin] 200 14952ms

=INFO REPORT==== 20-Aug-2012::16:09:27 ===
GET /admin/model/show/test-0 [cb_admin] 200 3ms

=INFO REPORT==== 20-Aug-2012::16:09:27 ===
POST /admin/model/watch [cb_admin] 200 0ms

=INFO REPORT==== 20-Aug-2012::16:09:30 ===
GET /admin/model/edit/test-0 [cb_admin] 200 4ms

=INFO REPORT==== 20-Aug-2012::16:09:37 ===
POST /admin/model/edit/test-0 [cb_admin] 302 45ms

=INFO REPORT==== 20-Aug-2012::16:09:37 ===
GET /admin/model/events/1345457367082423 [cb_admin] 200 10072ms

=INFO REPORT==== 20-Aug-2012::16:09:37 ===
GET /admin/model/show/test-0 [cb_admin] 200 5ms

=INFO REPORT==== 20-Aug-2012::16:09:37 ===
POST /admin/model/watch [cb_admin] 200 0ms

=INFO REPORT==== 20-Aug-2012::16:09:40 ===
GET /admin/model/edit/test-0 [cb_admin] 200 3ms

=INFO REPORT==== 20-Aug-2012::16:09:43 ===
POST /admin/model/edit/test-0 [cb_admin] 302 56ms

=INFO REPORT==== 20-Aug-2012::16:09:43 ===
GET /admin/model/events/1345457377368732 [cb_admin] 200 6373ms

=INFO REPORT==== 20-Aug-2012::16:09:43 ===
GET /admin/model/show/test-0 [cb_admin] 200 3ms

=INFO REPORT==== 20-Aug-2012::16:09:44 ===
POST /admin/model/watch [cb_admin] 200 0ms

=INFO REPORT==== 20-Aug-2012::16:09:54 ===
GET /admin/model/model [cb_admin] 200 2ms

=INFO REPORT==== 20-Aug-2012::16:09:58 ===
GET /admin/model/model/request [cb_admin] 200 6ms

=INFO REPORT==== 20-Aug-2012::16:09:59 ===
GET /admin/model/create/request [cb_admin] 200 2ms

=ERROR REPORT==== 20-Aug-2012::16:10:08 ===
{function_clause,[{erlydtl_runtime,init_counter_stats,
                                   [<<"#42S22Unknown column 'change_time' in 'field list'">>,
                                    undefined]},
                  {cb_admin_view_model_create_html,render_internal,4},
                  {cb_admin_view_model_create_html,render,2},
                  {boss_web_controller,render_view,6},
                  {boss_web_controller,execute_action,5},
                  {boss_web_controller,process_request,5},
                  {timer,tc,3},
                  {boss_web_controller,handle_request,3}]}

=ERROR REPORT==== 20-Aug-2012::16:10:08 ===
POST /admin/model/create/request [cb_admin] 500 3ms

=INFO REPORT==== 20-Aug-2012::16:10:14 ===
GET /admin/model/events/1345457383984130 [cb_admin] 200 30001ms
