
=INFO REPORT==== 20-Aug-2012::15:20:41 ===
Starting Boss in development mode....

=INFO REPORT==== 20-Aug-2012::15:20:42 ===
Starting master services on 'helpdesk@simba-Aspire-4920'

=INFO REPORT==== 20-Aug-2012::15:20:42 ===
SSL:[]

=INFO REPORT==== 20-Aug-2012::15:20:42 ===
Loading routes from "../cb_admin/priv/cb_admin.routes" ....

=INFO REPORT==== 20-Aug-2012::15:20:42 ===
Loading routes from "/home/simba/hacking/erlang/helpdesk/priv/helpdesk.routes" ....

=INFO REPORT==== 20-Aug-2012::15:20:57 ===
POST /admin/model/heartbeat/7 [cb_admin] 200 44ms

=INFO REPORT==== 20-Aug-2012::15:21:27 ===
POST /admin/model/heartbeat/7 [cb_admin] 200 0ms

=INFO REPORT==== 20-Aug-2012::15:21:57 ===
POST /admin/model/heartbeat/7 [cb_admin] 200 0ms

=INFO REPORT==== 20-Aug-2012::15:22:27 ===
POST /admin/model/heartbeat/7 [cb_admin] 200 0ms

=INFO REPORT==== 20-Aug-2012::15:22:57 ===
POST /admin/model/heartbeat/7 [cb_admin] 200 0ms

=INFO REPORT==== 20-Aug-2012::15:23:27 ===
POST /admin/model/heartbeat/7 [cb_admin] 200 0ms

=INFO REPORT==== 20-Aug-2012::15:23:57 ===
POST /admin/model/heartbeat/7 [cb_admin] 200 0ms

=INFO REPORT==== 20-Aug-2012::15:24:27 ===
POST /admin/model/heartbeat/7 [cb_admin] 200 0ms

=INFO REPORT==== 20-Aug-2012::15:24:57 ===
POST /admin/model/heartbeat/7 [cb_admin] 200 0ms

=INFO REPORT==== 20-Aug-2012::15:25:21 ===
GET /admin/model/model [cb_admin] 200 69ms

=INFO REPORT==== 20-Aug-2012::15:25:23 ===
GET /admin/model/model/test [cb_admin] 200 585ms

=INFO REPORT==== 20-Aug-2012::15:25:25 ===
GET /admin/model/create/test [cb_admin] 200 24ms

=INFO REPORT==== 20-Aug-2012::15:25:31 ===
GET /admin/model/model [cb_admin] 200 2ms

=INFO REPORT==== 20-Aug-2012::15:25:32 ===
GET /admin/model/model/depart [cb_admin] 200 9ms

=INFO REPORT==== 20-Aug-2012::15:25:34 ===
GET /admin/model/create/depart [cb_admin] 200 3ms

=INFO REPORT==== 20-Aug-2012::15:25:39 ===
POST /admin/model/create/depart [cb_admin] 302 20ms

=INFO REPORT==== 20-Aug-2012::15:25:39 ===
GET /admin/model/show/depart-50320293ded5663830000001 [cb_admin] 200 19ms

=INFO REPORT==== 20-Aug-2012::15:25:40 ===
POST /admin/model/watch [cb_admin] 200 120ms

=INFO REPORT==== 20-Aug-2012::15:25:42 ===
GET /admin/model/model/depart [cb_admin] 200 6ms

=INFO REPORT==== 20-Aug-2012::15:25:42 ===
POST /admin/model/watch [cb_admin] 200 0ms

=INFO REPORT==== 20-Aug-2012::15:25:43 ===
GET /admin/model/show/depart-50320293ded5663830000001 [cb_admin] 200 7ms

=INFO REPORT==== 20-Aug-2012::15:25:43 ===
POST /admin/model/watch [cb_admin] 200 0ms

=INFO REPORT==== 20-Aug-2012::15:25:46 ===
GET /admin/model/edit/depart-50320293ded5663830000001 [cb_admin] 200 4ms

=INFO REPORT==== 20-Aug-2012::15:25:48 ===
POST /admin/model/edit/depart-50320293ded5663830000001 [cb_admin] 302 3ms

=INFO REPORT==== 20-Aug-2012::15:25:48 ===
GET /admin/model/events/1345454739729150 [cb_admin] 200 8729ms

=INFO REPORT==== 20-Aug-2012::15:25:48 ===
GET /admin/model/events/1345454742094783 [cb_admin] 200 6450ms

=INFO REPORT==== 20-Aug-2012::15:25:48 ===
GET /admin/model/events/1345454743583278 [cb_admin] 200 5001ms

=INFO REPORT==== 20-Aug-2012::15:25:48 ===
GET /admin/model/show/depart-50320293ded5663830000001 [cb_admin] 200 5ms

=INFO REPORT==== 20-Aug-2012::15:25:48 ===
POST /admin/model/watch [cb_admin] 200 0ms

=INFO REPORT==== 20-Aug-2012::15:25:53 ===
GET /admin/model/model [cb_admin] 200 4ms

=INFO REPORT==== 20-Aug-2012::15:25:55 ===
GET /admin/model/model/test [cb_admin] 200 7ms

=INFO REPORT==== 20-Aug-2012::15:25:56 ===
GET /admin/model/create/test [cb_admin] 200 2ms

=INFO REPORT==== 20-Aug-2012::15:26:01 ===
POST /admin/model/create/test [cb_admin] 200 2ms

=INFO REPORT==== 20-Aug-2012::15:26:05 ===
POST /admin/model/create/test [cb_admin] 200 2ms

=INFO REPORT==== 20-Aug-2012::15:26:08 ===
POST /admin/model/create/test [cb_admin] 200 2ms

=INFO REPORT==== 20-Aug-2012::15:26:10 ===
POST /admin/model/create/test [cb_admin] 200 2ms

=INFO REPORT==== 20-Aug-2012::15:26:14 ===
POST /admin/model/create/test [cb_admin] 200 3ms

=INFO REPORT==== 20-Aug-2012::15:26:18 ===
GET /admin/model/events/1345454748780991 [cb_admin] 200 30001ms

=INFO REPORT==== 20-Aug-2012::15:26:20 ===
POST /admin/model/create/test [cb_admin] 200 2ms
