
=INFO REPORT==== 20-Aug-2012::11:19:18 ===
Starting Boss in development mode....

=INFO REPORT==== 20-Aug-2012::11:19:18 ===
Starting master services on 'helpdesk@simba-Aspire-4920'

=INFO REPORT==== 20-Aug-2012::11:19:18 ===
SSL:[]

=INFO REPORT==== 20-Aug-2012::11:19:18 ===
Loading routes from "../cb_admin/priv/cb_admin.routes" ....

=INFO REPORT==== 20-Aug-2012::11:19:18 ===
Loading routes from "/home/simba/hacking/erlang/helpdesk/priv/helpdesk.routes" ....

=ERROR REPORT==== 20-Aug-2012::11:19:22 ===
** Generic server <0.70.0> terminating 
** Last message in was {find,test,[],100,0,id,descending}
** When Server state == {state,boss_db_adapter_pgsql,<0.71.0>,[],
                               {dict,0,16,16,8,80,48,
                                     {[],[],[],[],[],[],[],[],[],[],[],[],[],
                                      [],[],[]},
                                     {{[],[],[],[],[],[],[],[],[],[],[],[],[],
                                       [],[],[]}}},
                               false,60,db,0}
** Reason for termination == 
** {function_clause,[{boss_record_lib,convert_value_to_type,[null,string]},
                     {lists,map,2},
                     {lists,map,2},
                     {boss_db_adapter_pgsql,activate_record,3},
                     {lists,map,2},
                     {boss_db_controller,handle_call,3},
                     {gen_server,handle_msg,5},
                     {proc_lib,init_p_do_apply,3}]}

=ERROR REPORT==== 20-Aug-2012::11:19:22 ===
{{function_clause,[{boss_record_lib,convert_value_to_type,[null,string]},
                   {lists,map,2},
                   {lists,map,2},
                   {boss_db_adapter_pgsql,activate_record,3},
                   {lists,map,2},
                   {boss_db_controller,handle_call,3},
                   {gen_server,handle_msg,5},
                   {proc_lib,init_p_do_apply,3}]},
 {gen_server,call,[<0.70.0>,{find,test,[],100,0,id,descending},30000]}}

=ERROR REPORT==== 20-Aug-2012::11:19:22 ===
GET /admin/model/model/test [cb_admin] 500 18ms

=ERROR REPORT==== 20-Aug-2012::11:19:23 ===
** Generic server <0.76.0> terminating 
** Last message in was {find,test,[],100,0,id,descending}
** When Server state == {state,boss_db_adapter_pgsql,<0.77.0>,[],
                               {dict,0,16,16,8,80,48,
                                     {[],[],[],[],[],[],[],[],[],[],[],[],[],
                                      [],[],[]},
                                     {{[],[],[],[],[],[],[],[],[],[],[],[],[],
                                       [],[],[]}}},
                               false,60,db,0}
** Reason for termination == 
** {function_clause,[{boss_record_lib,convert_value_to_type,[null,string]},
                     {lists,map,2},
                     {lists,map,2},
                     {boss_db_adapter_pgsql,activate_record,3},
                     {lists,map,2},
                     {boss_db_controller,handle_call,3},
                     {gen_server,handle_msg,5},
                     {proc_lib,init_p_do_apply,3}]}

=ERROR REPORT==== 20-Aug-2012::11:19:23 ===
{{function_clause,[{boss_record_lib,convert_value_to_type,[null,string]},
                   {lists,map,2},
                   {lists,map,2},
                   {boss_db_adapter_pgsql,activate_record,3},
                   {lists,map,2},
                   {boss_db_controller,handle_call,3},
                   {gen_server,handle_msg,5},
                   {proc_lib,init_p_do_apply,3}]},
 {gen_server,call,[<0.76.0>,{find,test,[],100,0,id,descending},30000]}}

=ERROR REPORT==== 20-Aug-2012::11:19:23 ===
GET /admin/model/model/test [cb_admin] 500 9ms

=INFO REPORT==== 20-Aug-2012::11:19:57 ===
GET /admin/model/model/test [cb_admin] 200 33ms

=INFO REPORT==== 20-Aug-2012::11:19:59 ===
GET /admin/model/create/test [cb_admin] 200 4ms

=INFO REPORT==== 20-Aug-2012::11:20:06 ===
POST /admin/model/create/test [cb_admin] 302 42ms

=INFO REPORT==== 20-Aug-2012::11:20:06 ===
GET /admin/model/show/test-14 [cb_admin] 200 10ms

=INFO REPORT==== 20-Aug-2012::11:20:06 ===
POST /admin/model/watch [cb_admin] 200 4ms

=INFO REPORT==== 20-Aug-2012::11:20:10 ===
GET /admin/model/model/test [cb_admin] 200 9ms

=INFO REPORT==== 20-Aug-2012::11:20:10 ===
POST /admin/model/watch [cb_admin] 200 0ms

=INFO REPORT==== 20-Aug-2012::11:20:11 ===
GET /admin/model/create/test [cb_admin] 200 3ms

=ERROR REPORT==== 20-Aug-2012::11:20:15 ===
{function_clause,
    [{erlydtl_runtime,init_counter_stats,
         [{error,error,<<"22P02">>,
              <<"invalid input syntax for integer: \"qw\"">>,
              [{position,<<"54">>}]},
          undefined]},
     {cb_admin_view_model_create_html,render_internal,4},
     {cb_admin_view_model_create_html,render,2},
     {boss_web_controller,render_view,6},
     {boss_web_controller,execute_action,5},
     {boss_web_controller,process_request,5},
     {timer,tc,3},
     {boss_web_controller,handle_request,3}]}

=ERROR REPORT==== 20-Aug-2012::11:20:15 ===
POST /admin/model/create/test [cb_admin] 500 3ms

=INFO REPORT==== 20-Aug-2012::11:20:22 ===
POST /admin/model/create/test [cb_admin] 302 23ms

=INFO REPORT==== 20-Aug-2012::11:20:22 ===
GET /admin/model/show/test-15 [cb_admin] 200 6ms

=INFO REPORT==== 20-Aug-2012::11:20:23 ===
POST /admin/model/watch [cb_admin] 200 0ms

=INFO REPORT==== 20-Aug-2012::11:20:25 ===
GET /admin/model/model/test [cb_admin] 200 6ms

=INFO REPORT==== 20-Aug-2012::11:20:25 ===
POST /admin/model/watch [cb_admin] 200 0ms

=INFO REPORT==== 20-Aug-2012::11:20:27 ===
GET /admin/model/create/test [cb_admin] 200 2ms

=ERROR REPORT==== 20-Aug-2012::11:20:28 ===
{function_clause,
    [{erlydtl_runtime,init_counter_stats,
         [{error,error,<<"22P02">>,
              <<"invalid input syntax for integer: \"\"">>,
              [{position,<<"52">>}]},
          undefined]},
     {cb_admin_view_model_create_html,render_internal,4},
     {cb_admin_view_model_create_html,render,2},
     {boss_web_controller,render_view,6},
     {boss_web_controller,execute_action,5},
     {boss_web_controller,process_request,5},
     {timer,tc,3},
     {boss_web_controller,handle_request,3}]}

=ERROR REPORT==== 20-Aug-2012::11:20:28 ===
POST /admin/model/create/test [cb_admin] 500 3ms

=INFO REPORT==== 20-Aug-2012::11:20:34 ===
POST /admin/model/create/test [cb_admin] 302 31ms

=INFO REPORT==== 20-Aug-2012::11:20:34 ===
GET /admin/model/show/test-16 [cb_admin] 200 8ms

=INFO REPORT==== 20-Aug-2012::11:20:34 ===
POST /admin/model/watch [cb_admin] 200 0ms

=INFO REPORT==== 20-Aug-2012::11:20:36 ===
GET /admin/model/events/1345440006227173 [cb_admin] 200 30001ms

=INFO REPORT==== 20-Aug-2012::11:20:40 ===
GET /admin/model/events/1345440010087747 [cb_admin] 200 30000ms

=INFO REPORT==== 20-Aug-2012::11:20:42 ===
GET /admin/model/model/test [cb_admin] 200 6ms

=INFO REPORT==== 20-Aug-2012::11:20:42 ===
POST /admin/model/watch [cb_admin] 200 0ms

=INFO REPORT==== 20-Aug-2012::11:20:45 ===
GET /admin/model/create/test [cb_admin] 200 2ms

=ERROR REPORT==== 20-Aug-2012::11:20:51 ===
{function_clause,
    [{erlydtl_runtime,init_counter_stats,
         [{error,error,<<"22P02">>,
              <<"invalid input syntax for integer: \"NULL\"">>,
              [{position,<<"52">>}]},
          undefined]},
     {cb_admin_view_model_create_html,render_internal,4},
     {cb_admin_view_model_create_html,render,2},
     {boss_web_controller,render_view,6},
     {boss_web_controller,execute_action,5},
     {boss_web_controller,process_request,5},
     {timer,tc,3},
     {boss_web_controller,handle_request,3}]}

=ERROR REPORT==== 20-Aug-2012::11:20:51 ===
POST /admin/model/create/test [cb_admin] 500 5ms

=INFO REPORT==== 20-Aug-2012::11:20:53 ===
GET /admin/model/events/1345440022865057 [cb_admin] 200 30000ms

=INFO REPORT==== 20-Aug-2012::11:20:55 ===
GET /admin/model/events/1345440025782552 [cb_admin] 200 30000ms

=INFO REPORT==== 20-Aug-2012::11:21:04 ===
GET /admin/model/events/1345440034329043 [cb_admin] 200 30001ms

=INFO REPORT==== 20-Aug-2012::11:21:12 ===
GET /admin/model/events/1345440042798826 [cb_admin] 200 30000ms
