
=INFO REPORT==== 16-Aug-2012::16:27:14 ===
Starting Boss in development mode....

=INFO REPORT==== 16-Aug-2012::16:27:14 ===
Starting master services on 'helpdesk@simba-Aspire-4920'

=INFO REPORT==== 16-Aug-2012::16:27:14 ===
SSL:[]

=INFO REPORT==== 16-Aug-2012::16:27:14 ===
Loading routes from "../cb_admin/priv/cb_admin.routes" ....

=INFO REPORT==== 16-Aug-2012::16:27:15 ===
Loading routes from "/home/simba/hacking/erlang/helpdesk/priv/helpdesk.routes" ....

=INFO REPORT==== 16-Aug-2012::16:27:17 ===
GET /admin/model/model [cb_admin] 200 65ms

=INFO REPORT==== 16-Aug-2012::16:27:19 ===
GET /admin/model/model/depart [cb_admin] 200 610ms

=INFO REPORT==== 16-Aug-2012::16:27:19 ===
POST /admin/model/watch [cb_admin] 200 67ms

=INFO REPORT==== 16-Aug-2012::16:27:20 ===
GET /admin/model/show/depart-2 [cb_admin] 200 130ms

=INFO REPORT==== 16-Aug-2012::16:27:21 ===
POST /admin/model/watch [cb_admin] 200 0ms

=INFO REPORT==== 16-Aug-2012::16:27:22 ===
GET /admin/model/edit/depart-2 [cb_admin] 200 24ms

=INFO REPORT==== 16-Aug-2012::16:27:26 ===
GET /admin/model/events/1345112839351196 [cb_admin] 200 7162ms

=INFO REPORT==== 16-Aug-2012::16:27:26 ===
GET /admin/model/events/1345112840856337 [cb_admin] 200 5725ms

=INFO REPORT==== 16-Aug-2012::16:27:26 ===
POST /admin/model/edit/depart-2 [cb_admin] 302 32ms

=INFO REPORT==== 16-Aug-2012::16:27:26 ===
GET /admin/model/show/depart-2 [cb_admin] 200 5ms

=INFO REPORT==== 16-Aug-2012::16:27:27 ===
POST /admin/model/watch [cb_admin] 200 0ms

=INFO REPORT==== 16-Aug-2012::16:27:57 ===
POST /admin/model/heartbeat/2 [cb_admin] 200 0ms

=INFO REPORT==== 16-Aug-2012::16:27:57 ===
GET /admin/model/events/1345112846826415 [cb_admin] 200 30000ms

=INFO REPORT==== 16-Aug-2012::16:28:27 ===
POST /admin/model/heartbeat/2 [cb_admin] 200 0ms

=INFO REPORT==== 16-Aug-2012::16:28:27 ===
GET /admin/model/events/1345112847061458 [cb_admin] 200 30001ms

=INFO REPORT==== 16-Aug-2012::16:28:57 ===
POST /admin/model/heartbeat/2 [cb_admin] 200 0ms

=INFO REPORT==== 16-Aug-2012::16:28:57 ===
GET /admin/model/events/1345112877073221 [cb_admin] 200 30000ms

=INFO REPORT==== 16-Aug-2012::16:29:18 ===
GET /admin/model/edit/depart-2 [cb_admin] 200 5ms

=INFO REPORT==== 16-Aug-2012::16:29:22 ===
GET /admin/model/events/1345112907119872 [cb_admin] 200 25633ms

=INFO REPORT==== 16-Aug-2012::16:29:22 ===
POST /admin/model/edit/depart-2 [cb_admin] 302 42ms

=INFO REPORT==== 16-Aug-2012::16:29:22 ===
GET /admin/model/show/depart-2 [cb_admin] 200 5ms

=INFO REPORT==== 16-Aug-2012::16:29:23 ===
POST /admin/model/watch [cb_admin] 200 0ms

=INFO REPORT==== 16-Aug-2012::16:29:27 ===
GET /admin/model/edit/depart-2 [cb_admin] 200 5ms

=INFO REPORT==== 16-Aug-2012::16:29:31 ===
GET /admin/model/events/1345112962814226 [cb_admin] 200 7960ms

=INFO REPORT==== 16-Aug-2012::16:29:31 ===
POST /admin/model/edit/depart-2 [cb_admin] 302 20ms

=INFO REPORT==== 16-Aug-2012::16:29:31 ===
GET /admin/model/show/depart-2 [cb_admin] 200 6ms

=INFO REPORT==== 16-Aug-2012::16:29:31 ===
POST /admin/model/watch [cb_admin] 200 0ms

=INFO REPORT==== 16-Aug-2012::16:30:01 ===
POST /admin/model/heartbeat/4 [cb_admin] 200 0ms

=INFO REPORT==== 16-Aug-2012::16:30:01 ===
GET /admin/model/events/1345112971056391 [cb_admin] 200 30000ms

=INFO REPORT==== 16-Aug-2012::16:30:31 ===
POST /admin/model/heartbeat/4 [cb_admin] 200 0ms

=INFO REPORT==== 16-Aug-2012::16:30:31 ===
GET /admin/model/events/1345112971336742 [cb_admin] 200 30001ms

=INFO REPORT==== 16-Aug-2012::16:31:01 ===
POST /admin/model/heartbeat/4 [cb_admin] 200 0ms

=INFO REPORT==== 16-Aug-2012::16:31:01 ===
GET /admin/model/events/1345113001384164 [cb_admin] 200 30000ms

=INFO REPORT==== 16-Aug-2012::16:31:31 ===
POST /admin/model/heartbeat/4 [cb_admin] 200 0ms

=INFO REPORT==== 16-Aug-2012::16:31:31 ===
GET /admin/model/events/1345113031435922 [cb_admin] 200 30000ms

=INFO REPORT==== 16-Aug-2012::16:32:01 ===
POST /admin/model/heartbeat/4 [cb_admin] 200 0ms

=INFO REPORT==== 16-Aug-2012::16:32:01 ===
GET /admin/model/events/1345113061485842 [cb_admin] 200 30000ms

=INFO REPORT==== 16-Aug-2012::16:32:31 ===
POST /admin/model/heartbeat/4 [cb_admin] 200 0ms

=INFO REPORT==== 16-Aug-2012::16:32:31 ===
GET /admin/model/events/1345113091529843 [cb_admin] 200 30000ms

=INFO REPORT==== 16-Aug-2012::16:33:01 ===
POST /admin/model/heartbeat/4 [cb_admin] 200 0ms

=INFO REPORT==== 16-Aug-2012::16:33:01 ===
GET /admin/model/events/1345113121572743 [cb_admin] 200 30001ms

=INFO REPORT==== 16-Aug-2012::16:33:31 ===
POST /admin/model/heartbeat/4 [cb_admin] 200 0ms

=INFO REPORT==== 16-Aug-2012::16:33:31 ===
GET /admin/model/events/1345113151621470 [cb_admin] 200 30001ms

=INFO REPORT==== 16-Aug-2012::16:34:01 ===
POST /admin/model/heartbeat/4 [cb_admin] 200 0ms

=INFO REPORT==== 16-Aug-2012::16:34:01 ===
GET /admin/model/events/1345113181667303 [cb_admin] 200 30001ms

=INFO REPORT==== 16-Aug-2012::16:34:31 ===
POST /admin/model/heartbeat/4 [cb_admin] 200 0ms

=INFO REPORT==== 16-Aug-2012::16:34:31 ===
GET /admin/model/events/1345113211715077 [cb_admin] 200 30000ms

=INFO REPORT==== 16-Aug-2012::16:35:01 ===
POST /admin/model/heartbeat/4 [cb_admin] 200 0ms

=INFO REPORT==== 16-Aug-2012::16:35:01 ===
GET /admin/model/events/1345113241762609 [cb_admin] 200 30001ms

=INFO REPORT==== 16-Aug-2012::16:35:31 ===
POST /admin/model/heartbeat/4 [cb_admin] 200 0ms

=INFO REPORT==== 16-Aug-2012::16:35:31 ===
GET /admin/model/events/1345113271807128 [cb_admin] 200 30001ms

=INFO REPORT==== 16-Aug-2012::16:36:01 ===
POST /admin/model/heartbeat/4 [cb_admin] 200 0ms

=INFO REPORT==== 16-Aug-2012::16:36:01 ===
GET /admin/model/events/1345113301854398 [cb_admin] 200 30000ms

=INFO REPORT==== 16-Aug-2012::16:36:31 ===
POST /admin/model/heartbeat/4 [cb_admin] 200 0ms

=INFO REPORT==== 16-Aug-2012::16:36:31 ===
GET /admin/model/events/1345113331896710 [cb_admin] 200 30001ms

=INFO REPORT==== 16-Aug-2012::16:37:01 ===
POST /admin/model/heartbeat/4 [cb_admin] 200 0ms

=INFO REPORT==== 16-Aug-2012::16:37:01 ===
GET /admin/model/events/1345113361940580 [cb_admin] 200 30001ms

=INFO REPORT==== 16-Aug-2012::16:37:31 ===
POST /admin/model/heartbeat/4 [cb_admin] 200 0ms

=INFO REPORT==== 16-Aug-2012::16:37:32 ===
GET /admin/model/events/1345113391987411 [cb_admin] 200 30001ms

=INFO REPORT==== 16-Aug-2012::16:38:01 ===
POST /admin/model/heartbeat/4 [cb_admin] 200 0ms

=INFO REPORT==== 16-Aug-2012::16:38:02 ===
GET /admin/model/events/1345113422035082 [cb_admin] 200 30001ms

=INFO REPORT==== 16-Aug-2012::16:38:31 ===
POST /admin/model/heartbeat/4 [cb_admin] 200 0ms

=INFO REPORT==== 16-Aug-2012::16:38:32 ===
GET /admin/model/events/1345113452086415 [cb_admin] 200 30000ms

=INFO REPORT==== 16-Aug-2012::16:39:01 ===
POST /admin/model/heartbeat/4 [cb_admin] 200 0ms

=INFO REPORT==== 16-Aug-2012::16:39:02 ===
GET /admin/model/events/1345113482131655 [cb_admin] 200 30001ms

=INFO REPORT==== 16-Aug-2012::16:39:31 ===
POST /admin/model/heartbeat/4 [cb_admin] 200 0ms

=INFO REPORT==== 16-Aug-2012::16:39:32 ===
GET /admin/model/events/1345113512179255 [cb_admin] 200 30000ms

=INFO REPORT==== 16-Aug-2012::16:40:01 ===
POST /admin/model/heartbeat/4 [cb_admin] 200 0ms

=INFO REPORT==== 16-Aug-2012::16:40:02 ===
GET /admin/model/events/1345113542227929 [cb_admin] 200 30001ms

=INFO REPORT==== 16-Aug-2012::16:40:31 ===
POST /admin/model/heartbeat/4 [cb_admin] 200 0ms

=INFO REPORT==== 16-Aug-2012::16:40:32 ===
GET /admin/model/events/1345113572277577 [cb_admin] 200 30001ms

=INFO REPORT==== 16-Aug-2012::16:41:01 ===
POST /admin/model/heartbeat/4 [cb_admin] 200 0ms

=INFO REPORT==== 16-Aug-2012::16:41:02 ===
GET /admin/model/events/1345113602322320 [cb_admin] 200 30000ms

=INFO REPORT==== 16-Aug-2012::16:41:31 ===
POST /admin/model/heartbeat/4 [cb_admin] 200 0ms

=INFO REPORT==== 16-Aug-2012::16:41:32 ===
GET /admin/model/events/1345113632369600 [cb_admin] 200 30001ms
