
=INFO REPORT==== 17-Aug-2012::12:53:01 ===
Starting Boss in development mode....

=INFO REPORT==== 17-Aug-2012::12:53:01 ===
Starting master services on 'helpdesk@simba-Aspire-4920'

=INFO REPORT==== 17-Aug-2012::12:53:01 ===
SSL:[]

=INFO REPORT==== 17-Aug-2012::12:53:01 ===
Loading routes from "../cb_admin/priv/cb_admin.routes" ....

=INFO REPORT==== 17-Aug-2012::12:53:01 ===
Loading routes from "/home/simba/hacking/erlang/helpdesk/priv/helpdesk.routes" ....

=INFO REPORT==== 17-Aug-2012::12:53:22 ===
GET /admin/model/model [cb_admin] 200 14ms

=INFO REPORT==== 17-Aug-2012::12:53:25 ===
GET /admin/model/model/operator [cb_admin] 200 24ms

=INFO REPORT==== 17-Aug-2012::12:53:25 ===
GET /admin/model/create/operator [cb_admin] 200 4ms

=INFO REPORT==== 17-Aug-2012::12:53:32 ===
POST /admin/model/create/operator [cb_admin] 302 32ms

=INFO REPORT==== 17-Aug-2012::12:53:32 ===
GET /admin/model/show/operator-2 [cb_admin] 200 12ms

=INFO REPORT==== 17-Aug-2012::12:53:32 ===
POST /admin/model/watch [cb_admin] 200 4ms

=INFO REPORT==== 17-Aug-2012::12:53:35 ===
GET /admin/model/edit/operator-2 [cb_admin] 200 4ms

=INFO REPORT==== 17-Aug-2012::12:53:38 ===
GET /admin/model/events/1345186412274135 [cb_admin] 200 5711ms

=INFO REPORT==== 17-Aug-2012::12:53:38 ===
POST /admin/model/edit/operator-2 [cb_admin] 302 38ms

=INFO REPORT==== 17-Aug-2012::12:53:38 ===
GET /admin/model/show/operator-2 [cb_admin] 200 5ms

=INFO REPORT==== 17-Aug-2012::12:53:38 ===
POST /admin/model/watch [cb_admin] 200 0ms

=INFO REPORT==== 17-Aug-2012::12:54:08 ===
GET /admin/model/events/1345186418213294 [cb_admin] 200 30000ms

=INFO REPORT==== 17-Aug-2012::12:54:08 ===
POST /admin/model/heartbeat/1 [cb_admin] 200 0ms

=INFO REPORT==== 17-Aug-2012::12:54:38 ===
POST /admin/model/heartbeat/1 [cb_admin] 200 0ms

=INFO REPORT==== 17-Aug-2012::12:54:38 ===
GET /admin/model/events/1345186418415578 [cb_admin] 200 30001ms

=INFO REPORT==== 17-Aug-2012::12:55:08 ===
POST /admin/model/heartbeat/1 [cb_admin] 200 0ms

=INFO REPORT==== 17-Aug-2012::12:55:08 ===
GET /admin/model/events/1345186448434402 [cb_admin] 200 30001ms

=INFO REPORT==== 17-Aug-2012::12:55:38 ===
GET /admin/model/model [cb_admin] 200 3ms

=INFO REPORT==== 17-Aug-2012::12:55:38 ===
GET /admin/model/events/1345186478484082 [cb_admin] 200 30001ms

=INFO REPORT==== 17-Aug-2012::12:55:39 ===
GET /admin/model/model/operator [cb_admin] 200 9ms

=INFO REPORT==== 17-Aug-2012::12:55:39 ===
POST /admin/model/watch [cb_admin] 200 0ms

=INFO REPORT==== 17-Aug-2012::12:55:40 ===
GET /admin/model/create/operator [cb_admin] 200 2ms

=INFO REPORT==== 17-Aug-2012::12:55:48 ===
POST /admin/model/create/operator [cb_admin] 302 27ms

=INFO REPORT==== 17-Aug-2012::12:55:48 ===
GET /admin/model/show/operator-3 [cb_admin] 200 7ms

=INFO REPORT==== 17-Aug-2012::12:55:48 ===
POST /admin/model/watch [cb_admin] 200 0ms

=INFO REPORT==== 17-Aug-2012::12:55:51 ===
GET /admin/model/model/operator [cb_admin] 200 5ms

=INFO REPORT==== 17-Aug-2012::12:55:51 ===
POST /admin/model/watch [cb_admin] 200 0ms

=INFO REPORT==== 17-Aug-2012::12:55:54 ===
GET /admin/model/show/operator-3 [cb_admin] 200 5ms

=INFO REPORT==== 17-Aug-2012::12:55:54 ===
POST /admin/model/watch [cb_admin] 200 0ms

=INFO REPORT==== 17-Aug-2012::12:55:55 ===
GET /admin/model/delete/operator-3 [cb_admin] 200 3ms

=INFO REPORT==== 17-Aug-2012::12:55:57 ===
POST /admin/model/delete/operator-3 [cb_admin] 302 25ms

=INFO REPORT==== 17-Aug-2012::12:55:57 ===
GET /admin/model/model/operator [cb_admin] 200 8ms

=INFO REPORT==== 17-Aug-2012::12:55:57 ===
POST /admin/model/watch [cb_admin] 200 0ms

=INFO REPORT==== 17-Aug-2012::12:55:58 ===
GET /admin/model/show/operator-2 [cb_admin] 200 7ms

=INFO REPORT==== 17-Aug-2012::12:55:58 ===
POST /admin/model/watch [cb_admin] 200 0ms

=INFO REPORT==== 17-Aug-2012::12:55:59 ===
GET /admin/model/delete/operator-2 [cb_admin] 200 4ms

=INFO REPORT==== 17-Aug-2012::12:56:00 ===
POST /admin/model/delete/operator-2 [cb_admin] 302 41ms

=INFO REPORT==== 17-Aug-2012::12:56:00 ===
GET /admin/model/model/operator [cb_admin] 200 5ms

=INFO REPORT==== 17-Aug-2012::12:56:09 ===
GET /admin/model/events/1345186539082667 [cb_admin] 200 30000ms

=INFO REPORT==== 17-Aug-2012::12:56:18 ===
GET /admin/model/events/1345186548687105 [cb_admin] 200 30000ms

=INFO REPORT==== 17-Aug-2012::12:56:21 ===
GET /admin/model/events/1345186551601366 [cb_admin] 200 30001ms

=INFO REPORT==== 17-Aug-2012::12:56:25 ===
GET /admin/model/events/1345186554828349 [cb_admin] 200 30000ms

=INFO REPORT==== 17-Aug-2012::12:56:27 ===
GET /admin/model/events/1345186557040849 [cb_admin] 200 30001ms

=INFO REPORT==== 17-Aug-2012::12:56:28 ===
GET /admin/model/events/1345186558123341 [cb_admin] 200 30001ms

=INFO REPORT==== 17-Aug-2012::12:56:35 ===
GET /admin/model/create/operator [cb_admin] 200 3ms

=INFO REPORT==== 17-Aug-2012::12:56:38 ===
POST /admin/model/create/operator [cb_admin] 302 24ms

=INFO REPORT==== 17-Aug-2012::12:56:38 ===
GET /admin/model/show/operator-4 [cb_admin] 200 5ms

=INFO REPORT==== 17-Aug-2012::12:56:39 ===
POST /admin/model/watch [cb_admin] 200 0ms

=INFO REPORT==== 17-Aug-2012::12:56:41 ===
GET /admin/model/model/operator [cb_admin] 200 7ms

=INFO REPORT==== 17-Aug-2012::12:56:41 ===
POST /admin/model/watch [cb_admin] 200 0ms

=INFO REPORT==== 17-Aug-2012::12:56:43 ===
GET /admin/model/show/operator-4 [cb_admin] 200 7ms

=INFO REPORT==== 17-Aug-2012::12:56:43 ===
POST /admin/model/watch [cb_admin] 200 0ms

=INFO REPORT==== 17-Aug-2012::12:56:44 ===
GET /admin/model/delete/operator-4 [cb_admin] 200 3ms

=INFO REPORT==== 17-Aug-2012::12:56:45 ===
POST /admin/model/delete/operator-4 [cb_admin] 302 36ms

=INFO REPORT==== 17-Aug-2012::12:56:45 ===
GET /admin/model/model/operator [cb_admin] 200 5ms
