
=INFO REPORT==== 21-Aug-2012::15:34:06 ===
Starting Boss in development mode....

=INFO REPORT==== 21-Aug-2012::15:34:06 ===
Starting master services on 'helpdesk@simba-Aspire-4920'

=INFO REPORT==== 21-Aug-2012::15:34:06 ===
SSL:[]

=INFO REPORT==== 21-Aug-2012::15:34:06 ===
Loading routes from "../cb_admin/priv/cb_admin.routes" ....

=ERROR REPORT==== 21-Aug-2012::15:34:06 ===
** Generic server <0.644.0> terminating 
** Last message in was {'EXIT',<0.570.0>,
                           {{badmatch,
                                {error,
                                    {"src/view/user/ret_user.html",
                                     [{0,helpdesk_view_main_index_html,
                                       "Failed to read file"}]}}},
                            [{boss_load,'-load_views/3-fun-0-',5},
                             {lists,foldr,3},
                             {boss_load,load_views,3},
                             {boss_load,load_all_modules,3},
                             {boss_web_controller,'-handle_info/2-fun-0-',2},
                             {lists,map,2},
                             {lists,map,2},
                             {boss_web_controller,handle_info,2}]}}
** When Server state == {state,
                            {<0.644.0>,boss_translator_sup},
                            one_for_one,
                            [{child,<0.645.0>,translator_controller,
                                 {boss_translator_controller,start_link,
                                     [[{application,cb_admin}]]},
                                 permanent,2000,worker,
                                 [boss_translator_controller]}],
                            undefined,10,10,[],boss_translator_sup,
                            [{application,cb_admin}]}
** Reason for termination == 
** {{badmatch,{error,{"src/view/user/ret_user.html",
                      [{0,helpdesk_view_main_index_html,
                        "Failed to read file"}]}}},
    [{boss_load,'-load_views/3-fun-0-',5},
     {lists,foldr,3},
     {boss_load,load_views,3},
     {boss_load,load_all_modules,3},
     {boss_web_controller,'-handle_info/2-fun-0-',2},
     {lists,map,2},
     {lists,map,2},
     {boss_web_controller,handle_info,2}]}

=ERROR REPORT==== 21-Aug-2012::15:34:06 ===
** Generic server <0.641.0> terminating 
** Last message in was {'EXIT',<0.570.0>,
                           {{badmatch,
                                {error,
                                    {"src/view/user/ret_user.html",
                                     [{0,helpdesk_view_main_index_html,
                                       "Failed to read file"}]}}},
                            [{boss_load,'-load_views/3-fun-0-',5},
                             {lists,foldr,3},
                             {boss_load,load_views,3},
                             {boss_load,load_all_modules,3},
                             {boss_web_controller,'-handle_info/2-fun-0-',2},
                             {lists,map,2},
                             {lists,map,2},
                             {boss_web_controller,handle_info,2}]}}
** When Server state == {state,
                         {<0.641.0>,boss_router_sup},
                         one_for_one,
                         [{child,<0.642.0>,router_controller,
                           {boss_router_controller,start_link,
                            [[{application,cb_admin},
                              {controllers,
                               ["cb_admin_lang_controller",
                                "cb_admin_upgrade_controller",
                                "cb_admin_admin_controller",
                                "cb_admin_routes_controller",
                                "cb_admin_model_controller"]}]]},
                           permanent,2000,worker,
                           [boss_router_controller]}],
                         undefined,10,10,[],boss_router_sup,
                         [{application,cb_admin},
                          {controllers,
                           ["cb_admin_lang_controller",
                            "cb_admin_upgrade_controller",
                            "cb_admin_admin_controller",
                            "cb_admin_routes_controller",
                            "cb_admin_model_controller"]}]}
** Reason for termination == 
** {{badmatch,{error,{"src/view/user/ret_user.html",
                      [{0,helpdesk_view_main_index_html,
                        "Failed to read file"}]}}},
    [{boss_load,'-load_views/3-fun-0-',5},
     {lists,foldr,3},
     {boss_load,load_views,3},
     {boss_load,load_all_modules,3},
     {boss_web_controller,'-handle_info/2-fun-0-',2},
     {lists,map,2},
     {lists,map,2},
     {boss_web_controller,handle_info,2}]}

=ERROR REPORT==== 21-Aug-2012::15:34:06 ===
** Generic server <0.650.0> terminating 
** Last message in was {'EXIT',<0.570.0>,
                           {{badmatch,
                                {error,
                                    {"src/view/user/ret_user.html",
                                     [{0,helpdesk_view_main_index_html,
                                       "Failed to read file"}]}}},
                            [{boss_load,'-load_views/3-fun-0-',5},
                             {lists,foldr,3},
                             {boss_load,load_views,3},
                             {boss_load,load_all_modules,3},
                             {boss_web_controller,'-handle_info/2-fun-0-',2},
                             {lists,map,2},
                             {lists,map,2},
                             {boss_web_controller,handle_info,2}]}}
** When Server state == {state,
                            {<0.650.0>,boss_translator_sup},
                            one_for_one,
                            [{child,<0.651.0>,translator_controller,
                                 {boss_translator_controller,start_link,
                                     [[{application,helpdesk}]]},
                                 permanent,2000,worker,
                                 [boss_translator_controller]}],
                            undefined,10,10,[],boss_translator_sup,
                            [{application,helpdesk}]}
** Reason for termination == 
** {{badmatch,{error,{"src/view/user/ret_user.html",
                      [{0,helpdesk_view_main_index_html,
                        "Failed to read file"}]}}},
    [{boss_load,'-load_views/3-fun-0-',5},
     {lists,foldr,3},
     {boss_load,load_views,3},
     {boss_load,load_all_modules,3},
     {boss_web_controller,'-handle_info/2-fun-0-',2},
     {lists,map,2},
     {lists,map,2},
     {boss_web_controller,handle_info,2}]}

=ERROR REPORT==== 21-Aug-2012::15:34:06 ===
** Generic server <0.647.0> terminating 
** Last message in was {'EXIT',<0.570.0>,
                           {{badmatch,
                                {error,
                                    {"src/view/user/ret_user.html",
                                     [{0,helpdesk_view_main_index_html,
                                       "Failed to read file"}]}}},
                            [{boss_load,'-load_views/3-fun-0-',5},
                             {lists,foldr,3},
                             {boss_load,load_views,3},
                             {boss_load,load_all_modules,3},
                             {boss_web_controller,'-handle_info/2-fun-0-',2},
                             {lists,map,2},
                             {lists,map,2},
                             {boss_web_controller,handle_info,2}]}}
** When Server state == {state,
                         {<0.647.0>,boss_router_sup},
                         one_for_one,
                         [{child,<0.648.0>,router_controller,
                           {boss_router_controller,start_link,
                            [[{application,helpdesk},
                              {controllers,
                               ["helpdesk_depart_controller",
                                "helpdesk_main_controller",
                                "helpdesk_request_controller",
                                "helpdesk_user_controller"]}]]},
                           permanent,2000,worker,
                           [boss_router_controller]}],
                         undefined,10,10,[],boss_router_sup,
                         [{application,helpdesk},
                          {controllers,
                           ["helpdesk_depart_controller",
                            "helpdesk_main_controller",
                            "helpdesk_request_controller",
                            "helpdesk_user_controller"]}]}
** Reason for termination == 
** {{badmatch,{error,{"src/view/user/ret_user.html",
                      [{0,helpdesk_view_main_index_html,
                        "Failed to read file"}]}}},
    [{boss_load,'-load_views/3-fun-0-',5},
     {lists,foldr,3},
     {boss_load,load_views,3},
     {boss_load,load_all_modules,3},
     {boss_web_controller,'-handle_info/2-fun-0-',2},
     {lists,map,2},
     {lists,map,2},
     {boss_web_controller,handle_info,2}]}

=ERROR REPORT==== 21-Aug-2012::15:34:06 ===
** Generic server boss_db_sup terminating 
** Last message in was {'EXIT',<0.570.0>,
                           {{badmatch,
                                {error,
                                    {"src/view/user/ret_user.html",
                                     [{0,helpdesk_view_main_index_html,
                                       "Failed to read file"}]}}},
                            [{boss_load,'-load_views/3-fun-0-',5},
                             {lists,foldr,3},
                             {boss_load,load_views,3},
                             {boss_load,load_all_modules,3},
                             {boss_web_controller,'-handle_info/2-fun-0-',2},
                             {lists,map,2},
                             {lists,map,2},
                             {boss_web_controller,handle_info,2}]}}
** When Server state == {state,
                            {local,boss_db_sup},
                            one_for_one,
                            [{child,<0.573.0>,db_controller,
                                 {poolboy,start_link,
                                     [[{name,{local,boss_db_pool}},
                                       {worker_module,boss_db_controller},
                                       {size,5},
                                       {max_overflow,10},
                                       {adapter,mysql},
                                       {cache_enable,false},
                                       {shards,[]},
                                       {is_master_node,true},
                                       {db_database,"helpdesk"},
                                       {db_password,"WzorIn4"},
                                       {db_username,"root"},
                                       {db_host,"localhost"},
                                       {db_port,3306}]]},
                                 permanent,2000,worker,
                                 [poolboy]}],
                            undefined,10,10,[],boss_db_sup,
                            [{adapter,mysql},
                             {cache_enable,false},
                             {shards,[]},
                             {is_master_node,true},
                             {db_database,"helpdesk"},
                             {db_password,"WzorIn4"},
                             {db_username,"root"},
                             {db_host,"localhost"},
                             {db_port,3306}]}
** Reason for termination == 
** {{badmatch,{error,{"src/view/user/ret_user.html",
                      [{0,helpdesk_view_main_index_html,
                        "Failed to read file"}]}}},
    [{boss_load,'-load_views/3-fun-0-',5},
     {lists,foldr,3},
     {boss_load,load_views,3},
     {boss_load,load_all_modules,3},
     {boss_web_controller,'-handle_info/2-fun-0-',2},
     {lists,map,2},
     {lists,map,2},
     {boss_web_controller,handle_info,2}]}

=ERROR REPORT==== 21-Aug-2012::15:34:06 ===
** Generic server boss_mq_sup terminating 
** Last message in was {'EXIT',<0.570.0>,
                           {{badmatch,
                                {error,
                                    {"src/view/user/ret_user.html",
                                     [{0,helpdesk_view_main_index_html,
                                       "Failed to read file"}]}}},
                            [{boss_load,'-load_views/3-fun-0-',5},
                             {lists,foldr,3},
                             {boss_load,load_views,3},
                             {boss_load,load_all_modules,3},
                             {boss_web_controller,'-handle_info/2-fun-0-',2},
                             {lists,map,2},
                             {lists,map,2},
                             {boss_web_controller,handle_info,2}]}}
** When Server state == {state,
                            {global,boss_mq_sup},
                            one_for_one,
                            [{child,<0.616.0>,mq_controller,
                                 {boss_mq_controller,start_link,
                                     [[{adapter,boss_mq_adapter_bmq}]]},
                                 permanent,2000,worker,
                                 [boss_mq_controller]}],
                            undefined,10,10,[],boss_mq_sup,
                            [{adapter,boss_mq_adapter_bmq}]}
** Reason for termination == 
** {{badmatch,{error,{"src/view/user/ret_user.html",
                      [{0,helpdesk_view_main_index_html,
                        "Failed to read file"}]}}},
    [{boss_load,'-load_views/3-fun-0-',5},
     {lists,foldr,3},
     {boss_load,load_views,3},
     {boss_load,load_all_modules,3},
     {boss_web_controller,'-handle_info/2-fun-0-',2},
     {lists,map,2},
     {lists,map,2},
     {boss_web_controller,handle_info,2}]}

=ERROR REPORT==== 21-Aug-2012::15:34:06 ===
** Generic server boss_mail_sup terminating 
** Last message in was {'EXIT',<0.570.0>,
                           {{badmatch,
                                {error,
                                    {"src/view/user/ret_user.html",
                                     [{0,helpdesk_view_main_index_html,
                                       "Failed to read file"}]}}},
                            [{boss_load,'-load_views/3-fun-0-',5},
                             {lists,foldr,3},
                             {boss_load,load_views,3},
                             {boss_load,load_all_modules,3},
                             {boss_web_controller,'-handle_info/2-fun-0-',2},
                             {lists,map,2},
                             {lists,map,2},
                             {boss_web_controller,handle_info,2}]}}
** When Server state == {state,
                            {local,boss_mail_sup},
                            one_for_one,
                            [{child,<0.622.0>,mail_controller,
                                 {boss_mail_controller,start_link,
                                     [[{driver,boss_mail_driver_smtp}]]},
                                 permanent,2000,worker,
                                 [boss_mail_controller]}],
                            undefined,10,10,[],boss_mail_sup,
                            [{driver,boss_mail_driver_smtp}]}
** Reason for termination == 
** {{badmatch,{error,{"src/view/user/ret_user.html",
                      [{0,helpdesk_view_main_index_html,
                        "Failed to read file"}]}}},
    [{boss_load,'-load_views/3-fun-0-',5},
     {lists,foldr,3},
     {boss_load,load_views,3},
     {boss_load,load_all_modules,3},
     {boss_web_controller,'-handle_info/2-fun-0-',2},
     {lists,map,2},
     {lists,map,2},
     {boss_web_controller,handle_info,2}]}

=ERROR REPORT==== 21-Aug-2012::15:34:06 ===
** Generic server boss_news_sup terminating 
** Last message in was {'EXIT',<0.570.0>,
                           {{badmatch,
                                {error,
                                    {"src/view/user/ret_user.html",
                                     [{0,helpdesk_view_main_index_html,
                                       "Failed to read file"}]}}},
                            [{boss_load,'-load_views/3-fun-0-',5},
                             {lists,foldr,3},
                             {boss_load,load_views,3},
                             {boss_load,load_all_modules,3},
                             {boss_web_controller,'-handle_info/2-fun-0-',2},
                             {lists,map,2},
                             {lists,map,2},
                             {boss_web_controller,handle_info,2}]}}
** When Server state == {state,
                            {global,boss_news_sup},
                            one_for_one,
                            [{child,<0.620.0>,news_controller,
                                 {boss_news_controller,start_link,[[]]},
                                 permanent,2000,worker,
                                 [boss_news_controller]}],
                            undefined,10,10,[],boss_news_sup,[]}
** Reason for termination == 
** {{badmatch,{error,{"src/view/user/ret_user.html",
                      [{0,helpdesk_view_main_index_html,
                        "Failed to read file"}]}}},
    [{boss_load,'-load_views/3-fun-0-',5},
     {lists,foldr,3},
     {boss_load,load_views,3},
     {boss_load,load_all_modules,3},
     {boss_web_controller,'-handle_info/2-fun-0-',2},
     {lists,map,2},
     {lists,map,2},
     {boss_web_controller,handle_info,2}]}

=ERROR REPORT==== 21-Aug-2012::15:34:06 ===
** Generic server boss_session_sup terminating 
** Last message in was {'EXIT',<0.570.0>,
                           {{badmatch,
                                {error,
                                    {"src/view/user/ret_user.html",
                                     [{0,helpdesk_view_main_index_html,
                                       "Failed to read file"}]}}},
                            [{boss_load,'-load_views/3-fun-0-',5},
                             {lists,foldr,3},
                             {boss_load,load_views,3},
                             {boss_load,load_all_modules,3},
                             {boss_web_controller,'-handle_info/2-fun-0-',2},
                             {lists,map,2},
                             {lists,map,2},
                             {boss_web_controller,handle_info,2}]}}
** When Server state == {state,
                            {local,boss_session_sup},
                            one_for_one,
                            [{child,<0.593.0>,session_controller,
                                 {poolboy,start_link,
                                     [[{name,{local,boss_session_pool}},
                                       {worker_module,boss_session_controller},
                                       {size,20},
                                       {max_overflow,40},
                                       {adapter,boss_session_adapter_mock},
                                       {session_exp_time,525600},
                                       {session_key,"_boss_session"}]]},
                                 permanent,2000,worker,
                                 [poolboy]}],
                            undefined,10,10,[],boss_session_sup,
                            [{adapter,boss_session_adapter_mock},
                             {session_exp_time,525600},
                             {session_key,"_boss_session"}]}
** Reason for termination == 
** {{badmatch,{error,{"src/view/user/ret_user.html",
                      [{0,helpdesk_view_main_index_html,
                        "Failed to read file"}]}}},
    [{boss_load,'-load_views/3-fun-0-',5},
     {lists,foldr,3},
     {boss_load,load_views,3},
     {boss_load,load_all_modules,3},
     {boss_web_controller,'-handle_info/2-fun-0-',2},
     {lists,map,2},
     {lists,map,2},
     {boss_web_controller,handle_info,2}]}

=INFO REPORT==== 21-Aug-2012::15:34:06 ===
Loading routes from "/home/simba/hacking/erlang/helpdesk/priv/helpdesk.routes" ....
