
=INFO REPORT==== 16-Oct-2012::16:58:03 ===
Starting Boss in development mode....

=INFO REPORT==== 16-Oct-2012::16:58:03 ===
Starting master services on 'helpdesk@simba-Aspire-4920'

=INFO REPORT==== 16-Oct-2012::16:58:03 ===
SSL:[]

=INFO REPORT==== 16-Oct-2012::16:58:03 ===
Loading routes from "../cb_admin/priv/cb_admin.routes" ....

=INFO REPORT==== 16-Oct-2012::16:58:03 ===
Loading routes from "/home/simba/hacking/erlang/helpdesk/priv/helpdesk.routes" ....

=INFO REPORT==== 16-Oct-2012::16:58:07 ===
Loading routes from "/home/simba/hacking/erlang/helpdesk/priv/helpdesk.routes" ....

=INFO REPORT==== 16-Oct-2012::16:58:07 ===
GET /main/depart_request/tag_order/creation_time [helpdesk] 200 965ms

=INFO REPORT==== 16-Oct-2012::16:58:09 ===
Loading routes from "/home/simba/hacking/erlang/helpdesk/priv/helpdesk.routes" ....

=INFO REPORT==== 16-Oct-2012::16:58:10 ===
GET /main/depart_request/tag_order/id_order [helpdesk] 200 825ms

=INFO REPORT==== 16-Oct-2012::16:58:28 ===
Loading routes from "/home/simba/hacking/erlang/helpdesk/priv/helpdesk.routes" ....

=INFO REPORT==== 16-Oct-2012::16:58:28 ===
GET /depart/index [helpdesk] 200 281ms

=INFO REPORT==== 16-Oct-2012::16:58:30 ===
Loading routes from "/home/simba/hacking/erlang/helpdesk/priv/helpdesk.routes" ....

=INFO REPORT==== 16-Oct-2012::16:58:30 ===
GET /depart/request/depart-8 [helpdesk] 200 225ms

=INFO REPORT==== 16-Oct-2012::16:58:43 ===
Loading routes from "/home/simba/hacking/erlang/helpdesk/priv/helpdesk.routes" ....

=INFO REPORT==== 16-Oct-2012::16:58:43 ===
GET / [helpdesk] 200 226ms

=INFO REPORT==== 16-Oct-2012::17:37:53 ===
Loading routes from "/home/simba/hacking/erlang/helpdesk/priv/helpdesk.routes" ....

=INFO REPORT==== 16-Oct-2012::17:37:54 ===
GET / [helpdesk] 200 255ms

=INFO REPORT==== 16-Oct-2012::17:39:24 ===
Loading routes from "/home/simba/hacking/erlang/helpdesk/priv/helpdesk.routes" ....

=INFO REPORT==== 16-Oct-2012::17:39:25 ===
GET / [helpdesk] 200 227ms

=INFO REPORT==== 16-Oct-2012::17:39:25 ===
Loading routes from "/home/simba/hacking/erlang/helpdesk/priv/helpdesk.routes" ....

=INFO REPORT==== 16-Oct-2012::17:39:25 ===
GET / [helpdesk] 200 218ms

=INFO REPORT==== 16-Oct-2012::17:39:26 ===
Loading routes from "/home/simba/hacking/erlang/helpdesk/priv/helpdesk.routes" ....

=INFO REPORT==== 16-Oct-2012::17:39:26 ===
GET / [helpdesk] 200 234ms

=INFO REPORT==== 16-Oct-2012::17:40:27 ===
Loading routes from "/home/simba/hacking/erlang/helpdesk/priv/helpdesk.routes" ....

=INFO REPORT==== 16-Oct-2012::17:40:28 ===
GET / [helpdesk] 200 273ms

=INFO REPORT==== 16-Oct-2012::17:40:35 ===
Loading routes from "/home/simba/hacking/erlang/helpdesk/priv/helpdesk.routes" ....

=INFO REPORT==== 16-Oct-2012::17:40:35 ===
GET /main/depart_request [helpdesk] 200 876ms

=INFO REPORT==== 16-Oct-2012::17:40:38 ===
Loading routes from "/home/simba/hacking/erlang/helpdesk/priv/helpdesk.routes" ....

=INFO REPORT==== 16-Oct-2012::17:40:38 ===
GET /main/user_request [helpdesk] 200 333ms

=INFO REPORT==== 16-Oct-2012::17:40:40 ===
Loading routes from "/home/simba/hacking/erlang/helpdesk/priv/helpdesk.routes" ....

=INFO REPORT==== 16-Oct-2012::17:40:40 ===
GET /depart/index [helpdesk] 200 358ms

=INFO REPORT==== 16-Oct-2012::17:40:55 ===
Loading routes from "/home/simba/hacking/erlang/helpdesk/priv/helpdesk.routes" ....

=INFO REPORT==== 16-Oct-2012::17:40:55 ===
GET /about [helpdesk] 200 252ms

=INFO REPORT==== 16-Oct-2012::17:41:35 ===
Loading routes from "/home/simba/hacking/erlang/helpdesk/priv/helpdesk.routes" ....

=INFO REPORT==== 16-Oct-2012::17:41:35 ===
GET / [helpdesk] 200 221ms

=INFO REPORT==== 16-Oct-2012::17:42:03 ===
Loading routes from "/home/simba/hacking/erlang/helpdesk/priv/helpdesk.routes" ....

=INFO REPORT==== 16-Oct-2012::17:42:03 ===
GET / [helpdesk] 200 286ms

=INFO REPORT==== 16-Oct-2012::17:42:04 ===
Loading routes from "/home/simba/hacking/erlang/helpdesk/priv/helpdesk.routes" ....

=INFO REPORT==== 16-Oct-2012::17:42:04 ===
GET / [helpdesk] 200 239ms

=INFO REPORT==== 16-Oct-2012::17:42:05 ===
Loading routes from "/home/simba/hacking/erlang/helpdesk/priv/helpdesk.routes" ....

=INFO REPORT==== 16-Oct-2012::17:42:05 ===
GET / [helpdesk] 200 220ms

=INFO REPORT==== 16-Oct-2012::17:42:06 ===
Loading routes from "/home/simba/hacking/erlang/helpdesk/priv/helpdesk.routes" ....

=INFO REPORT==== 16-Oct-2012::17:42:07 ===
Loading routes from "/home/simba/hacking/erlang/helpdesk/priv/helpdesk.routes" ....

=INFO REPORT==== 16-Oct-2012::17:42:07 ===
GET /main/depart_request [helpdesk] 200 1013ms

=INFO REPORT==== 16-Oct-2012::17:42:08 ===
GET /main/user_request [helpdesk] 200 352ms

=INFO REPORT==== 16-Oct-2012::17:42:10 ===
Loading routes from "/home/simba/hacking/erlang/helpdesk/priv/helpdesk.routes" ....

=INFO REPORT==== 16-Oct-2012::17:42:11 ===
GET /main/depart_request [helpdesk] 200 787ms

=INFO REPORT==== 16-Oct-2012::17:42:14 ===
Loading routes from "/home/simba/hacking/erlang/helpdesk/priv/helpdesk.routes" ....

=INFO REPORT==== 16-Oct-2012::17:42:14 ===
GET /depart/index [helpdesk] 200 366ms

=INFO REPORT==== 16-Oct-2012::17:42:15 ===
Loading routes from "/home/simba/hacking/erlang/helpdesk/priv/helpdesk.routes" ....

=INFO REPORT==== 16-Oct-2012::17:42:18 ===
Loading routes from "/home/simba/hacking/erlang/helpdesk/priv/helpdesk.routes" ....

=INFO REPORT==== 16-Oct-2012::17:42:18 ===
GET /about [helpdesk] 200 363ms

=INFO REPORT==== 16-Oct-2012::17:42:20 ===
Loading routes from "/home/simba/hacking/erlang/helpdesk/priv/helpdesk.routes" ....

=INFO REPORT==== 16-Oct-2012::17:42:22 ===
GET /main/depart_request [helpdesk] 200 1433ms

=INFO REPORT==== 16-Oct-2012::17:42:22 ===
GET /request/index [helpdesk] 200 7335ms

=INFO REPORT==== 16-Oct-2012::17:42:42 ===
Loading routes from "/home/simba/hacking/erlang/helpdesk/priv/helpdesk.routes" ....

=INFO REPORT==== 16-Oct-2012::17:42:43 ===
GET /user/logout [helpdesk] 302 217ms

=INFO REPORT==== 16-Oct-2012::17:42:43 ===
Loading routes from "/home/simba/hacking/erlang/helpdesk/priv/helpdesk.routes" ....

=INFO REPORT==== 16-Oct-2012::17:42:43 ===
GET / [helpdesk] 200 222ms

=INFO REPORT==== 16-Oct-2012::17:42:45 ===
Loading routes from "/home/simba/hacking/erlang/helpdesk/priv/helpdesk.routes" ....

=INFO REPORT==== 16-Oct-2012::17:42:45 ===
GET /user/login [helpdesk] 200 256ms

=INFO REPORT==== 16-Oct-2012::17:42:50 ===
Loading routes from "/home/simba/hacking/erlang/helpdesk/priv/helpdesk.routes" ....

=INFO REPORT==== 16-Oct-2012::17:42:50 ===
POST /user/login [helpdesk] 302 223ms

=INFO REPORT==== 16-Oct-2012::17:42:50 ===
Loading routes from "/home/simba/hacking/erlang/helpdesk/priv/helpdesk.routes" ....

=INFO REPORT==== 16-Oct-2012::17:42:50 ===
GET / [helpdesk] 200 214ms

=INFO REPORT==== 16-Oct-2012::17:42:52 ===
Loading routes from "/home/simba/hacking/erlang/helpdesk/priv/helpdesk.routes" ....

=INFO REPORT==== 16-Oct-2012::17:42:52 ===
GET /main/depart_request [helpdesk] 200 701ms

=INFO REPORT==== 16-Oct-2012::17:43:01 ===
GET /admin [cb_admin] 200 37ms

=INFO REPORT==== 16-Oct-2012::17:43:10 ===
GET /admin/routes/index [cb_admin] 200 2ms

=INFO REPORT==== 16-Oct-2012::17:43:12 ===
GET /admin/model/model [cb_admin] 200 22ms

=INFO REPORT==== 16-Oct-2012::17:43:12 ===
GET /admin/lang/show [cb_admin] 200 3ms

=INFO REPORT==== 16-Oct-2012::17:43:14 ===
GET /admin/upgrade/upgrade [cb_admin] 200 3ms

=INFO REPORT==== 16-Oct-2012::17:43:15 ===
GET /admin/ [cb_admin] 200 1ms

=INFO REPORT==== 16-Oct-2012::17:43:19 ===
GET /admin/routes/index [cb_admin] 200 1ms

=INFO REPORT==== 16-Oct-2012::17:43:19 ===
GET /admin/model/model [cb_admin] 200 5ms

=INFO REPORT==== 16-Oct-2012::17:43:20 ===
GET /admin/lang/show [cb_admin] 200 2ms

=INFO REPORT==== 16-Oct-2012::17:43:21 ===
GET /admin/upgrade/upgrade [cb_admin] 200 1ms

=INFO REPORT==== 16-Oct-2012::17:43:22 ===
GET /admin/ [cb_admin] 200 2ms

=INFO REPORT==== 16-Oct-2012::17:43:25 ===
Loading routes from "/home/simba/hacking/erlang/helpdesk/priv/helpdesk.routes" ....

=INFO REPORT==== 16-Oct-2012::17:43:25 ===
GET / [helpdesk] 200 224ms

=INFO REPORT==== 16-Oct-2012::17:43:27 ===
Loading routes from "/home/simba/hacking/erlang/helpdesk/priv/helpdesk.routes" ....

=INFO REPORT==== 16-Oct-2012::17:43:27 ===
GET / [helpdesk] 200 224ms

=INFO REPORT==== 16-Oct-2012::17:43:28 ===
Loading routes from "/home/simba/hacking/erlang/helpdesk/priv/helpdesk.routes" ....

=INFO REPORT==== 16-Oct-2012::17:43:29 ===
GET / [helpdesk] 200 222ms

=INFO REPORT==== 16-Oct-2012::17:43:30 ===
Loading routes from "/home/simba/hacking/erlang/helpdesk/priv/helpdesk.routes" ....

=INFO REPORT==== 16-Oct-2012::17:43:31 ===
GET /main/depart_request [helpdesk] 200 909ms

=INFO REPORT==== 16-Oct-2012::17:43:33 ===
Loading routes from "/home/simba/hacking/erlang/helpdesk/priv/helpdesk.routes" ....

=INFO REPORT==== 16-Oct-2012::17:43:33 ===
GET / [helpdesk] 200 216ms

=INFO REPORT==== 16-Oct-2012::17:43:37 ===
GET /admin [cb_admin] 200 1ms

=INFO REPORT==== 16-Oct-2012::17:43:39 ===
GET /admin/routes/index [cb_admin] 200 1ms

=INFO REPORT==== 16-Oct-2012::17:43:40 ===
GET /admin/model/model [cb_admin] 200 2ms

=INFO REPORT==== 16-Oct-2012::17:43:41 ===
GET /admin/lang/show [cb_admin] 200 1ms

=INFO REPORT==== 16-Oct-2012::17:43:42 ===
GET /admin/upgrade/upgrade [cb_admin] 200 1ms

=INFO REPORT==== 16-Oct-2012::17:43:53 ===
GET /admin/ [cb_admin] 200 1ms

=INFO REPORT==== 16-Oct-2012::17:44:01 ===
Loading routes from "/home/simba/hacking/erlang/helpdesk/priv/helpdesk.routes" ....

=INFO REPORT==== 16-Oct-2012::17:44:01 ===
GET / [helpdesk] 200 218ms

=INFO REPORT==== 16-Oct-2012::17:44:37 ===
Loading routes from "/home/simba/hacking/erlang/helpdesk/priv/helpdesk.routes" ....

=INFO REPORT==== 16-Oct-2012::17:44:37 ===
GET /user/register [helpdesk] 200 268ms

=INFO REPORT==== 16-Oct-2012::17:44:39 ===
Loading routes from "/home/simba/hacking/erlang/helpdesk/priv/helpdesk.routes" ....

=INFO REPORT==== 16-Oct-2012::17:44:40 ===
GET / [helpdesk] 200 230ms

=INFO REPORT==== 16-Oct-2012::17:44:42 ===
Loading routes from "/home/simba/hacking/erlang/helpdesk/priv/helpdesk.routes" ....

=INFO REPORT==== 16-Oct-2012::17:44:42 ===
GET /about [helpdesk] 200 207ms

=INFO REPORT==== 16-Oct-2012::17:44:53 ===
Loading routes from "/home/simba/hacking/erlang/helpdesk/priv/helpdesk.routes" ....

=INFO REPORT==== 16-Oct-2012::17:44:54 ===
GET /main/depart_request [helpdesk] 200 807ms

=INFO REPORT==== 16-Oct-2012::17:44:59 ===
Loading routes from "/home/simba/hacking/erlang/helpdesk/priv/helpdesk.routes" ....

=INFO REPORT==== 16-Oct-2012::17:44:59 ===
GET / [helpdesk] 200 214ms

=INFO REPORT==== 16-Oct-2012::17:45:00 ===
Loading routes from "/home/simba/hacking/erlang/helpdesk/priv/helpdesk.routes" ....

=INFO REPORT==== 16-Oct-2012::17:45:01 ===
GET /main/depart_request [helpdesk] 200 756ms

=INFO REPORT==== 16-Oct-2012::17:45:39 ===
Loading routes from "/home/simba/hacking/erlang/helpdesk/priv/helpdesk.routes" ....

=INFO REPORT==== 16-Oct-2012::17:45:39 ===
GET /main/depart_request [helpdesk] 200 898ms

=INFO REPORT==== 16-Oct-2012::17:45:41 ===
Loading routes from "/home/simba/hacking/erlang/helpdesk/priv/helpdesk.routes" ....

=INFO REPORT==== 16-Oct-2012::17:45:42 ===
GET /main/depart_request [helpdesk] 200 782ms

=INFO REPORT==== 16-Oct-2012::17:45:44 ===
Loading routes from "/home/simba/hacking/erlang/helpdesk/priv/helpdesk.routes" ....

=INFO REPORT==== 16-Oct-2012::17:45:45 ===
GET / [helpdesk] 200 269ms

=INFO REPORT==== 16-Oct-2012::17:45:46 ===
Loading routes from "/home/simba/hacking/erlang/helpdesk/priv/helpdesk.routes" ....

=INFO REPORT==== 16-Oct-2012::17:45:47 ===
GET /main/depart_request [helpdesk] 200 860ms

=INFO REPORT==== 16-Oct-2012::17:45:48 ===
Loading routes from "/home/simba/hacking/erlang/helpdesk/priv/helpdesk.routes" ....

=INFO REPORT==== 16-Oct-2012::17:45:48 ===
GET /main/user_request [helpdesk] 200 339ms

=INFO REPORT==== 16-Oct-2012::17:45:49 ===
Loading routes from "/home/simba/hacking/erlang/helpdesk/priv/helpdesk.routes" ....

=INFO REPORT==== 16-Oct-2012::17:45:49 ===
GET /depart/index [helpdesk] 200 365ms

=INFO REPORT==== 16-Oct-2012::17:45:51 ===
Loading routes from "/home/simba/hacking/erlang/helpdesk/priv/helpdesk.routes" ....

=INFO REPORT==== 16-Oct-2012::17:45:53 ===
Loading routes from "/home/simba/hacking/erlang/helpdesk/priv/helpdesk.routes" ....

=INFO REPORT==== 16-Oct-2012::17:45:53 ===
GET /about [helpdesk] 200 357ms

=INFO REPORT==== 16-Oct-2012::17:45:58 ===
GET /request/index [helpdesk] 200 6824ms

=INFO REPORT==== 16-Oct-2012::17:48:05 ===
Loading routes from "/home/simba/hacking/erlang/helpdesk/priv/helpdesk.routes" ....

=INFO REPORT==== 16-Oct-2012::17:48:05 ===
GET /about [helpdesk] 200 278ms

=INFO REPORT==== 16-Oct-2012::17:48:07 ===
Loading routes from "/home/simba/hacking/erlang/helpdesk/priv/helpdesk.routes" ....

=INFO REPORT==== 16-Oct-2012::17:48:07 ===
GET / [helpdesk] 200 267ms

=INFO REPORT==== 16-Oct-2012::17:48:08 ===
Loading routes from "/home/simba/hacking/erlang/helpdesk/priv/helpdesk.routes" ....

=INFO REPORT==== 16-Oct-2012::17:48:09 ===
GET /main/depart_request [helpdesk] 200 764ms

=INFO REPORT==== 16-Oct-2012::17:48:10 ===
Loading routes from "/home/simba/hacking/erlang/helpdesk/priv/helpdesk.routes" ....

=INFO REPORT==== 16-Oct-2012::17:48:10 ===
GET /main/user_request [helpdesk] 200 338ms

=INFO REPORT==== 16-Oct-2012::17:48:11 ===
Loading routes from "/home/simba/hacking/erlang/helpdesk/priv/helpdesk.routes" ....

=INFO REPORT==== 16-Oct-2012::17:48:12 ===
GET /depart/index [helpdesk] 200 369ms

=INFO REPORT==== 16-Oct-2012::17:48:13 ===
Loading routes from "/home/simba/hacking/erlang/helpdesk/priv/helpdesk.routes" ....

=INFO REPORT==== 16-Oct-2012::17:48:14 ===
Loading routes from "/home/simba/hacking/erlang/helpdesk/priv/helpdesk.routes" ....

=INFO REPORT==== 16-Oct-2012::17:48:14 ===
GET /about [helpdesk] 200 310ms

=INFO REPORT==== 16-Oct-2012::17:48:19 ===
GET /request/index [helpdesk] 200 6834ms

=INFO REPORT==== 16-Oct-2012::17:50:33 ===
GET /admin [cb_admin] 200 1ms

=INFO REPORT==== 16-Oct-2012::17:50:35 ===
GET /admin/routes/index [cb_admin] 200 1ms

=INFO REPORT==== 16-Oct-2012::17:50:36 ===
GET /admin/model/model [cb_admin] 200 4ms

=INFO REPORT==== 16-Oct-2012::17:50:37 ===
GET /admin/lang/show [cb_admin] 200 3ms

=INFO REPORT==== 16-Oct-2012::17:50:38 ===
GET /admin/upgrade/upgrade [cb_admin] 200 1ms

=INFO REPORT==== 16-Oct-2012::17:50:41 ===
GET /admin/upgrade/upgrade [cb_admin] 200 1ms

=INFO REPORT==== 16-Oct-2012::17:51:35 ===
Loading routes from "/home/simba/hacking/erlang/helpdesk/priv/helpdesk.routes" ....

=INFO REPORT==== 16-Oct-2012::17:51:35 ===
GET / [helpdesk] 200 285ms

=INFO REPORT==== 16-Oct-2012::17:51:37 ===
Loading routes from "/home/simba/hacking/erlang/helpdesk/priv/helpdesk.routes" ....

=INFO REPORT==== 16-Oct-2012::17:51:37 ===
GET / [helpdesk] 200 235ms

=INFO REPORT==== 16-Oct-2012::17:51:38 ===
Loading routes from "/home/simba/hacking/erlang/helpdesk/priv/helpdesk.routes" ....

=INFO REPORT==== 16-Oct-2012::17:51:39 ===
GET /main/depart_request [helpdesk] 200 907ms

=INFO REPORT==== 16-Oct-2012::17:51:40 ===
Loading routes from "/home/simba/hacking/erlang/helpdesk/priv/helpdesk.routes" ....

=INFO REPORT==== 16-Oct-2012::17:51:40 ===
GET / [helpdesk] 200 223ms

=INFO REPORT==== 16-Oct-2012::17:51:43 ===
Loading routes from "/home/simba/hacking/erlang/helpdesk/priv/helpdesk.routes" ....

=INFO REPORT==== 16-Oct-2012::17:51:43 ===
GET /depart/index [helpdesk] 200 384ms

=INFO REPORT==== 16-Oct-2012::17:51:45 ===
Loading routes from "/home/simba/hacking/erlang/helpdesk/priv/helpdesk.routes" ....

=INFO REPORT==== 16-Oct-2012::17:51:45 ===
GET / [helpdesk] 200 232ms

=INFO REPORT==== 16-Oct-2012::17:52:00 ===
Loading routes from "/home/simba/hacking/erlang/helpdesk/priv/helpdesk.routes" ....

=INFO REPORT==== 16-Oct-2012::17:52:01 ===
GET /depart/index [helpdesk] 200 308ms

=INFO REPORT==== 16-Oct-2012::17:52:02 ===
Loading routes from "/home/simba/hacking/erlang/helpdesk/priv/helpdesk.routes" ....

=INFO REPORT==== 16-Oct-2012::17:52:03 ===
GET /depart/index [helpdesk] 200 288ms

=INFO REPORT==== 16-Oct-2012::17:52:13 ===
Loading routes from "/home/simba/hacking/erlang/helpdesk/priv/helpdesk.routes" ....

=INFO REPORT==== 16-Oct-2012::17:52:13 ===
GET /depart/index [helpdesk] 200 278ms

=INFO REPORT==== 16-Oct-2012::17:53:16 ===
Loading routes from "/home/simba/hacking/erlang/helpdesk/priv/helpdesk.routes" ....

=INFO REPORT==== 16-Oct-2012::17:53:16 ===
GET / [helpdesk] 200 265ms

=INFO REPORT==== 16-Oct-2012::17:53:18 ===
Loading routes from "/home/simba/hacking/erlang/helpdesk/priv/helpdesk.routes" ....

=INFO REPORT==== 16-Oct-2012::17:53:18 ===
GET / [helpdesk] 200 220ms

=INFO REPORT==== 16-Oct-2012::17:53:19 ===
Loading routes from "/home/simba/hacking/erlang/helpdesk/priv/helpdesk.routes" ....

=INFO REPORT==== 16-Oct-2012::17:53:19 ===
GET / [helpdesk] 200 219ms

=INFO REPORT==== 16-Oct-2012::17:54:36 ===
GET /admin [cb_admin] 200 1ms

=INFO REPORT==== 16-Oct-2012::17:57:17 ===
Loading routes from "/home/simba/hacking/erlang/helpdesk/priv/helpdesk.routes" ....

=INFO REPORT==== 16-Oct-2012::17:57:18 ===
GET / [helpdesk] 200 273ms

=INFO REPORT==== 16-Oct-2012::17:57:19 ===
Loading routes from "/home/simba/hacking/erlang/helpdesk/priv/helpdesk.routes" ....

=INFO REPORT==== 16-Oct-2012::17:57:20 ===
GET / [helpdesk] 200 245ms

=INFO REPORT==== 16-Oct-2012::17:57:21 ===
Loading routes from "/home/simba/hacking/erlang/helpdesk/priv/helpdesk.routes" ....

=INFO REPORT==== 16-Oct-2012::17:57:22 ===
GET /main/depart_request [helpdesk] 200 880ms

=INFO REPORT==== 16-Oct-2012::17:57:28 ===
Loading routes from "/home/simba/hacking/erlang/helpdesk/priv/helpdesk.routes" ....

=INFO REPORT==== 16-Oct-2012::17:57:28 ===
GET /main/user_request [helpdesk] 200 347ms

=INFO REPORT==== 16-Oct-2012::17:57:30 ===
Loading routes from "/home/simba/hacking/erlang/helpdesk/priv/helpdesk.routes" ....

=INFO REPORT==== 16-Oct-2012::17:57:30 ===
GET /depart/index [helpdesk] 200 415ms

=INFO REPORT==== 16-Oct-2012::18:00:50 ===
Loading routes from "/home/simba/hacking/erlang/helpdesk/priv/helpdesk.routes" ....

=INFO REPORT==== 16-Oct-2012::18:00:53 ===
Loading routes from "/home/simba/hacking/erlang/helpdesk/priv/helpdesk.routes" ....
