
=INFO REPORT==== 15-Aug-2012::16:33:06 ===
Starting Boss in development mode....

=INFO REPORT==== 15-Aug-2012::16:33:06 ===
Starting master services on 'helpdesk@simba-Aspire-4920'

=INFO REPORT==== 15-Aug-2012::16:33:06 ===
SSL:[]

=INFO REPORT==== 15-Aug-2012::16:33:06 ===
Loading routes from "../cb_admin/priv/cb_admin.routes" ....

=INFO REPORT==== 15-Aug-2012::16:33:06 ===
Loading routes from "/home/simba/hacking/erlang/helpdesk/priv/helpdesk.routes" ....

=INFO REPORT==== 15-Aug-2012::16:33:17 ===
POST /admin/model/edit/request-502b7894ded5660ba4000001 [cb_admin] 302 32ms

=INFO REPORT==== 15-Aug-2012::16:33:17 ===
GET /admin/model/show/request-502b7894ded5660ba4000001 [cb_admin] 200 22ms

=INFO REPORT==== 15-Aug-2012::16:33:17 ===
POST /admin/model/watch [cb_admin] 200 4ms

=INFO REPORT==== 15-Aug-2012::16:33:19 ===
GET /admin/model/edit/request-502b7894ded5660ba4000001 [cb_admin] 200 6ms

=INFO REPORT==== 15-Aug-2012::16:33:48 ===
GET /admin/model/events/1345026797764517 [cb_admin] 200 30000ms

=INFO REPORT==== 15-Aug-2012::16:39:00 ===
GET /admin [cb_admin] 200 2ms

=INFO REPORT==== 15-Aug-2012::16:39:02 ===
GET /admin/model/model [cb_admin] 200 5ms

=INFO REPORT==== 15-Aug-2012::16:39:03 ===
GET /admin/model/model/request [cb_admin] 200 9ms

=INFO REPORT==== 15-Aug-2012::16:39:03 ===
POST /admin/model/watch [cb_admin] 200 0ms

=INFO REPORT==== 15-Aug-2012::16:39:12 ===
GET /admin/model/csv/request [cb_admin] 200 2ms

=INFO REPORT==== 15-Aug-2012::16:39:33 ===
POST /admin/model/heartbeat/1 [cb_admin] 200 0ms

=INFO REPORT==== 15-Aug-2012::16:39:33 ===
GET /admin/model/events/1345027143714793 [cb_admin] 200 30001ms

=INFO REPORT==== 15-Aug-2012::16:40:03 ===
POST /admin/model/heartbeat/1 [cb_admin] 200 0ms

=INFO REPORT==== 15-Aug-2012::16:40:25 ===
GET /admin/lang/show [cb_admin] 200 3ms

=INFO REPORT==== 15-Aug-2012::16:40:31 ===
GET /admin/upgrade/upgrade [cb_admin] 200 3ms

=INFO REPORT==== 15-Aug-2012::17:04:53 ===
GET /admin/model/model [cb_admin] 200 2ms

=INFO REPORT==== 15-Aug-2012::17:04:55 ===
GET /admin/model/model/request [cb_admin] 200 7ms

=INFO REPORT==== 15-Aug-2012::17:04:55 ===
POST /admin/model/watch [cb_admin] 200 0ms

=INFO REPORT==== 15-Aug-2012::17:04:58 ===
GET /admin/model/show/request-502b7894ded5660ba4000001 [cb_admin] 200 6ms

=INFO REPORT==== 15-Aug-2012::17:04:59 ===
POST /admin/model/watch [cb_admin] 200 0ms

=INFO REPORT==== 15-Aug-2012::17:05:00 ===
GET /admin/model/edit/request-502b7894ded5660ba4000001 [cb_admin] 200 2ms

=INFO REPORT==== 15-Aug-2012::17:05:04 ===
GET /admin/model/events/1345028698989082 [cb_admin] 200 4892ms

=INFO REPORT==== 15-Aug-2012::17:05:04 ===
GET /admin/model/events/1345028695233149 [cb_admin] 200 8666ms

=INFO REPORT==== 15-Aug-2012::17:05:04 ===
POST /admin/model/edit/request-502b7894ded5660ba4000001 [cb_admin] 302 4ms

=INFO REPORT==== 15-Aug-2012::17:05:04 ===
GET /admin/model/show/request-502b7894ded5660ba4000001 [cb_admin] 200 4ms

=INFO REPORT==== 15-Aug-2012::17:05:04 ===
POST /admin/model/watch [cb_admin] 200 0ms

=INFO REPORT==== 15-Aug-2012::17:05:34 ===
POST /admin/model/heartbeat/4 [cb_admin] 200 0ms

=INFO REPORT==== 15-Aug-2012::17:05:34 ===
GET /admin/model/events/1345028704070186 [cb_admin] 200 30001ms

=INFO REPORT==== 15-Aug-2012::17:06:04 ===
GET /admin/model/events/1345028704269850 [cb_admin] 200 30004ms

=INFO REPORT==== 15-Aug-2012::17:06:04 ===
POST /admin/model/heartbeat/4 [cb_admin] 200 0ms

=INFO REPORT==== 15-Aug-2012::17:06:34 ===
GET /admin/model/events/1345028734279183 [cb_admin] 200 30001ms

=INFO REPORT==== 15-Aug-2012::17:06:34 ===
POST /admin/model/heartbeat/4 [cb_admin] 200 0ms

=INFO REPORT==== 15-Aug-2012::17:07:04 ===
GET /admin/model/events/1345028764344307 [cb_admin] 200 30000ms

=INFO REPORT==== 15-Aug-2012::17:07:04 ===
POST /admin/model/heartbeat/4 [cb_admin] 200 0ms

=INFO REPORT==== 15-Aug-2012::17:07:34 ===
POST /admin/model/heartbeat/4 [cb_admin] 200 0ms

=INFO REPORT==== 15-Aug-2012::17:07:34 ===
GET /admin/model/events/1345028794420988 [cb_admin] 200 30001ms

=INFO REPORT==== 15-Aug-2012::17:08:04 ===
POST /admin/model/heartbeat/4 [cb_admin] 200 0ms

=INFO REPORT==== 15-Aug-2012::17:08:04 ===
GET /admin/model/events/1345028824528245 [cb_admin] 200 30001ms

=INFO REPORT==== 15-Aug-2012::17:08:34 ===
POST /admin/model/heartbeat/4 [cb_admin] 200 0ms

=INFO REPORT==== 15-Aug-2012::17:08:34 ===
GET /admin/model/events/1345028854575463 [cb_admin] 200 30001ms

=INFO REPORT==== 15-Aug-2012::17:09:04 ===
POST /admin/model/heartbeat/4 [cb_admin] 200 0ms

=INFO REPORT==== 15-Aug-2012::17:09:04 ===
GET /admin/model/events/1345028884633027 [cb_admin] 200 30001ms

=INFO REPORT==== 15-Aug-2012::17:09:11 ===
GET /admin/model/model/request [cb_admin] 200 5ms

=INFO REPORT==== 15-Aug-2012::17:09:11 ===
POST /admin/model/watch [cb_admin] 200 0ms

=INFO REPORT==== 15-Aug-2012::17:09:21 ===
GET /admin/model/upload/request [cb_admin] 200 4ms

=ERROR REPORT==== 15-Aug-2012::17:09:28 ===
{{badmatch,[]},
 [{cb_admin_model_controller,upload,4},
  {boss_web_controller,execute_action,5},
  {boss_web_controller,process_request,5},
  {timer,tc,3},
  {boss_web_controller,handle_request,3},
  {mochiweb_http,headers,5},
  {proc_lib,init_p_do_apply,3}]}

=ERROR REPORT==== 15-Aug-2012::17:09:28 ===
POST /admin/model/upload/request [cb_admin] 500 1ms

=INFO REPORT==== 15-Aug-2012::17:09:30 ===
POST /admin/model/watch [cb_admin] 200 0ms

=INFO REPORT==== 15-Aug-2012::17:09:32 ===
GET /admin/model/csv/request [cb_admin] 200 1ms

=INFO REPORT==== 15-Aug-2012::17:09:34 ===
GET /admin/model/events/1345028914684180 [cb_admin] 200 30001ms

=INFO REPORT==== 15-Aug-2012::17:09:37 ===
GET /doc/request [helpdesk] 200 135ms

=ERROR REPORT==== 15-Aug-2012::17:09:37 ===
GET /doc/stylesheet.css [helpdesk] 404 0ms

=ERROR REPORT==== 15-Aug-2012::17:09:37 ===
GET /doc/erlang.png [helpdesk] 404 0ms

=INFO REPORT==== 15-Aug-2012::17:09:41 ===
GET /admin/model/events/1345028951369016 [cb_admin] 200 30000ms

=INFO REPORT==== 15-Aug-2012::17:10:00 ===
GET /admin/model/events/1345028951369016 [cb_admin] 200 30001ms

=INFO REPORT==== 15-Aug-2012::17:10:05 ===
POST /admin/model/heartbeat/6 [cb_admin] 200 0ms

=INFO REPORT==== 15-Aug-2012::17:10:35 ===
POST /admin/model/heartbeat/6 [cb_admin] 200 0ms

=INFO REPORT==== 15-Aug-2012::17:11:05 ===
POST /admin/model/heartbeat/6 [cb_admin] 200 0ms

=INFO REPORT==== 15-Aug-2012::17:11:35 ===
POST /admin/model/heartbeat/6 [cb_admin] 200 0ms

=INFO REPORT==== 15-Aug-2012::17:12:05 ===
POST /admin/model/heartbeat/6 [cb_admin] 200 0ms

=INFO REPORT==== 15-Aug-2012::17:12:35 ===
POST /admin/model/heartbeat/6 [cb_admin] 200 0ms

=INFO REPORT==== 15-Aug-2012::17:13:05 ===
POST /admin/model/heartbeat/6 [cb_admin] 200 0ms

=INFO REPORT==== 15-Aug-2012::17:13:35 ===
POST /admin/model/heartbeat/6 [cb_admin] 200 0ms

=INFO REPORT==== 15-Aug-2012::17:14:05 ===
POST /admin/model/heartbeat/6 [cb_admin] 200 0ms

=INFO REPORT==== 15-Aug-2012::17:14:35 ===
POST /admin/model/heartbeat/6 [cb_admin] 200 0ms

=INFO REPORT==== 15-Aug-2012::17:15:05 ===
POST /admin/model/heartbeat/6 [cb_admin] 200 0ms

=INFO REPORT==== 15-Aug-2012::17:15:35 ===
POST /admin/model/heartbeat/6 [cb_admin] 200 0ms

=INFO REPORT==== 15-Aug-2012::17:16:05 ===
POST /admin/model/heartbeat/6 [cb_admin] 200 0ms

=INFO REPORT==== 15-Aug-2012::17:16:35 ===
POST /admin/model/heartbeat/6 [cb_admin] 200 0ms

=INFO REPORT==== 15-Aug-2012::17:17:05 ===
POST /admin/model/heartbeat/6 [cb_admin] 200 0ms

=INFO REPORT==== 15-Aug-2012::17:17:35 ===
POST /admin/model/heartbeat/6 [cb_admin] 200 0ms

=INFO REPORT==== 15-Aug-2012::17:18:05 ===
POST /admin/model/heartbeat/6 [cb_admin] 200 0ms

=INFO REPORT==== 15-Aug-2012::17:18:35 ===
POST /admin/model/heartbeat/6 [cb_admin] 200 0ms

=INFO REPORT==== 15-Aug-2012::17:19:05 ===
POST /admin/model/heartbeat/6 [cb_admin] 200 0ms

=INFO REPORT==== 15-Aug-2012::17:19:35 ===
POST /admin/model/heartbeat/6 [cb_admin] 200 0ms

=INFO REPORT==== 15-Aug-2012::17:20:05 ===
POST /admin/model/heartbeat/6 [cb_admin] 200 0ms

=INFO REPORT==== 15-Aug-2012::17:20:35 ===
POST /admin/model/heartbeat/6 [cb_admin] 200 0ms

=INFO REPORT==== 15-Aug-2012::17:21:05 ===
POST /admin/model/heartbeat/6 [cb_admin] 200 0ms

=INFO REPORT==== 15-Aug-2012::17:21:35 ===
POST /admin/model/heartbeat/6 [cb_admin] 200 0ms
