
=INFO REPORT==== 4-Sep-2012::12:55:25 ===
Starting Boss in development mode....

=INFO REPORT==== 4-Sep-2012::12:55:26 ===
Starting master services on 'helpdesk@simba-Aspire-4920'

=INFO REPORT==== 4-Sep-2012::12:55:26 ===
SSL:[]

=INFO REPORT==== 4-Sep-2012::12:55:26 ===
Loading routes from "../cb_admin/priv/cb_admin.routes" ....

=INFO REPORT==== 4-Sep-2012::12:55:26 ===
Loading routes from "/home/simba/hacking/erlang/helpdesk/priv/helpdesk.routes" ....

=INFO REPORT==== 4-Sep-2012::13:13:39 ===
Loading routes from "/home/simba/hacking/erlang/helpdesk/priv/helpdesk.routes" ....

=INFO REPORT==== 4-Sep-2012::13:13:39 ===
GET / [helpdesk] 200 138ms

=INFO REPORT==== 4-Sep-2012::13:13:41 ===
Loading routes from "/home/simba/hacking/erlang/helpdesk/priv/helpdesk.routes" ....

=INFO REPORT==== 4-Sep-2012::13:13:41 ===
GET /user/login [helpdesk] 200 134ms

=INFO REPORT==== 4-Sep-2012::13:13:49 ===
Loading routes from "/home/simba/hacking/erlang/helpdesk/priv/helpdesk.routes" ....

=INFO REPORT==== 4-Sep-2012::13:13:49 ===
POST /user/login [helpdesk] 200 173ms

=INFO REPORT==== 4-Sep-2012::13:14:00 ===
Loading routes from "/home/simba/hacking/erlang/helpdesk/priv/helpdesk.routes" ....

=INFO REPORT==== 4-Sep-2012::13:14:00 ===
POST /user/login [helpdesk] 200 135ms

=INFO REPORT==== 4-Sep-2012::13:14:01 ===
Loading routes from "/home/simba/hacking/erlang/helpdesk/priv/helpdesk.routes" ....

=INFO REPORT==== 4-Sep-2012::13:14:02 ===
POST /user/login [helpdesk] 200 138ms

=INFO REPORT==== 4-Sep-2012::13:14:13 ===
Loading routes from "/home/simba/hacking/erlang/helpdesk/priv/helpdesk.routes" ....

=INFO REPORT==== 4-Sep-2012::13:14:13 ===
POST /user/login [helpdesk] 302 132ms

=INFO REPORT==== 4-Sep-2012::13:14:13 ===
Loading routes from "/home/simba/hacking/erlang/helpdesk/priv/helpdesk.routes" ....

=INFO REPORT==== 4-Sep-2012::13:14:13 ===
GET / [helpdesk] 200 134ms

=INFO REPORT==== 4-Sep-2012::13:14:20 ===
Loading routes from "/home/simba/hacking/erlang/helpdesk/priv/helpdesk.routes" ....

=INFO REPORT==== 4-Sep-2012::13:14:20 ===
GET /main/depart_request [helpdesk] 200 190ms

=INFO REPORT==== 4-Sep-2012::13:14:52 ===
Loading routes from "/home/simba/hacking/erlang/helpdesk/priv/helpdesk.routes" ....

=INFO REPORT==== 4-Sep-2012::13:14:52 ===
GET /main/depart_request [helpdesk] 200 177ms

=INFO REPORT==== 4-Sep-2012::13:14:53 ===
Loading routes from "/home/simba/hacking/erlang/helpdesk/priv/helpdesk.routes" ....

=INFO REPORT==== 4-Sep-2012::13:14:53 ===
GET / [helpdesk] 200 140ms

=INFO REPORT==== 4-Sep-2012::13:15:12 ===
Loading routes from "/home/simba/hacking/erlang/helpdesk/priv/helpdesk.routes" ....

=INFO REPORT==== 4-Sep-2012::13:15:12 ===
GET /main/depart_request [helpdesk] 200 183ms

=INFO REPORT==== 4-Sep-2012::13:15:15 ===
Loading routes from "/home/simba/hacking/erlang/helpdesk/priv/helpdesk.routes" ....

=INFO REPORT==== 4-Sep-2012::13:15:15 ===
GET /request/show/request-30 [helpdesk] 200 151ms

=INFO REPORT==== 4-Sep-2012::13:15:22 ===
Loading routes from "/home/simba/hacking/erlang/helpdesk/priv/helpdesk.routes" ....

=INFO REPORT==== 4-Sep-2012::13:15:22 ===
GET /main/depart_request [helpdesk] 200 180ms

=INFO REPORT==== 4-Sep-2012::13:15:23 ===
Loading routes from "/home/simba/hacking/erlang/helpdesk/priv/helpdesk.routes" ....

=INFO REPORT==== 4-Sep-2012::13:15:23 ===
GET /main/user_request [helpdesk] 200 151ms

=INFO REPORT==== 4-Sep-2012::13:15:25 ===
Loading routes from "/home/simba/hacking/erlang/helpdesk/priv/helpdesk.routes" ....

=INFO REPORT==== 4-Sep-2012::13:15:25 ===
GET /request/create [helpdesk] 200 147ms

=INFO REPORT==== 4-Sep-2012::13:15:31 ===
Loading routes from "/home/simba/hacking/erlang/helpdesk/priv/helpdesk.routes" ....

=INFO REPORT==== 4-Sep-2012::13:15:31 ===
GET /main/depart_request [helpdesk] 200 177ms

=INFO REPORT==== 4-Sep-2012::15:59:47 ===
Loading routes from "/home/simba/hacking/erlang/helpdesk/priv/helpdesk.routes" ....

=INFO REPORT==== 4-Sep-2012::15:59:47 ===
GET / [helpdesk] 200 187ms

=INFO REPORT==== 4-Sep-2012::15:59:54 ===
Loading routes from "/home/simba/hacking/erlang/helpdesk/priv/helpdesk.routes" ....

=INFO REPORT==== 4-Sep-2012::15:59:54 ===
GET /user/login [helpdesk] 200 131ms

=INFO REPORT==== 4-Sep-2012::16:00:19 ===
Loading routes from "/home/simba/hacking/erlang/helpdesk/priv/helpdesk.routes" ....

=INFO REPORT==== 4-Sep-2012::16:00:19 ===
GET /user/login [helpdesk] 200 135ms

=INFO REPORT==== 4-Sep-2012::16:00:20 ===
Loading routes from "/home/simba/hacking/erlang/helpdesk/priv/helpdesk.routes" ....

=INFO REPORT==== 4-Sep-2012::16:00:20 ===
GET / [helpdesk] 200 171ms

=INFO REPORT==== 4-Sep-2012::16:00:21 ===
Loading routes from "/home/simba/hacking/erlang/helpdesk/priv/helpdesk.routes" ....

=INFO REPORT==== 4-Sep-2012::16:00:21 ===
GET / [helpdesk] 200 138ms

=INFO REPORT==== 4-Sep-2012::16:00:43 ===
Loading routes from "/home/simba/hacking/erlang/helpdesk/priv/helpdesk.routes" ....

=INFO REPORT==== 4-Sep-2012::16:00:43 ===
GET / [helpdesk] 200 177ms

=INFO REPORT==== 4-Sep-2012::16:00:44 ===
Loading routes from "/home/simba/hacking/erlang/helpdesk/priv/helpdesk.routes" ....

=INFO REPORT==== 4-Sep-2012::16:00:44 ===
GET / [helpdesk] 200 160ms

=INFO REPORT==== 4-Sep-2012::16:00:47 ===
Loading routes from "/home/simba/hacking/erlang/helpdesk/priv/helpdesk.routes" ....

=INFO REPORT==== 4-Sep-2012::16:00:47 ===
GET / [helpdesk] 200 136ms

=INFO REPORT==== 4-Sep-2012::16:00:48 ===
Loading routes from "/home/simba/hacking/erlang/helpdesk/priv/helpdesk.routes" ....

=INFO REPORT==== 4-Sep-2012::16:00:48 ===
GET / [helpdesk] 200 133ms

=INFO REPORT==== 4-Sep-2012::16:11:15 ===
Loading routes from "/home/simba/hacking/erlang/helpdesk/priv/helpdesk.routes" ....

=INFO REPORT==== 4-Sep-2012::16:11:15 ===
GET / [helpdesk] 200 176ms

=INFO REPORT==== 4-Sep-2012::16:12:37 ===
Loading routes from "/home/simba/hacking/erlang/helpdesk/priv/helpdesk.routes" ....

=INFO REPORT==== 4-Sep-2012::16:12:38 ===
GET /user/login [helpdesk] 200 132ms

=INFO REPORT==== 4-Sep-2012::16:12:43 ===
Loading routes from "/home/simba/hacking/erlang/helpdesk/priv/helpdesk.routes" ....

=INFO REPORT==== 4-Sep-2012::16:12:44 ===
POST /user/login [helpdesk] 302 128ms

=INFO REPORT==== 4-Sep-2012::16:12:44 ===
Loading routes from "/home/simba/hacking/erlang/helpdesk/priv/helpdesk.routes" ....

=INFO REPORT==== 4-Sep-2012::16:12:44 ===
GET / [helpdesk] 200 133ms

=INFO REPORT==== 4-Sep-2012::16:42:35 ===
Loading routes from "/home/simba/hacking/erlang/helpdesk/priv/helpdesk.routes" ....

=INFO REPORT==== 4-Sep-2012::16:42:35 ===
GET / [helpdesk] 200 177ms

=INFO REPORT==== 4-Sep-2012::16:44:04 ===
Loading routes from "/home/simba/hacking/erlang/helpdesk/priv/helpdesk.routes" ....

=INFO REPORT==== 4-Sep-2012::16:44:04 ===
GET /main/depart_request [helpdesk] 200 174ms

=INFO REPORT==== 4-Sep-2012::16:44:06 ===
Loading routes from "/home/simba/hacking/erlang/helpdesk/priv/helpdesk.routes" ....

=INFO REPORT==== 4-Sep-2012::16:44:06 ===
GET / [helpdesk] 200 141ms

=INFO REPORT==== 4-Sep-2012::16:45:14 ===
Loading routes from "/home/simba/hacking/erlang/helpdesk/priv/helpdesk.routes" ....

=INFO REPORT==== 4-Sep-2012::16:45:14 ===
GET / [helpdesk] 200 175ms

=INFO REPORT==== 4-Sep-2012::16:45:26 ===
Loading routes from "/home/simba/hacking/erlang/helpdesk/priv/helpdesk.routes" ....

=INFO REPORT==== 4-Sep-2012::16:45:26 ===
GET /main/depart_request [helpdesk] 200 185ms

=INFO REPORT==== 4-Sep-2012::16:47:41 ===
Loading routes from "/home/simba/hacking/erlang/helpdesk/priv/helpdesk.routes" ....

=INFO REPORT==== 4-Sep-2012::16:47:41 ===
GET /request/index [helpdesk] 200 241ms

=INFO REPORT==== 4-Sep-2012::16:47:42 ===
Loading routes from "/home/simba/hacking/erlang/helpdesk/priv/helpdesk.routes" ....

=INFO REPORT==== 4-Sep-2012::16:47:42 ===
GET /main/user_request [helpdesk] 200 148ms

=INFO REPORT==== 4-Sep-2012::16:47:47 ===
Loading routes from "/home/simba/hacking/erlang/helpdesk/priv/helpdesk.routes" ....

=INFO REPORT==== 4-Sep-2012::16:47:47 ===
GET /request/set_discarded/request-37 [helpdesk] 200 145ms

=INFO REPORT==== 4-Sep-2012::16:47:49 ===
Loading routes from "/home/simba/hacking/erlang/helpdesk/priv/helpdesk.routes" ....

=INFO REPORT==== 4-Sep-2012::16:47:49 ===
POST /request/set_discarded/request-37 [helpdesk] 302 264ms

=INFO REPORT==== 4-Sep-2012::16:47:49 ===
Loading routes from "/home/simba/hacking/erlang/helpdesk/priv/helpdesk.routes" ....

=INFO REPORT==== 4-Sep-2012::16:47:49 ===
GET /main/depart_request [helpdesk] 200 186ms

=INFO REPORT==== 4-Sep-2012::16:48:02 ===
Loading routes from "/home/simba/hacking/erlang/helpdesk/priv/helpdesk.routes" ....

=INFO REPORT==== 4-Sep-2012::16:48:02 ===
GET /main/user_request [helpdesk] 200 147ms

=INFO REPORT==== 4-Sep-2012::16:48:10 ===
Loading routes from "/home/simba/hacking/erlang/helpdesk/priv/helpdesk.routes" ....

=INFO REPORT==== 4-Sep-2012::16:48:10 ===
GET /request/create [helpdesk] 200 136ms

=INFO REPORT==== 4-Sep-2012::16:48:34 ===
Loading routes from "/home/simba/hacking/erlang/helpdesk/priv/helpdesk.routes" ....

=INFO REPORT==== 4-Sep-2012::16:48:34 ===
POST /request/create [helpdesk] 302 189ms

=INFO REPORT==== 4-Sep-2012::16:48:34 ===
Loading routes from "/home/simba/hacking/erlang/helpdesk/priv/helpdesk.routes" ....

=INFO REPORT==== 4-Sep-2012::16:48:34 ===
GET /main/user_request [helpdesk] 200 151ms

=INFO REPORT==== 4-Sep-2012::16:48:36 ===
Loading routes from "/home/simba/hacking/erlang/helpdesk/priv/helpdesk.routes" ....

=INFO REPORT==== 4-Sep-2012::16:48:37 ===
GET /main/depart_request [helpdesk] 200 181ms

=INFO REPORT==== 4-Sep-2012::16:48:40 ===
Loading routes from "/home/simba/hacking/erlang/helpdesk/priv/helpdesk.routes" ....

=INFO REPORT==== 4-Sep-2012::16:48:41 ===
GET /main/depart_request/tag_order/creation_time [helpdesk] 200 179ms

=INFO REPORT==== 4-Sep-2012::16:48:48 ===
Loading routes from "/home/simba/hacking/erlang/helpdesk/priv/helpdesk.routes" ....

=INFO REPORT==== 4-Sep-2012::16:48:48 ===
GET /request/set_worker/request-38 [helpdesk] 200 143ms

=INFO REPORT==== 4-Sep-2012::16:48:53 ===
Loading routes from "/home/simba/hacking/erlang/helpdesk/priv/helpdesk.routes" ....

=INFO REPORT==== 4-Sep-2012::16:48:53 ===
POST /request/set_worker/request-38 [helpdesk] 302 195ms

=INFO REPORT==== 4-Sep-2012::16:48:53 ===
Loading routes from "/home/simba/hacking/erlang/helpdesk/priv/helpdesk.routes" ....

=INFO REPORT==== 4-Sep-2012::16:48:53 ===
GET /main/depart_request [helpdesk] 200 179ms

=INFO REPORT==== 4-Sep-2012::16:49:01 ===
Loading routes from "/home/simba/hacking/erlang/helpdesk/priv/helpdesk.routes" ....

=INFO REPORT==== 4-Sep-2012::16:49:01 ===
GET /request/set_complit/request-38 [helpdesk] 200 146ms

=INFO REPORT==== 4-Sep-2012::16:49:03 ===
Loading routes from "/home/simba/hacking/erlang/helpdesk/priv/helpdesk.routes" ....

=INFO REPORT==== 4-Sep-2012::16:49:03 ===
POST /request/set_complit/request-38 [helpdesk] 302 251ms

=INFO REPORT==== 4-Sep-2012::16:49:03 ===
Loading routes from "/home/simba/hacking/erlang/helpdesk/priv/helpdesk.routes" ....

=INFO REPORT==== 4-Sep-2012::16:49:03 ===
GET /main/depart_request [helpdesk] 200 179ms

=INFO REPORT==== 4-Sep-2012::16:49:07 ===
Loading routes from "/home/simba/hacking/erlang/helpdesk/priv/helpdesk.routes" ....

=INFO REPORT==== 4-Sep-2012::16:49:07 ===
GET /main/depart_request/tag_order/note [helpdesk] 200 178ms

=INFO REPORT==== 4-Sep-2012::16:49:19 ===
Loading routes from "/home/simba/hacking/erlang/helpdesk/priv/helpdesk.routes" ....

=INFO REPORT==== 4-Sep-2012::16:49:19 ===
GET /main/user_request [helpdesk] 200 156ms

=INFO REPORT==== 4-Sep-2012::16:49:24 ===
Loading routes from "/home/simba/hacking/erlang/helpdesk/priv/helpdesk.routes" ....

=INFO REPORT==== 4-Sep-2012::16:49:24 ===
GET /request/set_discarded/request-38 [helpdesk] 200 147ms

=INFO REPORT==== 4-Sep-2012::16:49:26 ===
Loading routes from "/home/simba/hacking/erlang/helpdesk/priv/helpdesk.routes" ....

=INFO REPORT==== 4-Sep-2012::16:49:26 ===
POST /request/set_discarded/request-38 [helpdesk] 302 256ms

=INFO REPORT==== 4-Sep-2012::16:49:26 ===
Loading routes from "/home/simba/hacking/erlang/helpdesk/priv/helpdesk.routes" ....

=INFO REPORT==== 4-Sep-2012::16:49:26 ===
GET /main/depart_request [helpdesk] 200 198ms

=INFO REPORT==== 4-Sep-2012::16:54:50 ===
Loading routes from "/home/simba/hacking/erlang/helpdesk/priv/helpdesk.routes" ....

=INFO REPORT==== 4-Sep-2012::16:54:50 ===
GET /main/user_request [helpdesk] 200 94ms

=INFO REPORT==== 4-Sep-2012::16:55:17 ===
Loading routes from "/home/simba/hacking/erlang/helpdesk/priv/helpdesk.routes" ....

=INFO REPORT==== 4-Sep-2012::16:55:17 ===
GET /main/user_request [helpdesk] 200 165ms

=INFO REPORT==== 4-Sep-2012::16:55:23 ===
Loading routes from "/home/simba/hacking/erlang/helpdesk/priv/helpdesk.routes" ....

=INFO REPORT==== 4-Sep-2012::16:55:23 ===
GET /main/depart_request [helpdesk] 200 184ms

=INFO REPORT==== 4-Sep-2012::16:55:27 ===
Loading routes from "/home/simba/hacking/erlang/helpdesk/priv/helpdesk.routes" ....

=INFO REPORT==== 4-Sep-2012::16:55:28 ===
GET /request/set_complit/request-38 [helpdesk] 200 147ms

=INFO REPORT==== 4-Sep-2012::16:55:29 ===
Loading routes from "/home/simba/hacking/erlang/helpdesk/priv/helpdesk.routes" ....

=INFO REPORT==== 4-Sep-2012::16:55:30 ===
POST /request/set_complit/request-38 [helpdesk] 302 218ms

=INFO REPORT==== 4-Sep-2012::16:55:30 ===
Loading routes from "/home/simba/hacking/erlang/helpdesk/priv/helpdesk.routes" ....

=INFO REPORT==== 4-Sep-2012::16:55:30 ===
GET /main/depart_request [helpdesk] 200 182ms

=INFO REPORT==== 4-Sep-2012::16:55:32 ===
Loading routes from "/home/simba/hacking/erlang/helpdesk/priv/helpdesk.routes" ....

=INFO REPORT==== 4-Sep-2012::16:55:32 ===
GET /main/user_request [helpdesk] 200 158ms

=INFO REPORT==== 4-Sep-2012::16:55:34 ===
Loading routes from "/home/simba/hacking/erlang/helpdesk/priv/helpdesk.routes" ....

=INFO REPORT==== 4-Sep-2012::16:55:34 ===
GET /request/set_discarded/request-38 [helpdesk] 200 174ms

=INFO REPORT==== 4-Sep-2012::16:55:36 ===
Loading routes from "/home/simba/hacking/erlang/helpdesk/priv/helpdesk.routes" ....

=ERROR REPORT==== 4-Sep-2012::16:55:36 ===
** Generic server <0.80.0> terminating 
** Last message in was {save_record,
                           {comment,id,"request-38",
                               [1054,1090,1084,1077,1085,1072,32,1074,1099,
                                1087,1086,1083,1085,1077,1085,1080,1103,32,
                                1079,1072,1076,1072,1085,1080,1103,32],
                               "cl_user-1","depart-1",
                               {1346,756136,571719},
                               {1346,756136,571721}}}
** When Server state == {state,boss_db_adapter_mysql,<0.81.0>,[],
                               {dict,0,16,16,8,80,48,
                                     {[],[],[],[],[],[],[],[],[],[],[],[],[],
                                      [],[],[]},
                                     {{[],[],[],[],[],[],[],[],[],[],[],[],[],
                                       [],[],[]}}},
                               false,60,db,0}
** Reason for termination == 
** {{case_clause,
        {'EXIT',
            {badarg,
                [{erlang,iolist_to_binary,
                     [["INSERT INTO ","comments"," (",
                       "change_time, creation_time, depart_id, cl_user_id, note, request_id",
                       ") values (",
                       [39,50,48,49,50,45,48,57,45,48,52,32,49,48,58,53,53,58,
                        51,54,39,44,32,39,50,48,49,50,45,48,57,45,48,52,32,49,
                        48,58,53,53,58,51,54,39,44,32,49,44,32,49,44,32,39,
                        1054,1090,1084,1077,1085,1072,32,1074,1099,1087,1086,
                        1083,1085,1077,1085,1080,1103,32,1079,1072,1076,1072,
                        1085,1080,1103,32,39,44,32,51,56],
                       ")"]]},
                 {mysql_conn,do_query,5},
                 {mysql_conn,'-do_queries/5-fun-0-',6},
                 {lists,foldl,3},
                 {mysql_conn,do_queries,5},
                 {mysql_conn,loop,1}]}}},
    [{boss_db_adapter_mysql,save_record,2},
     {boss_db_controller,handle_call,3},
     {gen_server,handle_msg,5},
     {proc_lib,init_p_do_apply,3}]}

=ERROR REPORT==== 4-Sep-2012::16:55:36 ===
{{{case_clause,
      {'EXIT',
          {badarg,
              [{erlang,iolist_to_binary,
                   [["INSERT INTO ","comments"," (",
                     "change_time, creation_time, depart_id, cl_user_id, note, request_id",
                     ") values (",
                     [39,50,48,49,50,45,48,57,45,48,52,32,49,48,58,53,53,58,
                      51,54,39,44,32,39,50,48,49,50,45,48,57,45,48,52,32,49,
                      48,58,53,53,58,51,54,39,44,32,49,44,32,49,44,32,39,1054,
                      1090,1084,1077,1085,1072,32,1074,1099,1087,1086,1083,
                      1085,1077,1085,1080,1103,32,1079,1072,1076,1072,1085,
                      1080,1103,32,39,44,32,51,56],
                     ")"]]},
               {mysql_conn,do_query,5},
               {mysql_conn,'-do_queries/5-fun-0-',6},
               {lists,foldl,3},
               {mysql_conn,do_queries,5},
               {mysql_conn,loop,1}]}}},
  [{boss_db_adapter_mysql,save_record,2},
   {boss_db_controller,handle_call,3},
   {gen_server,handle_msg,5},
   {proc_lib,init_p_do_apply,3}]},
 {gen_server,call,
     [<0.80.0>,
      {save_record,
          {comment,id,"request-38",
              [1054,1090,1084,1077,1085,1072,32,1074,1099,1087,1086,1083,1085,
               1077,1085,1080,1103,32,1079,1072,1076,1072,1085,1080,1103,32],
              "cl_user-1","depart-1",
              {1346,756136,571719},
              {1346,756136,571721}}},
      30000]}}

=ERROR REPORT==== 4-Sep-2012::16:55:36 ===
POST /request/set_discarded/request-38 [helpdesk] 500 142ms

=INFO REPORT==== 4-Sep-2012::16:57:24 ===
Loading routes from "/home/simba/hacking/erlang/helpdesk/priv/helpdesk.routes" ....

=INFO REPORT==== 4-Sep-2012::16:57:24 ===
GET /request/set_discarded/request-38 [helpdesk] 200 156ms

=INFO REPORT==== 4-Sep-2012::16:57:26 ===
Loading routes from "/home/simba/hacking/erlang/helpdesk/priv/helpdesk.routes" ....

=INFO REPORT==== 4-Sep-2012::16:57:26 ===
POST /request/set_discarded/request-38 [helpdesk] 302 279ms

=INFO REPORT==== 4-Sep-2012::16:57:26 ===
Loading routes from "/home/simba/hacking/erlang/helpdesk/priv/helpdesk.routes" ....

=INFO REPORT==== 4-Sep-2012::16:57:26 ===
GET /main/depart_request [helpdesk] 200 182ms

=INFO REPORT==== 4-Sep-2012::16:57:29 ===
Loading routes from "/home/simba/hacking/erlang/helpdesk/priv/helpdesk.routes" ....

=INFO REPORT==== 4-Sep-2012::16:57:29 ===
GET /request/show/request-38 [helpdesk] 200 156ms

=INFO REPORT==== 4-Sep-2012::16:57:33 ===
Loading routes from "/home/simba/hacking/erlang/helpdesk/priv/helpdesk.routes" ....

=INFO REPORT==== 4-Sep-2012::16:57:33 ===
GET / [helpdesk] 200 141ms

=INFO REPORT==== 4-Sep-2012::16:57:34 ===
Loading routes from "/home/simba/hacking/erlang/helpdesk/priv/helpdesk.routes" ....

=INFO REPORT==== 4-Sep-2012::16:57:34 ===
GET /main/user_request [helpdesk] 200 157ms

=INFO REPORT==== 4-Sep-2012::16:57:36 ===
Loading routes from "/home/simba/hacking/erlang/helpdesk/priv/helpdesk.routes" ....

=INFO REPORT==== 4-Sep-2012::16:57:36 ===
GET /main/depart_request [helpdesk] 200 217ms

=INFO REPORT==== 4-Sep-2012::16:57:38 ===
Loading routes from "/home/simba/hacking/erlang/helpdesk/priv/helpdesk.routes" ....

=INFO REPORT==== 4-Sep-2012::16:57:38 ===
GET /request/set_complit/request-38 [helpdesk] 200 147ms

=INFO REPORT==== 4-Sep-2012::16:57:40 ===
Loading routes from "/home/simba/hacking/erlang/helpdesk/priv/helpdesk.routes" ....

=INFO REPORT==== 4-Sep-2012::16:57:40 ===
POST /request/set_complit/request-38 [helpdesk] 302 218ms

=INFO REPORT==== 4-Sep-2012::16:57:40 ===
Loading routes from "/home/simba/hacking/erlang/helpdesk/priv/helpdesk.routes" ....

=INFO REPORT==== 4-Sep-2012::16:57:40 ===
GET /main/depart_request [helpdesk] 200 186ms

=INFO REPORT==== 4-Sep-2012::16:57:41 ===
Loading routes from "/home/simba/hacking/erlang/helpdesk/priv/helpdesk.routes" ....

=INFO REPORT==== 4-Sep-2012::16:57:42 ===
GET /main/user_request [helpdesk] 200 179ms

=INFO REPORT==== 4-Sep-2012::16:57:47 ===
Loading routes from "/home/simba/hacking/erlang/helpdesk/priv/helpdesk.routes" ....

=INFO REPORT==== 4-Sep-2012::16:57:47 ===
GET /request/set_discarded/request-38 [helpdesk] 200 159ms

=INFO REPORT==== 4-Sep-2012::16:57:49 ===
Loading routes from "/home/simba/hacking/erlang/helpdesk/priv/helpdesk.routes" ....

=INFO REPORT==== 4-Sep-2012::16:57:49 ===
POST /request/set_discarded/request-38 [helpdesk] 302 245ms

=INFO REPORT==== 4-Sep-2012::16:57:49 ===
Loading routes from "/home/simba/hacking/erlang/helpdesk/priv/helpdesk.routes" ....

=INFO REPORT==== 4-Sep-2012::16:57:49 ===
GET /main/depart_request [helpdesk] 200 194ms

=INFO REPORT==== 4-Sep-2012::16:57:52 ===
Loading routes from "/home/simba/hacking/erlang/helpdesk/priv/helpdesk.routes" ....

=INFO REPORT==== 4-Sep-2012::16:57:52 ===
GET /request/show/request-38 [helpdesk] 200 152ms

=INFO REPORT==== 4-Sep-2012::16:59:00 ===
Loading routes from "/home/simba/hacking/erlang/helpdesk/priv/helpdesk.routes" ....

=INFO REPORT==== 4-Sep-2012::16:59:00 ===
GET /main/depart_request [helpdesk] 200 188ms

=INFO REPORT==== 4-Sep-2012::16:59:03 ===
Loading routes from "/home/simba/hacking/erlang/helpdesk/priv/helpdesk.routes" ....

=INFO REPORT==== 4-Sep-2012::16:59:03 ===
GET /request/set_complit/request-38 [helpdesk] 200 152ms

=INFO REPORT==== 4-Sep-2012::16:59:04 ===
Loading routes from "/home/simba/hacking/erlang/helpdesk/priv/helpdesk.routes" ....

=INFO REPORT==== 4-Sep-2012::16:59:04 ===
POST /request/set_complit/request-38 [helpdesk] 302 209ms

=INFO REPORT==== 4-Sep-2012::16:59:04 ===
Loading routes from "/home/simba/hacking/erlang/helpdesk/priv/helpdesk.routes" ....

=INFO REPORT==== 4-Sep-2012::16:59:05 ===
GET /main/depart_request [helpdesk] 200 183ms

=INFO REPORT==== 4-Sep-2012::16:59:07 ===
Loading routes from "/home/simba/hacking/erlang/helpdesk/priv/helpdesk.routes" ....

=INFO REPORT==== 4-Sep-2012::16:59:07 ===
GET /main/user_request [helpdesk] 200 156ms

=INFO REPORT==== 4-Sep-2012::16:59:09 ===
Loading routes from "/home/simba/hacking/erlang/helpdesk/priv/helpdesk.routes" ....

=INFO REPORT==== 4-Sep-2012::16:59:10 ===
GET /request/set_discarded/request-38 [helpdesk] 200 148ms

=INFO REPORT==== 4-Sep-2012::16:59:12 ===
Loading routes from "/home/simba/hacking/erlang/helpdesk/priv/helpdesk.routes" ....

=INFO REPORT==== 4-Sep-2012::16:59:12 ===
POST /request/set_discarded/request-38 [helpdesk] 302 288ms

=INFO REPORT==== 4-Sep-2012::16:59:12 ===
Loading routes from "/home/simba/hacking/erlang/helpdesk/priv/helpdesk.routes" ....

=INFO REPORT==== 4-Sep-2012::16:59:12 ===
GET /main/depart_request [helpdesk] 200 184ms

=INFO REPORT==== 4-Sep-2012::16:59:14 ===
Loading routes from "/home/simba/hacking/erlang/helpdesk/priv/helpdesk.routes" ....

=INFO REPORT==== 4-Sep-2012::16:59:15 ===
GET /request/show/request-38 [helpdesk] 200 157ms

=INFO REPORT==== 4-Sep-2012::16:59:47 ===
Loading routes from "/home/simba/hacking/erlang/helpdesk/priv/helpdesk.routes" ....

=INFO REPORT==== 4-Sep-2012::16:59:47 ===
GET /main/depart_request [helpdesk] 200 193ms

=INFO REPORT==== 4-Sep-2012::16:59:49 ===
Loading routes from "/home/simba/hacking/erlang/helpdesk/priv/helpdesk.routes" ....

=INFO REPORT==== 4-Sep-2012::16:59:49 ===
GET /request/show/request-38 [helpdesk] 200 160ms

=INFO REPORT==== 4-Sep-2012::16:59:53 ===
Loading routes from "/home/simba/hacking/erlang/helpdesk/priv/helpdesk.routes" ....

=INFO REPORT==== 4-Sep-2012::16:59:53 ===
GET /request/set_complit/request-38 [helpdesk] 200 164ms

=INFO REPORT==== 4-Sep-2012::16:59:55 ===
Loading routes from "/home/simba/hacking/erlang/helpdesk/priv/helpdesk.routes" ....

=INFO REPORT==== 4-Sep-2012::16:59:55 ===
POST /request/set_complit/request-38 [helpdesk] 302 223ms

=INFO REPORT==== 4-Sep-2012::16:59:55 ===
Loading routes from "/home/simba/hacking/erlang/helpdesk/priv/helpdesk.routes" ....

=INFO REPORT==== 4-Sep-2012::16:59:55 ===
GET /main/depart_request [helpdesk] 200 184ms

=INFO REPORT==== 4-Sep-2012::16:59:57 ===
Loading routes from "/home/simba/hacking/erlang/helpdesk/priv/helpdesk.routes" ....

=INFO REPORT==== 4-Sep-2012::16:59:57 ===
GET /main/user_request [helpdesk] 200 157ms

=INFO REPORT==== 4-Sep-2012::16:59:59 ===
Loading routes from "/home/simba/hacking/erlang/helpdesk/priv/helpdesk.routes" ....

=INFO REPORT==== 4-Sep-2012::16:59:59 ===
GET /request/set_discarded/request-38 [helpdesk] 200 160ms

=INFO REPORT==== 4-Sep-2012::17:00:01 ===
Loading routes from "/home/simba/hacking/erlang/helpdesk/priv/helpdesk.routes" ....

=ERROR REPORT==== 4-Sep-2012::17:00:01 ===
** Generic server <0.516.0> terminating 
** Last message in was {save_record,
                           {comment,id,"request-38",
                               [1042,1086,1079,1074,1088,1072,1097,1077,1085,
                                1086],
                               "cl_user-1","depart-1",
                               {1346,756401,331787},
                               {1346,756401,331789}}}
** When Server state == {state,boss_db_adapter_mysql,<0.517.0>,[],
                               {dict,0,16,16,8,80,48,
                                     {[],[],[],[],[],[],[],[],[],[],[],[],[],
                                      [],[],[]},
                                     {{[],[],[],[],[],[],[],[],[],[],[],[],[],
                                       [],[],[]}}},
                               false,60,db,0}
** Reason for termination == 
** {{case_clause,
        {'EXIT',
            {badarg,
                [{erlang,iolist_to_binary,
                     [["INSERT INTO ","comments"," (",
                       "change_time, creation_time, depart_id, cl_user_id, note, request_id",
                       ") values (",
                       [39,50,48,49,50,45,48,57,45,48,52,32,49,49,58,48,48,58,
                        48,49,39,44,32,39,50,48,49,50,45,48,57,45,48,52,32,49,
                        49,58,48,48,58,48,49,39,44,32,49,44,32,49,44,32,39,
                        1042,1086,1079,1074,1088,1072,1097,1077,1085,1086,39,
                        44,32,51,56],
                       ")"]]},
                 {mysql_conn,do_query,5},
                 {mysql_conn,'-do_queries/5-fun-0-',6},
                 {lists,foldl,3},
                 {mysql_conn,do_queries,5},
                 {mysql_conn,loop,1}]}}},
    [{boss_db_adapter_mysql,save_record,2},
     {boss_db_controller,handle_call,3},
     {gen_server,handle_msg,5},
     {proc_lib,init_p_do_apply,3}]}

=ERROR REPORT==== 4-Sep-2012::17:00:01 ===
{{{case_clause,
      {'EXIT',
          {badarg,
              [{erlang,iolist_to_binary,
                   [["INSERT INTO ","comments"," (",
                     "change_time, creation_time, depart_id, cl_user_id, note, request_id",
                     ") values (",
                     [39,50,48,49,50,45,48,57,45,48,52,32,49,49,58,48,48,58,
                      48,49,39,44,32,39,50,48,49,50,45,48,57,45,48,52,32,49,
                      49,58,48,48,58,48,49,39,44,32,49,44,32,49,44,32,39,1042,
                      1086,1079,1074,1088,1072,1097,1077,1085,1086,39,44,32,
                      51,56],
                     ")"]]},
               {mysql_conn,do_query,5},
               {mysql_conn,'-do_queries/5-fun-0-',6},
               {lists,foldl,3},
               {mysql_conn,do_queries,5},
               {mysql_conn,loop,1}]}}},
  [{boss_db_adapter_mysql,save_record,2},
   {boss_db_controller,handle_call,3},
   {gen_server,handle_msg,5},
   {proc_lib,init_p_do_apply,3}]},
 {gen_server,call,
     [<0.516.0>,
      {save_record,
          {comment,id,"request-38",
              [1042,1086,1079,1074,1088,1072,1097,1077,1085,1086],
              "cl_user-1","depart-1",
              {1346,756401,331787},
              {1346,756401,331789}}},
      30000]}}

=ERROR REPORT==== 4-Sep-2012::17:00:01 ===
POST /request/set_discarded/request-38 [helpdesk] 500 146ms

=INFO REPORT==== 4-Sep-2012::17:02:11 ===
Loading routes from "/home/simba/hacking/erlang/helpdesk/priv/helpdesk.routes" ....

=INFO REPORT==== 4-Sep-2012::17:02:12 ===
GET /request/set_discarded/request-38 [helpdesk] 200 166ms

=INFO REPORT==== 4-Sep-2012::17:02:12 ===
Loading routes from "/home/simba/hacking/erlang/helpdesk/priv/helpdesk.routes" ....

=ERROR REPORT==== 4-Sep-2012::17:02:13 ===
{badarg,[{helpdesk_request_controller,set_discarded,4},
         {boss_web_controller,execute_action,5},
         {boss_web_controller,process_request,5},
         {timer,tc,3},
         {boss_web_controller,handle_request,3},
         {mochiweb_http,headers,5},
         {proc_lib,init_p_do_apply,3}]}

=ERROR REPORT==== 4-Sep-2012::17:02:13 ===
POST /request/set_discarded/request-38 [helpdesk] 500 141ms

=INFO REPORT==== 4-Sep-2012::17:05:15 ===
Loading routes from "/home/simba/hacking/erlang/helpdesk/priv/helpdesk.routes" ....

=INFO REPORT==== 4-Sep-2012::17:05:15 ===
GET /request/set_discarded/request-38 [helpdesk] 200 165ms

=INFO REPORT==== 4-Sep-2012::17:05:16 ===
Loading routes from "/home/simba/hacking/erlang/helpdesk/priv/helpdesk.routes" ....

=ERROR REPORT==== 4-Sep-2012::17:05:17 ===
{badarith,[{helpdesk_request_controller,set_discarded,4},
           {boss_web_controller,execute_action,5},
           {boss_web_controller,process_request,5},
           {timer,tc,3},
           {boss_web_controller,handle_request,3},
           {mochiweb_http,headers,5},
           {proc_lib,init_p_do_apply,3}]}

=ERROR REPORT==== 4-Sep-2012::17:05:17 ===
POST /request/set_discarded/request-38 [helpdesk] 500 140ms

=INFO REPORT==== 4-Sep-2012::17:05:21 ===
Loading routes from "/home/simba/hacking/erlang/helpdesk/priv/helpdesk.routes" ....

=INFO REPORT==== 4-Sep-2012::17:05:21 ===
GET /main/user_request [helpdesk] 200 178ms

=INFO REPORT==== 4-Sep-2012::17:05:23 ===
Loading routes from "/home/simba/hacking/erlang/helpdesk/priv/helpdesk.routes" ....

=INFO REPORT==== 4-Sep-2012::17:05:23 ===
GET /request/set_discarded/request-38 [helpdesk] 200 151ms

=INFO REPORT==== 4-Sep-2012::17:05:24 ===
Loading routes from "/home/simba/hacking/erlang/helpdesk/priv/helpdesk.routes" ....

=ERROR REPORT==== 4-Sep-2012::17:05:24 ===
{badarith,[{helpdesk_request_controller,set_discarded,4},
           {boss_web_controller,execute_action,5},
           {boss_web_controller,process_request,5},
           {timer,tc,3},
           {boss_web_controller,handle_request,3},
           {mochiweb_http,headers,5},
           {proc_lib,init_p_do_apply,3}]}

=ERROR REPORT==== 4-Sep-2012::17:05:24 ===
POST /request/set_discarded/request-38 [helpdesk] 500 146ms

=INFO REPORT==== 4-Sep-2012::17:09:15 ===
Loading routes from "/home/simba/hacking/erlang/helpdesk/priv/helpdesk.routes" ....

=ERROR REPORT==== 4-Sep-2012::17:09:16 ===
{badarg,[{erlang,atom_to_list,[{{2012,9,4},{16,59,55}}]},
         {helpdesk_request_controller,set_discarded,4},
         {boss_web_controller,execute_action,5},
         {boss_web_controller,process_request,5},
         {timer,tc,3},
         {boss_web_controller,handle_request,3},
         {mochiweb_http,headers,5},
         {proc_lib,init_p_do_apply,3}]}

=ERROR REPORT==== 4-Sep-2012::17:09:16 ===
POST /request/set_discarded/request-38 [helpdesk] 500 141ms

=INFO REPORT==== 4-Sep-2012::17:10:03 ===
Loading routes from "/home/simba/hacking/erlang/helpdesk/priv/helpdesk.routes" ....

=INFO REPORT==== 4-Sep-2012::17:10:03 ===
GET /request/set_discarded/request-38 [helpdesk] 200 178ms

=INFO REPORT==== 4-Sep-2012::17:10:04 ===
Loading routes from "/home/simba/hacking/erlang/helpdesk/priv/helpdesk.routes" ....

=ERROR REPORT==== 4-Sep-2012::17:10:04 ===
{badarith,[{helpdesk_request_controller,set_discarded,4},
           {boss_web_controller,execute_action,5},
           {boss_web_controller,process_request,5},
           {timer,tc,3},
           {boss_web_controller,handle_request,3},
           {mochiweb_http,headers,5},
           {proc_lib,init_p_do_apply,3}]}

=ERROR REPORT==== 4-Sep-2012::17:10:04 ===
POST /request/set_discarded/request-38 [helpdesk] 500 136ms

=INFO REPORT==== 4-Sep-2012::17:12:55 ===
Loading routes from "/home/simba/hacking/erlang/helpdesk/priv/helpdesk.routes" ....

=INFO REPORT==== 4-Sep-2012::17:12:55 ===
GET /request/set_discarded/request-38 [helpdesk] 200 175ms

=INFO REPORT==== 4-Sep-2012::17:12:56 ===
Loading routes from "/home/simba/hacking/erlang/helpdesk/priv/helpdesk.routes" ....

=INFO REPORT==== 4-Sep-2012::17:12:56 ===
POST /request/set_discarded/request-38 [helpdesk] 302 212ms

=INFO REPORT==== 4-Sep-2012::17:12:56 ===
Loading routes from "/home/simba/hacking/erlang/helpdesk/priv/helpdesk.routes" ....

=INFO REPORT==== 4-Sep-2012::17:12:56 ===
GET /main/depart_request [helpdesk] 200 189ms

=INFO REPORT==== 4-Sep-2012::17:12:59 ===
Loading routes from "/home/simba/hacking/erlang/helpdesk/priv/helpdesk.routes" ....

=INFO REPORT==== 4-Sep-2012::17:12:59 ===
GET /request/show/request-38 [helpdesk] 200 162ms

=INFO REPORT==== 4-Sep-2012::17:13:03 ===
Loading routes from "/home/simba/hacking/erlang/helpdesk/priv/helpdesk.routes" ....

=INFO REPORT==== 4-Sep-2012::17:13:03 ===
GET /request/show/request-38 [helpdesk] 200 175ms

=INFO REPORT==== 4-Sep-2012::17:13:04 ===
Loading routes from "/home/simba/hacking/erlang/helpdesk/priv/helpdesk.routes" ....

=INFO REPORT==== 4-Sep-2012::17:13:04 ===
GET /request/show/request-38 [helpdesk] 200 165ms

=INFO REPORT==== 4-Sep-2012::17:13:09 ===
Loading routes from "/home/simba/hacking/erlang/helpdesk/priv/helpdesk.routes" ....

=INFO REPORT==== 4-Sep-2012::17:13:09 ===
GET /main/user_request [helpdesk] 200 159ms

=INFO REPORT==== 4-Sep-2012::17:13:11 ===
Loading routes from "/home/simba/hacking/erlang/helpdesk/priv/helpdesk.routes" ....

=INFO REPORT==== 4-Sep-2012::17:13:11 ===
GET /main/depart_request [helpdesk] 200 187ms

=INFO REPORT==== 4-Sep-2012::17:13:13 ===
Loading routes from "/home/simba/hacking/erlang/helpdesk/priv/helpdesk.routes" ....

=INFO REPORT==== 4-Sep-2012::17:13:13 ===
GET /request/set_complit/request-38 [helpdesk] 200 157ms

=INFO REPORT==== 4-Sep-2012::17:13:15 ===
Loading routes from "/home/simba/hacking/erlang/helpdesk/priv/helpdesk.routes" ....

=INFO REPORT==== 4-Sep-2012::17:13:15 ===
POST /request/set_complit/request-38 [helpdesk] 302 245ms

=INFO REPORT==== 4-Sep-2012::17:13:15 ===
Loading routes from "/home/simba/hacking/erlang/helpdesk/priv/helpdesk.routes" ....

=INFO REPORT==== 4-Sep-2012::17:13:15 ===
GET /main/depart_request [helpdesk] 200 214ms

=INFO REPORT==== 4-Sep-2012::17:13:17 ===
Loading routes from "/home/simba/hacking/erlang/helpdesk/priv/helpdesk.routes" ....

=INFO REPORT==== 4-Sep-2012::17:13:17 ===
GET /main/user_request [helpdesk] 200 162ms

=INFO REPORT==== 4-Sep-2012::17:13:20 ===
Loading routes from "/home/simba/hacking/erlang/helpdesk/priv/helpdesk.routes" ....

=INFO REPORT==== 4-Sep-2012::17:13:20 ===
GET /request/set_discarded/request-38 [helpdesk] 200 154ms

=INFO REPORT==== 4-Sep-2012::17:13:22 ===
Loading routes from "/home/simba/hacking/erlang/helpdesk/priv/helpdesk.routes" ....

=INFO REPORT==== 4-Sep-2012::17:13:22 ===
POST /request/set_discarded/request-38 [helpdesk] 302 440ms

=INFO REPORT==== 4-Sep-2012::17:13:22 ===
Loading routes from "/home/simba/hacking/erlang/helpdesk/priv/helpdesk.routes" ....

=INFO REPORT==== 4-Sep-2012::17:13:22 ===
GET /main/depart_request [helpdesk] 200 184ms

=INFO REPORT==== 4-Sep-2012::17:13:25 ===
Loading routes from "/home/simba/hacking/erlang/helpdesk/priv/helpdesk.routes" ....

=INFO REPORT==== 4-Sep-2012::17:13:25 ===
GET /request/show/request-38 [helpdesk] 200 162ms

=INFO REPORT==== 4-Sep-2012::17:17:11 ===
Loading routes from "/home/simba/hacking/erlang/helpdesk/priv/helpdesk.routes" ....

=INFO REPORT==== 4-Sep-2012::17:17:11 ===
GET /request/show/request-38 [helpdesk] 200 178ms

=INFO REPORT==== 4-Sep-2012::17:17:11 ===
Loading routes from "/home/simba/hacking/erlang/helpdesk/priv/helpdesk.routes" ....

=INFO REPORT==== 4-Sep-2012::17:17:12 ===
GET /request/show/request-38 [helpdesk] 200 171ms

=INFO REPORT==== 4-Sep-2012::17:17:15 ===
Loading routes from "/home/simba/hacking/erlang/helpdesk/priv/helpdesk.routes" ....

=INFO REPORT==== 4-Sep-2012::17:17:15 ===
GET /main/user_request [helpdesk] 200 183ms

=INFO REPORT==== 4-Sep-2012::17:17:18 ===
Loading routes from "/home/simba/hacking/erlang/helpdesk/priv/helpdesk.routes" ....

=INFO REPORT==== 4-Sep-2012::17:17:18 ===
GET /main/depart_request [helpdesk] 200 184ms

=INFO REPORT==== 4-Sep-2012::17:17:20 ===
Loading routes from "/home/simba/hacking/erlang/helpdesk/priv/helpdesk.routes" ....

=INFO REPORT==== 4-Sep-2012::17:17:20 ===
GET /request/set_complit/request-38 [helpdesk] 200 149ms

=INFO REPORT==== 4-Sep-2012::17:17:22 ===
Loading routes from "/home/simba/hacking/erlang/helpdesk/priv/helpdesk.routes" ....

=INFO REPORT==== 4-Sep-2012::17:17:22 ===
POST /request/set_complit/request-38 [helpdesk] 302 232ms

=INFO REPORT==== 4-Sep-2012::17:17:22 ===
Loading routes from "/home/simba/hacking/erlang/helpdesk/priv/helpdesk.routes" ....

=INFO REPORT==== 4-Sep-2012::17:17:22 ===
GET /main/depart_request [helpdesk] 200 218ms

=INFO REPORT==== 4-Sep-2012::17:17:23 ===
Loading routes from "/home/simba/hacking/erlang/helpdesk/priv/helpdesk.routes" ....

=INFO REPORT==== 4-Sep-2012::17:17:23 ===
GET /main/user_request [helpdesk] 200 168ms

=INFO REPORT==== 4-Sep-2012::17:17:26 ===
Loading routes from "/home/simba/hacking/erlang/helpdesk/priv/helpdesk.routes" ....

=INFO REPORT==== 4-Sep-2012::17:17:26 ===
GET /request/set_discarded/request-38 [helpdesk] 200 156ms

=INFO REPORT==== 4-Sep-2012::17:17:28 ===
Loading routes from "/home/simba/hacking/erlang/helpdesk/priv/helpdesk.routes" ....

=ERROR REPORT==== 4-Sep-2012::17:17:28 ===
** Generic server <0.77.0> terminating 
** Last message in was {save_record,
                           {comment,id,"request-38",
                               [1092,1099],
                               "cl_user-1","depart-1",
                               {1346,757448,707665},
                               {1346,757448,707666}}}
** When Server state == {state,boss_db_adapter_mysql,<0.78.0>,[],
                               {dict,0,16,16,8,80,48,
                                     {[],[],[],[],[],[],[],[],[],[],[],[],[],
                                      [],[],[]},
                                     {{[],[],[],[],[],[],[],[],[],[],[],[],[],
                                       [],[],[]}}},
                               false,60,db,0}
** Reason for termination == 
** {{case_clause,
        {'EXIT',
            {badarg,
                [{erlang,iolist_to_binary,
                     [["INSERT INTO ","comments"," (",
                       "change_time, creation_time, depart_id, cl_user_id, note, request_id",
                       ") values (",
                       [39,50,48,49,50,45,48,57,45,48,52,32,49,49,58,49,55,58,
                        50,56,39,44,32,39,50,48,49,50,45,48,57,45,48,52,32,49,
                        49,58,49,55,58,50,56,39,44,32,49,44,32,49,44,32,39,
                        1092,1099,39,44,32,51,56],
                       ")"]]},
                 {mysql_conn,do_query,5},
                 {mysql_conn,'-do_queries/5-fun-0-',6},
                 {lists,foldl,3},
                 {mysql_conn,do_queries,5},
                 {mysql_conn,loop,1}]}}},
    [{boss_db_adapter_mysql,save_record,2},
     {boss_db_controller,handle_call,3},
     {gen_server,handle_msg,5},
     {proc_lib,init_p_do_apply,3}]}

=ERROR REPORT==== 4-Sep-2012::17:17:28 ===
{{{case_clause,
      {'EXIT',
          {badarg,
              [{erlang,iolist_to_binary,
                   [["INSERT INTO ","comments"," (",
                     "change_time, creation_time, depart_id, cl_user_id, note, request_id",
                     ") values (",
                     [39,50,48,49,50,45,48,57,45,48,52,32,49,49,58,49,55,58,
                      50,56,39,44,32,39,50,48,49,50,45,48,57,45,48,52,32,49,
                      49,58,49,55,58,50,56,39,44,32,49,44,32,49,44,32,39,1092,
                      1099,39,44,32,51,56],
                     ")"]]},
               {mysql_conn,do_query,5},
               {mysql_conn,'-do_queries/5-fun-0-',6},
               {lists,foldl,3},
               {mysql_conn,do_queries,5},
               {mysql_conn,loop,1}]}}},
  [{boss_db_adapter_mysql,save_record,2},
   {boss_db_controller,handle_call,3},
   {gen_server,handle_msg,5},
   {proc_lib,init_p_do_apply,3}]},
 {gen_server,call,
     [<0.77.0>,
      {save_record,
          {comment,id,"request-38",
              [1092,1099],
              "cl_user-1","depart-1",
              {1346,757448,707665},
              {1346,757448,707666}}},
      30000]}}

=ERROR REPORT==== 4-Sep-2012::17:17:28 ===
POST /request/set_discarded/request-38 [helpdesk] 500 178ms

=INFO REPORT==== 4-Sep-2012::17:53:03 ===
Loading routes from "/home/simba/hacking/erlang/helpdesk/priv/helpdesk.routes" ....

=INFO REPORT==== 4-Sep-2012::17:53:04 ===
GET /request/set_discarded/request-38 [helpdesk] 200 78ms

=INFO REPORT==== 4-Sep-2012::17:53:06 ===
Loading routes from "/home/simba/hacking/erlang/helpdesk/priv/helpdesk.routes" ....

=INFO REPORT==== 4-Sep-2012::17:53:06 ===
GET /main/user_request [helpdesk] 200 79ms

=INFO REPORT==== 4-Sep-2012::17:55:03 ===
GET /admin [cb_admin] 200 35ms

=INFO REPORT==== 4-Sep-2012::17:55:05 ===
GET /admin/model/model [cb_admin] 200 13ms

=INFO REPORT==== 4-Sep-2012::17:55:06 ===
GET /admin/model/model/request [cb_admin] 200 53ms

=INFO REPORT==== 4-Sep-2012::17:55:07 ===
POST /admin/model/watch [cb_admin] 200 22ms

=INFO REPORT==== 4-Sep-2012::17:55:37 ===
GET /admin/model/events/1346759706877309 [cb_admin] 200 30001ms

=INFO REPORT==== 4-Sep-2012::17:55:37 ===
POST /admin/model/heartbeat/1 [cb_admin] 200 0ms

=INFO REPORT==== 4-Sep-2012::17:56:07 ===
POST /admin/model/heartbeat/1 [cb_admin] 200 0ms

=INFO REPORT==== 4-Sep-2012::17:56:07 ===
GET /admin/model/events/1346759707200102 [cb_admin] 200 30000ms

=INFO REPORT==== 4-Sep-2012::17:56:37 ===
POST /admin/model/heartbeat/1 [cb_admin] 200 0ms

=INFO REPORT==== 4-Sep-2012::17:56:37 ===
GET /admin/model/events/1346759737216784 [cb_admin] 200 30000ms

=INFO REPORT==== 4-Sep-2012::17:57:07 ===
POST /admin/model/heartbeat/1 [cb_admin] 200 0ms

=INFO REPORT==== 4-Sep-2012::17:57:07 ===
GET /admin/model/events/1346759767268541 [cb_admin] 200 30001ms

=INFO REPORT==== 4-Sep-2012::17:57:37 ===
POST /admin/model/heartbeat/1 [cb_admin] 200 0ms

=INFO REPORT==== 4-Sep-2012::17:57:37 ===
GET /admin/model/events/1346759797318042 [cb_admin] 200 30001ms

=INFO REPORT==== 4-Sep-2012::17:58:07 ===
POST /admin/model/heartbeat/1 [cb_admin] 200 0ms

=INFO REPORT==== 4-Sep-2012::17:58:07 ===
GET /admin/model/events/1346759827366034 [cb_admin] 200 30001ms

=INFO REPORT==== 4-Sep-2012::17:58:37 ===
POST /admin/model/heartbeat/1 [cb_admin] 200 0ms

=INFO REPORT==== 4-Sep-2012::17:58:37 ===
GET /admin/model/events/1346759857413319 [cb_admin] 200 30000ms

=INFO REPORT==== 4-Sep-2012::17:58:42 ===
Loading routes from "/home/simba/hacking/erlang/helpdesk/priv/helpdesk.routes" ....

=INFO REPORT==== 4-Sep-2012::17:58:42 ===
GET /main/user_request [helpdesk] 200 164ms

=INFO REPORT==== 4-Sep-2012::17:58:46 ===
Loading routes from "/home/simba/hacking/erlang/helpdesk/priv/helpdesk.routes" ....

=INFO REPORT==== 4-Sep-2012::17:58:46 ===
GET /request/set_discarded/request-38 [helpdesk] 200 155ms

=INFO REPORT==== 4-Sep-2012::17:58:47 ===
Loading routes from "/home/simba/hacking/erlang/helpdesk/priv/helpdesk.routes" ....

=INFO REPORT==== 4-Sep-2012::17:58:47 ===
POST /request/set_discarded/request-38 [helpdesk] 302 208ms

=ERROR REPORT==== 4-Sep-2012::17:58:47 ===
{json_encode,{bad_term,{{2012,9,4},{17,58,47}}}}

=ERROR REPORT==== 4-Sep-2012::17:58:47 ===
GET /admin/model/events/1346759887465951 [cb_admin] 500 10377ms

=INFO REPORT==== 4-Sep-2012::17:58:47 ===
Loading routes from "/home/simba/hacking/erlang/helpdesk/priv/helpdesk.routes" ....

=INFO REPORT==== 4-Sep-2012::17:58:48 ===
GET /main/depart_request [helpdesk] 200 194ms

=INFO REPORT==== 4-Sep-2012::17:58:51 ===
Loading routes from "/home/simba/hacking/erlang/helpdesk/priv/helpdesk.routes" ....

=INFO REPORT==== 4-Sep-2012::17:58:51 ===
GET /request/show/request-38 [helpdesk] 200 171ms

=INFO REPORT==== 4-Sep-2012::17:59:05 ===
Loading routes from "/home/simba/hacking/erlang/helpdesk/priv/helpdesk.routes" ....

=INFO REPORT==== 4-Sep-2012::17:59:05 ===
GET /request/show/request-38 [helpdesk] 200 197ms

=INFO REPORT==== 4-Sep-2012::17:59:07 ===
Loading routes from "/home/simba/hacking/erlang/helpdesk/priv/helpdesk.routes" ....

=INFO REPORT==== 4-Sep-2012::17:59:08 ===
GET /depart/index [helpdesk] 200 183ms

=INFO REPORT==== 4-Sep-2012::17:59:08 ===
Loading routes from "/home/simba/hacking/erlang/helpdesk/priv/helpdesk.routes" ....

=INFO REPORT==== 4-Sep-2012::17:59:09 ===
GET /main/user_request [helpdesk] 200 157ms

=INFO REPORT==== 4-Sep-2012::17:59:13 ===
Loading routes from "/home/simba/hacking/erlang/helpdesk/priv/helpdesk.routes" ....

=INFO REPORT==== 4-Sep-2012::17:59:13 ===
GET /main/user_request [helpdesk] 200 159ms

=INFO REPORT==== 4-Sep-2012::17:59:14 ===
Loading routes from "/home/simba/hacking/erlang/helpdesk/priv/helpdesk.routes" ....

=INFO REPORT==== 4-Sep-2012::17:59:14 ===
GET /request/show/request-38 [helpdesk] 200 193ms

=INFO REPORT==== 4-Sep-2012::17:59:43 ===
Loading routes from "/home/simba/hacking/erlang/helpdesk/priv/helpdesk.routes" ....

=INFO REPORT==== 4-Sep-2012::17:59:43 ===
GET /main/user_request [helpdesk] 200 176ms

=INFO REPORT==== 4-Sep-2012::17:59:45 ===
Loading routes from "/home/simba/hacking/erlang/helpdesk/priv/helpdesk.routes" ....

=INFO REPORT==== 4-Sep-2012::17:59:45 ===
GET /main/depart_request [helpdesk] 200 197ms

=INFO REPORT==== 4-Sep-2012::17:59:49 ===
Loading routes from "/home/simba/hacking/erlang/helpdesk/priv/helpdesk.routes" ....

=INFO REPORT==== 4-Sep-2012::17:59:49 ===
GET /request/set_complit/request-38 [helpdesk] 200 162ms

=INFO REPORT==== 4-Sep-2012::17:59:50 ===
Loading routes from "/home/simba/hacking/erlang/helpdesk/priv/helpdesk.routes" ....

=INFO REPORT==== 4-Sep-2012::17:59:51 ===
POST /request/set_complit/request-38 [helpdesk] 302 214ms

=INFO REPORT==== 4-Sep-2012::17:59:51 ===
Loading routes from "/home/simba/hacking/erlang/helpdesk/priv/helpdesk.routes" ....

=INFO REPORT==== 4-Sep-2012::17:59:51 ===
GET /main/depart_request [helpdesk] 200 206ms

=INFO REPORT==== 4-Sep-2012::17:59:51 ===
Loading routes from "/home/simba/hacking/erlang/helpdesk/priv/helpdesk.routes" ....

=INFO REPORT==== 4-Sep-2012::17:59:52 ===
GET /main/user_request [helpdesk] 200 167ms

=INFO REPORT==== 4-Sep-2012::17:59:54 ===
Loading routes from "/home/simba/hacking/erlang/helpdesk/priv/helpdesk.routes" ....

=INFO REPORT==== 4-Sep-2012::17:59:54 ===
GET /request/set_discarded/request-38 [helpdesk] 200 162ms

=INFO REPORT==== 4-Sep-2012::17:59:56 ===
Loading routes from "/home/simba/hacking/erlang/helpdesk/priv/helpdesk.routes" ....

=INFO REPORT==== 4-Sep-2012::17:59:56 ===
POST /request/set_discarded/request-38 [helpdesk] 302 294ms

=INFO REPORT==== 4-Sep-2012::17:59:56 ===
Loading routes from "/home/simba/hacking/erlang/helpdesk/priv/helpdesk.routes" ....

=INFO REPORT==== 4-Sep-2012::17:59:56 ===
GET /main/depart_request [helpdesk] 200 194ms

=INFO REPORT==== 4-Sep-2012::17:59:58 ===
Loading routes from "/home/simba/hacking/erlang/helpdesk/priv/helpdesk.routes" ....

=INFO REPORT==== 4-Sep-2012::17:59:58 ===
GET /request/show/request-38 [helpdesk] 200 175ms

=INFO REPORT==== 4-Sep-2012::18:01:04 ===
Loading routes from "/home/simba/hacking/erlang/helpdesk/priv/helpdesk.routes" ....

=INFO REPORT==== 4-Sep-2012::18:01:05 ===
GET /main/depart_request [helpdesk] 200 189ms

=INFO REPORT==== 4-Sep-2012::18:01:07 ===
Loading routes from "/home/simba/hacking/erlang/helpdesk/priv/helpdesk.routes" ....

=INFO REPORT==== 4-Sep-2012::18:01:08 ===
GET /request/set_complit/request-38 [helpdesk] 200 161ms

=INFO REPORT==== 4-Sep-2012::18:01:09 ===
Loading routes from "/home/simba/hacking/erlang/helpdesk/priv/helpdesk.routes" ....

=INFO REPORT==== 4-Sep-2012::18:01:09 ===
GET /main/user_request [helpdesk] 200 167ms

=INFO REPORT==== 4-Sep-2012::18:01:11 ===
Loading routes from "/home/simba/hacking/erlang/helpdesk/priv/helpdesk.routes" ....

=INFO REPORT==== 4-Sep-2012::18:01:11 ===
GET /main/user_request [helpdesk] 200 167ms

=INFO REPORT==== 4-Sep-2012::18:01:13 ===
Loading routes from "/home/simba/hacking/erlang/helpdesk/priv/helpdesk.routes" ....

=INFO REPORT==== 4-Sep-2012::18:01:14 ===
GET /main/depart_request [helpdesk] 200 193ms

=INFO REPORT==== 4-Sep-2012::18:01:16 ===
Loading routes from "/home/simba/hacking/erlang/helpdesk/priv/helpdesk.routes" ....

=INFO REPORT==== 4-Sep-2012::18:01:17 ===
GET /request/set_complit/request-38 [helpdesk] 200 163ms

=INFO REPORT==== 4-Sep-2012::18:01:18 ===
Loading routes from "/home/simba/hacking/erlang/helpdesk/priv/helpdesk.routes" ....

=INFO REPORT==== 4-Sep-2012::18:01:18 ===
POST /request/set_complit/request-38 [helpdesk] 302 189ms

=INFO REPORT==== 4-Sep-2012::18:01:18 ===
Loading routes from "/home/simba/hacking/erlang/helpdesk/priv/helpdesk.routes" ....

=INFO REPORT==== 4-Sep-2012::18:01:18 ===
GET /main/depart_request [helpdesk] 200 215ms

=INFO REPORT==== 4-Sep-2012::18:01:20 ===
Loading routes from "/home/simba/hacking/erlang/helpdesk/priv/helpdesk.routes" ....

=INFO REPORT==== 4-Sep-2012::18:01:20 ===
GET /main/user_request [helpdesk] 200 165ms

=INFO REPORT==== 4-Sep-2012::18:01:21 ===
Loading routes from "/home/simba/hacking/erlang/helpdesk/priv/helpdesk.routes" ....

=INFO REPORT==== 4-Sep-2012::18:01:21 ===
GET /request/set_discarded/request-38 [helpdesk] 200 154ms

=INFO REPORT==== 4-Sep-2012::18:01:23 ===
Loading routes from "/home/simba/hacking/erlang/helpdesk/priv/helpdesk.routes" ....

=ERROR REPORT==== 4-Sep-2012::18:01:23 ===
{badarg,[{erlang,list_to_atom,[2012]},
         {helpdesk_request_controller,set_discarded,4},
         {boss_web_controller,execute_action,5},
         {boss_web_controller,process_request,5},
         {timer,tc,3},
         {boss_web_controller,handle_request,3},
         {mochiweb_http,headers,5},
         {proc_lib,init_p_do_apply,3}]}

=ERROR REPORT==== 4-Sep-2012::18:01:23 ===
POST /request/set_discarded/request-38 [helpdesk] 500 151ms

=INFO REPORT==== 4-Sep-2012::18:01:36 ===
Loading routes from "/home/simba/hacking/erlang/helpdesk/priv/helpdesk.routes" ....

=INFO REPORT==== 4-Sep-2012::18:01:36 ===
GET /main/user_request [helpdesk] 200 166ms

=INFO REPORT==== 4-Sep-2012::18:02:09 ===
Loading routes from "/home/simba/hacking/erlang/helpdesk/priv/helpdesk.routes" ....

=INFO REPORT==== 4-Sep-2012::18:02:09 ===
GET /main/user_request [helpdesk] 200 172ms

=INFO REPORT==== 4-Sep-2012::18:02:10 ===
Loading routes from "/home/simba/hacking/erlang/helpdesk/priv/helpdesk.routes" ....

=INFO REPORT==== 4-Sep-2012::18:02:10 ===
GET /request/set_discarded/request-38 [helpdesk] 200 164ms

=INFO REPORT==== 4-Sep-2012::18:02:11 ===
Loading routes from "/home/simba/hacking/erlang/helpdesk/priv/helpdesk.routes" ....

=INFO REPORT==== 4-Sep-2012::18:02:11 ===
POST /request/set_discarded/request-38 [helpdesk] 302 209ms

=INFO REPORT==== 4-Sep-2012::18:02:11 ===
Loading routes from "/home/simba/hacking/erlang/helpdesk/priv/helpdesk.routes" ....

=INFO REPORT==== 4-Sep-2012::18:02:12 ===
GET /main/depart_request [helpdesk] 200 187ms

=INFO REPORT==== 4-Sep-2012::18:02:14 ===
Loading routes from "/home/simba/hacking/erlang/helpdesk/priv/helpdesk.routes" ....

=INFO REPORT==== 4-Sep-2012::18:02:14 ===
GET /request/show/request-38 [helpdesk] 200 163ms

=INFO REPORT==== 4-Sep-2012::18:03:30 ===
Loading routes from "/home/simba/hacking/erlang/helpdesk/priv/helpdesk.routes" ....

=INFO REPORT==== 4-Sep-2012::18:03:30 ===
GET /main/user_request [helpdesk] 200 161ms

=INFO REPORT==== 4-Sep-2012::18:03:31 ===
Loading routes from "/home/simba/hacking/erlang/helpdesk/priv/helpdesk.routes" ....

=INFO REPORT==== 4-Sep-2012::18:03:31 ===
GET /request/show/request-38 [helpdesk] 200 165ms

=INFO REPORT==== 4-Sep-2012::18:03:34 ===
Loading routes from "/home/simba/hacking/erlang/helpdesk/priv/helpdesk.routes" ....

=INFO REPORT==== 4-Sep-2012::18:03:34 ===
GET /main/depart_request [helpdesk] 200 198ms

=INFO REPORT==== 4-Sep-2012::18:03:37 ===
Loading routes from "/home/simba/hacking/erlang/helpdesk/priv/helpdesk.routes" ....

=INFO REPORT==== 4-Sep-2012::18:03:37 ===
GET /request/set_complit/request-38 [helpdesk] 200 154ms

=INFO REPORT==== 4-Sep-2012::18:03:38 ===
Loading routes from "/home/simba/hacking/erlang/helpdesk/priv/helpdesk.routes" ....

=INFO REPORT==== 4-Sep-2012::18:03:38 ===
POST /request/set_complit/request-38 [helpdesk] 302 236ms

=INFO REPORT==== 4-Sep-2012::18:03:38 ===
Loading routes from "/home/simba/hacking/erlang/helpdesk/priv/helpdesk.routes" ....

=INFO REPORT==== 4-Sep-2012::18:03:39 ===
GET /main/depart_request [helpdesk] 200 185ms

=INFO REPORT==== 4-Sep-2012::18:03:41 ===
Loading routes from "/home/simba/hacking/erlang/helpdesk/priv/helpdesk.routes" ....

=INFO REPORT==== 4-Sep-2012::18:03:41 ===
GET /main/user_request [helpdesk] 200 168ms

=INFO REPORT==== 4-Sep-2012::18:03:43 ===
Loading routes from "/home/simba/hacking/erlang/helpdesk/priv/helpdesk.routes" ....

=INFO REPORT==== 4-Sep-2012::18:03:43 ===
GET /request/set_discarded/request-38 [helpdesk] 200 185ms

=INFO REPORT==== 4-Sep-2012::18:03:44 ===
Loading routes from "/home/simba/hacking/erlang/helpdesk/priv/helpdesk.routes" ....

=INFO REPORT==== 4-Sep-2012::18:03:45 ===
POST /request/set_discarded/request-38 [helpdesk] 302 197ms

=INFO REPORT==== 4-Sep-2012::18:03:45 ===
Loading routes from "/home/simba/hacking/erlang/helpdesk/priv/helpdesk.routes" ....

=INFO REPORT==== 4-Sep-2012::18:03:45 ===
GET /main/depart_request [helpdesk] 200 186ms

=INFO REPORT==== 4-Sep-2012::18:03:47 ===
Loading routes from "/home/simba/hacking/erlang/helpdesk/priv/helpdesk.routes" ....

=INFO REPORT==== 4-Sep-2012::18:03:47 ===
GET /request/show/request-38 [helpdesk] 200 164ms

=INFO REPORT==== 4-Sep-2012::18:04:16 ===
Loading routes from "/home/simba/hacking/erlang/helpdesk/priv/helpdesk.routes" ....

=INFO REPORT==== 4-Sep-2012::18:04:16 ===
GET /main/depart_request [helpdesk] 200 186ms

=INFO REPORT==== 4-Sep-2012::18:04:18 ===
Loading routes from "/home/simba/hacking/erlang/helpdesk/priv/helpdesk.routes" ....

=INFO REPORT==== 4-Sep-2012::18:04:18 ===
GET /request/set_complit/request-38 [helpdesk] 200 160ms

=INFO REPORT==== 4-Sep-2012::18:04:19 ===
Loading routes from "/home/simba/hacking/erlang/helpdesk/priv/helpdesk.routes" ....

=INFO REPORT==== 4-Sep-2012::18:04:19 ===
POST /request/set_complit/request-38 [helpdesk] 302 209ms

=INFO REPORT==== 4-Sep-2012::18:04:19 ===
Loading routes from "/home/simba/hacking/erlang/helpdesk/priv/helpdesk.routes" ....

=INFO REPORT==== 4-Sep-2012::18:04:20 ===
GET /main/depart_request [helpdesk] 200 187ms

=INFO REPORT==== 4-Sep-2012::18:04:21 ===
Loading routes from "/home/simba/hacking/erlang/helpdesk/priv/helpdesk.routes" ....

=INFO REPORT==== 4-Sep-2012::18:04:21 ===
GET /main/user_request [helpdesk] 200 163ms

=INFO REPORT==== 4-Sep-2012::18:04:23 ===
Loading routes from "/home/simba/hacking/erlang/helpdesk/priv/helpdesk.routes" ....

=INFO REPORT==== 4-Sep-2012::18:04:23 ===
GET /request/set_discarded/request-38 [helpdesk] 200 173ms

=INFO REPORT==== 4-Sep-2012::18:04:25 ===
Loading routes from "/home/simba/hacking/erlang/helpdesk/priv/helpdesk.routes" ....

=ERROR REPORT==== 4-Sep-2012::18:04:25 ===
{badarg,[{erlang,list_to_atom,[{{2012,9,4},{18,4,19}}]},
         {helpdesk_request_controller,set_discarded,4},
         {boss_web_controller,execute_action,5},
         {boss_web_controller,process_request,5},
         {timer,tc,3},
         {boss_web_controller,handle_request,3},
         {mochiweb_http,headers,5},
         {proc_lib,init_p_do_apply,3}]}

=ERROR REPORT==== 4-Sep-2012::18:04:25 ===
POST /request/set_discarded/request-38 [helpdesk] 500 135ms

=INFO REPORT==== 4-Sep-2012::18:05:10 ===
Loading routes from "/home/simba/hacking/erlang/helpdesk/priv/helpdesk.routes" ....

=ERROR REPORT==== 4-Sep-2012::18:05:10 ===
{badarg,[{erlang,atom_to_list,[{{2012,9,4},{18,4,19}}]},
         {helpdesk_request_controller,set_discarded,4},
         {boss_web_controller,execute_action,5},
         {boss_web_controller,process_request,5},
         {timer,tc,3},
         {boss_web_controller,handle_request,3},
         {mochiweb_http,headers,5},
         {proc_lib,init_p_do_apply,3}]}

=ERROR REPORT==== 4-Sep-2012::18:05:10 ===
POST /request/set_discarded/request-38 [helpdesk] 500 141ms

=INFO REPORT==== 4-Sep-2012::18:05:13 ===
Loading routes from "/home/simba/hacking/erlang/helpdesk/priv/helpdesk.routes" ....

=INFO REPORT==== 4-Sep-2012::18:05:13 ===
GET /request/set_discarded/request-38 [helpdesk] 200 167ms

=INFO REPORT==== 4-Sep-2012::18:05:15 ===
Loading routes from "/home/simba/hacking/erlang/helpdesk/priv/helpdesk.routes" ....

=ERROR REPORT==== 4-Sep-2012::18:05:15 ===
{badarg,[{erlang,atom_to_list,[{{2012,9,4},{18,4,19}}]},
         {helpdesk_request_controller,set_discarded,4},
         {boss_web_controller,execute_action,5},
         {boss_web_controller,process_request,5},
         {timer,tc,3},
         {boss_web_controller,handle_request,3},
         {mochiweb_http,headers,5},
         {proc_lib,init_p_do_apply,3}]}

=ERROR REPORT==== 4-Sep-2012::18:05:15 ===
POST /request/set_discarded/request-38 [helpdesk] 500 144ms

=INFO REPORT==== 4-Sep-2012::18:05:41 ===
Loading routes from "/home/simba/hacking/erlang/helpdesk/priv/helpdesk.routes" ....

=INFO REPORT==== 4-Sep-2012::18:05:41 ===
GET /request/set_discarded/request-38 [helpdesk] 200 186ms

=INFO REPORT==== 4-Sep-2012::18:05:42 ===
Loading routes from "/home/simba/hacking/erlang/helpdesk/priv/helpdesk.routes" ....

=ERROR REPORT==== 4-Sep-2012::18:05:42 ===
{badarg,[{erlang,atom_to_list,[2012]},
         {helpdesk_request_controller,set_discarded,4},
         {boss_web_controller,execute_action,5},
         {boss_web_controller,process_request,5},
         {timer,tc,3},
         {boss_web_controller,handle_request,3},
         {mochiweb_http,headers,5},
         {proc_lib,init_p_do_apply,3}]}

=ERROR REPORT==== 4-Sep-2012::18:05:42 ===
POST /request/set_discarded/request-38 [helpdesk] 500 151ms

=INFO REPORT==== 4-Sep-2012::18:05:46 ===
Loading routes from "/home/simba/hacking/erlang/helpdesk/priv/helpdesk.routes" ....

=INFO REPORT==== 4-Sep-2012::18:05:46 ===
GET /main/user_request [helpdesk] 200 181ms

=INFO REPORT==== 4-Sep-2012::18:05:47 ===
Loading routes from "/home/simba/hacking/erlang/helpdesk/priv/helpdesk.routes" ....

=INFO REPORT==== 4-Sep-2012::18:05:47 ===
GET /request/set_discarded/request-38 [helpdesk] 200 181ms

=INFO REPORT==== 4-Sep-2012::18:05:48 ===
Loading routes from "/home/simba/hacking/erlang/helpdesk/priv/helpdesk.routes" ....

=ERROR REPORT==== 4-Sep-2012::18:05:48 ===
{badarg,[{erlang,atom_to_list,[2012]},
         {helpdesk_request_controller,set_discarded,4},
         {boss_web_controller,execute_action,5},
         {boss_web_controller,process_request,5},
         {timer,tc,3},
         {boss_web_controller,handle_request,3},
         {mochiweb_http,headers,5},
         {proc_lib,init_p_do_apply,3}]}

=ERROR REPORT==== 4-Sep-2012::18:05:48 ===
POST /request/set_discarded/request-38 [helpdesk] 500 141ms

=INFO REPORT==== 4-Sep-2012::18:06:34 ===
Loading routes from "/home/simba/hacking/erlang/helpdesk/priv/helpdesk.routes" ....

=INFO REPORT==== 4-Sep-2012::18:06:35 ===
GET /main/depart_request [helpdesk] 200 189ms

=INFO REPORT==== 4-Sep-2012::18:06:39 ===
Loading routes from "/home/simba/hacking/erlang/helpdesk/priv/helpdesk.routes" ....

=INFO REPORT==== 4-Sep-2012::18:06:39 ===
GET /request/show/request-38 [helpdesk] 200 169ms

=INFO REPORT==== 4-Sep-2012::18:06:41 ===
Loading routes from "/home/simba/hacking/erlang/helpdesk/priv/helpdesk.routes" ....

=INFO REPORT==== 4-Sep-2012::18:06:41 ===
GET /main/user_request [helpdesk] 200 161ms

=INFO REPORT==== 4-Sep-2012::18:06:43 ===
Loading routes from "/home/simba/hacking/erlang/helpdesk/priv/helpdesk.routes" ....

=INFO REPORT==== 4-Sep-2012::18:06:43 ===
GET /request/set_discarded/request-38 [helpdesk] 200 161ms

=INFO REPORT==== 4-Sep-2012::18:06:44 ===
Loading routes from "/home/simba/hacking/erlang/helpdesk/priv/helpdesk.routes" ....

=INFO REPORT==== 4-Sep-2012::18:06:44 ===
POST /request/set_discarded/request-38 [helpdesk] 302 350ms

=INFO REPORT==== 4-Sep-2012::18:06:44 ===
Loading routes from "/home/simba/hacking/erlang/helpdesk/priv/helpdesk.routes" ....

=INFO REPORT==== 4-Sep-2012::18:06:45 ===
GET /main/depart_request [helpdesk] 200 188ms

=INFO REPORT==== 4-Sep-2012::18:06:48 ===
Loading routes from "/home/simba/hacking/erlang/helpdesk/priv/helpdesk.routes" ....

=INFO REPORT==== 4-Sep-2012::18:06:48 ===
GET /request/show/request-38 [helpdesk] 200 170ms

=INFO REPORT==== 4-Sep-2012::18:06:58 ===
Loading routes from "/home/simba/hacking/erlang/helpdesk/priv/helpdesk.routes" ....

=INFO REPORT==== 4-Sep-2012::18:06:58 ===
GET /main/depart_request [helpdesk] 200 208ms

=INFO REPORT==== 4-Sep-2012::18:07:00 ===
Loading routes from "/home/simba/hacking/erlang/helpdesk/priv/helpdesk.routes" ....

=INFO REPORT==== 4-Sep-2012::18:07:00 ===
GET /request/set_complit/request-38 [helpdesk] 200 155ms

=INFO REPORT==== 4-Sep-2012::18:07:02 ===
Loading routes from "/home/simba/hacking/erlang/helpdesk/priv/helpdesk.routes" ....

=INFO REPORT==== 4-Sep-2012::18:07:02 ===
POST /request/set_complit/request-38 [helpdesk] 302 216ms

=INFO REPORT==== 4-Sep-2012::18:07:02 ===
Loading routes from "/home/simba/hacking/erlang/helpdesk/priv/helpdesk.routes" ....

=INFO REPORT==== 4-Sep-2012::18:07:03 ===
GET /main/depart_request [helpdesk] 200 199ms

=INFO REPORT==== 4-Sep-2012::18:07:04 ===
Loading routes from "/home/simba/hacking/erlang/helpdesk/priv/helpdesk.routes" ....

=INFO REPORT==== 4-Sep-2012::18:07:05 ===
GET /main/user_request [helpdesk] 200 163ms

=INFO REPORT==== 4-Sep-2012::18:07:07 ===
Loading routes from "/home/simba/hacking/erlang/helpdesk/priv/helpdesk.routes" ....

=INFO REPORT==== 4-Sep-2012::18:07:07 ===
GET /request/set_discarded/request-38 [helpdesk] 200 155ms

=INFO REPORT==== 4-Sep-2012::18:07:08 ===
Loading routes from "/home/simba/hacking/erlang/helpdesk/priv/helpdesk.routes" ....

=INFO REPORT==== 4-Sep-2012::18:07:08 ===
POST /request/set_discarded/request-38 [helpdesk] 302 298ms

=INFO REPORT==== 4-Sep-2012::18:07:08 ===
Loading routes from "/home/simba/hacking/erlang/helpdesk/priv/helpdesk.routes" ....

=INFO REPORT==== 4-Sep-2012::18:07:09 ===
GET /main/depart_request [helpdesk] 200 198ms

=INFO REPORT==== 4-Sep-2012::18:07:11 ===
Loading routes from "/home/simba/hacking/erlang/helpdesk/priv/helpdesk.routes" ....

=INFO REPORT==== 4-Sep-2012::18:07:11 ===
GET /main/depart_request [helpdesk] 200 201ms

=INFO REPORT==== 4-Sep-2012::18:07:15 ===
Loading routes from "/home/simba/hacking/erlang/helpdesk/priv/helpdesk.routes" ....

=INFO REPORT==== 4-Sep-2012::18:07:15 ===
GET /request/show/request-38 [helpdesk] 200 179ms

=INFO REPORT==== 4-Sep-2012::18:07:48 ===
Loading routes from "/home/simba/hacking/erlang/helpdesk/priv/helpdesk.routes" ....

=INFO REPORT==== 4-Sep-2012::18:07:48 ===
GET / [helpdesk] 200 149ms

=INFO REPORT==== 4-Sep-2012::18:08:04 ===
Loading routes from "/home/simba/hacking/erlang/helpdesk/priv/helpdesk.routes" ....

=INFO REPORT==== 4-Sep-2012::18:08:04 ===
GET /main/depart_request [helpdesk] 200 193ms

=INFO REPORT==== 4-Sep-2012::18:08:17 ===
Loading routes from "/home/simba/hacking/erlang/helpdesk/priv/helpdesk.routes" ....

=INFO REPORT==== 4-Sep-2012::18:08:17 ===
GET /main/depart_request [helpdesk] 200 185ms

=INFO REPORT==== 4-Sep-2012::18:08:18 ===
Loading routes from "/home/simba/hacking/erlang/helpdesk/priv/helpdesk.routes" ....

=INFO REPORT==== 4-Sep-2012::18:08:19 ===
GET /request/index [helpdesk] 200 273ms

=INFO REPORT==== 4-Sep-2012::18:09:01 ===
Loading routes from "/home/simba/hacking/erlang/helpdesk/priv/helpdesk.routes" ....

=INFO REPORT==== 4-Sep-2012::18:09:01 ===
GET /request/create [helpdesk] 200 151ms

=INFO REPORT==== 4-Sep-2012::18:09:09 ===
Loading routes from "/home/simba/hacking/erlang/helpdesk/priv/helpdesk.routes" ....

=INFO REPORT==== 4-Sep-2012::18:09:09 ===
GET / [helpdesk] 200 148ms

=INFO REPORT==== 4-Sep-2012::18:09:12 ===
Loading routes from "/home/simba/hacking/erlang/helpdesk/priv/helpdesk.routes" ....

=INFO REPORT==== 4-Sep-2012::18:09:12 ===
GET /main/user_request [helpdesk] 200 165ms

=INFO REPORT==== 4-Sep-2012::18:09:20 ===
Loading routes from "/home/simba/hacking/erlang/helpdesk/priv/helpdesk.routes" ....

=INFO REPORT==== 4-Sep-2012::18:09:20 ===
GET /main/user_request [helpdesk] 200 154ms

=INFO REPORT==== 4-Sep-2012::18:09:21 ===
Loading routes from "/home/simba/hacking/erlang/helpdesk/priv/helpdesk.routes" ....

=INFO REPORT==== 4-Sep-2012::18:09:22 ===
GET /main/user_request [helpdesk] 200 158ms

=INFO REPORT==== 4-Sep-2012::18:09:24 ===
Loading routes from "/home/simba/hacking/erlang/helpdesk/priv/helpdesk.routes" ....

=INFO REPORT==== 4-Sep-2012::18:09:24 ===
GET /main/user_request [helpdesk] 200 164ms

=INFO REPORT==== 4-Sep-2012::18:09:25 ===
Loading routes from "/home/simba/hacking/erlang/helpdesk/priv/helpdesk.routes" ....

=INFO REPORT==== 4-Sep-2012::18:09:25 ===
GET /main/user_request [helpdesk] 200 164ms

=INFO REPORT==== 4-Sep-2012::18:09:32 ===
Loading routes from "/home/simba/hacking/erlang/helpdesk/priv/helpdesk.routes" ....

=INFO REPORT==== 4-Sep-2012::18:09:32 ===
GET /request/show/request-38 [helpdesk] 200 189ms

=INFO REPORT==== 4-Sep-2012::18:09:37 ===
Loading routes from "/home/simba/hacking/erlang/helpdesk/priv/helpdesk.routes" ....

=INFO REPORT==== 4-Sep-2012::18:09:37 ===
GET /request/show/request-37 [helpdesk] 200 155ms

=INFO REPORT==== 4-Sep-2012::18:09:44 ===
Loading routes from "/home/simba/hacking/erlang/helpdesk/priv/helpdesk.routes" ....

=INFO REPORT==== 4-Sep-2012::18:09:44 ===
GET /main/depart_request [helpdesk] 200 198ms

=INFO REPORT==== 4-Sep-2012::18:09:46 ===
Loading routes from "/home/simba/hacking/erlang/helpdesk/priv/helpdesk.routes" ....

=INFO REPORT==== 4-Sep-2012::18:09:46 ===
GET /request/set_complit/request-37 [helpdesk] 200 155ms

=INFO REPORT==== 4-Sep-2012::18:09:48 ===
Loading routes from "/home/simba/hacking/erlang/helpdesk/priv/helpdesk.routes" ....

=ERROR REPORT==== 4-Sep-2012::18:09:48 ===
** Generic server boss_news terminating 
** Last message in was {updated,"request-37",
                           [{id,"request-37"},
                            {cl_user_id,"cl_user-1"},
                            {status,<<"Discarded">>},
                            {depart_id,"depart-1"},
                            {id_worker,
                                <<208,155,208,184,208,189,208,181,208,185,208,
                                  189,209,139,208,185,32,209,129,208,190,209,
                                  130,209,128,209,131,208,180,208,189,208,184,
                                  208,186,46>>},
                            {id_order,
                                <<51,32,45,32,208,189,208,176,32,208,180,208,
                                  189,209,143,209,133>>},
                            {creation_time,{{2012,9,3},{13,20,20}}},
                            {worker_in_time,{{2012,9,3},{13,20,34}}},
                            {worker_out_time,{{0,0,0},{0,0,0}}},
                            {close_time,{{0,0,0},{0,0,0}}},
                            {change_time,{{2012,9,4},{16,47,49}}},
                            {note,<<"test">>}],
                           [{id,"request-37"},
                            {cl_user_id,"cl_user-1"},
                            {status,"Complite"},
                            {depart_id,"depart-1"},
                            {id_worker,
                                <<208,155,208,184,208,189,208,181,208,185,208,
                                  189,209,139,208,185,32,209,129,208,190,209,
                                  130,209,128,209,131,208,180,208,189,208,184,
                                  208,186,46>>},
                            {id_order,
                                <<51,32,45,32,208,189,208,176,32,208,180,208,
                                  189,209,143,209,133>>},
                            {creation_time,{{2012,9,3},{13,20,20}}},
                            {worker_in_time,{{2012,9,3},{13,20,34}}},
                            {worker_out_time,{{2012,9,4},{18,9,48}}},
                            {close_time,{{0,0,0},{0,0,0}}},
                            {change_time,{{2012,9,4},{18,9,48}}},
                            {note,<<"test">>}]}
** When Server state == {state,
                         {dict,1,16,16,8,80,48,
                          {[],[],[],[],[],[],[],[],[],[],[],[],[],[],[],[]},
                          {{[[0|
                              {watch,
                               [{set_attr,"depart","name"}],
                               #Fun<helpdesk_01_news.0.127983493>,[],
                               1001346741729,1000000000000}]],
                            [],[],[],[],[],[],[],[],[],[],[],[],[],[],[]}}},
                         {1,{1001346741729,[0],nil,nil}},
                         {dict,0,16,16,8,80,48,
                          {[],[],[],[],[],[],[],[],[],[],[],[],[],[],[],[]},
                          {{[],[],[],[],[],[],[],[],[],[],[],[],[],[],[],[]}}},
                         {dict,0,16,16,8,80,48,
                          {[],[],[],[],[],[],[],[],[],[],[],[],[],[],[],[]},
                          {{[],[],[],[],[],[],[],[],[],[],[],[],[],[],[],[]}}},
                         {dict,1,16,16,8,80,48,
                          {[],[],[],[],[],[],[],[],[],[],[],[],[],[],[],[]},
                          {{[],[],[],[],[],[],[],
                            [["depart",0]],
                            [],[],[],[],[],[],[],[]}}},
                         {dict,19,16,16,8,80,48,
                          {[],[],[],[],[],[],[],[],[],[],[],[],[],[],[],[]},
                          {{[["request-34",1]],
                            [["request-31",1]],
                            [["request-27",1]],
                            [["request-24",1]],
                            [["request-21",1]],
                            [],
                            [["request-32",1]],
                            [["request-28",1]],
                            [["request-25",1]],
                            [["request-22",1]],
                            [["request-18",1],["request-36",1]],
                            [["request-33",1]],
                            [["request-29",1],["request-30",1]],
                            [["request-26",1]],
                            [["request-23",1]],
                            [["request-19",1],
                             ["request-20",1],
                             ["request-37",1]]}}},
                         2}
** Reason for termination == 
** {badarg,[{dict,fetch,
                  [1,
                   {dict,1,16,16,8,80,48,
                         {[],[],[],[],[],[],[],[],[],[],[],[],[],[],[],[]},
                         {{[[0|
                             {watch,[{set_attr,"depart","name"}],
                                    #Fun<helpdesk_01_news.0.127983493>,[],
                                    1001346741729,1000000000000}]],
                           [],[],[],[],[],[],[],[],[],[],[],[],[],[],[]}}}]},
            {boss_news_controller,'-handle_call/3-fun-6-',10},
            {lists,foldr,3},
            {boss_news_controller,handle_call,3},
            {gen_server,handle_msg,5},
            {proc_lib,init_p_do_apply,3}]}

=ERROR REPORT==== 4-Sep-2012::18:09:48 ===
{{badarg,[{dict,fetch,
                [1,
                 {dict,1,16,16,8,80,48,
                       {[],[],[],[],[],[],[],[],[],[],[],[],[],[],[],[]},
                       {{[[0|
                           {watch,[{set_attr,"depart","name"}],
                                  #Fun<helpdesk_01_news.0.127983493>,[],
                                  1001346741729,1000000000000}]],
                         [],[],[],[],[],[],[],[],[],[],[],[],[],[],[]}}}]},
          {boss_news_controller,'-handle_call/3-fun-6-',10},
          {lists,foldr,3},
          {boss_news_controller,handle_call,3},
          {gen_server,handle_msg,5},
          {proc_lib,init_p_do_apply,3}]},
 {gen_server,call,
             [{global,boss_news},
              {updated,"request-37",
                       [{id,"request-37"},
                        {cl_user_id,"cl_user-1"},
                        {status,<<"Discarded">>},
                        {depart_id,"depart-1"},
                        {id_worker,<<208,155,208,184,208,189,208,181,208,185,
                                     208,189,209,139,208,185,32,209,129,208,
                                     190,209,130,209,128,209,131,208,180,208,
                                     189,208,184,208,186,46>>},
                        {id_order,<<51,32,45,32,208,189,208,176,32,208,180,
                                    208,189,209,143,209,133>>},
                        {creation_time,{{2012,9,3},{13,20,20}}},
                        {worker_in_time,{{2012,9,3},{13,20,34}}},
                        {worker_out_time,{{0,0,0},{0,0,0}}},
                        {close_time,{{0,0,0},{0,0,0}}},
                        {change_time,{{2012,9,4},{16,47,49}}},
                        {note,<<"test">>}],
                       [{id,"request-37"},
                        {cl_user_id,"cl_user-1"},
                        {status,"Complite"},
                        {depart_id,"depart-1"},
                        {id_worker,<<208,155,208,184,208,189,208,181,208,185,
                                     208,189,209,139,208,185,32,209,129,208,
                                     190,209,130,209,128,209,131,208,180,208,
                                     189,208,184,208,186,46>>},
                        {id_order,<<51,32,45,32,208,189,208,176,32,208,180,
                                    208,189,209,143,209,133>>},
                        {creation_time,{{2012,9,3},{13,20,20}}},
                        {worker_in_time,{{2012,9,3},{13,20,34}}},
                        {worker_out_time,{{2012,9,4},{18,9,48}}},
                        {close_time,{{0,0,0},{0,0,0}}},
                        {change_time,{{2012,9,4},{18,9,48}}},
                        {note,<<"test">>}]}]}}

=ERROR REPORT==== 4-Sep-2012::18:09:48 ===
POST /request/set_complit/request-37 [helpdesk] 500 197ms

=INFO REPORT==== 4-Sep-2012::18:09:53 ===
Loading routes from "/home/simba/hacking/erlang/helpdesk/priv/helpdesk.routes" ....

=INFO REPORT==== 4-Sep-2012::18:09:53 ===
POST /request/set_complit/request-37 [helpdesk] 302 221ms

=INFO REPORT==== 4-Sep-2012::18:09:53 ===
Loading routes from "/home/simba/hacking/erlang/helpdesk/priv/helpdesk.routes" ....

=INFO REPORT==== 4-Sep-2012::18:09:53 ===
GET /main/depart_request [helpdesk] 200 208ms

=INFO REPORT==== 4-Sep-2012::18:09:55 ===
Loading routes from "/home/simba/hacking/erlang/helpdesk/priv/helpdesk.routes" ....

=INFO REPORT==== 4-Sep-2012::18:09:56 ===
GET /request/set_complit/request-38 [helpdesk] 200 162ms

=INFO REPORT==== 4-Sep-2012::18:09:57 ===
Loading routes from "/home/simba/hacking/erlang/helpdesk/priv/helpdesk.routes" ....

=INFO REPORT==== 4-Sep-2012::18:09:57 ===
POST /request/set_complit/request-38 [helpdesk] 302 188ms

=INFO REPORT==== 4-Sep-2012::18:09:57 ===
Loading routes from "/home/simba/hacking/erlang/helpdesk/priv/helpdesk.routes" ....

=INFO REPORT==== 4-Sep-2012::18:09:57 ===
GET /main/depart_request [helpdesk] 200 198ms

=INFO REPORT==== 4-Sep-2012::18:10:04 ===
Loading routes from "/home/simba/hacking/erlang/helpdesk/priv/helpdesk.routes" ....

=INFO REPORT==== 4-Sep-2012::18:10:04 ===
GET /main/user_request [helpdesk] 200 168ms

=INFO REPORT==== 4-Sep-2012::18:10:09 ===
Loading routes from "/home/simba/hacking/erlang/helpdesk/priv/helpdesk.routes" ....

=INFO REPORT==== 4-Sep-2012::18:10:09 ===
GET /request/set_discarded/request-38 [helpdesk] 200 164ms

=INFO REPORT==== 4-Sep-2012::18:10:10 ===
Loading routes from "/home/simba/hacking/erlang/helpdesk/priv/helpdesk.routes" ....

=INFO REPORT==== 4-Sep-2012::18:10:11 ===
POST /request/set_discarded/request-38 [helpdesk] 302 251ms

=INFO REPORT==== 4-Sep-2012::18:10:11 ===
Loading routes from "/home/simba/hacking/erlang/helpdesk/priv/helpdesk.routes" ....

=INFO REPORT==== 4-Sep-2012::18:10:11 ===
GET /main/depart_request [helpdesk] 200 192ms

=INFO REPORT==== 4-Sep-2012::18:10:18 ===
Loading routes from "/home/simba/hacking/erlang/helpdesk/priv/helpdesk.routes" ....

=INFO REPORT==== 4-Sep-2012::18:10:18 ===
GET /main/user_request [helpdesk] 200 180ms

=INFO REPORT==== 4-Sep-2012::18:10:20 ===
Loading routes from "/home/simba/hacking/erlang/helpdesk/priv/helpdesk.routes" ....

=INFO REPORT==== 4-Sep-2012::18:10:20 ===
GET /request/set_discarded/request-37 [helpdesk] 200 153ms

=INFO REPORT==== 4-Sep-2012::18:10:21 ===
Loading routes from "/home/simba/hacking/erlang/helpdesk/priv/helpdesk.routes" ....

=INFO REPORT==== 4-Sep-2012::18:10:21 ===
POST /request/set_discarded/request-37 [helpdesk] 302 241ms

=INFO REPORT==== 4-Sep-2012::18:10:22 ===
Loading routes from "/home/simba/hacking/erlang/helpdesk/priv/helpdesk.routes" ....

=INFO REPORT==== 4-Sep-2012::18:10:22 ===
GET /main/depart_request [helpdesk] 200 195ms

=INFO REPORT==== 4-Sep-2012::18:10:24 ===
Loading routes from "/home/simba/hacking/erlang/helpdesk/priv/helpdesk.routes" ....

=INFO REPORT==== 4-Sep-2012::18:10:24 ===
GET /main/user_request [helpdesk] 200 167ms

=INFO REPORT==== 4-Sep-2012::18:10:27 ===
Loading routes from "/home/simba/hacking/erlang/helpdesk/priv/helpdesk.routes" ....

=INFO REPORT==== 4-Sep-2012::18:10:27 ===
GET /request/show/request-38 [helpdesk] 200 171ms

=INFO REPORT==== 4-Sep-2012::18:10:32 ===
Loading routes from "/home/simba/hacking/erlang/helpdesk/priv/helpdesk.routes" ....

=INFO REPORT==== 4-Sep-2012::18:10:32 ===
GET /request/show/request-37 [helpdesk] 200 164ms

=INFO REPORT==== 4-Sep-2012::18:10:42 ===
Loading routes from "/home/simba/hacking/erlang/helpdesk/priv/helpdesk.routes" ....

=INFO REPORT==== 4-Sep-2012::18:10:43 ===
GET /request/show/request-38 [helpdesk] 200 165ms
