
=INFO REPORT==== 17-Aug-2012::10:44:18 ===
Starting Boss in development mode....

=INFO REPORT==== 17-Aug-2012::10:44:18 ===
Starting master services on 'helpdesk@simba-Aspire-4920'

=INFO REPORT==== 17-Aug-2012::10:44:18 ===
SSL:[]

=INFO REPORT==== 17-Aug-2012::10:44:18 ===
Loading routes from "../cb_admin/priv/cb_admin.routes" ....

=INFO REPORT==== 17-Aug-2012::10:44:18 ===
Loading routes from "/home/simba/hacking/erlang/helpdesk/priv/helpdesk.routes" ....

=ERROR REPORT==== 17-Aug-2012::10:44:22 ===
** Generic server <0.65.0> terminating 
** Last message in was {count,person,[]}
** When Server state == {state,boss_db_adapter_pgsql,<0.66.0>,[],
                               {dict,0,16,16,8,80,48,
                                     {[],[],[],[],[],[],[],[],[],[],[],[],[],
                                      [],[],[]},
                                     {{[],[],[],[],[],[],[],[],[],[],[],[],[],
                                       [],[],[]}}},
                               false,60,db,0}
** Reason for termination == 
** {{badmatch,{error,{error,error,<<"42P01">>,
                            <<"relation \"people\" does not exist">>,
                            [{position,<<"31">>}]}}},
    [{boss_db_adapter_pgsql,count,3},
     {boss_db_controller,handle_call,3},
     {gen_server,handle_msg,5},
     {proc_lib,init_p_do_apply,3}]}

=ERROR REPORT==== 17-Aug-2012::10:44:22 ===
{{{badmatch,{error,{error,error,<<"42P01">>,
                          <<"relation \"people\" does not exist">>,
                          [{position,<<"31">>}]}}},
  [{boss_db_adapter_pgsql,count,3},
   {boss_db_controller,handle_call,3},
   {gen_server,handle_msg,5},
   {proc_lib,init_p_do_apply,3}]},
 {gen_server,call,[<0.65.0>,{count,person,[]},30000]}}

=ERROR REPORT==== 17-Aug-2012::10:44:22 ===
GET /admin/model/model/person [cb_admin] 500 3ms

=INFO REPORT==== 17-Aug-2012::10:44:26 ===
GET /admin/model/model [cb_admin] 200 21ms

=ERROR REPORT==== 17-Aug-2012::10:44:26 ===
** Generic server <0.70.0> terminating 
** Last message in was {count,operator,[]}
** When Server state == {state,boss_db_adapter_pgsql,<0.71.0>,[],
                               {dict,0,16,16,8,80,48,
                                     {[],[],[],[],[],[],[],[],[],[],[],[],[],
                                      [],[],[]},
                                     {{[],[],[],[],[],[],[],[],[],[],[],[],[],
                                       [],[],[]}}},
                               false,60,db,0}
** Reason for termination == 
** {{badmatch,{error,{error,error,<<"42P01">>,
                            <<"relation \"operators\" does not exist">>,
                            [{position,<<"31">>}]}}},
    [{boss_db_adapter_pgsql,count,3},
     {boss_db_controller,handle_call,3},
     {gen_server,handle_msg,5},
     {proc_lib,init_p_do_apply,3}]}

=ERROR REPORT==== 17-Aug-2012::10:44:26 ===
{{{badmatch,{error,{error,error,<<"42P01">>,
                          <<"relation \"operators\" does not exist">>,
                          [{position,<<"31">>}]}}},
  [{boss_db_adapter_pgsql,count,3},
   {boss_db_controller,handle_call,3},
   {gen_server,handle_msg,5},
   {proc_lib,init_p_do_apply,3}]},
 {gen_server,call,[<0.70.0>,{count,operator,[]},30000]}}

=ERROR REPORT==== 17-Aug-2012::10:44:26 ===
GET /admin/model/model/operator [cb_admin] 500 10ms

=INFO REPORT==== 17-Aug-2012::10:44:43 ===
GET /admin/model/model [cb_admin] 200 6ms

=INFO REPORT==== 17-Aug-2012::10:44:44 ===
GET /admin/model/model/operator [cb_admin] 200 33ms

=INFO REPORT==== 17-Aug-2012::10:44:44 ===
POST /admin/model/watch [cb_admin] 200 4ms

=INFO REPORT==== 17-Aug-2012::10:44:54 ===
GET /admin/model/model/depart [cb_admin] 200 12ms

=INFO REPORT==== 17-Aug-2012::10:44:54 ===
POST /admin/model/watch [cb_admin] 200 0ms

=INFO REPORT==== 17-Aug-2012::10:44:59 ===
Loading routes from "/home/simba/hacking/erlang/helpdesk/priv/helpdesk.routes" ....

=ERROR REPORT==== 17-Aug-2012::10:44:59 ===
{function_clause,
    [{erlydtl_runtime,init_counter_stats,
         [{error,{module_not_loaded,person}},
          [{counter,1},
           {counter0,0},
           {revcounter,2},
           {revcounter0,1},
           {first,true},
           {last,false},
           {parentloop,undefined}]]},
     {helpdesk_view_depart_index_html,'-render_internal/4-fun-2-',3},
     {lists,mapfoldl,3},
     {erlydtl_runtime,forloop,3},
     {helpdesk_view_depart_index_html,render_internal,4},
     {helpdesk_view_depart_index_html,render,2},
     {boss_web_controller,render_view,6},
     {boss_web_controller,execute_action,5}]}

=ERROR REPORT==== 17-Aug-2012::10:44:59 ===
GET /depart [helpdesk] 500 103ms

=INFO REPORT==== 17-Aug-2012::10:45:14 ===
GET /admin/model/events/1345178684398362 [cb_admin] 200 30001ms

=INFO REPORT==== 17-Aug-2012::10:45:24 ===
GET /admin/model/events/1345178694190020 [cb_admin] 200 30001ms

=INFO REPORT==== 17-Aug-2012::10:47:30 ===
Loading routes from "/home/simba/hacking/erlang/helpdesk/priv/helpdesk.routes" ....

=INFO REPORT==== 17-Aug-2012::10:47:31 ===
GET /depart [helpdesk] 200 192ms

=INFO REPORT==== 17-Aug-2012::10:47:36 ===
Loading routes from "/home/simba/hacking/erlang/helpdesk/priv/helpdesk.routes" ....

=ERROR REPORT==== 17-Aug-2012::10:47:36 ===
GET /user/login [helpdesk] 404 1ms

=INFO REPORT==== 17-Aug-2012::10:47:51 ===
POST /admin/model/watch [cb_admin] 200 0ms

=INFO REPORT==== 17-Aug-2012::10:48:21 ===
GET /admin/model/events/1345178694190020 [cb_admin] 200 30001ms

=INFO REPORT==== 17-Aug-2012::10:48:21 ===
POST /admin/model/heartbeat/2 [cb_admin] 200 0ms

=INFO REPORT==== 17-Aug-2012::10:48:51 ===
POST /admin/model/heartbeat/2 [cb_admin] 200 0ms

=INFO REPORT==== 17-Aug-2012::10:48:51 ===
GET /admin/model/events/1345178871913048 [cb_admin] 200 30000ms

=INFO REPORT==== 17-Aug-2012::10:49:21 ===
POST /admin/model/heartbeat/2 [cb_admin] 200 0ms

=INFO REPORT==== 17-Aug-2012::10:49:21 ===
GET /admin/model/events/1345178901930707 [cb_admin] 200 30000ms

=INFO REPORT==== 17-Aug-2012::10:49:51 ===
POST /admin/model/heartbeat/2 [cb_admin] 200 0ms

=INFO REPORT==== 17-Aug-2012::10:49:52 ===
GET /admin/model/events/1345178931978828 [cb_admin] 200 30000ms

=INFO REPORT==== 17-Aug-2012::10:50:21 ===
POST /admin/model/heartbeat/2 [cb_admin] 200 0ms

=INFO REPORT==== 17-Aug-2012::10:50:22 ===
GET /admin/model/events/1345178962026830 [cb_admin] 200 30000ms

=INFO REPORT==== 17-Aug-2012::10:50:51 ===
POST /admin/model/heartbeat/2 [cb_admin] 200 0ms

=INFO REPORT==== 17-Aug-2012::10:50:52 ===
GET /admin/model/events/1345178992071776 [cb_admin] 200 30000ms

=INFO REPORT==== 17-Aug-2012::10:51:21 ===
POST /admin/model/heartbeat/2 [cb_admin] 200 0ms

=INFO REPORT==== 17-Aug-2012::10:51:22 ===
GET /admin/model/events/1345179022116554 [cb_admin] 200 30000ms

=INFO REPORT==== 17-Aug-2012::10:51:51 ===
POST /admin/model/heartbeat/2 [cb_admin] 200 0ms

=INFO REPORT==== 17-Aug-2012::10:51:52 ===
GET /admin/model/events/1345179052164935 [cb_admin] 200 30001ms

=INFO REPORT==== 17-Aug-2012::10:52:21 ===
POST /admin/model/heartbeat/2 [cb_admin] 200 0ms

=INFO REPORT==== 17-Aug-2012::10:52:22 ===
GET /admin/model/events/1345179082215335 [cb_admin] 200 30001ms

=INFO REPORT==== 17-Aug-2012::10:52:35 ===
GET /admin/model/model [cb_admin] 200 2ms

=INFO REPORT==== 17-Aug-2012::10:52:39 ===
GET /admin/model/model/depart [cb_admin] 200 8ms

=INFO REPORT==== 17-Aug-2012::10:52:39 ===
POST /admin/model/watch [cb_admin] 200 0ms

=INFO REPORT==== 17-Aug-2012::10:52:45 ===
Loading routes from "/home/simba/hacking/erlang/helpdesk/priv/helpdesk.routes" ....

=INFO REPORT==== 17-Aug-2012::10:52:45 ===
GET /depart [helpdesk] 200 111ms

=INFO REPORT==== 17-Aug-2012::10:52:52 ===
GET /admin/model/events/1345179112264043 [cb_admin] 200 30000ms

=INFO REPORT==== 17-Aug-2012::10:52:54 ===
Loading routes from "/home/simba/hacking/erlang/helpdesk/priv/helpdesk.routes" ....

=INFO REPORT==== 17-Aug-2012::10:52:54 ===
GET /depart/show/depart-2 [helpdesk] 200 152ms

=INFO REPORT==== 17-Aug-2012::10:53:09 ===
GET /admin/model/events/1345179159735281 [cb_admin] 200 30000ms

=INFO REPORT==== 17-Aug-2012::10:53:16 ===
Loading routes from "/home/simba/hacking/erlang/helpdesk/priv/helpdesk.routes" ....

=INFO REPORT==== 17-Aug-2012::10:53:16 ===
GET /depart/edit/depart-2 [helpdesk] 200 147ms

=INFO REPORT==== 17-Aug-2012::10:53:24 ===
Loading routes from "/home/simba/hacking/erlang/helpdesk/priv/helpdesk.routes" ....

=INFO REPORT==== 17-Aug-2012::10:53:24 ===
GET /depart/delete/depart-3 [helpdesk] 302 158ms

=INFO REPORT==== 17-Aug-2012::10:53:24 ===
Loading routes from "/home/simba/hacking/erlang/helpdesk/priv/helpdesk.routes" ....

=INFO REPORT==== 17-Aug-2012::10:53:24 ===
GET /depart/index [helpdesk] 200 114ms

=INFO REPORT==== 17-Aug-2012::10:53:28 ===
Loading routes from "/home/simba/hacking/erlang/helpdesk/priv/helpdesk.routes" ....

=INFO REPORT==== 17-Aug-2012::10:53:28 ===
GET /depart/create [helpdesk] 200 158ms

=INFO REPORT==== 17-Aug-2012::10:53:35 ===
Loading routes from "/home/simba/hacking/erlang/helpdesk/priv/helpdesk.routes" ....

=INFO REPORT==== 17-Aug-2012::10:53:35 ===
POST /depart/create [helpdesk] 302 143ms

=INFO REPORT==== 17-Aug-2012::10:53:35 ===
Loading routes from "/home/simba/hacking/erlang/helpdesk/priv/helpdesk.routes" ....

=INFO REPORT==== 17-Aug-2012::10:53:36 ===
GET /depart/index [helpdesk] 200 110ms

=INFO REPORT==== 17-Aug-2012::11:08:40 ===
Loading routes from "/home/simba/hacking/erlang/helpdesk/priv/helpdesk.routes" ....

=ERROR REPORT==== 17-Aug-2012::11:08:40 ===
GET /user/login [helpdesk] 404 1ms

=INFO REPORT==== 17-Aug-2012::11:21:02 ===
Loading routes from "/home/simba/hacking/erlang/helpdesk/priv/helpdesk.routes" ....

=INFO REPORT==== 17-Aug-2012::11:21:02 ===
GET /depart/index [helpdesk] 200 198ms

=INFO REPORT==== 17-Aug-2012::11:21:03 ===
Loading routes from "/home/simba/hacking/erlang/helpdesk/priv/helpdesk.routes" ....

=INFO REPORT==== 17-Aug-2012::11:21:03 ===
GET /depart/index [helpdesk] 200 113ms

=INFO REPORT==== 17-Aug-2012::11:21:04 ===
Loading routes from "/home/simba/hacking/erlang/helpdesk/priv/helpdesk.routes" ....

=ERROR REPORT==== 17-Aug-2012::11:21:04 ===
GET /operator/login [helpdesk] 404 1ms
