
=INFO REPORT==== 23-Aug-2012::22:39:29 ===
Starting Boss in development mode....

=INFO REPORT==== 23-Aug-2012::22:39:29 ===
Starting master services on 'helpdesk@simba-Aspire-4920'

=INFO REPORT==== 23-Aug-2012::22:39:29 ===
SSL:[]

=INFO REPORT==== 23-Aug-2012::22:39:29 ===
Loading routes from "../cb_admin/priv/cb_admin.routes" ....

=INFO REPORT==== 23-Aug-2012::22:39:30 ===
Loading routes from "/home/simba/hacking/erlang/helpdesk/priv/helpdesk.routes" ....

=INFO REPORT==== 23-Aug-2012::22:39:32 ===
Loading routes from "/home/simba/hacking/erlang/helpdesk/priv/helpdesk.routes" ....

=INFO REPORT==== 23-Aug-2012::22:39:32 ===
GET / [helpdesk] 200 286ms

=INFO REPORT==== 23-Aug-2012::22:39:33 ===
Loading routes from "/home/simba/hacking/erlang/helpdesk/priv/helpdesk.routes" ....

=INFO REPORT==== 23-Aug-2012::22:39:33 ===
GET / [helpdesk] 200 348ms

=INFO REPORT==== 23-Aug-2012::22:39:33 ===
Loading routes from "/home/simba/hacking/erlang/helpdesk/priv/helpdesk.routes" ....

=INFO REPORT==== 23-Aug-2012::22:39:34 ===
GET / [helpdesk] 200 333ms

=INFO REPORT==== 23-Aug-2012::22:40:19 ===
Loading routes from "/home/simba/hacking/erlang/helpdesk/priv/helpdesk.routes" ....

=INFO REPORT==== 23-Aug-2012::22:40:19 ===
GET / [helpdesk] 200 386ms

=INFO REPORT==== 23-Aug-2012::22:40:21 ===
Loading routes from "/home/simba/hacking/erlang/helpdesk/priv/helpdesk.routes" ....

=INFO REPORT==== 23-Aug-2012::22:40:21 ===
GET /user/login [helpdesk] 200 367ms

=INFO REPORT==== 23-Aug-2012::22:40:22 ===
Loading routes from "/home/simba/hacking/erlang/helpdesk/priv/helpdesk.routes" ....

=INFO REPORT==== 23-Aug-2012::22:40:23 ===
POST /user/login [helpdesk] 302 336ms

=INFO REPORT==== 23-Aug-2012::22:40:23 ===
Loading routes from "/home/simba/hacking/erlang/helpdesk/priv/helpdesk.routes" ....

=INFO REPORT==== 23-Aug-2012::22:40:23 ===
GET / [helpdesk] 200 342ms

=INFO REPORT==== 23-Aug-2012::22:41:36 ===
Loading routes from "/home/simba/hacking/erlang/helpdesk/priv/helpdesk.routes" ....

=INFO REPORT==== 23-Aug-2012::22:41:36 ===
GET /chat [helpdesk] 200 342ms

=INFO REPORT==== 23-Aug-2012::22:41:37 ===
Loading routes from "/home/simba/hacking/erlang/helpdesk/priv/helpdesk.routes" ....

=INFO REPORT==== 23-Aug-2012::22:41:38 ===
GET /chat/live/public [helpdesk] 200 351ms

=INFO REPORT==== 23-Aug-2012::22:41:42 ===
Loading routes from "/home/simba/hacking/erlang/helpdesk/priv/helpdesk.routes" ....

=INFO REPORT==== 23-Aug-2012::22:41:42 ===
GET /chat/login/qwe [helpdesk] 200 335ms

=INFO REPORT==== 23-Aug-2012::22:41:42 ===
Loading routes from "/home/simba/hacking/erlang/helpdesk/priv/helpdesk.routes" ....

=INFO REPORT==== 23-Aug-2012::22:41:43 ===
GET /chat/receive_chat/public/0 [helpdesk] 200 333ms

=INFO REPORT==== 23-Aug-2012::22:41:43 ===
Loading routes from "/home/simba/hacking/erlang/helpdesk/priv/helpdesk.routes" ....

=INFO REPORT==== 23-Aug-2012::22:41:45 ===
Loading routes from "/home/simba/hacking/erlang/helpdesk/priv/helpdesk.routes" ....

=INFO REPORT==== 23-Aug-2012::22:41:46 ===
GET /chat/receive_chat/public/1345740103006623 [helpdesk] 200 2984ms

=INFO REPORT==== 23-Aug-2012::22:41:46 ===
POST /chat/send_message/public [helpdesk] 200 332ms

=INFO REPORT==== 23-Aug-2012::22:41:46 ===
Loading routes from "/home/simba/hacking/erlang/helpdesk/priv/helpdesk.routes" ....

=INFO REPORT==== 23-Aug-2012::22:41:48 ===
Loading routes from "/home/simba/hacking/erlang/helpdesk/priv/helpdesk.routes" ....

=INFO REPORT==== 23-Aug-2012::22:41:48 ===
GET /chat/receive_chat/public/1345740106047205 [helpdesk] 200 2439ms

=INFO REPORT==== 23-Aug-2012::22:41:48 ===
POST /chat/send_message/public [helpdesk] 200 330ms

=INFO REPORT==== 23-Aug-2012::22:41:48 ===
Loading routes from "/home/simba/hacking/erlang/helpdesk/priv/helpdesk.routes" ....

=INFO REPORT==== 23-Aug-2012::22:41:50 ===
Loading routes from "/home/simba/hacking/erlang/helpdesk/priv/helpdesk.routes" ....

=INFO REPORT==== 23-Aug-2012::22:41:50 ===
POST /chat/send_message/public [helpdesk] 200 332ms

=INFO REPORT==== 23-Aug-2012::22:41:50 ===
GET /chat/receive_chat/public/1345740108533034 [helpdesk] 200 2314ms

=INFO REPORT==== 23-Aug-2012::22:41:50 ===
Loading routes from "/home/simba/hacking/erlang/helpdesk/priv/helpdesk.routes" ....

=INFO REPORT==== 23-Aug-2012::22:41:55 ===
Loading routes from "/home/simba/hacking/erlang/helpdesk/priv/helpdesk.routes" ....

=INFO REPORT==== 23-Aug-2012::22:41:55 ===
GET /chat [helpdesk] 200 347ms

=INFO REPORT==== 23-Aug-2012::22:41:56 ===
Loading routes from "/home/simba/hacking/erlang/helpdesk/priv/helpdesk.routes" ....

=INFO REPORT==== 23-Aug-2012::22:41:56 ===
GET /chat/live/public [helpdesk] 200 340ms

=INFO REPORT==== 23-Aug-2012::22:41:58 ===
Loading routes from "/home/simba/hacking/erlang/helpdesk/priv/helpdesk.routes" ....

=INFO REPORT==== 23-Aug-2012::22:41:59 ===
GET /chat/login/qwe [helpdesk] 200 331ms

=INFO REPORT==== 23-Aug-2012::22:41:59 ===
Loading routes from "/home/simba/hacking/erlang/helpdesk/priv/helpdesk.routes" ....

=INFO REPORT==== 23-Aug-2012::22:41:59 ===
GET /chat/receive_chat/public/0 [helpdesk] 200 324ms

=INFO REPORT==== 23-Aug-2012::22:41:59 ===
Loading routes from "/home/simba/hacking/erlang/helpdesk/priv/helpdesk.routes" ....

=INFO REPORT==== 23-Aug-2012::22:42:01 ===
Loading routes from "/home/simba/hacking/erlang/helpdesk/priv/helpdesk.routes" ....

=ERROR REPORT==== 23-Aug-2012::22:42:02 ===
{function_clause,
    [{helpdesk_main_controller,nope,
         ['DELETE',[],
          {helpdesk_main_controller,
              {simple_bridge_request_wrapper,mochiweb_request_bridge,
                  {mochiweb_request,#Port<0.22355>,'DELETE',"/login/qwe",
                      {1,1},
                      {11,
                       {"host",
                        {'Host',"localhost:8001"},
                        {"connection",
                         {'Connection',"keep-alive"},
                         {"accept",
                          {'Accept',"*/*"},
                          nil,
                          {"accept-encoding",
                           {'Accept-Encoding',"gzip,deflate,sdch"},
                           {"accept-charset",
                            {'Accept-Charset',
                                "windows-1251,utf-8;q=0.7,*;q=0.3"},
                            nil,nil},
                           {"accept-language",
                            {'Accept-Language',
                                "ru-RU,ru;q=0.8,en-US;q=0.6,en;q=0.4"},
                            nil,nil}}},
                         {"cookie",
                          {'Cookie',
                              "cl_user_id=cl_user-1; session_id=afec1df47bfc91f35a00df7ccb100300; _boss_session=147d8253e2f0dd0f7c80b79633bcce63a1c61819"},
                          nil,nil}},
                        {"origin",
                         {"Origin","http://localhost:8001"},
                         nil,
                         {"x-requested-with",
                          {"X-Requested-With","XMLHttpRequest"},
                          {"user-agent",
                           {'User-Agent',
                               "Mozilla/5.0 (X11; Linux x86_64) AppleWebKit/535.19 (KHTML, like Gecko) Ubuntu/12.04 Chromium/18.0.1025.168 Chrome/18.0.1025.168 Safari/535.19"},
                           {"referer",
                            {'Referer',
                                "http://localhost:8001/chat/live/public"},
                            nil,nil},
                           nil},
                          nil}}}}},
                  false,[],[],none}}]},
     {boss_web_controller,execute_action,5},
     {boss_web_controller,process_not_found,5},
     {boss_web_controller,process_request,5},
     {timer,tc,3},
     {boss_web_controller,handle_request,3},
     {mochiweb_http,headers,5},
     {proc_lib,init_p_do_apply,3}]}

=ERROR REPORT==== 23-Aug-2012::22:42:02 ===
DELETE /login/qwe [helpdesk] 500 331ms

=INFO REPORT==== 23-Aug-2012::22:42:07 ===
Loading routes from "/home/simba/hacking/erlang/helpdesk/priv/helpdesk.routes" ....

=INFO REPORT==== 23-Aug-2012::22:42:07 ===
GET /main/depart_request [helpdesk] 200 442ms

=INFO REPORT==== 23-Aug-2012::22:51:29 ===
Loading routes from "/home/simba/hacking/erlang/helpdesk/priv/helpdesk.routes" ....

=INFO REPORT==== 23-Aug-2012::22:51:29 ===
GET /chat [helpdesk] 200 329ms

=INFO REPORT==== 23-Aug-2012::22:51:31 ===
Loading routes from "/home/simba/hacking/erlang/helpdesk/priv/helpdesk.routes" ....

=INFO REPORT==== 23-Aug-2012::22:51:31 ===
GET /chat/live/public [helpdesk] 200 337ms

=INFO REPORT==== 23-Aug-2012::22:51:35 ===
Loading routes from "/home/simba/hacking/erlang/helpdesk/priv/helpdesk.routes" ....

=INFO REPORT==== 23-Aug-2012::22:51:35 ===
GET /chat/login/qwe [helpdesk] 200 328ms

=INFO REPORT==== 23-Aug-2012::22:51:35 ===
Loading routes from "/home/simba/hacking/erlang/helpdesk/priv/helpdesk.routes" ....

=INFO REPORT==== 23-Aug-2012::22:51:35 ===
GET /chat/receive_chat/public/0 [helpdesk] 200 322ms

=INFO REPORT==== 23-Aug-2012::22:51:35 ===
Loading routes from "/home/simba/hacking/erlang/helpdesk/priv/helpdesk.routes" ....

=INFO REPORT==== 23-Aug-2012::22:51:44 ===
Loading routes from "/home/simba/hacking/erlang/helpdesk/priv/helpdesk.routes" ....

=ERROR REPORT==== 23-Aug-2012::22:51:44 ===
{function_clause,
    [{helpdesk_main_controller,nope,
         ['DELETE',[],
          {helpdesk_main_controller,
              {simple_bridge_request_wrapper,mochiweb_request_bridge,
                  {mochiweb_request,#Port<0.22802>,'DELETE',"/login/qwe",
                      {1,1},
                      {11,
                       {"host",
                        {'Host',"localhost:8001"},
                        {"connection",
                         {'Connection',"keep-alive"},
                         {"accept",
                          {'Accept',"*/*"},
                          nil,
                          {"accept-encoding",
                           {'Accept-Encoding',"gzip,deflate,sdch"},
                           {"accept-charset",
                            {'Accept-Charset',
                                "windows-1251,utf-8;q=0.7,*;q=0.3"},
                            nil,nil},
                           {"accept-language",
                            {'Accept-Language',
                                "ru-RU,ru;q=0.8,en-US;q=0.6,en;q=0.4"},
                            nil,nil}}},
                         {"cookie",
                          {'Cookie',
                              "cl_user_id=cl_user-1; session_id=afec1df47bfc91f35a00df7ccb100300; _boss_session=147d8253e2f0dd0f7c80b79633bcce63a1c61819"},
                          nil,nil}},
                        {"origin",
                         {"Origin","http://localhost:8001"},
                         nil,
                         {"x-requested-with",
                          {"X-Requested-With","XMLHttpRequest"},
                          {"user-agent",
                           {'User-Agent',
                               "Mozilla/5.0 (X11; Linux x86_64) AppleWebKit/535.19 (KHTML, like Gecko) Ubuntu/12.04 Chromium/18.0.1025.168 Chrome/18.0.1025.168 Safari/535.19"},
                           {"referer",
                            {'Referer',
                                "http://localhost:8001/chat/live/public"},
                            nil,nil},
                           nil},
                          nil}}}}},
                  false,[],[],none}}]},
     {boss_web_controller,execute_action,5},
     {boss_web_controller,process_not_found,5},
     {boss_web_controller,process_request,5},
     {timer,tc,3},
     {boss_web_controller,handle_request,3},
     {mochiweb_http,headers,5},
     {proc_lib,init_p_do_apply,3}]}

=ERROR REPORT==== 23-Aug-2012::22:51:44 ===
DELETE /login/qwe [helpdesk] 500 336ms
