
=INFO REPORT==== 20-Aug-2012::12:15:36 ===
Starting Boss in development mode....

=INFO REPORT==== 20-Aug-2012::12:15:36 ===
Starting master services on 'helpdesk@simba-Aspire-4920'

=INFO REPORT==== 20-Aug-2012::12:15:37 ===
SSL:[]

=INFO REPORT==== 20-Aug-2012::12:15:37 ===
Loading routes from "../cb_admin/priv/cb_admin.routes" ....

=INFO REPORT==== 20-Aug-2012::12:15:37 ===
Loading routes from "/home/simba/hacking/erlang/helpdesk/priv/helpdesk.routes" ....

=INFO REPORT==== 20-Aug-2012::12:15:42 ===
GET /admin/model/model [cb_admin] 200 15ms

=INFO REPORT==== 20-Aug-2012::12:15:43 ===
GET /admin/model/model/test [cb_admin] 200 21ms

=INFO REPORT==== 20-Aug-2012::12:15:45 ===
GET /admin/model/create/test [cb_admin] 200 4ms

=ERROR REPORT==== 20-Aug-2012::12:15:51 ===
{function_clause,
    [{erlydtl_runtime,init_counter_stats,
         [{error,error,<<"22007">>,
              <<"invalid input syntax for type timestamp with time zone: \"\"">>,
              [{position,<<"64">>}]},
          undefined]},
     {cb_admin_view_model_create_html,render_internal,4},
     {cb_admin_view_model_create_html,render,2},
     {boss_web_controller,render_view,6},
     {boss_web_controller,execute_action,5},
     {boss_web_controller,process_request,5},
     {timer,tc,3},
     {boss_web_controller,handle_request,3}]}

=ERROR REPORT==== 20-Aug-2012::12:15:51 ===
POST /admin/model/create/test [cb_admin] 500 5ms

=INFO REPORT==== 20-Aug-2012::12:16:15 ===
POST /admin/model/create/test [cb_admin] 302 28ms

=INFO REPORT==== 20-Aug-2012::12:16:15 ===
GET /admin/model/show/test-3 [cb_admin] 200 14ms

=INFO REPORT==== 20-Aug-2012::12:16:15 ===
POST /admin/model/watch [cb_admin] 200 4ms

=INFO REPORT==== 20-Aug-2012::12:16:40 ===
GET /admin/model/edit/test-3 [cb_admin] 200 7ms

=INFO REPORT==== 20-Aug-2012::12:16:43 ===
POST /admin/model/edit/test-3 [cb_admin] 302 31ms

=INFO REPORT==== 20-Aug-2012::12:16:43 ===
GET /admin/model/events/1345443375204871 [cb_admin] 200 27820ms

=INFO REPORT==== 20-Aug-2012::12:16:43 ===
GET /admin/model/show/test-3 [cb_admin] 200 20ms

=INFO REPORT==== 20-Aug-2012::12:16:43 ===
POST /admin/model/watch [cb_admin] 200 0ms

=ERROR REPORT==== 20-Aug-2012::12:16:51 ===
{function_clause,
    [{erlydtl_runtime,init_counter_stats,
         [{error,error,<<"22P02">>,
              <<"invalid input syntax for integer: \"\"">>,
              [{position,<<"124">>}]},
          undefined]},
     {cb_admin_view_model_edit_html,render_internal,4},
     {cb_admin_view_model_edit_html,render,2},
     {boss_web_controller,render_view,6},
     {boss_web_controller,execute_action,5},
     {boss_web_controller,process_request,5},
     {timer,tc,3},
     {boss_web_controller,handle_request,3}]}

=ERROR REPORT==== 20-Aug-2012::12:16:51 ===
POST /admin/model/edit/test-3 [cb_admin] 500 9ms

=INFO REPORT==== 20-Aug-2012::12:16:58 ===
GET /admin/model/show/test-3 [cb_admin] 200 8ms

=INFO REPORT==== 20-Aug-2012::12:16:58 ===
POST /admin/model/watch [cb_admin] 200 0ms

=INFO REPORT==== 20-Aug-2012::12:17:00 ===
GET /admin/model/delete/test-3 [cb_admin] 200 5ms

=INFO REPORT==== 20-Aug-2012::12:17:01 ===
POST /admin/model/delete/test-3 [cb_admin] 302 29ms

=INFO REPORT==== 20-Aug-2012::12:17:01 ===
GET /admin/model/model/test [cb_admin] 200 12ms

=INFO REPORT==== 20-Aug-2012::12:17:03 ===
GET /admin/model/create/test [cb_admin] 200 3ms

=ERROR REPORT==== 20-Aug-2012::12:17:06 ===
{function_clause,
    [{erlydtl_runtime,init_counter_stats,
         [{error,error,<<"22007">>,
              <<"invalid input syntax for type timestamp with time zone: \"\"">>,
              [{position,<<"64">>}]},
          undefined]},
     {cb_admin_view_model_create_html,render_internal,4},
     {cb_admin_view_model_create_html,render,2},
     {boss_web_controller,render_view,6},
     {boss_web_controller,execute_action,5},
     {boss_web_controller,process_request,5},
     {timer,tc,3},
     {boss_web_controller,handle_request,3}]}

=ERROR REPORT==== 20-Aug-2012::12:17:06 ===
POST /admin/model/create/test [cb_admin] 500 4ms

=INFO REPORT==== 20-Aug-2012::12:17:13 ===
GET /admin/model/events/1345443403359919 [cb_admin] 200 30001ms

=INFO REPORT==== 20-Aug-2012::12:17:28 ===
GET /admin/model/events/1345443418560449 [cb_admin] 200 30001ms
