
=INFO REPORT==== 20-Aug-2012::10:14:04 ===
Starting Boss in development mode....

=INFO REPORT==== 20-Aug-2012::10:14:05 ===
Starting master services on 'helpdesk@simba-Aspire-4920'

=INFO REPORT==== 20-Aug-2012::10:14:05 ===
SSL:[]

=INFO REPORT==== 20-Aug-2012::10:14:05 ===
Loading routes from "../cb_admin/priv/cb_admin.routes" ....

=INFO REPORT==== 20-Aug-2012::10:14:05 ===
Loading routes from "/home/simba/hacking/erlang/helpdesk/priv/helpdesk.routes" ....

=INFO REPORT==== 20-Aug-2012::10:14:13 ===
GET /admin [cb_admin] 200 60ms

=INFO REPORT==== 20-Aug-2012::10:14:15 ===
GET /admin/model/model [cb_admin] 200 7ms

=INFO REPORT==== 20-Aug-2012::10:14:18 ===
GET /admin/model/model/request [cb_admin] 200 412ms

=INFO REPORT==== 20-Aug-2012::10:14:18 ===
POST /admin/model/watch [cb_admin] 200 85ms

=INFO REPORT==== 20-Aug-2012::10:14:48 ===
GET /admin/model/events/1345436058156746 [cb_admin] 200 30001ms

=INFO REPORT==== 20-Aug-2012::10:14:48 ===
POST /admin/model/heartbeat/0 [cb_admin] 200 0ms

=INFO REPORT==== 20-Aug-2012::10:15:18 ===
POST /admin/model/heartbeat/0 [cb_admin] 200 0ms

=INFO REPORT==== 20-Aug-2012::10:15:18 ===
GET /admin/model/events/1345436058379058 [cb_admin] 200 30001ms

=INFO REPORT==== 20-Aug-2012::10:15:48 ===
POST /admin/model/heartbeat/0 [cb_admin] 200 0ms

=INFO REPORT==== 20-Aug-2012::10:15:48 ===
GET /admin/model/events/1345436088427150 [cb_admin] 200 30001ms

=INFO REPORT==== 20-Aug-2012::10:15:54 ===
GET /admin/model/show/request-8 [cb_admin] 200 79ms

=INFO REPORT==== 20-Aug-2012::10:15:55 ===
POST /admin/model/watch [cb_admin] 200 0ms

=INFO REPORT==== 20-Aug-2012::10:15:56 ===
GET /admin/model/edit/request-8 [cb_admin] 200 22ms

=ERROR REPORT==== 20-Aug-2012::10:15:58 ===
** Generic server <0.73.0> terminating 
** Last message in was {save_record,
                           {request,"request-8","qw","qw","qw","qw","qw",
                               {{2012,8,19},{12,9,57.0}},
                               {{2012,8,19},{12,9,57.0}},
                               {{2012,8,19},{12,9,57.0}},
                               {{2012,8,19},{12,9,57.0}},
                               {{2012,8,19},{12,9,57.0}},
                               "qw"}}
** When Server state == {state,boss_db_adapter_pgsql,<0.74.0>,[],
                               {dict,0,16,16,8,80,48,
                                     {[],[],[],[],[],[],[],[],[],[],[],[],[],
                                      [],[],[]},
                                     {{[],[],[],[],[],[],[],[],[],[],[],[],[],
                                       [],[],[]}}},
                               false,60,db,0}
** Reason for termination == 
** {badarg,[{erlang,integer_to_list,[57.0]},
            {erlydtl_dateformat,integer_to_list_zerofill,1},
            {erlydtl_dateformat,tag_to_value,3},
            {erlydtl_dateformat,replace_tags,5},
            {boss_db_adapter_pgsql,pack_datetime,1},
            {boss_db_adapter_pgsql,'-build_update_query/1-fun-0-',2},
            {lists,foldl,3},
            {boss_db_adapter_pgsql,build_update_query,1}]}

=ERROR REPORT==== 20-Aug-2012::10:15:58 ===
{{badarg,[{erlang,integer_to_list,[57.0]},
          {erlydtl_dateformat,integer_to_list_zerofill,1},
          {erlydtl_dateformat,tag_to_value,3},
          {erlydtl_dateformat,replace_tags,5},
          {boss_db_adapter_pgsql,pack_datetime,1},
          {boss_db_adapter_pgsql,'-build_update_query/1-fun-0-',2},
          {lists,foldl,3},
          {boss_db_adapter_pgsql,build_update_query,1}]},
 {gen_server,call,
             [<0.73.0>,
              {save_record,{request,"request-8","qw","qw","qw","qw","qw",
                                    {{2012,8,19},{12,9,57.0}},
                                    {{2012,8,19},{12,9,57.0}},
                                    {{2012,8,19},{12,9,57.0}},
                                    {{2012,8,19},{12,9,57.0}},
                                    {{2012,8,19},{12,9,57.0}},
                                    "qw"}},
              30000]}}

=ERROR REPORT==== 20-Aug-2012::10:15:58 ===
POST /admin/model/edit/request-8 [cb_admin] 500 5ms
