
=INFO REPORT==== 5-Sep-2012::12:01:12 ===
Starting Boss in development mode....

=INFO REPORT==== 5-Sep-2012::12:01:12 ===
Starting master services on 'helpdesk@simba-Aspire-4920'

=INFO REPORT==== 5-Sep-2012::12:01:12 ===
SSL:[]

=INFO REPORT==== 5-Sep-2012::12:01:12 ===
Loading routes from "../cb_admin/priv/cb_admin.routes" ....

=INFO REPORT==== 5-Sep-2012::12:01:12 ===
Loading routes from "/home/simba/hacking/erlang/helpdesk/priv/helpdesk.routes" ....

=INFO REPORT==== 5-Sep-2012::12:01:14 ===
Loading routes from "/home/simba/hacking/erlang/helpdesk/priv/helpdesk.routes" ....

=INFO REPORT==== 5-Sep-2012::12:01:14 ===
GET / [helpdesk] 200 151ms

=INFO REPORT==== 5-Sep-2012::12:01:16 ===
Loading routes from "/home/simba/hacking/erlang/helpdesk/priv/helpdesk.routes" ....

=INFO REPORT==== 5-Sep-2012::12:01:16 ===
GET /about [helpdesk] 200 154ms

=INFO REPORT==== 5-Sep-2012::12:01:17 ===
Loading routes from "/home/simba/hacking/erlang/helpdesk/priv/helpdesk.routes" ....

=INFO REPORT==== 5-Sep-2012::12:01:17 ===
GET /main/targetplan [helpdesk] 200 151ms

=INFO REPORT==== 5-Sep-2012::12:02:36 ===
Loading routes from "/home/simba/hacking/erlang/helpdesk/priv/helpdesk.routes" ....

=INFO REPORT==== 5-Sep-2012::12:02:36 ===
GET /main/targetplan [helpdesk] 200 203ms

=INFO REPORT==== 5-Sep-2012::12:02:45 ===
Loading routes from "/home/simba/hacking/erlang/helpdesk/priv/helpdesk.routes" ....

=INFO REPORT==== 5-Sep-2012::12:02:46 ===
GET / [helpdesk] 200 138ms

=INFO REPORT==== 5-Sep-2012::12:02:48 ===
Loading routes from "/home/simba/hacking/erlang/helpdesk/priv/helpdesk.routes" ....

=INFO REPORT==== 5-Sep-2012::12:02:48 ===
GET /main/depart_request [helpdesk] 200 194ms
