
=INFO REPORT==== 16-Aug-2012::14:42:34 ===
Starting Boss in development mode....

=INFO REPORT==== 16-Aug-2012::14:42:34 ===
Starting master services on 'helpdesk@simba-Aspire-4920'

=INFO REPORT==== 16-Aug-2012::14:42:34 ===
SSL:[]

=INFO REPORT==== 16-Aug-2012::14:42:34 ===
Loading routes from "../cb_admin/priv/cb_admin.routes" ....

=INFO REPORT==== 16-Aug-2012::14:42:34 ===
Loading routes from "/home/simba/hacking/erlang/helpdesk/priv/helpdesk.routes" ....

=ERROR REPORT==== 16-Aug-2012::14:42:38 ===
** Generic server <0.70.0> terminating 
** Last message in was {find,depart,[],100,0,id,descending}
** When Server state == {state,boss_db_adapter_pgsql,<0.71.0>,[],
                               {dict,0,16,16,8,80,48,
                                     {[],[],[],[],[],[],[],[],[],[],[],[],[],
                                      [],[],[]},
                                     {{[],[],[],[],[],[],[],[],[],[],[],[],[],
                                       [],[],[]}}},
                               false,60,db,0}
** Reason for termination == 
** {badarg,[{erlang,integer_to_list,[null]},
            {boss_db_adapter_pgsql,'-activate_record/3-fun-0-',5},
            {lists,map,2},
            {boss_db_adapter_pgsql,activate_record,3},
            {lists,map,2},
            {boss_db_controller,handle_call,3},
            {gen_server,handle_msg,5},
            {proc_lib,init_p_do_apply,3}]}

=ERROR REPORT==== 16-Aug-2012::14:42:38 ===
{{badarg,[{erlang,integer_to_list,[null]},
          {boss_db_adapter_pgsql,'-activate_record/3-fun-0-',5},
          {lists,map,2},
          {boss_db_adapter_pgsql,activate_record,3},
          {lists,map,2},
          {boss_db_controller,handle_call,3},
          {gen_server,handle_msg,5},
          {proc_lib,init_p_do_apply,3}]},
 {gen_server,call,[<0.70.0>,{find,depart,[],100,0,id,descending},30000]}}

=ERROR REPORT==== 16-Aug-2012::14:42:38 ===
GET /admin/model/model/depart [cb_admin] 500 11ms
