
=INFO REPORT==== 20-Aug-2012::23:21:23 ===
Starting Boss in development mode....

=INFO REPORT==== 20-Aug-2012::23:21:23 ===
Starting master services on 'helpdesk@simba-Aspire-4920'

=INFO REPORT==== 20-Aug-2012::23:21:23 ===
SSL:[]

=INFO REPORT==== 20-Aug-2012::23:21:23 ===
Loading routes from "../cb_admin/priv/cb_admin.routes" ....

=INFO REPORT==== 20-Aug-2012::23:21:24 ===
Loading routes from "/home/simba/hacking/erlang/helpdesk/priv/helpdesk.routes" ....

=INFO REPORT==== 20-Aug-2012::23:21:28 ===
GET /admin/model/model [cb_admin] 200 13ms

=ERROR REPORT==== 20-Aug-2012::23:21:29 ===
{function_clause,[{lists,map,
                         [#Fun<cb_admin_model_controller.0.33077844>,
                          {error,{module_not_loaded,comment}}]},
                  {cb_admin_model_controller,model,4},
                  {boss_web_controller,execute_action,5},
                  {boss_web_controller,process_request,5},
                  {timer,tc,3},
                  {boss_web_controller,handle_request,3},
                  {mochiweb_http,headers,5},
                  {proc_lib,init_p_do_apply,3}]}

=ERROR REPORT==== 20-Aug-2012::23:21:29 ===
GET /admin/model/model/comment [cb_admin] 500 11ms

=INFO REPORT==== 20-Aug-2012::23:21:32 ===
GET /admin/model/model/cl_user [cb_admin] 200 13ms

=INFO REPORT==== 20-Aug-2012::23:21:32 ===
POST /admin/model/watch [cb_admin] 200 4ms

=ERROR REPORT==== 20-Aug-2012::23:21:34 ===
{function_clause,[{lists,map,
                         [#Fun<cb_admin_model_controller.0.33077844>,
                          {error,{module_not_loaded,comment}}]},
                  {cb_admin_model_controller,model,4},
                  {boss_web_controller,execute_action,5},
                  {boss_web_controller,process_request,5},
                  {timer,tc,3},
                  {boss_web_controller,handle_request,3},
                  {mochiweb_http,headers,5},
                  {proc_lib,init_p_do_apply,3}]}

=ERROR REPORT==== 20-Aug-2012::23:21:34 ===
GET /admin/model/model/comment [cb_admin] 500 8ms

=INFO REPORT==== 20-Aug-2012::23:21:46 ===
POST /admin/model/watch [cb_admin] 200 0ms

=ERROR REPORT==== 20-Aug-2012::23:21:49 ===
** Generic server <0.80.0> terminating 
** Last message in was {find,depart,[],100,0,id,descending}
** When Server state == {state,boss_db_adapter_mysql,<0.81.0>,[],
                               {dict,0,16,16,8,80,48,
                                     {[],[],[],[],[],[],[],[],[],[],[],[],[],
                                      [],[],[]},
                                     {{[],[],[],[],[],[],[],[],[],[],[],[],[],
                                       [],[],[]}}},
                               false,60,db,0}
** Reason for termination == 
** {badarith,[{lists,nth,2},
              {boss_db_adapter_mysql,'-activate_record/3-fun-0-',5},
              {lists,map,2},
              {lists,map,2},
              {boss_db_adapter_mysql,activate_record,3},
              {lists,map,2},
              {boss_db_controller,handle_call,3},
              {gen_server,handle_msg,5}]}

=ERROR REPORT==== 20-Aug-2012::23:21:49 ===
{{badarith,[{lists,nth,2},
            {boss_db_adapter_mysql,'-activate_record/3-fun-0-',5},
            {lists,map,2},
            {lists,map,2},
            {boss_db_adapter_mysql,activate_record,3},
            {lists,map,2},
            {boss_db_controller,handle_call,3},
            {gen_server,handle_msg,5}]},
 {gen_server,call,[<0.80.0>,{find,depart,[],100,0,id,descending},30000]}}

=ERROR REPORT==== 20-Aug-2012::23:21:49 ===
GET /admin/model/model/depart [cb_admin] 500 7ms

=INFO REPORT==== 20-Aug-2012::23:21:55 ===
POST /admin/model/watch [cb_admin] 200 0ms

=ERROR REPORT==== 20-Aug-2012::23:21:56 ===
** Generic server <0.86.0> terminating 
** Last message in was {find,depart,[],100,0,id,descending}
** When Server state == {state,boss_db_adapter_mysql,<0.87.0>,[],
                               {dict,0,16,16,8,80,48,
                                     {[],[],[],[],[],[],[],[],[],[],[],[],[],
                                      [],[],[]},
                                     {{[],[],[],[],[],[],[],[],[],[],[],[],[],
                                       [],[],[]}}},
                               false,60,db,0}
** Reason for termination == 
** {badarith,[{lists,nth,2},
              {boss_db_adapter_mysql,'-activate_record/3-fun-0-',5},
              {lists,map,2},
              {lists,map,2},
              {boss_db_adapter_mysql,activate_record,3},
              {lists,map,2},
              {boss_db_controller,handle_call,3},
              {gen_server,handle_msg,5}]}

=ERROR REPORT==== 20-Aug-2012::23:21:56 ===
{{badarith,[{lists,nth,2},
            {boss_db_adapter_mysql,'-activate_record/3-fun-0-',5},
            {lists,map,2},
            {lists,map,2},
            {boss_db_adapter_mysql,activate_record,3},
            {lists,map,2},
            {boss_db_controller,handle_call,3},
            {gen_server,handle_msg,5}]},
 {gen_server,call,[<0.86.0>,{find,depart,[],100,0,id,descending},30000]}}

=ERROR REPORT==== 20-Aug-2012::23:21:56 ===
GET /admin/model/model/depart [cb_admin] 500 2ms

=INFO REPORT==== 20-Aug-2012::23:21:57 ===
POST /admin/model/watch [cb_admin] 200 0ms

=ERROR REPORT==== 20-Aug-2012::23:21:58 ===
{function_clause,[{lists,map,
                         [#Fun<cb_admin_model_controller.0.33077844>,
                          {error,<<"#42S02Table 'helpdesk.operators' doesn't exist">>}]},
                  {cb_admin_model_controller,model,4},
                  {boss_web_controller,execute_action,5},
                  {boss_web_controller,process_request,5},
                  {timer,tc,3},
                  {boss_web_controller,handle_request,3},
                  {mochiweb_http,headers,5},
                  {proc_lib,init_p_do_apply,3}]}

=ERROR REPORT==== 20-Aug-2012::23:21:58 ===
GET /admin/model/model/operator [cb_admin] 500 2ms

=INFO REPORT==== 20-Aug-2012::23:21:59 ===
POST /admin/model/watch [cb_admin] 200 0ms

=INFO REPORT==== 20-Aug-2012::23:22:00 ===
GET /admin/model/model/request [cb_admin] 200 8ms

=INFO REPORT==== 20-Aug-2012::23:22:00 ===
POST /admin/model/watch [cb_admin] 200 0ms

=ERROR REPORT==== 20-Aug-2012::23:22:02 ===
{function_clause,[{lists,map,
                         [#Fun<cb_admin_model_controller.0.33077844>,
                          {error,<<"#42S02Table 'helpdesk.operators' doesn't exist">>}]},
                  {cb_admin_model_controller,model,4},
                  {boss_web_controller,execute_action,5},
                  {boss_web_controller,process_request,5},
                  {timer,tc,3},
                  {boss_web_controller,handle_request,3},
                  {mochiweb_http,headers,5},
                  {proc_lib,init_p_do_apply,3}]}

=ERROR REPORT==== 20-Aug-2012::23:22:02 ===
GET /admin/model/model/operator [cb_admin] 500 2ms

=INFO REPORT==== 20-Aug-2012::23:22:03 ===
GET /admin/model/events/1345483292790894 [cb_admin] 200 30001ms

=INFO REPORT==== 20-Aug-2012::23:22:04 ===
POST /admin/model/watch [cb_admin] 200 0ms

=ERROR REPORT==== 20-Aug-2012::23:22:05 ===
** Generic server <0.195.0> terminating 
** Last message in was {find,depart,[],100,0,id,descending}
** When Server state == {state,boss_db_adapter_mysql,<0.196.0>,[],
                               {dict,0,16,16,8,80,48,
                                     {[],[],[],[],[],[],[],[],[],[],[],[],[],
                                      [],[],[]},
                                     {{[],[],[],[],[],[],[],[],[],[],[],[],[],
                                       [],[],[]}}},
                               false,60,db,0}
** Reason for termination == 
** {badarith,[{lists,nth,2},
              {boss_db_adapter_mysql,'-activate_record/3-fun-0-',5},
              {lists,map,2},
              {lists,map,2},
              {boss_db_adapter_mysql,activate_record,3},
              {lists,map,2},
              {boss_db_controller,handle_call,3},
              {gen_server,handle_msg,5}]}

=ERROR REPORT==== 20-Aug-2012::23:22:05 ===
{{badarith,[{lists,nth,2},
            {boss_db_adapter_mysql,'-activate_record/3-fun-0-',5},
            {lists,map,2},
            {lists,map,2},
            {boss_db_adapter_mysql,activate_record,3},
            {lists,map,2},
            {boss_db_controller,handle_call,3},
            {gen_server,handle_msg,5}]},
 {gen_server,call,[<0.195.0>,{find,depart,[],100,0,id,descending},30000]}}

=ERROR REPORT==== 20-Aug-2012::23:22:05 ===
GET /admin/model/model/depart [cb_admin] 500 2ms

=INFO REPORT==== 20-Aug-2012::23:22:15 ===
POST /admin/model/watch [cb_admin] 200 0ms

=INFO REPORT==== 20-Aug-2012::23:22:16 ===
GET /admin/model/events/1345483292790894 [cb_admin] 200 30000ms

=INFO REPORT==== 20-Aug-2012::23:22:18 ===
Loading routes from "/home/simba/hacking/erlang/helpdesk/priv/helpdesk.routes" ....

=ERROR REPORT==== 20-Aug-2012::23:22:18 ===
** Generic server <0.71.0> terminating 
** Last message in was {find,depart,[],all,0,id,ascending}
** When Server state == {state,boss_db_adapter_mysql,<0.72.0>,[],
                               {dict,0,16,16,8,80,48,
                                     {[],[],[],[],[],[],[],[],[],[],[],[],[],
                                      [],[],[]},
                                     {{[],[],[],[],[],[],[],[],[],[],[],[],[],
                                       [],[],[]}}},
                               false,60,db,0}
** Reason for termination == 
** {badarith,[{lists,nth,2},
              {boss_db_adapter_mysql,'-activate_record/3-fun-0-',5},
              {lists,map,2},
              {lists,map,2},
              {boss_db_adapter_mysql,activate_record,3},
              {lists,map,2},
              {boss_db_controller,handle_call,3},
              {gen_server,handle_msg,5}]}

=ERROR REPORT==== 20-Aug-2012::23:22:18 ===
{{badarith,[{lists,nth,2},
            {boss_db_adapter_mysql,'-activate_record/3-fun-0-',5},
            {lists,map,2},
            {lists,map,2},
            {boss_db_adapter_mysql,activate_record,3},
            {lists,map,2},
            {boss_db_controller,handle_call,3},
            {gen_server,handle_msg,5}]},
 {gen_server,call,[<0.71.0>,{find,depart,[],all,0,id,ascending},30000]}}

=ERROR REPORT==== 20-Aug-2012::23:22:18 ===
GET /depart/index [helpdesk] 500 207ms

=INFO REPORT==== 20-Aug-2012::23:22:25 ===
GET /admin/model/events/1345483292790894 [cb_admin] 200 30001ms

=INFO REPORT==== 20-Aug-2012::23:22:27 ===
GET /admin/model/events/1345483292790894 [cb_admin] 200 30000ms

=INFO REPORT==== 20-Aug-2012::23:22:29 ===
GET /admin/model/events/1345483292790894 [cb_admin] 200 30000ms

=INFO REPORT==== 20-Aug-2012::23:22:30 ===
GET /admin/model/events/1345483320481430 [cb_admin] 200 30001ms

=INFO REPORT==== 20-Aug-2012::23:22:34 ===
GET /admin/model/events/1345483320481430 [cb_admin] 200 30001ms

=INFO REPORT==== 20-Aug-2012::23:22:45 ===
GET /admin/model/events/1345483320481430 [cb_admin] 200 30000ms

=INFO REPORT==== 20-Aug-2012::23:22:45 ===
POST /admin/model/heartbeat/7 [cb_admin] 200 0ms

=INFO REPORT==== 20-Aug-2012::23:23:15 ===
POST /admin/model/heartbeat/7 [cb_admin] 200 0ms

=INFO REPORT==== 20-Aug-2012::23:23:15 ===
GET /admin/model/events/1345483335917911 [cb_admin] 200 30000ms

=INFO REPORT==== 20-Aug-2012::23:23:45 ===
POST /admin/model/heartbeat/7 [cb_admin] 200 0ms

=INFO REPORT==== 20-Aug-2012::23:23:45 ===
GET /admin/model/events/1345483365927782 [cb_admin] 200 30001ms
