
=INFO REPORT==== 23-Aug-2012::14:37:51 ===
Starting Boss in development mode....

=INFO REPORT==== 23-Aug-2012::14:37:51 ===
Starting master services on 'helpdesk@simba-Aspire-4920'

=INFO REPORT==== 23-Aug-2012::14:37:51 ===
SSL:[]

=INFO REPORT==== 23-Aug-2012::14:37:51 ===
Loading routes from "../cb_admin/priv/cb_admin.routes" ....

=INFO REPORT==== 23-Aug-2012::14:37:51 ===
Loading routes from "/home/simba/hacking/erlang/helpdesk/priv/helpdesk.routes" ....

=INFO REPORT==== 23-Aug-2012::14:37:53 ===
Loading routes from "/home/simba/hacking/erlang/helpdesk/priv/helpdesk.routes" ....

=ERROR REPORT==== 23-Aug-2012::14:37:53 ===
GET /chat/live/public [helpdesk] 404 295ms

=INFO REPORT==== 23-Aug-2012::14:37:54 ===
Loading routes from "/home/simba/hacking/erlang/helpdesk/priv/helpdesk.routes" ....

=ERROR REPORT==== 23-Aug-2012::14:37:55 ===
GET /chat/live/public [helpdesk] 404 375ms

=INFO REPORT==== 23-Aug-2012::14:37:55 ===
Loading routes from "/home/simba/hacking/erlang/helpdesk/priv/helpdesk.routes" ....

=ERROR REPORT==== 23-Aug-2012::14:37:56 ===
GET /chat/live/public [helpdesk] 404 373ms

=INFO REPORT==== 23-Aug-2012::14:38:59 ===
Loading routes from "/home/simba/hacking/erlang/helpdesk/priv/helpdesk.routes" ....

=ERROR REPORT==== 23-Aug-2012::14:38:59 ===
GET /chat/live/public [helpdesk] 404 398ms

=INFO REPORT==== 23-Aug-2012::14:39:01 ===
Loading routes from "/home/simba/hacking/erlang/helpdesk/priv/helpdesk.routes" ....

=ERROR REPORT==== 23-Aug-2012::14:39:01 ===
GET /chat/live [helpdesk] 404 370ms

=INFO REPORT==== 23-Aug-2012::14:39:02 ===
Loading routes from "/home/simba/hacking/erlang/helpdesk/priv/helpdesk.routes" ....

=ERROR REPORT==== 23-Aug-2012::14:39:02 ===
GET /chat/live [helpdesk] 404 371ms

=INFO REPORT==== 23-Aug-2012::14:39:22 ===
Loading routes from "/home/simba/hacking/erlang/helpdesk/priv/helpdesk.routes" ....

=ERROR REPORT==== 23-Aug-2012::14:39:22 ===
GET /chat/live [helpdesk] 404 370ms

=INFO REPORT==== 23-Aug-2012::14:39:23 ===
Loading routes from "/home/simba/hacking/erlang/helpdesk/priv/helpdesk.routes" ....

=ERROR REPORT==== 23-Aug-2012::14:39:23 ===
GET /chat/live [helpdesk] 404 361ms

=INFO REPORT==== 23-Aug-2012::14:39:53 ===
Loading routes from "/home/simba/hacking/erlang/helpdesk/priv/helpdesk.routes" ....

=INFO REPORT==== 23-Aug-2012::14:39:54 ===
GET / [helpdesk] 200 395ms

=INFO REPORT==== 23-Aug-2012::14:39:57 ===
Loading routes from "/home/simba/hacking/erlang/helpdesk/priv/helpdesk.routes" ....

=INFO REPORT==== 23-Aug-2012::14:39:57 ===
GET /main/depart_request [helpdesk] 200 447ms

=INFO REPORT==== 23-Aug-2012::14:40:05 ===
Loading routes from "/home/simba/hacking/erlang/helpdesk/priv/helpdesk.routes" ....

=INFO REPORT==== 23-Aug-2012::14:40:05 ===
GET /request/set_worker/request-27 [helpdesk] 200 474ms

=INFO REPORT==== 23-Aug-2012::14:40:12 ===
Loading routes from "/home/simba/hacking/erlang/helpdesk/priv/helpdesk.routes" ....

=INFO REPORT==== 23-Aug-2012::14:40:13 ===
GET /main/user_request [helpdesk] 200 445ms
