
=INFO REPORT==== 25-Sep-2012::23:58:27 ===
Starting Boss in development mode....

=INFO REPORT==== 25-Sep-2012::23:58:27 ===
Starting master services on 'helpdesk@simba-Aspire-4920'

=INFO REPORT==== 25-Sep-2012::23:58:27 ===
SSL:[]

=INFO REPORT==== 25-Sep-2012::23:58:27 ===
Loading routes from "../cb_admin/priv/cb_admin.routes" ....

=INFO REPORT==== 25-Sep-2012::23:58:27 ===
Loading routes from "/home/simba/hacking/erlang/helpdesk/priv/helpdesk.routes" ....

=INFO REPORT==== 25-Sep-2012::23:58:45 ===
Loading routes from "/home/simba/hacking/erlang/helpdesk/priv/helpdesk.routes" ....

=INFO REPORT==== 25-Sep-2012::23:58:45 ===
GET / [helpdesk] 200 214ms

=INFO REPORT==== 25-Sep-2012::23:58:48 ===
Loading routes from "/home/simba/hacking/erlang/helpdesk/priv/helpdesk.routes" ....

=INFO REPORT==== 25-Sep-2012::23:58:48 ===
GET /user/login [helpdesk] 200 176ms

=INFO REPORT==== 25-Sep-2012::23:58:51 ===
Loading routes from "/home/simba/hacking/erlang/helpdesk/priv/helpdesk.routes" ....

=INFO REPORT==== 25-Sep-2012::23:58:52 ===
POST /user/login [helpdesk] 302 183ms

=INFO REPORT==== 25-Sep-2012::23:58:52 ===
Loading routes from "/home/simba/hacking/erlang/helpdesk/priv/helpdesk.routes" ....

=INFO REPORT==== 25-Sep-2012::23:58:52 ===
GET / [helpdesk] 200 185ms

=INFO REPORT==== 25-Sep-2012::23:58:54 ===
Loading routes from "/home/simba/hacking/erlang/helpdesk/priv/helpdesk.routes" ....

=INFO REPORT==== 25-Sep-2012::23:58:54 ===
GET /main/depart_request [helpdesk] 200 228ms

=INFO REPORT==== 25-Sep-2012::23:59:00 ===
Loading routes from "/home/simba/hacking/erlang/helpdesk/priv/helpdesk.routes" ....

=INFO REPORT==== 25-Sep-2012::23:59:00 ===
GET / [helpdesk] 200 173ms
