
=INFO REPORT==== 20-Aug-2012::10:33:21 ===
Starting Boss in development mode....

=INFO REPORT==== 20-Aug-2012::10:33:21 ===
Starting master services on 'helpdesk@simba-Aspire-4920'

=INFO REPORT==== 20-Aug-2012::10:33:21 ===
SSL:[]

=INFO REPORT==== 20-Aug-2012::10:33:21 ===
Loading routes from "../cb_admin/priv/cb_admin.routes" ....

=INFO REPORT==== 20-Aug-2012::10:33:21 ===
Loading routes from "/home/simba/hacking/erlang/helpdesk/priv/helpdesk.routes" ....

=INFO REPORT==== 20-Aug-2012::10:33:26 ===
GET /admin/model/model [cb_admin] 200 13ms

=INFO REPORT==== 20-Aug-2012::10:33:27 ===
GET /admin/model/model/test [cb_admin] 200 23ms

=INFO REPORT==== 20-Aug-2012::10:33:28 ===
GET /admin/model/create/test [cb_admin] 200 2ms

=ERROR REPORT==== 20-Aug-2012::10:33:33 ===
{function_clause,
    [{erlydtl_runtime,init_counter_stats,
         [{error,error,<<"23502">>,
              <<"null value in column \"id\" violates not-null constraint">>,
              []},
          undefined]},
     {cb_admin_view_model_create_html,render_internal,4},
     {cb_admin_view_model_create_html,render,2},
     {boss_web_controller,render_view,6},
     {boss_web_controller,execute_action,5},
     {boss_web_controller,process_request,5},
     {timer,tc,3},
     {boss_web_controller,handle_request,3}]}

=ERROR REPORT==== 20-Aug-2012::10:33:33 ===
POST /admin/model/create/test [cb_admin] 500 5ms

=INFO REPORT==== 20-Aug-2012::10:33:41 ===
GET /admin/model/model/test [cb_admin] 200 7ms

=INFO REPORT==== 20-Aug-2012::10:34:48 ===
GET /admin/model/create/test [cb_admin] 200 2ms

=INFO REPORT==== 20-Aug-2012::10:34:51 ===
POST /admin/model/create/test [cb_admin] 302 22ms

=INFO REPORT==== 20-Aug-2012::10:34:51 ===
GET /admin/model/show/test-1 [cb_admin] 200 13ms

=INFO REPORT==== 20-Aug-2012::10:34:51 ===
POST /admin/model/watch [cb_admin] 200 4ms

=INFO REPORT==== 20-Aug-2012::10:34:53 ===
GET /admin/model/edit/test-1 [cb_admin] 200 8ms

=ERROR REPORT==== 20-Aug-2012::10:35:00 ===
{function_clause,
    [{erlydtl_runtime,init_counter_stats,
         [{error,error,<<"22P02">>,
              <<"invalid input syntax for integer: \"123aa\"">>,
              [{position,<<"50">>}]},
          undefined]},
     {cb_admin_view_model_edit_html,render_internal,4},
     {cb_admin_view_model_edit_html,render,2},
     {boss_web_controller,render_view,6},
     {boss_web_controller,execute_action,5},
     {boss_web_controller,process_request,5},
     {timer,tc,3},
     {boss_web_controller,handle_request,3}]}

=ERROR REPORT==== 20-Aug-2012::10:35:00 ===
POST /admin/model/edit/test-1 [cb_admin] 500 10ms

=ERROR REPORT==== 20-Aug-2012::10:35:11 ===
{function_clause,
    [{erlydtl_runtime,init_counter_stats,
         [{error,error,<<"22P02">>,
              <<"invalid input syntax for integer: \"123,55\"">>,
              [{position,<<"50">>}]},
          undefined]},
     {cb_admin_view_model_edit_html,render_internal,4},
     {cb_admin_view_model_edit_html,render,2},
     {boss_web_controller,render_view,6},
     {boss_web_controller,execute_action,5},
     {boss_web_controller,process_request,5},
     {timer,tc,3},
     {boss_web_controller,handle_request,3}]}

=ERROR REPORT==== 20-Aug-2012::10:35:11 ===
POST /admin/model/edit/test-1 [cb_admin] 500 5ms

=INFO REPORT==== 20-Aug-2012::10:35:17 ===
GET /admin/model/events/1345437291828701 [cb_admin] 200 25660ms

=INFO REPORT==== 20-Aug-2012::10:35:17 ===
POST /admin/model/edit/test-1 [cb_admin] 302 46ms

=INFO REPORT==== 20-Aug-2012::10:35:17 ===
GET /admin/model/show/test-1 [cb_admin] 200 4ms

=INFO REPORT==== 20-Aug-2012::10:35:17 ===
POST /admin/model/watch [cb_admin] 200 0ms

=INFO REPORT==== 20-Aug-2012::10:35:20 ===
GET /admin/model/model/test [cb_admin] 200 5ms

=INFO REPORT==== 20-Aug-2012::10:35:20 ===
POST /admin/model/watch [cb_admin] 200 0ms

=INFO REPORT==== 20-Aug-2012::10:35:34 ===
GET /admin/model/show/test-1 [cb_admin] 200 5ms

=INFO REPORT==== 20-Aug-2012::10:35:34 ===
POST /admin/model/watch [cb_admin] 200 0ms

=INFO REPORT==== 20-Aug-2012::10:35:36 ===
GET /admin/model/edit/test-1 [cb_admin] 200 14ms

=ERROR REPORT==== 20-Aug-2012::10:35:40 ===
{function_clause,
    [{erlydtl_runtime,init_counter_stats,
         [{error,error,<<"22P02">>,
              <<"invalid input syntax for integer: \"\"">>,
              [{position,<<"44">>}]},
          undefined]},
     {cb_admin_view_model_edit_html,render_internal,4},
     {cb_admin_view_model_edit_html,render,2},
     {boss_web_controller,render_view,6},
     {boss_web_controller,execute_action,5},
     {boss_web_controller,process_request,5},
     {timer,tc,3},
     {boss_web_controller,handle_request,3}]}

=ERROR REPORT==== 20-Aug-2012::10:35:40 ===
POST /admin/model/edit/test-1 [cb_admin] 500 6ms

=INFO REPORT==== 20-Aug-2012::10:35:47 ===
GET /admin/model/events/1345437317699150 [cb_admin] 200 30001ms

=INFO REPORT==== 20-Aug-2012::10:35:50 ===
GET /admin/model/events/1345437320213750 [cb_admin] 200 30001ms

=ERROR REPORT==== 20-Aug-2012::10:35:53 ===
{function_clause,
    [{erlydtl_runtime,init_counter_stats,
         [{error,error,<<"22P02">>,
              <<"invalid input syntax for integer: \"null\"">>,
              [{position,<<"48">>}]},
          undefined]},
     {cb_admin_view_model_edit_html,render_internal,4},
     {cb_admin_view_model_edit_html,render,2},
     {boss_web_controller,render_view,6},
     {boss_web_controller,execute_action,5},
     {boss_web_controller,process_request,5},
     {timer,tc,3},
     {boss_web_controller,handle_request,3}]}

=ERROR REPORT==== 20-Aug-2012::10:35:53 ===
POST /admin/model/edit/test-1 [cb_admin] 500 5ms

=ERROR REPORT==== 20-Aug-2012::10:36:02 ===
{function_clause,
    [{erlydtl_runtime,init_counter_stats,
         [{error,error,<<"22P02">>,
              <<"invalid input syntax for integer: \"\"">>,
              [{position,<<"47">>}]},
          undefined]},
     {cb_admin_view_model_edit_html,render_internal,4},
     {cb_admin_view_model_edit_html,render,2},
     {boss_web_controller,render_view,6},
     {boss_web_controller,execute_action,5},
     {boss_web_controller,process_request,5},
     {timer,tc,3},
     {boss_web_controller,handle_request,3}]}

=ERROR REPORT==== 20-Aug-2012::10:36:02 ===
POST /admin/model/edit/test-1 [cb_admin] 500 6ms

=INFO REPORT==== 20-Aug-2012::10:36:04 ===
GET /admin/model/events/1345437334571331 [cb_admin] 200 30001ms

=INFO REPORT==== 20-Aug-2012::10:36:11 ===
POST /admin/model/edit/test-1 [cb_admin] 302 29ms

=INFO REPORT==== 20-Aug-2012::10:36:11 ===
GET /admin/model/show/test-1 [cb_admin] 200 6ms

=INFO REPORT==== 20-Aug-2012::10:36:11 ===
POST /admin/model/watch [cb_admin] 200 0ms

=INFO REPORT==== 20-Aug-2012::10:36:14 ===
GET /admin/model/model/test [cb_admin] 200 5ms

=INFO REPORT==== 20-Aug-2012::10:36:14 ===
POST /admin/model/watch [cb_admin] 200 0ms

=ERROR REPORT==== 20-Aug-2012::10:36:19 ===
{function_clause,[{cb_admin_model_lib,encode_csv_value,[0,[]]},
                  {cb_admin_model_controller,'-csv/3-fun-1-',2},
                  {lists,foldr,3},
                  {cb_admin_model_controller,'-csv/3-fun-2-',1},
                  {lists,map,2},
                  {cb_admin_model_controller,csv,4},
                  {boss_web_controller,execute_action,5},
                  {boss_web_controller,process_request,5}]}

=ERROR REPORT==== 20-Aug-2012::10:36:19 ===
GET /admin/model/csv/test [cb_admin] 500 21ms

=INFO REPORT==== 20-Aug-2012::10:36:24 ===
POST /admin/model/watch [cb_admin] 200 0ms

=INFO REPORT==== 20-Aug-2012::10:36:26 ===
GET /admin/model/show/test-1 [cb_admin] 200 10ms

=INFO REPORT==== 20-Aug-2012::10:36:26 ===
POST /admin/model/watch [cb_admin] 200 0ms

=INFO REPORT==== 20-Aug-2012::10:36:31 ===
GET /admin/model/model/test [cb_admin] 200 8ms

=INFO REPORT==== 20-Aug-2012::10:36:31 ===
POST /admin/model/watch [cb_admin] 200 0ms

=INFO REPORT==== 20-Aug-2012::10:36:32 ===
GET /admin/model/create/test [cb_admin] 200 2ms

=ERROR REPORT==== 20-Aug-2012::10:36:33 ===
{function_clause,
    [{erlydtl_runtime,init_counter_stats,
         [{error,error,<<"22P02">>,
              <<"invalid input syntax for integer: \"\"">>,
              [{position,<<"52">>}]},
          undefined]},
     {cb_admin_view_model_create_html,render_internal,4},
     {cb_admin_view_model_create_html,render,2},
     {boss_web_controller,render_view,6},
     {boss_web_controller,execute_action,5},
     {boss_web_controller,process_request,5},
     {timer,tc,3},
     {boss_web_controller,handle_request,3}]}

=ERROR REPORT==== 20-Aug-2012::10:36:33 ===
POST /admin/model/create/test [cb_admin] 500 4ms

=INFO REPORT==== 20-Aug-2012::10:36:41 ===
GET /admin/model/events/1345437371396955 [cb_admin] 200 30001ms

=INFO REPORT==== 20-Aug-2012::10:36:44 ===
GET /admin/model/events/1345437374738756 [cb_admin] 200 30001ms

=INFO REPORT==== 20-Aug-2012::10:36:54 ===
GET /admin/model/events/1345437374738756 [cb_admin] 200 30000ms

=INFO REPORT==== 20-Aug-2012::10:36:56 ===
GET /admin/model/events/1345437386181704 [cb_admin] 200 30000ms

=INFO REPORT==== 20-Aug-2012::10:37:01 ===
GET /admin/model/events/1345437391043210 [cb_admin] 200 30000ms

=INFO REPORT==== 20-Aug-2012::10:37:19 ===
POST /admin/model/create/test [cb_admin] 302 21ms

=INFO REPORT==== 20-Aug-2012::10:37:19 ===
GET /admin/model/show/test-2 [cb_admin] 200 5ms

=INFO REPORT==== 20-Aug-2012::10:37:20 ===
POST /admin/model/watch [cb_admin] 200 0ms

=INFO REPORT==== 20-Aug-2012::10:37:50 ===
GET /admin/model/events/1345437439936362 [cb_admin] 200 30000ms

=INFO REPORT==== 20-Aug-2012::10:37:50 ===
POST /admin/model/heartbeat/9 [cb_admin] 200 0ms

=INFO REPORT==== 20-Aug-2012::10:38:20 ===
POST /admin/model/heartbeat/9 [cb_admin] 200 0ms

=INFO REPORT==== 20-Aug-2012::10:38:20 ===
GET /admin/model/events/1345437440199943 [cb_admin] 200 30001ms

=INFO REPORT==== 20-Aug-2012::10:38:32 ===
GET /admin/model/edit/test-2 [cb_admin] 200 5ms

=ERROR REPORT==== 20-Aug-2012::10:38:36 ===
{function_clause,
    [{erlydtl_runtime,init_counter_stats,
         [{error,error,<<"22P02">>,
              <<"invalid input syntax for integer: \"\"">>,
              [{position,<<"44">>}]},
          undefined]},
     {cb_admin_view_model_edit_html,render_internal,4},
     {cb_admin_view_model_edit_html,render,2},
     {boss_web_controller,render_view,6},
     {boss_web_controller,execute_action,5},
     {boss_web_controller,process_request,5},
     {timer,tc,3},
     {boss_web_controller,handle_request,3}]}

=ERROR REPORT==== 20-Aug-2012::10:38:36 ===
POST /admin/model/edit/test-2 [cb_admin] 500 5ms

=ERROR REPORT==== 20-Aug-2012::10:38:47 ===
{function_clause,
    [{erlydtl_runtime,init_counter_stats,
         [{error,error,<<"22P02">>,
              <<"invalid input syntax for integer: \"nill\"">>,
              [{position,<<"44">>}]},
          undefined]},
     {cb_admin_view_model_edit_html,render_internal,4},
     {cb_admin_view_model_edit_html,render,2},
     {boss_web_controller,render_view,6},
     {boss_web_controller,execute_action,5},
     {boss_web_controller,process_request,5},
     {timer,tc,3},
     {boss_web_controller,handle_request,3}]}

=ERROR REPORT==== 20-Aug-2012::10:38:47 ===
POST /admin/model/edit/test-2 [cb_admin] 500 6ms

=INFO REPORT==== 20-Aug-2012::10:38:50 ===
GET /admin/model/events/1345437470208213 [cb_admin] 200 30000ms

=INFO REPORT==== 20-Aug-2012::11:18:16 ===
GET /admin/model/model [cb_admin] 200 5ms

=ERROR REPORT==== 20-Aug-2012::11:18:17 ===
** Generic server <0.76.0> terminating 
** Last message in was {find,test,[],100,0,id,descending}
** When Server state == {state,boss_db_adapter_pgsql,<0.77.0>,[],
                               {dict,0,16,16,8,80,48,
                                     {[],[],[],[],[],[],[],[],[],[],[],[],[],
                                      [],[],[]},
                                     {{[],[],[],[],[],[],[],[],[],[],[],[],[],
                                       [],[],[]}}},
                               false,60,db,0}
** Reason for termination == 
** {function_clause,[{boss_record_lib,convert_value_to_type,[null,string]},
                     {lists,map,2},
                     {lists,map,2},
                     {boss_db_adapter_pgsql,activate_record,3},
                     {lists,map,2},
                     {boss_db_controller,handle_call,3},
                     {gen_server,handle_msg,5},
                     {proc_lib,init_p_do_apply,3}]}

=ERROR REPORT==== 20-Aug-2012::11:18:17 ===
{{function_clause,[{boss_record_lib,convert_value_to_type,[null,string]},
                   {lists,map,2},
                   {lists,map,2},
                   {boss_db_adapter_pgsql,activate_record,3},
                   {lists,map,2},
                   {boss_db_controller,handle_call,3},
                   {gen_server,handle_msg,5},
                   {proc_lib,init_p_do_apply,3}]},
 {gen_server,call,[<0.76.0>,{find,test,[],100,0,id,descending},30000]}}

=ERROR REPORT==== 20-Aug-2012::11:18:17 ===
GET /admin/model/model/test [cb_admin] 500 10ms

=ERROR REPORT==== 20-Aug-2012::11:18:25 ===
** Generic server <0.65.0> terminating 
** Last message in was {find,test,[],100,0,id,descending}
** When Server state == {state,boss_db_adapter_pgsql,<0.66.0>,[],
                               {dict,0,16,16,8,80,48,
                                     {[],[],[],[],[],[],[],[],[],[],[],[],[],
                                      [],[],[]},
                                     {{[],[],[],[],[],[],[],[],[],[],[],[],[],
                                       [],[],[]}}},
                               false,60,db,0}
** Reason for termination == 
** {function_clause,[{boss_record_lib,convert_value_to_type,[null,string]},
                     {lists,map,2},
                     {lists,map,2},
                     {boss_db_adapter_pgsql,activate_record,3},
                     {lists,map,2},
                     {boss_db_controller,handle_call,3},
                     {gen_server,handle_msg,5},
                     {proc_lib,init_p_do_apply,3}]}

=ERROR REPORT==== 20-Aug-2012::11:18:25 ===
{{function_clause,[{boss_record_lib,convert_value_to_type,[null,string]},
                   {lists,map,2},
                   {lists,map,2},
                   {boss_db_adapter_pgsql,activate_record,3},
                   {lists,map,2},
                   {boss_db_controller,handle_call,3},
                   {gen_server,handle_msg,5},
                   {proc_lib,init_p_do_apply,3}]},
 {gen_server,call,[<0.65.0>,{find,test,[],100,0,id,descending},30000]}}

=ERROR REPORT==== 20-Aug-2012::11:18:25 ===
GET /admin/model/model/test [cb_admin] 500 6ms
