
=INFO REPORT==== 15-Oct-2012::15:13:13 ===
Starting Boss in development mode....

=ERROR REPORT==== 15-Oct-2012::15:13:13 ===
** Generic server <0.928.0> terminating 
** Last message in was {'EXIT',<0.854.0>,
                           {{badmatch,
                                {error,
                                    [{"/home/simba/hacking/erlang/helpdesk/src/model/depart.erl",
                                      [{{13,2},erl_lint,{attribute,has}}]}]}},
                            [{boss_load,load_all_modules,3},
                             {boss_web_controller,'-handle_info/2-fun-0-',2},
                             {lists,map,2},
                             {lists,map,2},
                             {boss_web_controller,handle_info,2},
                             {gen_server,handle_msg,5},
                             {proc_lib,init_p_do_apply,3}]}}
** When Server state == {state,
                            {<0.928.0>,boss_translator_sup},
                            one_for_one,
                            [{child,<0.929.0>,translator_controller,
                                 {boss_translator_controller,start_link,
                                     [[{application,cb_admin}]]},
                                 permanent,2000,worker,
                                 [boss_translator_controller]}],
                            undefined,10,10,[],boss_translator_sup,
                            [{application,cb_admin}]}
** Reason for termination == 
** {{badmatch,{error,[{"/home/simba/hacking/erlang/helpdesk/src/model/depart.erl",
                       [{{13,2},erl_lint,{attribute,has}}]}]}},
    [{boss_load,load_all_modules,3},
     {boss_web_controller,'-handle_info/2-fun-0-',2},
     {lists,map,2},
     {lists,map,2},
     {boss_web_controller,handle_info,2},
     {gen_server,handle_msg,5},
     {proc_lib,init_p_do_apply,3}]}

=INFO REPORT==== 15-Oct-2012::15:13:13 ===
Starting master services on 'helpdesk@simba-Aspire-4920'

=INFO REPORT==== 15-Oct-2012::15:13:13 ===
SSL:[]

=INFO REPORT==== 15-Oct-2012::15:13:13 ===
Loading routes from "../cb_admin/priv/cb_admin.routes" ....

=INFO REPORT==== 15-Oct-2012::15:13:13 ===
Loading routes from "/home/simba/hacking/erlang/helpdesk/priv/helpdesk.routes" ....
