
=INFO REPORT==== 20-Aug-2012::17:42:18 ===
Starting Boss in development mode....

=INFO REPORT==== 20-Aug-2012::17:42:18 ===
Starting master services on 'helpdesk@simba-Aspire-4920'

=INFO REPORT==== 20-Aug-2012::17:42:18 ===
SSL:[]

=INFO REPORT==== 20-Aug-2012::17:42:18 ===
Loading routes from "../cb_admin/priv/cb_admin.routes" ....

=INFO REPORT==== 20-Aug-2012::17:42:19 ===
Loading routes from "/home/simba/hacking/erlang/helpdesk/priv/helpdesk.routes" ....

=INFO REPORT==== 20-Aug-2012::17:42:22 ===
GET /admin/model/model/cl_user [cb_admin] 200 21ms

=INFO REPORT==== 20-Aug-2012::17:42:24 ===
GET /admin/model/create/cl_user [cb_admin] 200 3ms

=INFO REPORT==== 20-Aug-2012::17:42:37 ===
POST /admin/model/create/cl_user [cb_admin] 302 69ms

=INFO REPORT==== 20-Aug-2012::17:42:37 ===
GET /admin/model/show/cl_user-1 [cb_admin] 200 8ms

=INFO REPORT==== 20-Aug-2012::17:42:37 ===
POST /admin/model/watch [cb_admin] 200 4ms

=INFO REPORT==== 20-Aug-2012::17:42:38 ===
GET /admin/model/edit/cl_user-1 [cb_admin] 200 5ms

=INFO REPORT==== 20-Aug-2012::17:42:41 ===
GET /admin/model/model [cb_admin] 200 4ms

=INFO REPORT==== 20-Aug-2012::17:42:43 ===
GET /admin/model/model/request [cb_admin] 200 12ms

=INFO REPORT==== 20-Aug-2012::17:42:43 ===
POST /admin/model/watch [cb_admin] 200 0ms

=INFO REPORT==== 20-Aug-2012::17:42:44 ===
GET /admin/model/show/cl_user-1 [cb_admin] 200 7ms

=INFO REPORT==== 20-Aug-2012::17:42:44 ===
POST /admin/model/watch [cb_admin] 200 0ms

=INFO REPORT==== 20-Aug-2012::17:42:47 ===
GET /admin/model/model/cl_user [cb_admin] 200 4ms

=INFO REPORT==== 20-Aug-2012::17:42:47 ===
POST /admin/model/watch [cb_admin] 200 0ms

=INFO REPORT==== 20-Aug-2012::17:42:49 ===
GET /admin/model/model/request [cb_admin] 200 8ms

=INFO REPORT==== 20-Aug-2012::17:42:49 ===
POST /admin/model/watch [cb_admin] 200 0ms

=INFO REPORT==== 20-Aug-2012::17:42:57 ===
GET /admin/model/show/request-1 [cb_admin] 200 7ms

=INFO REPORT==== 20-Aug-2012::17:42:57 ===
POST /admin/model/watch [cb_admin] 200 0ms

=INFO REPORT==== 20-Aug-2012::17:43:02 ===
GET /admin/model/model/request [cb_admin] 200 7ms

=INFO REPORT==== 20-Aug-2012::17:43:02 ===
POST /admin/model/watch [cb_admin] 200 0ms

=INFO REPORT==== 20-Aug-2012::17:43:07 ===
GET /admin/model/events/1345462957120249 [cb_admin] 200 30001ms

=INFO REPORT==== 20-Aug-2012::17:43:08 ===
Loading routes from "/home/simba/hacking/erlang/helpdesk/priv/helpdesk.routes" ....

=INFO REPORT==== 20-Aug-2012::17:43:08 ===
GET / [helpdesk] 200 197ms

=INFO REPORT==== 20-Aug-2012::17:43:11 ===
Loading routes from "/home/simba/hacking/erlang/helpdesk/priv/helpdesk.routes" ....

=INFO REPORT==== 20-Aug-2012::17:43:11 ===
GET /user/login [helpdesk] 200 227ms

=INFO REPORT==== 20-Aug-2012::17:43:13 ===
GET /admin/model/events/1345462963124948 [cb_admin] 200 30001ms

=INFO REPORT==== 20-Aug-2012::17:43:14 ===
GET /admin/model/events/1345462964187612 [cb_admin] 200 30000ms

=INFO REPORT==== 20-Aug-2012::17:43:17 ===
GET /admin/model/events/1345462967271233 [cb_admin] 200 30000ms

=INFO REPORT==== 20-Aug-2012::17:43:18 ===
Loading routes from "/home/simba/hacking/erlang/helpdesk/priv/helpdesk.routes" ....

=ERROR REPORT==== 20-Aug-2012::17:43:18 ===
{{case_clause,{error,<<"#42S22Unknown column 'username' in 'where clause'">>}},
 [{helpdesk_user_controller,login,3},
  {boss_web_controller,execute_action,5},
  {boss_web_controller,process_request,5},
  {timer,tc,3},
  {boss_web_controller,handle_request,3},
  {mochiweb_http,headers,5},
  {proc_lib,init_p_do_apply,3}]}

=ERROR REPORT==== 20-Aug-2012::17:43:18 ===
POST /user/login [helpdesk] 500 217ms

=INFO REPORT==== 20-Aug-2012::17:43:19 ===
GET /admin/model/events/1345462969418851 [cb_admin] 200 30001ms

=INFO REPORT==== 20-Aug-2012::17:43:27 ===
GET /admin/model/events/1345462977006211 [cb_admin] 200 30001ms
