
=INFO REPORT==== 20-Aug-2012::11:49:13 ===
Starting Boss in development mode....

=INFO REPORT==== 20-Aug-2012::11:49:13 ===
Starting master services on 'helpdesk@simba-Aspire-4920'

=INFO REPORT==== 20-Aug-2012::11:49:13 ===
SSL:[]

=INFO REPORT==== 20-Aug-2012::11:49:13 ===
Loading routes from "../cb_admin/priv/cb_admin.routes" ....

=INFO REPORT==== 20-Aug-2012::11:49:13 ===
Loading routes from "/home/simba/hacking/erlang/helpdesk/priv/helpdesk.routes" ....

=INFO REPORT==== 20-Aug-2012::11:49:23 ===
boss_db_adapter_pgsql:save ({test,id,"NULL",[]})
Query is ["INSERT INTO ","tests"," (","str_test, int_test",") values (",
          "'', 'NULL'",")"," RETURNING id"]
Res is: {error,{error,error,<<"22P02">>,
                      <<"invalid input syntax for integer: \"NULL\"">>,
                      [{position,<<"52">>}]}}

=ERROR REPORT==== 20-Aug-2012::11:49:23 ===
{function_clause,
    [{erlydtl_runtime,init_counter_stats,
         [{error,error,<<"22P02">>,
              <<"invalid input syntax for integer: \"NULL\"">>,
              [{position,<<"52">>}]},
          undefined]},
     {cb_admin_view_model_create_html,render_internal,4},
     {cb_admin_view_model_create_html,render,2},
     {boss_web_controller,render_view,6},
     {boss_web_controller,execute_action,5},
     {boss_web_controller,process_request,5},
     {timer,tc,3},
     {boss_web_controller,handle_request,3}]}

=ERROR REPORT==== 20-Aug-2012::11:49:23 ===
POST /admin/model/create/test [cb_admin] 500 34ms

=INFO REPORT==== 20-Aug-2012::11:49:31 ===
boss_db_adapter_pgsql:save ({test,id,[],"qwe"})
Query is ["INSERT INTO ","tests"," (","str_test, int_test",") values (",
          "'qwe', ''",")"," RETURNING id"]
Res is: {error,{error,error,<<"22P02">>,
                      <<"invalid input syntax for integer: \"\"">>,
                      [{position,<<"55">>}]}}

=ERROR REPORT==== 20-Aug-2012::11:49:31 ===
{function_clause,
    [{erlydtl_runtime,init_counter_stats,
         [{error,error,<<"22P02">>,
              <<"invalid input syntax for integer: \"\"">>,
              [{position,<<"55">>}]},
          undefined]},
     {cb_admin_view_model_create_html,render_internal,4},
     {cb_admin_view_model_create_html,render,2},
     {boss_web_controller,render_view,6},
     {boss_web_controller,execute_action,5},
     {boss_web_controller,process_request,5},
     {timer,tc,3},
     {boss_web_controller,handle_request,3}]}

=ERROR REPORT==== 20-Aug-2012::11:49:31 ===
POST /admin/model/create/test [cb_admin] 500 4ms

=INFO REPORT==== 20-Aug-2012::11:49:38 ===
boss_db_adapter_pgsql:save ({test,id,[],[]})
Query is ["INSERT INTO ","tests"," (","str_test, int_test",") values (",
          "'', ''",")"," RETURNING id"]
Res is: {error,{error,error,<<"22P02">>,
                      <<"invalid input syntax for integer: \"\"">>,
                      [{position,<<"52">>}]}}

=ERROR REPORT==== 20-Aug-2012::11:49:38 ===
{function_clause,
    [{erlydtl_runtime,init_counter_stats,
         [{error,error,<<"22P02">>,
              <<"invalid input syntax for integer: \"\"">>,
              [{position,<<"52">>}]},
          undefined]},
     {cb_admin_view_model_create_html,render_internal,4},
     {cb_admin_view_model_create_html,render,2},
     {boss_web_controller,render_view,6},
     {boss_web_controller,execute_action,5},
     {boss_web_controller,process_request,5},
     {timer,tc,3},
     {boss_web_controller,handle_request,3}]}

=ERROR REPORT==== 20-Aug-2012::11:49:38 ===
POST /admin/model/create/test [cb_admin] 500 4ms

=INFO REPORT==== 20-Aug-2012::11:49:48 ===
boss_db_adapter_pgsql:save ({test,id,[],[]})
Query is ["INSERT INTO ","tests"," (","str_test, int_test",") values (",
          "'', ''",")"," RETURNING id"]
Res is: {error,{error,error,<<"22P02">>,
                      <<"invalid input syntax for integer: \"\"">>,
                      [{position,<<"52">>}]}}

=ERROR REPORT==== 20-Aug-2012::11:49:48 ===
{function_clause,
    [{erlydtl_runtime,init_counter_stats,
         [{error,error,<<"22P02">>,
              <<"invalid input syntax for integer: \"\"">>,
              [{position,<<"52">>}]},
          undefined]},
     {cb_admin_view_model_create_html,render_internal,4},
     {cb_admin_view_model_create_html,render,2},
     {boss_web_controller,render_view,6},
     {boss_web_controller,execute_action,5},
     {boss_web_controller,process_request,5},
     {timer,tc,3},
     {boss_web_controller,handle_request,3}]}

=ERROR REPORT==== 20-Aug-2012::11:49:48 ===
POST /admin/model/create/test [cb_admin] 500 5ms
