
=INFO REPORT==== 20-Aug-2012::23:24:06 ===
Starting Boss in development mode....

=INFO REPORT==== 20-Aug-2012::23:24:06 ===
Starting master services on 'helpdesk@simba-Aspire-4920'

=INFO REPORT==== 20-Aug-2012::23:24:06 ===
SSL:[]

=INFO REPORT==== 20-Aug-2012::23:24:06 ===
Loading routes from "../cb_admin/priv/cb_admin.routes" ....

=INFO REPORT==== 20-Aug-2012::23:24:07 ===
Loading routes from "/home/simba/hacking/erlang/helpdesk/priv/helpdesk.routes" ....

=INFO REPORT==== 20-Aug-2012::23:24:11 ===
GET /admin/model/model [cb_admin] 200 15ms

=ERROR REPORT==== 20-Aug-2012::23:24:12 ===
{function_clause,[{lists,map,
                         [#Fun<cb_admin_model_controller.0.33077844>,
                          {error,{module_not_loaded,comment}}]},
                  {cb_admin_model_controller,model,4},
                  {boss_web_controller,execute_action,5},
                  {boss_web_controller,process_request,5},
                  {timer,tc,3},
                  {boss_web_controller,handle_request,3},
                  {mochiweb_http,headers,5},
                  {proc_lib,init_p_do_apply,3}]}

=ERROR REPORT==== 20-Aug-2012::23:24:12 ===
GET /admin/model/model/comment [cb_admin] 500 10ms

=INFO REPORT==== 20-Aug-2012::23:24:16 ===
GET /admin/model/model/cl_user [cb_admin] 200 10ms

=INFO REPORT==== 20-Aug-2012::23:24:16 ===
POST /admin/model/watch [cb_admin] 200 4ms

=ERROR REPORT==== 20-Aug-2012::23:24:17 ===
** Generic server <0.71.0> terminating 
** Last message in was {find,depart,[],100,0,id,descending}
** When Server state == {state,boss_db_adapter_mysql,<0.72.0>,[],
                               {dict,0,16,16,8,80,48,
                                     {[],[],[],[],[],[],[],[],[],[],[],[],[],
                                      [],[],[]},
                                     {{[],[],[],[],[],[],[],[],[],[],[],[],[],
                                       [],[],[]}}},
                               false,60,db,0}
** Reason for termination == 
** {badarith,[{lists,nth,2},
              {boss_db_adapter_mysql,'-activate_record/3-fun-0-',5},
              {lists,map,2},
              {lists,map,2},
              {boss_db_adapter_mysql,activate_record,3},
              {lists,map,2},
              {boss_db_controller,handle_call,3},
              {gen_server,handle_msg,5}]}

=ERROR REPORT==== 20-Aug-2012::23:24:17 ===
{{badarith,[{lists,nth,2},
            {boss_db_adapter_mysql,'-activate_record/3-fun-0-',5},
            {lists,map,2},
            {lists,map,2},
            {boss_db_adapter_mysql,activate_record,3},
            {lists,map,2},
            {boss_db_controller,handle_call,3},
            {gen_server,handle_msg,5}]},
 {gen_server,call,[<0.71.0>,{find,depart,[],100,0,id,descending},30000]}}

=ERROR REPORT==== 20-Aug-2012::23:24:17 ===
GET /admin/model/model/depart [cb_admin] 500 4ms

=INFO REPORT==== 20-Aug-2012::23:24:46 ===
GET /admin/model/events/1345483456002584 [cb_admin] 200 30001ms

=INFO REPORT==== 20-Aug-2012::23:24:49 ===
Loading routes from "/home/simba/hacking/erlang/helpdesk/priv/helpdesk.routes" ....

=ERROR REPORT==== 20-Aug-2012::23:24:49 ===
** Generic server <0.83.0> terminating 
** Last message in was {find,depart,[],all,0,id,ascending}
** When Server state == {state,boss_db_adapter_mysql,<0.84.0>,[],
                               {dict,0,16,16,8,80,48,
                                     {[],[],[],[],[],[],[],[],[],[],[],[],[],
                                      [],[],[]},
                                     {{[],[],[],[],[],[],[],[],[],[],[],[],[],
                                       [],[],[]}}},
                               false,60,db,0}
** Reason for termination == 
** {badarith,[{lists,nth,2},
              {boss_db_adapter_mysql,'-activate_record/3-fun-0-',5},
              {lists,map,2},
              {lists,map,2},
              {boss_db_adapter_mysql,activate_record,3},
              {lists,map,2},
              {boss_db_controller,handle_call,3},
              {gen_server,handle_msg,5}]}

=ERROR REPORT==== 20-Aug-2012::23:24:49 ===
{{badarith,[{lists,nth,2},
            {boss_db_adapter_mysql,'-activate_record/3-fun-0-',5},
            {lists,map,2},
            {lists,map,2},
            {boss_db_adapter_mysql,activate_record,3},
            {lists,map,2},
            {boss_db_controller,handle_call,3},
            {gen_server,handle_msg,5}]},
 {gen_server,call,[<0.83.0>,{find,depart,[],all,0,id,ascending},30000]}}

=ERROR REPORT==== 20-Aug-2012::23:24:49 ===
GET /depart/index [helpdesk] 500 201ms

=INFO REPORT==== 20-Aug-2012::23:25:49 ===
Loading routes from "/home/simba/hacking/erlang/helpdesk/priv/helpdesk.routes" ....

=ERROR REPORT==== 20-Aug-2012::23:25:49 ===
** Generic server <0.77.0> terminating 
** Last message in was {find,depart,[],all,0,id,ascending}
** When Server state == {state,boss_db_adapter_mysql,<0.78.0>,[],
                               {dict,0,16,16,8,80,48,
                                     {[],[],[],[],[],[],[],[],[],[],[],[],[],
                                      [],[],[]},
                                     {{[],[],[],[],[],[],[],[],[],[],[],[],[],
                                       [],[],[]}}},
                               false,60,db,0}
** Reason for termination == 
** {badarith,[{lists,nth,2},
              {boss_db_adapter_mysql,'-activate_record/3-fun-0-',5},
              {lists,map,2},
              {lists,map,2},
              {boss_db_adapter_mysql,activate_record,3},
              {lists,map,2},
              {boss_db_controller,handle_call,3},
              {gen_server,handle_msg,5}]}

=ERROR REPORT==== 20-Aug-2012::23:25:49 ===
{{badarith,[{lists,nth,2},
            {boss_db_adapter_mysql,'-activate_record/3-fun-0-',5},
            {lists,map,2},
            {lists,map,2},
            {boss_db_adapter_mysql,activate_record,3},
            {lists,map,2},
            {boss_db_controller,handle_call,3},
            {gen_server,handle_msg,5}]},
 {gen_server,call,[<0.77.0>,{find,depart,[],all,0,id,ascending},30000]}}

=ERROR REPORT==== 20-Aug-2012::23:25:49 ===
GET /depart/index [helpdesk] 500 223ms
