
=INFO REPORT==== 16-Aug-2012::21:46:43 ===
Starting Boss in development mode....

=INFO REPORT==== 16-Aug-2012::21:46:43 ===
Starting master services on 'helpdesk@simba-Aspire-4920'

=INFO REPORT==== 16-Aug-2012::21:46:43 ===
SSL:[]

=INFO REPORT==== 16-Aug-2012::21:46:43 ===
Loading routes from "../cb_admin/priv/cb_admin.routes" ....

=INFO REPORT==== 16-Aug-2012::21:46:43 ===
Loading routes from "/home/simba/hacking/erlang/helpdesk/priv/helpdesk.routes" ....

=INFO REPORT==== 16-Aug-2012::21:46:53 ===
GET /admin/model/model [cb_admin] 200 17ms

=INFO REPORT==== 16-Aug-2012::21:46:55 ===
GET /admin/model/model/request [cb_admin] 200 27ms

=INFO REPORT==== 16-Aug-2012::21:46:55 ===
GET /admin/model/create/request [cb_admin] 200 4ms

=ERROR REPORT==== 16-Aug-2012::21:46:59 ===
{function_clause,
    [{erlydtl_runtime,init_counter_stats,
         [{error,error,<<"42601">>,<<"syntax error at or near \"order\"">>,
              [{position,<<"63">>}]},
          undefined]},
     {cb_admin_view_model_create_html,render_internal,4},
     {cb_admin_view_model_create_html,render,2},
     {boss_web_controller,render_view,6},
     {boss_web_controller,execute_action,5},
     {boss_web_controller,process_request,5},
     {timer,tc,3},
     {boss_web_controller,handle_request,3}]}

=ERROR REPORT==== 16-Aug-2012::21:46:59 ===
POST /admin/model/create/request [cb_admin] 500 6ms

=INFO REPORT==== 16-Aug-2012::21:47:07 ===
GET /admin/model/model/request [cb_admin] 200 11ms

=ERROR REPORT==== 16-Aug-2012::21:47:10 ===
{{badmatch,[]},
 [{cb_admin_model_controller,csv,4},
  {boss_web_controller,execute_action,5},
  {boss_web_controller,process_request,5},
  {timer,tc,3},
  {boss_web_controller,handle_request,3},
  {mochiweb_http,headers,5},
  {proc_lib,init_p_do_apply,3}]}

=ERROR REPORT==== 16-Aug-2012::21:47:10 ===
GET /admin/model/csv/request [cb_admin] 500 3ms

=INFO REPORT==== 16-Aug-2012::21:47:31 ===
GET /admin/model/model [cb_admin] 200 2ms

=INFO REPORT==== 16-Aug-2012::21:47:32 ===
GET /admin/model/model/depart [cb_admin] 200 9ms

=INFO REPORT==== 16-Aug-2012::21:47:32 ===
POST /admin/model/watch [cb_admin] 200 4ms

=INFO REPORT==== 16-Aug-2012::21:48:02 ===
GET /admin/model/events/1345132052688070 [cb_admin] 200 30000ms

=INFO REPORT==== 16-Aug-2012::21:48:02 ===
POST /admin/model/heartbeat/0 [cb_admin] 200 0ms

=INFO REPORT==== 16-Aug-2012::21:48:32 ===
POST /admin/model/heartbeat/0 [cb_admin] 200 0ms

=INFO REPORT==== 16-Aug-2012::21:48:32 ===
GET /admin/model/events/1345132052857843 [cb_admin] 200 30001ms

=INFO REPORT==== 16-Aug-2012::21:49:02 ===
POST /admin/model/heartbeat/0 [cb_admin] 200 0ms

=INFO REPORT==== 16-Aug-2012::21:49:02 ===
GET /admin/model/events/1345132082868115 [cb_admin] 200 30001ms

=INFO REPORT==== 16-Aug-2012::21:49:04 ===
GET /admin/model/model [cb_admin] 200 3ms

=INFO REPORT==== 16-Aug-2012::21:49:05 ===
GET /admin/model/model/request [cb_admin] 200 7ms

=INFO REPORT==== 16-Aug-2012::21:49:06 ===
GET /admin/model/create/request [cb_admin] 200 1ms

=ERROR REPORT==== 16-Aug-2012::21:49:13 ===
{function_clause,
    [{erlydtl_runtime,init_counter_stats,
         [{error,error,<<"42601">>,<<"syntax error at or near \"order\"">>,
              [{position,<<"63">>}]},
          undefined]},
     {cb_admin_view_model_create_html,render_internal,4},
     {cb_admin_view_model_create_html,render,2},
     {boss_web_controller,render_view,6},
     {boss_web_controller,execute_action,5},
     {boss_web_controller,process_request,5},
     {timer,tc,3},
     {boss_web_controller,handle_request,3}]}

=ERROR REPORT==== 16-Aug-2012::21:49:13 ===
POST /admin/model/create/request [cb_admin] 500 4ms
