
=INFO REPORT==== 16-Aug-2012::14:19:54 ===
Starting Boss in development mode....

=INFO REPORT==== 16-Aug-2012::14:19:54 ===
Starting master services on 'helpdesk@simba-Aspire-4920'

=INFO REPORT==== 16-Aug-2012::14:19:54 ===
SSL:[]

=INFO REPORT==== 16-Aug-2012::14:19:54 ===
Loading routes from "../cb_admin/priv/cb_admin.routes" ....

=INFO REPORT==== 16-Aug-2012::14:19:54 ===
Loading routes from "/home/simba/hacking/erlang/helpdesk/priv/helpdesk.routes" ....

=INFO REPORT==== 16-Aug-2012::14:20:00 ===
GET /admin/routes/index [cb_admin] 200 15ms

=INFO REPORT==== 16-Aug-2012::14:20:00 ===
GET /admin/model/model [cb_admin] 200 5ms

=ERROR REPORT==== 16-Aug-2012::14:20:02 ===
{function_clause,
    [{lists,map,
         [#Fun<cb_admin_model_controller.0.33077844>,
          {error,
              {error,error,<<"42703">>,<<"column \"id\" does not exist">>,
                  [{position,<<"44">>}]}}]},
     {cb_admin_model_controller,model,4},
     {boss_web_controller,execute_action,5},
     {boss_web_controller,process_request,5},
     {timer,tc,3},
     {boss_web_controller,handle_request,3},
     {mochiweb_http,headers,5},
     {proc_lib,init_p_do_apply,3}]}

=ERROR REPORT==== 16-Aug-2012::14:20:02 ===
GET /admin/model/model/depart [cb_admin] 500 24ms
