
=INFO REPORT==== 20-Aug-2012::17:28:48 ===
Starting Boss in development mode....

=INFO REPORT==== 20-Aug-2012::17:28:48 ===
Starting master services on 'helpdesk@simba-Aspire-4920'

=INFO REPORT==== 20-Aug-2012::17:28:48 ===
SSL:[]

=INFO REPORT==== 20-Aug-2012::17:28:48 ===
Loading routes from "../cb_admin/priv/cb_admin.routes" ....

=INFO REPORT==== 20-Aug-2012::17:28:48 ===
Loading routes from "/home/simba/hacking/erlang/helpdesk/priv/helpdesk.routes" ....

=INFO REPORT==== 20-Aug-2012::17:28:49 ===
GET /admin/model/model/request [cb_admin] 200 20ms

=INFO REPORT==== 20-Aug-2012::17:28:53 ===
GET /admin/model/create/request [cb_admin] 200 5ms

=INFO REPORT==== 20-Aug-2012::17:29:17 ===
POST /admin/model/create/request [cb_admin] 302 54ms

=INFO REPORT==== 20-Aug-2012::17:29:17 ===
GET /admin/model/show/request-1 [cb_admin] 200 11ms

=INFO REPORT==== 20-Aug-2012::17:29:17 ===
POST /admin/model/watch [cb_admin] 200 4ms

=INFO REPORT==== 20-Aug-2012::17:29:23 ===
GET /admin/model/model/request [cb_admin] 200 7ms

=INFO REPORT==== 20-Aug-2012::17:29:23 ===
POST /admin/model/watch [cb_admin] 200 0ms

=ERROR REPORT==== 20-Aug-2012::17:29:24 ===
{undef,[{error,attributes,
               [{error,<<"#42S02Table 'helpdesk.cl_users' doesn't exist">>}]},
        {cb_admin_model_controller,show,4},
        {boss_web_controller,execute_action,5},
        {boss_web_controller,process_request,5},
        {timer,tc,3},
        {boss_web_controller,handle_request,3},
        {mochiweb_http,headers,5},
        {proc_lib,init_p_do_apply,3}]}

=ERROR REPORT==== 20-Aug-2012::17:29:24 ===
GET /admin/model/show/cl_user-1 [cb_admin] 500 5ms

=INFO REPORT==== 20-Aug-2012::17:29:26 ===
POST /admin/model/watch [cb_admin] 200 0ms

=INFO REPORT==== 20-Aug-2012::17:29:27 ===
GET /admin/model/show/depart-1 [cb_admin] 200 4ms

=INFO REPORT==== 20-Aug-2012::17:29:27 ===
POST /admin/model/watch [cb_admin] 200 0ms

=INFO REPORT==== 20-Aug-2012::17:29:29 ===
POST /admin/model/watch [cb_admin] 200 0ms

=INFO REPORT==== 20-Aug-2012::17:29:30 ===
GET /admin/model/show/depart-1 [cb_admin] 200 28ms

=INFO REPORT==== 20-Aug-2012::17:29:30 ===
POST /admin/model/watch [cb_admin] 200 0ms

=INFO REPORT==== 20-Aug-2012::17:29:47 ===
GET /admin/model/events/1345462157596000 [cb_admin] 200 30001ms

=INFO REPORT==== 20-Aug-2012::17:29:53 ===
GET /admin/model/events/1345462163102065 [cb_admin] 200 30000ms

=INFO REPORT==== 20-Aug-2012::17:29:56 ===
GET /admin/model/events/1345462163102065 [cb_admin] 200 30000ms

=INFO REPORT==== 20-Aug-2012::17:29:57 ===
GET /admin/model/events/1345462167117318 [cb_admin] 200 30000ms

=INFO REPORT==== 20-Aug-2012::17:29:59 ===
GET /admin/model/events/1345462163102065 [cb_admin] 200 30000ms

=INFO REPORT==== 20-Aug-2012::17:30:00 ===
GET /admin/model/events/1345462170407883 [cb_admin] 200 30000ms

=INFO REPORT==== 20-Aug-2012::17:30:00 ===
POST /admin/model/heartbeat/5 [cb_admin] 200 0ms

=INFO REPORT==== 20-Aug-2012::17:30:30 ===
POST /admin/model/heartbeat/5 [cb_admin] 200 0ms

=INFO REPORT==== 20-Aug-2012::17:30:30 ===
GET /admin/model/events/1345462170629483 [cb_admin] 200 30001ms

=INFO REPORT==== 20-Aug-2012::17:31:00 ===
POST /admin/model/heartbeat/5 [cb_admin] 200 0ms

=INFO REPORT==== 20-Aug-2012::17:31:00 ===
GET /admin/model/events/1345462200644506 [cb_admin] 200 30000ms

=INFO REPORT==== 20-Aug-2012::17:31:30 ===
POST /admin/model/heartbeat/5 [cb_admin] 200 0ms

=INFO REPORT==== 20-Aug-2012::17:31:30 ===
GET /admin/model/events/1345462230694484 [cb_admin] 200 30001ms

=INFO REPORT==== 20-Aug-2012::17:32:00 ===
POST /admin/model/heartbeat/5 [cb_admin] 200 0ms

=INFO REPORT==== 20-Aug-2012::17:32:00 ===
GET /admin/model/events/1345462260743049 [cb_admin] 200 30001ms

=INFO REPORT==== 20-Aug-2012::17:32:30 ===
POST /admin/model/heartbeat/5 [cb_admin] 200 0ms

=INFO REPORT==== 20-Aug-2012::17:32:30 ===
GET /admin/model/events/1345462290793341 [cb_admin] 200 30000ms

=INFO REPORT==== 20-Aug-2012::17:32:51 ===
POST /admin/model/watch [cb_admin] 200 0ms

=ERROR REPORT==== 20-Aug-2012::17:32:53 ===
{undef,[{error,attributes,
               [{error,<<"#42S02Table 'helpdesk.cl_users' doesn't exist">>}]},
        {cb_admin_model_controller,show,4},
        {boss_web_controller,execute_action,5},
        {boss_web_controller,process_request,5},
        {timer,tc,3},
        {boss_web_controller,handle_request,3},
        {mochiweb_http,headers,5},
        {proc_lib,init_p_do_apply,3}]}

=ERROR REPORT==== 20-Aug-2012::17:32:53 ===
GET /admin/model/show/cl_user-1 [cb_admin] 500 9ms

=INFO REPORT==== 20-Aug-2012::17:32:57 ===
POST /admin/model/watch [cb_admin] 200 0ms

=INFO REPORT==== 20-Aug-2012::17:32:58 ===
GET /admin/model/model [cb_admin] 200 4ms

=INFO REPORT==== 20-Aug-2012::17:33:00 ===
GET /admin/model/model/test [cb_admin] 200 4ms

=INFO REPORT==== 20-Aug-2012::17:33:00 ===
POST /admin/model/watch [cb_admin] 200 0ms

=INFO REPORT==== 20-Aug-2012::17:33:00 ===
GET /admin/model/events/1345462320839903 [cb_admin] 200 30001ms

=INFO REPORT==== 20-Aug-2012::17:33:21 ===
GET /admin/model/events/1345462163102065 [cb_admin] 200 30001ms

=INFO REPORT==== 20-Aug-2012::17:33:27 ===
GET /admin/model/events/1345462163102065 [cb_admin] 200 30000ms

=INFO REPORT==== 20-Aug-2012::17:33:30 ===
POST /admin/model/heartbeat/8 [cb_admin] 200 0ms

=INFO REPORT==== 20-Aug-2012::17:33:30 ===
GET /admin/model/events/1345462380325814 [cb_admin] 200 30001ms

=INFO REPORT==== 20-Aug-2012::17:34:00 ===
POST /admin/model/heartbeat/8 [cb_admin] 200 0ms

=INFO REPORT==== 20-Aug-2012::17:34:00 ===
GET /admin/model/events/1345462380562335 [cb_admin] 200 30000ms

=INFO REPORT==== 20-Aug-2012::17:34:30 ===
POST /admin/model/heartbeat/8 [cb_admin] 200 0ms

=INFO REPORT==== 20-Aug-2012::17:34:30 ===
GET /admin/model/events/1345462410573486 [cb_admin] 200 30001ms

=INFO REPORT==== 20-Aug-2012::17:35:00 ===
POST /admin/model/heartbeat/8 [cb_admin] 200 0ms

=INFO REPORT==== 20-Aug-2012::17:35:00 ===
GET /admin/model/events/1345462440619211 [cb_admin] 200 30001ms

=INFO REPORT==== 20-Aug-2012::17:35:30 ===
POST /admin/model/heartbeat/8 [cb_admin] 200 0ms

=INFO REPORT==== 20-Aug-2012::17:35:30 ===
GET /admin/model/events/1345462470667359 [cb_admin] 200 30001ms

=INFO REPORT==== 20-Aug-2012::17:36:00 ===
POST /admin/model/heartbeat/8 [cb_admin] 200 0ms

=INFO REPORT==== 20-Aug-2012::17:36:00 ===
GET /admin/model/events/1345462500714203 [cb_admin] 200 30001ms
