
=INFO REPORT==== 20-Aug-2012::17:40:51 ===
Starting Boss in development mode....

=INFO REPORT==== 20-Aug-2012::17:40:51 ===
Starting master services on 'helpdesk@simba-Aspire-4920'

=INFO REPORT==== 20-Aug-2012::17:40:51 ===
SSL:[]

=INFO REPORT==== 20-Aug-2012::17:40:51 ===
Loading routes from "../cb_admin/priv/cb_admin.routes" ....

=INFO REPORT==== 20-Aug-2012::17:40:51 ===
Loading routes from "/home/simba/hacking/erlang/helpdesk/priv/helpdesk.routes" ....

=ERROR REPORT==== 20-Aug-2012::17:40:53 ===
{function_clause,[{erlydtl_runtime,init_counter_stats,
                                   [<<"#42S22Unknown column 'username' in 'field list'">>,
                                    undefined]},
                  {cb_admin_view_model_create_html,render_internal,4},
                  {cb_admin_view_model_create_html,render,2},
                  {boss_web_controller,render_view,6},
                  {boss_web_controller,execute_action,5},
                  {boss_web_controller,process_request,5},
                  {timer,tc,3},
                  {boss_web_controller,handle_request,3}]}

=ERROR REPORT==== 20-Aug-2012::17:40:53 ===
POST /admin/model/create/cl_user [cb_admin] 500 15ms

=INFO REPORT==== 20-Aug-2012::17:41:01 ===
GET /admin/model/model [cb_admin] 200 4ms

=INFO REPORT==== 20-Aug-2012::17:41:03 ===
GET /admin/model/model/cl_user [cb_admin] 200 14ms

=INFO REPORT==== 20-Aug-2012::17:41:04 ===
GET /admin/model/create/cl_user [cb_admin] 200 2ms
