
=INFO REPORT==== 20-Aug-2012::11:57:48 ===
Starting Boss in development mode....

=INFO REPORT==== 20-Aug-2012::11:57:48 ===
Starting master services on 'helpdesk@simba-Aspire-4920'

=INFO REPORT==== 20-Aug-2012::11:57:48 ===
SSL:[]

=INFO REPORT==== 20-Aug-2012::11:57:48 ===
Loading routes from "../cb_admin/priv/cb_admin.routes" ....

=INFO REPORT==== 20-Aug-2012::11:57:48 ===
Loading routes from "/home/simba/hacking/erlang/helpdesk/priv/helpdesk.routes" ....

=INFO REPORT==== 20-Aug-2012::11:57:58 ===
boss_db_adapter_pgsql:save ({test,id,[],[]})
Query is ["INSERT INTO ","tests"," (","str_test, int_test",") values (",
          "'', ''",")"," RETURNING id"]
Res is: {error,{error,error,<<"22P02">>,
                      <<"invalid input syntax for integer: \"\"">>,
                      [{position,<<"52">>}]}}

=ERROR REPORT==== 20-Aug-2012::11:57:58 ===
{function_clause,
    [{erlydtl_runtime,init_counter_stats,
         [{error,error,<<"22P02">>,
              <<"invalid input syntax for integer: \"\"">>,
              [{position,<<"52">>}]},
          undefined]},
     {cb_admin_view_model_create_html,render_internal,4},
     {cb_admin_view_model_create_html,render,2},
     {boss_web_controller,render_view,6},
     {boss_web_controller,execute_action,5},
     {boss_web_controller,process_request,5},
     {timer,tc,3},
     {boss_web_controller,handle_request,3}]}

=ERROR REPORT==== 20-Aug-2012::11:57:58 ===
POST /admin/model/create/test [cb_admin] 500 27ms

=INFO REPORT==== 20-Aug-2012::12:00:06 ===
GET /admin/model/model [cb_admin] 200 5ms

=INFO REPORT==== 20-Aug-2012::12:00:08 ===
boss_db_adapter_pgsql:find [test,[]]
Query is (["SELECT COUNT(*) AS count FROM ","tests"," WHERE ",[" TRUE"]])
Result is ({ok,[{column,<<"count">>,int8,8,-1,1}],[{3}]})

=ERROR REPORT==== 20-Aug-2012::12:00:08 ===
** Generic server <0.73.0> terminating 
** Last message in was {find,test,[],
                             [{limit,100},{offset,0},descending],
                             0,id,str_ascending}
** When Server state == {state,boss_db_adapter_pgsql,<0.74.0>,[],
                               {dict,0,16,16,8,80,48,
                                     {[],[],[],[],[],[],[],[],[],[],[],[],[],
                                      [],[],[]},
                                     {{[],[],[],[],[],[],[],[],[],[],[],[],[],
                                       [],[],[]}}},
                               false,60,db,0}
** Reason for termination == 
** {function_clause,
       [{boss_db_adapter_pgsql,find,
            [<0.74.0>,test,[],
             [{limit,100},{offset,0},descending],
             0,id,str_ascending]},
        {boss_db_controller,handle_call,3},
        {gen_server,handle_msg,5},
        {proc_lib,init_p_do_apply,3}]}

=ERROR REPORT==== 20-Aug-2012::12:00:08 ===
{{function_clause,
     [{boss_db_adapter_pgsql,find,
          [<0.74.0>,test,[],
           [{limit,100},{offset,0},descending],
           0,id,str_ascending]},
      {boss_db_controller,handle_call,3},
      {gen_server,handle_msg,5},
      {proc_lib,init_p_do_apply,3}]},
 {gen_server,call,
     [<0.73.0>,
      {find,test,[],[{limit,100},{offset,0},descending],0,id,str_ascending},
      30000]}}

=ERROR REPORT==== 20-Aug-2012::12:00:08 ===
GET /admin/model/model/test [cb_admin] 500 18ms

=INFO REPORT==== 20-Aug-2012::12:00:39 ===
boss_db_adapter_pgsql:find [test,[]]
Query is (["SELECT COUNT(*) AS count FROM ","tests"," WHERE ",[" TRUE"]])
Result is ({ok,[{column,<<"count">>,int8,8,-1,1}],[{2}]})

=ERROR REPORT==== 20-Aug-2012::12:00:39 ===
** Generic server <0.79.0> terminating 
** Last message in was {find,test,[],
                             [{limit,100},{offset,0},descending],
                             0,id,str_ascending}
** When Server state == {state,boss_db_adapter_pgsql,<0.80.0>,[],
                               {dict,0,16,16,8,80,48,
                                     {[],[],[],[],[],[],[],[],[],[],[],[],[],
                                      [],[],[]},
                                     {{[],[],[],[],[],[],[],[],[],[],[],[],[],
                                       [],[],[]}}},
                               false,60,db,0}
** Reason for termination == 
** {function_clause,
       [{boss_db_adapter_pgsql,find,
            [<0.80.0>,test,[],
             [{limit,100},{offset,0},descending],
             0,id,str_ascending]},
        {boss_db_controller,handle_call,3},
        {gen_server,handle_msg,5},
        {proc_lib,init_p_do_apply,3}]}

=ERROR REPORT==== 20-Aug-2012::12:00:39 ===
{{function_clause,
     [{boss_db_adapter_pgsql,find,
          [<0.80.0>,test,[],
           [{limit,100},{offset,0},descending],
           0,id,str_ascending]},
      {boss_db_controller,handle_call,3},
      {gen_server,handle_msg,5},
      {proc_lib,init_p_do_apply,3}]},
 {gen_server,call,
     [<0.79.0>,
      {find,test,[],[{limit,100},{offset,0},descending],0,id,str_ascending},
      30000]}}

=ERROR REPORT==== 20-Aug-2012::12:00:39 ===
GET /admin/model/model/test [cb_admin] 500 4ms

=INFO REPORT==== 20-Aug-2012::12:00:42 ===
boss_db_adapter_pgsql:find [test,[]]
Query is (["SELECT COUNT(*) AS count FROM ","tests"," WHERE ",[" TRUE"]])
Result is ({ok,[{column,<<"count">>,int8,8,-1,1}],[{2}]})

=ERROR REPORT==== 20-Aug-2012::12:00:42 ===
** Generic server <0.70.0> terminating 
** Last message in was {find,test,[],
                             [{limit,100},{offset,0},descending],
                             0,id,str_ascending}
** When Server state == {state,boss_db_adapter_pgsql,<0.71.0>,[],
                               {dict,0,16,16,8,80,48,
                                     {[],[],[],[],[],[],[],[],[],[],[],[],[],
                                      [],[],[]},
                                     {{[],[],[],[],[],[],[],[],[],[],[],[],[],
                                       [],[],[]}}},
                               false,60,db,0}
** Reason for termination == 
** {function_clause,
       [{boss_db_adapter_pgsql,find,
            [<0.71.0>,test,[],
             [{limit,100},{offset,0},descending],
             0,id,str_ascending]},
        {boss_db_controller,handle_call,3},
        {gen_server,handle_msg,5},
        {proc_lib,init_p_do_apply,3}]}

=ERROR REPORT==== 20-Aug-2012::12:00:42 ===
{{function_clause,
     [{boss_db_adapter_pgsql,find,
          [<0.71.0>,test,[],
           [{limit,100},{offset,0},descending],
           0,id,str_ascending]},
      {boss_db_controller,handle_call,3},
      {gen_server,handle_msg,5},
      {proc_lib,init_p_do_apply,3}]},
 {gen_server,call,
     [<0.70.0>,
      {find,test,[],[{limit,100},{offset,0},descending],0,id,str_ascending},
      30000]}}

=ERROR REPORT==== 20-Aug-2012::12:00:42 ===
GET /admin/model/model/test [cb_admin] 500 4ms

=INFO REPORT==== 20-Aug-2012::12:01:12 ===
boss_db_adapter_pgsql:find [test,[]]
Query is (["SELECT COUNT(*) AS count FROM ","tests"," WHERE ",[" TRUE"]])
Result is ({ok,[{column,<<"count">>,int8,8,-1,1}],[{0}]})

=ERROR REPORT==== 20-Aug-2012::12:01:12 ===
** Generic server <0.76.0> terminating 
** Last message in was {find,test,[],
                             [{limit,100},{offset,0},descending],
                             0,id,str_ascending}
** When Server state == {state,boss_db_adapter_pgsql,<0.77.0>,[],
                               {dict,0,16,16,8,80,48,
                                     {[],[],[],[],[],[],[],[],[],[],[],[],[],
                                      [],[],[]},
                                     {{[],[],[],[],[],[],[],[],[],[],[],[],[],
                                       [],[],[]}}},
                               false,60,db,0}
** Reason for termination == 
** {function_clause,
       [{boss_db_adapter_pgsql,find,
            [<0.77.0>,test,[],
             [{limit,100},{offset,0},descending],
             0,id,str_ascending]},
        {boss_db_controller,handle_call,3},
        {gen_server,handle_msg,5},
        {proc_lib,init_p_do_apply,3}]}

=ERROR REPORT==== 20-Aug-2012::12:01:12 ===
{{function_clause,
     [{boss_db_adapter_pgsql,find,
          [<0.77.0>,test,[],
           [{limit,100},{offset,0},descending],
           0,id,str_ascending]},
      {boss_db_controller,handle_call,3},
      {gen_server,handle_msg,5},
      {proc_lib,init_p_do_apply,3}]},
 {gen_server,call,
     [<0.76.0>,
      {find,test,[],[{limit,100},{offset,0},descending],0,id,str_ascending},
      30000]}}

=ERROR REPORT==== 20-Aug-2012::12:01:12 ===
GET /admin/model/model/test [cb_admin] 500 4ms
