
=INFO REPORT==== 31-Aug-2012::12:39:07 ===
Starting Boss in development mode....

=INFO REPORT==== 31-Aug-2012::12:39:07 ===
Starting master services on 'helpdesk@simba-Aspire-4920'

=INFO REPORT==== 31-Aug-2012::12:39:07 ===
SSL:[]

=INFO REPORT==== 31-Aug-2012::12:39:07 ===
Loading routes from "../cb_admin/priv/cb_admin.routes" ....

=INFO REPORT==== 31-Aug-2012::12:39:08 ===
Loading routes from "/home/simba/hacking/erlang/helpdesk/priv/helpdesk.routes" ....

=INFO REPORT==== 31-Aug-2012::12:39:19 ===
Loading routes from "/home/simba/hacking/erlang/helpdesk/priv/helpdesk.routes" ....

=INFO REPORT==== 31-Aug-2012::12:39:19 ===
GET / [helpdesk] 200 129ms

=INFO REPORT==== 31-Aug-2012::12:39:21 ===
Loading routes from "/home/simba/hacking/erlang/helpdesk/priv/helpdesk.routes" ....

=INFO REPORT==== 31-Aug-2012::12:39:21 ===
GET /user/login [helpdesk] 200 116ms

=INFO REPORT==== 31-Aug-2012::12:39:24 ===
Loading routes from "/home/simba/hacking/erlang/helpdesk/priv/helpdesk.routes" ....

=INFO REPORT==== 31-Aug-2012::12:39:24 ===
POST /user/login [helpdesk] 302 117ms

=INFO REPORT==== 31-Aug-2012::12:39:24 ===
Loading routes from "/home/simba/hacking/erlang/helpdesk/priv/helpdesk.routes" ....

=INFO REPORT==== 31-Aug-2012::12:39:24 ===
GET / [helpdesk] 200 117ms

=INFO REPORT==== 31-Aug-2012::12:39:25 ===
Loading routes from "/home/simba/hacking/erlang/helpdesk/priv/helpdesk.routes" ....

=INFO REPORT==== 31-Aug-2012::12:39:25 ===
GET /main/depart_request [helpdesk] 200 164ms

=INFO REPORT==== 31-Aug-2012::12:39:48 ===
Loading routes from "/home/simba/hacking/erlang/helpdesk/priv/helpdesk.routes" ....

=INFO REPORT==== 31-Aug-2012::12:39:48 ===
GET /main/user_request [helpdesk] 200 123ms

=INFO REPORT==== 31-Aug-2012::12:39:52 ===
Loading routes from "/home/simba/hacking/erlang/helpdesk/priv/helpdesk.routes" ....

=INFO REPORT==== 31-Aug-2012::12:39:52 ===
GET /main/user_request/tag_order/id_order [helpdesk] 200 130ms

=INFO REPORT==== 31-Aug-2012::12:39:54 ===
Loading routes from "/home/simba/hacking/erlang/helpdesk/priv/helpdesk.routes" ....

=INFO REPORT==== 31-Aug-2012::12:39:54 ===
GET /main/user_request/tag_order/id_order [helpdesk] 200 129ms

=INFO REPORT==== 31-Aug-2012::12:40:05 ===
Loading routes from "/home/simba/hacking/erlang/helpdesk/priv/helpdesk.routes" ....

=INFO REPORT==== 31-Aug-2012::12:40:05 ===
GET /main/user_request/tag_order/depart_id [helpdesk] 200 127ms

=INFO REPORT==== 31-Aug-2012::12:40:07 ===
Loading routes from "/home/simba/hacking/erlang/helpdesk/priv/helpdesk.routes" ....

=INFO REPORT==== 31-Aug-2012::12:40:07 ===
GET /main/user_request/tag_order/id_order [helpdesk] 200 135ms

=INFO REPORT==== 31-Aug-2012::12:48:51 ===
Loading routes from "/home/simba/hacking/erlang/helpdesk/priv/helpdesk.routes" ....

=INFO REPORT==== 31-Aug-2012::12:48:51 ===
GET /main/user_request/tag_order/id_order [helpdesk] 200 130ms

=INFO REPORT==== 31-Aug-2012::12:55:08 ===
Loading routes from "/home/simba/hacking/erlang/helpdesk/priv/helpdesk.routes" ....

=INFO REPORT==== 31-Aug-2012::12:55:08 ===
GET /main/user_request/tag_order/id_order [helpdesk] 200 124ms

=INFO REPORT==== 31-Aug-2012::12:55:09 ===
Loading routes from "/home/simba/hacking/erlang/helpdesk/priv/helpdesk.routes" ....

=INFO REPORT==== 31-Aug-2012::12:55:09 ===
GET /main/user_request/tag_order/id_order [helpdesk] 200 134ms

=INFO REPORT==== 31-Aug-2012::12:55:12 ===
Loading routes from "/home/simba/hacking/erlang/helpdesk/priv/helpdesk.routes" ....

=INFO REPORT==== 31-Aug-2012::12:55:12 ===
GET /main/user_request/tag_order/worker_out_time [helpdesk] 200 122ms

=INFO REPORT==== 31-Aug-2012::12:55:13 ===
Loading routes from "/home/simba/hacking/erlang/helpdesk/priv/helpdesk.routes" ....

=INFO REPORT==== 31-Aug-2012::12:55:14 ===
GET /main/user_request/tag_order/worker_in_time [helpdesk] 200 129ms

=INFO REPORT==== 31-Aug-2012::12:56:08 ===
Loading routes from "/home/simba/hacking/erlang/helpdesk/priv/helpdesk.routes" ....

=INFO REPORT==== 31-Aug-2012::12:56:08 ===
GET /main/user_request/tag_order/worker_in_time [helpdesk] 200 136ms

=INFO REPORT==== 31-Aug-2012::12:56:09 ===
Loading routes from "/home/simba/hacking/erlang/helpdesk/priv/helpdesk.routes" ....

=INFO REPORT==== 31-Aug-2012::12:56:10 ===
GET /main/user_request/tag_order/worker_in_time [helpdesk] 200 128ms

=INFO REPORT==== 31-Aug-2012::12:56:14 ===
Loading routes from "/home/simba/hacking/erlang/helpdesk/priv/helpdesk.routes" ....

=INFO REPORT==== 31-Aug-2012::12:56:15 ===
GET /main/depart_request [helpdesk] 200 163ms

=INFO REPORT==== 31-Aug-2012::12:59:19 ===
Loading routes from "/home/simba/hacking/erlang/helpdesk/priv/helpdesk.routes" ....

=INFO REPORT==== 31-Aug-2012::12:59:19 ===
GET /main/depart_request [helpdesk] 200 157ms

=INFO REPORT==== 31-Aug-2012::12:59:52 ===
Loading routes from "/home/simba/hacking/erlang/helpdesk/priv/helpdesk.routes" ....

=INFO REPORT==== 31-Aug-2012::12:59:52 ===
GET /main/depart_request [helpdesk] 200 161ms

=INFO REPORT==== 31-Aug-2012::13:00:08 ===
Loading routes from "/home/simba/hacking/erlang/helpdesk/priv/helpdesk.routes" ....

=INFO REPORT==== 31-Aug-2012::13:00:08 ===
GET /main/depart_request [helpdesk] 200 158ms

=INFO REPORT==== 31-Aug-2012::13:04:26 ===
Loading routes from "/home/simba/hacking/erlang/helpdesk/priv/helpdesk.routes" ....

=INFO REPORT==== 31-Aug-2012::13:04:26 ===
GET /main/user_request [helpdesk] 200 150ms

=INFO REPORT==== 31-Aug-2012::13:04:35 ===
Loading routes from "/home/simba/hacking/erlang/helpdesk/priv/helpdesk.routes" ....

=INFO REPORT==== 31-Aug-2012::13:04:35 ===
GET /main/depart_request [helpdesk] 200 158ms

=INFO REPORT==== 31-Aug-2012::13:39:46 ===
Loading routes from "/home/simba/hacking/erlang/helpdesk/priv/helpdesk.routes" ....

=INFO REPORT==== 31-Aug-2012::13:39:46 ===
GET /main/user_request [helpdesk] 200 206ms

=INFO REPORT==== 31-Aug-2012::13:39:53 ===
Loading routes from "/home/simba/hacking/erlang/helpdesk/priv/helpdesk.routes" ....

=INFO REPORT==== 31-Aug-2012::13:39:54 ===
GET /depart/index [helpdesk] 200 460ms

=INFO REPORT==== 31-Aug-2012::13:39:59 ===
Loading routes from "/home/simba/hacking/erlang/helpdesk/priv/helpdesk.routes" ....

=INFO REPORT==== 31-Aug-2012::13:39:59 ===
GET /main/user_request [helpdesk] 200 132ms

=INFO REPORT==== 31-Aug-2012::13:40:13 ===
Loading routes from "/home/simba/hacking/erlang/helpdesk/priv/helpdesk.routes" ....

=INFO REPORT==== 31-Aug-2012::13:40:13 ===
GET /request/index [helpdesk] 200 260ms

=INFO REPORT==== 31-Aug-2012::13:40:23 ===
Loading routes from "/home/simba/hacking/erlang/helpdesk/priv/helpdesk.routes" ....

=INFO REPORT==== 31-Aug-2012::13:40:23 ===
GET /main/user_request [helpdesk] 200 127ms

=INFO REPORT==== 31-Aug-2012::14:05:14 ===
Loading routes from "/home/simba/hacking/erlang/helpdesk/priv/helpdesk.routes" ....

=INFO REPORT==== 31-Aug-2012::14:05:14 ===
GET /request/index [helpdesk] 200 217ms

=INFO REPORT==== 31-Aug-2012::14:05:17 ===
Loading routes from "/home/simba/hacking/erlang/helpdesk/priv/helpdesk.routes" ....

=INFO REPORT==== 31-Aug-2012::14:05:18 ===
GET /main/user_request [helpdesk] 200 132ms

=INFO REPORT==== 31-Aug-2012::14:07:10 ===
Loading routes from "/home/simba/hacking/erlang/helpdesk/priv/helpdesk.routes" ....

=INFO REPORT==== 31-Aug-2012::14:07:10 ===
GET /main/user_request [helpdesk] 200 130ms

=INFO REPORT==== 31-Aug-2012::14:07:11 ===
Loading routes from "/home/simba/hacking/erlang/helpdesk/priv/helpdesk.routes" ....

=INFO REPORT==== 31-Aug-2012::14:07:11 ===
GET /main/user_request [helpdesk] 200 143ms

=INFO REPORT==== 31-Aug-2012::14:07:11 ===
Loading routes from "/home/simba/hacking/erlang/helpdesk/priv/helpdesk.routes" ....

=INFO REPORT==== 31-Aug-2012::14:07:12 ===
GET /main/user_request [helpdesk] 200 133ms

=INFO REPORT==== 31-Aug-2012::14:07:12 ===
Loading routes from "/home/simba/hacking/erlang/helpdesk/priv/helpdesk.routes" ....

=INFO REPORT==== 31-Aug-2012::14:07:12 ===
GET /main/user_request [helpdesk] 200 128ms

=INFO REPORT==== 31-Aug-2012::14:07:32 ===
Loading routes from "/home/simba/hacking/erlang/helpdesk/priv/helpdesk.routes" ....

=INFO REPORT==== 31-Aug-2012::14:07:32 ===
GET /main/user_request [helpdesk] 200 138ms

=INFO REPORT==== 31-Aug-2012::14:07:33 ===
Loading routes from "/home/simba/hacking/erlang/helpdesk/priv/helpdesk.routes" ....

=INFO REPORT==== 31-Aug-2012::14:07:33 ===
GET /main/user_request [helpdesk] 200 136ms

=INFO REPORT==== 31-Aug-2012::14:07:34 ===
Loading routes from "/home/simba/hacking/erlang/helpdesk/priv/helpdesk.routes" ....

=INFO REPORT==== 31-Aug-2012::14:07:34 ===
GET /main/user_request [helpdesk] 200 138ms

=INFO REPORT==== 31-Aug-2012::14:07:34 ===
Loading routes from "/home/simba/hacking/erlang/helpdesk/priv/helpdesk.routes" ....

=INFO REPORT==== 31-Aug-2012::14:07:34 ===
GET /main/user_request [helpdesk] 200 125ms

=INFO REPORT==== 31-Aug-2012::14:07:34 ===
Loading routes from "/home/simba/hacking/erlang/helpdesk/priv/helpdesk.routes" ....

=INFO REPORT==== 31-Aug-2012::14:07:34 ===
GET /main/user_request [helpdesk] 200 129ms

=INFO REPORT==== 31-Aug-2012::14:07:49 ===
Loading routes from "/home/simba/hacking/erlang/helpdesk/priv/helpdesk.routes" ....

=INFO REPORT==== 31-Aug-2012::14:07:49 ===
GET /main/user_request [helpdesk] 200 140ms

=INFO REPORT==== 31-Aug-2012::14:07:50 ===
Loading routes from "/home/simba/hacking/erlang/helpdesk/priv/helpdesk.routes" ....

=INFO REPORT==== 31-Aug-2012::14:07:50 ===
GET /main/user_request [helpdesk] 200 134ms

=INFO REPORT==== 31-Aug-2012::14:08:24 ===
Loading routes from "/home/simba/hacking/erlang/helpdesk/priv/helpdesk.routes" ....

=INFO REPORT==== 31-Aug-2012::14:08:24 ===
GET /main/user_request [helpdesk] 200 136ms

=INFO REPORT==== 31-Aug-2012::14:08:28 ===
Loading routes from "/home/simba/hacking/erlang/helpdesk/priv/helpdesk.routes" ....

=INFO REPORT==== 31-Aug-2012::14:08:28 ===
GET /main/user_request [helpdesk] 200 125ms

=INFO REPORT==== 31-Aug-2012::14:08:29 ===
Loading routes from "/home/simba/hacking/erlang/helpdesk/priv/helpdesk.routes" ....

=INFO REPORT==== 31-Aug-2012::14:08:29 ===
GET /main/depart_request [helpdesk] 200 158ms

=INFO REPORT==== 31-Aug-2012::14:10:24 ===
Loading routes from "/home/simba/hacking/erlang/helpdesk/priv/helpdesk.routes" ....

=INFO REPORT==== 31-Aug-2012::14:10:24 ===
GET /main/depart_request [helpdesk] 200 167ms

=INFO REPORT==== 31-Aug-2012::14:10:33 ===
Loading routes from "/home/simba/hacking/erlang/helpdesk/priv/helpdesk.routes" ....

=INFO REPORT==== 31-Aug-2012::14:10:33 ===
GET /main/depart_request [helpdesk] 200 187ms

=INFO REPORT==== 31-Aug-2012::14:10:34 ===
Loading routes from "/home/simba/hacking/erlang/helpdesk/priv/helpdesk.routes" ....

=INFO REPORT==== 31-Aug-2012::14:10:34 ===
GET /main/depart_request [helpdesk] 200 167ms

=INFO REPORT==== 31-Aug-2012::14:10:46 ===
Loading routes from "/home/simba/hacking/erlang/helpdesk/priv/helpdesk.routes" ....

=INFO REPORT==== 31-Aug-2012::14:10:47 ===
GET /request/index [helpdesk] 200 215ms

=INFO REPORT==== 31-Aug-2012::14:10:49 ===
Loading routes from "/home/simba/hacking/erlang/helpdesk/priv/helpdesk.routes" ....

=INFO REPORT==== 31-Aug-2012::14:10:49 ===
GET /depart/index [helpdesk] 200 143ms

=INFO REPORT==== 31-Aug-2012::14:10:50 ===
Loading routes from "/home/simba/hacking/erlang/helpdesk/priv/helpdesk.routes" ....

=INFO REPORT==== 31-Aug-2012::14:10:50 ===
GET /main/user_request [helpdesk] 200 129ms

=INFO REPORT==== 31-Aug-2012::14:11:32 ===
Loading routes from "/home/simba/hacking/erlang/helpdesk/priv/helpdesk.routes" ....

=INFO REPORT==== 31-Aug-2012::14:11:33 ===
GET /main/depart_request [helpdesk] 200 159ms

=INFO REPORT==== 31-Aug-2012::14:11:37 ===
Loading routes from "/home/simba/hacking/erlang/helpdesk/priv/helpdesk.routes" ....

=INFO REPORT==== 31-Aug-2012::14:11:38 ===
GET /request/show/request-36 [helpdesk] 200 157ms

=INFO REPORT==== 31-Aug-2012::14:11:53 ===
Loading routes from "/home/simba/hacking/erlang/helpdesk/priv/helpdesk.routes" ....

=INFO REPORT==== 31-Aug-2012::14:11:53 ===
GET /main/user_request [helpdesk] 200 126ms

=INFO REPORT==== 31-Aug-2012::14:11:54 ===
Loading routes from "/home/simba/hacking/erlang/helpdesk/priv/helpdesk.routes" ....

=INFO REPORT==== 31-Aug-2012::14:11:54 ===
GET /request/create [helpdesk] 200 137ms

=INFO REPORT==== 31-Aug-2012::14:12:24 ===
Loading routes from "/home/simba/hacking/erlang/helpdesk/priv/helpdesk.routes" ....

=INFO REPORT==== 31-Aug-2012::14:12:24 ===
GET /request/show/request-36 [helpdesk] 200 135ms

=INFO REPORT==== 31-Aug-2012::14:12:42 ===
Loading routes from "/home/simba/hacking/erlang/helpdesk/priv/helpdesk.routes" ....

=INFO REPORT==== 31-Aug-2012::14:12:42 ===
GET /main/depart_request [helpdesk] 200 162ms

=INFO REPORT==== 31-Aug-2012::14:12:43 ===
Loading routes from "/home/simba/hacking/erlang/helpdesk/priv/helpdesk.routes" ....

=INFO REPORT==== 31-Aug-2012::14:12:43 ===
GET /user/register [helpdesk] 200 182ms

=INFO REPORT==== 31-Aug-2012::14:12:46 ===
Loading routes from "/home/simba/hacking/erlang/helpdesk/priv/helpdesk.routes" ....

=INFO REPORT==== 31-Aug-2012::14:12:46 ===
GET / [helpdesk] 200 126ms

=INFO REPORT==== 31-Aug-2012::14:12:47 ===
Loading routes from "/home/simba/hacking/erlang/helpdesk/priv/helpdesk.routes" ....

=INFO REPORT==== 31-Aug-2012::14:12:47 ===
GET /main/depart_request [helpdesk] 200 166ms

=INFO REPORT==== 31-Aug-2012::14:12:53 ===
Loading routes from "/home/simba/hacking/erlang/helpdesk/priv/helpdesk.routes" ....

=INFO REPORT==== 31-Aug-2012::14:12:53 ===
GET /request/show/request-21 [helpdesk] 200 145ms

=INFO REPORT==== 31-Aug-2012::14:49:44 ===
Loading routes from "/home/simba/hacking/erlang/helpdesk/priv/helpdesk.routes" ....

=INFO REPORT==== 31-Aug-2012::14:49:44 ===
GET /user/register [helpdesk] 200 135ms

=INFO REPORT==== 31-Aug-2012::14:49:46 ===
Loading routes from "/home/simba/hacking/erlang/helpdesk/priv/helpdesk.routes" ....

=INFO REPORT==== 31-Aug-2012::14:49:46 ===
GET / [helpdesk] 200 118ms

=INFO REPORT==== 31-Aug-2012::14:49:46 ===
Loading routes from "/home/simba/hacking/erlang/helpdesk/priv/helpdesk.routes" ....

=INFO REPORT==== 31-Aug-2012::14:49:47 ===
GET /main/depart_request [helpdesk] 200 160ms

=INFO REPORT==== 31-Aug-2012::17:50:09 ===
Loading routes from "/home/simba/hacking/erlang/helpdesk/priv/helpdesk.routes" ....

=INFO REPORT==== 31-Aug-2012::17:50:09 ===
GET /main/depart_request [helpdesk] 200 173ms

=INFO REPORT==== 31-Aug-2012::17:50:13 ===
Loading routes from "/home/simba/hacking/erlang/helpdesk/priv/helpdesk.routes" ....

=INFO REPORT==== 31-Aug-2012::17:50:13 ===
GET /request/set_worker/request-33 [helpdesk] 200 149ms

=INFO REPORT==== 31-Aug-2012::17:50:22 ===
Loading routes from "/home/simba/hacking/erlang/helpdesk/priv/helpdesk.routes" ....

=INFO REPORT==== 31-Aug-2012::17:50:22 ===
GET /main/depart_request [helpdesk] 200 158ms

=INFO REPORT==== 31-Aug-2012::17:50:26 ===
Loading routes from "/home/simba/hacking/erlang/helpdesk/priv/helpdesk.routes" ....

=INFO REPORT==== 31-Aug-2012::17:50:26 ===
GET /request/show/request-33 [helpdesk] 200 135ms

=INFO REPORT==== 31-Aug-2012::17:50:33 ===
Loading routes from "/home/simba/hacking/erlang/helpdesk/priv/helpdesk.routes" ....

=INFO REPORT==== 31-Aug-2012::17:50:33 ===
GET /main/depart_request [helpdesk] 200 157ms

=INFO REPORT==== 31-Aug-2012::18:38:32 ===
Loading routes from "/home/simba/hacking/erlang/helpdesk/priv/helpdesk.routes" ....

=INFO REPORT==== 31-Aug-2012::18:38:32 ===
GET /chat [helpdesk] 200 148ms

=INFO REPORT==== 31-Aug-2012::18:38:34 ===
Loading routes from "/home/simba/hacking/erlang/helpdesk/priv/helpdesk.routes" ....

=INFO REPORT==== 31-Aug-2012::18:38:34 ===
GET /main/depart_request [helpdesk] 200 169ms

=INFO REPORT==== 31-Aug-2012::18:38:35 ===
Loading routes from "/home/simba/hacking/erlang/helpdesk/priv/helpdesk.routes" ....

=INFO REPORT==== 31-Aug-2012::18:38:35 ===
GET /main/depart_request [helpdesk] 200 162ms

=INFO REPORT==== 31-Aug-2012::18:38:36 ===
Loading routes from "/home/simba/hacking/erlang/helpdesk/priv/helpdesk.routes" ....

=INFO REPORT==== 31-Aug-2012::18:38:36 ===
GET /request/show/request-32 [helpdesk] 200 137ms

=INFO REPORT==== 31-Aug-2012::18:38:49 ===
Loading routes from "/home/simba/hacking/erlang/helpdesk/priv/helpdesk.routes" ....

=INFO REPORT==== 31-Aug-2012::18:38:49 ===
GET /request/show/request-32 [helpdesk] 200 152ms

=INFO REPORT==== 31-Aug-2012::18:38:50 ===
Loading routes from "/home/simba/hacking/erlang/helpdesk/priv/helpdesk.routes" ....

=INFO REPORT==== 31-Aug-2012::18:38:50 ===
GET /request/show/request-32 [helpdesk] 200 143ms

=INFO REPORT==== 31-Aug-2012::18:38:50 ===
Loading routes from "/home/simba/hacking/erlang/helpdesk/priv/helpdesk.routes" ....

=INFO REPORT==== 31-Aug-2012::18:38:50 ===
GET /request/show/request-32 [helpdesk] 200 140ms

=INFO REPORT==== 31-Aug-2012::18:38:51 ===
Loading routes from "/home/simba/hacking/erlang/helpdesk/priv/helpdesk.routes" ....

=INFO REPORT==== 31-Aug-2012::18:38:51 ===
GET /request/show/request-32 [helpdesk] 200 141ms

=INFO REPORT==== 31-Aug-2012::18:38:51 ===
Loading routes from "/home/simba/hacking/erlang/helpdesk/priv/helpdesk.routes" ....

=INFO REPORT==== 31-Aug-2012::18:38:51 ===
GET /request/show/request-32 [helpdesk] 200 136ms

=INFO REPORT==== 31-Aug-2012::18:38:51 ===
Loading routes from "/home/simba/hacking/erlang/helpdesk/priv/helpdesk.routes" ....

=INFO REPORT==== 31-Aug-2012::18:38:51 ===
GET /request/show/request-32 [helpdesk] 200 143ms

=INFO REPORT==== 31-Aug-2012::18:38:52 ===
Loading routes from "/home/simba/hacking/erlang/helpdesk/priv/helpdesk.routes" ....

=INFO REPORT==== 31-Aug-2012::18:38:52 ===
GET /main/depart_request [helpdesk] 200 166ms

=INFO REPORT==== 31-Aug-2012::18:38:54 ===
Loading routes from "/home/simba/hacking/erlang/helpdesk/priv/helpdesk.routes" ....

=INFO REPORT==== 31-Aug-2012::18:38:54 ===
GET /request/show/request-33 [helpdesk] 200 138ms

=INFO REPORT==== 31-Aug-2012::18:39:03 ===
Loading routes from "/home/simba/hacking/erlang/helpdesk/priv/helpdesk.routes" ....

=INFO REPORT==== 31-Aug-2012::18:39:04 ===
GET /main/depart_request [helpdesk] 200 163ms

=INFO REPORT==== 31-Aug-2012::18:39:05 ===
Loading routes from "/home/simba/hacking/erlang/helpdesk/priv/helpdesk.routes" ....

=INFO REPORT==== 31-Aug-2012::18:39:05 ===
GET /depart/index [helpdesk] 200 145ms

=INFO REPORT==== 31-Aug-2012::18:39:14 ===
Loading routes from "/home/simba/hacking/erlang/helpdesk/priv/helpdesk.routes" ....

=INFO REPORT==== 31-Aug-2012::18:39:14 ===
GET /depart/index [helpdesk] 200 145ms

=INFO REPORT==== 31-Aug-2012::18:39:15 ===
Loading routes from "/home/simba/hacking/erlang/helpdesk/priv/helpdesk.routes" ....

=INFO REPORT==== 31-Aug-2012::18:39:15 ===
GET /main/user_request [helpdesk] 200 129ms

=INFO REPORT==== 31-Aug-2012::18:39:17 ===
Loading routes from "/home/simba/hacking/erlang/helpdesk/priv/helpdesk.routes" ....

=INFO REPORT==== 31-Aug-2012::18:39:17 ===
GET /request/show/request-19 [helpdesk] 200 144ms

=INFO REPORT==== 31-Aug-2012::18:39:19 ===
Loading routes from "/home/simba/hacking/erlang/helpdesk/priv/helpdesk.routes" ....

=INFO REPORT==== 31-Aug-2012::18:39:19 ===
GET /main/depart_request [helpdesk] 200 180ms

=INFO REPORT==== 31-Aug-2012::18:39:20 ===
Loading routes from "/home/simba/hacking/erlang/helpdesk/priv/helpdesk.routes" ....

=INFO REPORT==== 31-Aug-2012::18:39:20 ===
GET /request/set_complit/request-32 [helpdesk] 200 143ms

=INFO REPORT==== 31-Aug-2012::18:39:27 ===
Loading routes from "/home/simba/hacking/erlang/helpdesk/priv/helpdesk.routes" ....

=INFO REPORT==== 31-Aug-2012::18:39:27 ===
GET / [helpdesk] 200 128ms

=INFO REPORT==== 31-Aug-2012::18:39:28 ===
Loading routes from "/home/simba/hacking/erlang/helpdesk/priv/helpdesk.routes" ....

=INFO REPORT==== 31-Aug-2012::18:39:28 ===
GET / [helpdesk] 200 122ms

=INFO REPORT==== 31-Aug-2012::18:39:29 ===
Loading routes from "/home/simba/hacking/erlang/helpdesk/priv/helpdesk.routes" ....

=INFO REPORT==== 31-Aug-2012::18:39:29 ===
GET / [helpdesk] 200 123ms

=INFO REPORT==== 31-Aug-2012::18:39:30 ===
Loading routes from "/home/simba/hacking/erlang/helpdesk/priv/helpdesk.routes" ....

=INFO REPORT==== 31-Aug-2012::18:39:31 ===
GET / [helpdesk] 200 128ms

=INFO REPORT==== 31-Aug-2012::18:39:31 ===
Loading routes from "/home/simba/hacking/erlang/helpdesk/priv/helpdesk.routes" ....

=INFO REPORT==== 31-Aug-2012::18:39:31 ===
GET / [helpdesk] 200 127ms

=INFO REPORT==== 31-Aug-2012::18:39:32 ===
Loading routes from "/home/simba/hacking/erlang/helpdesk/priv/helpdesk.routes" ....

=INFO REPORT==== 31-Aug-2012::18:39:32 ===
GET /main/depart_request [helpdesk] 200 161ms

=INFO REPORT==== 31-Aug-2012::18:40:41 ===
Loading routes from "/home/simba/hacking/erlang/helpdesk/priv/helpdesk.routes" ....

=INFO REPORT==== 31-Aug-2012::18:40:41 ===
GET /main/depart_request/tag_order/worker_out_time [helpdesk] 200 264ms

=INFO REPORT==== 31-Aug-2012::18:40:42 ===
Loading routes from "/home/simba/hacking/erlang/helpdesk/priv/helpdesk.routes" ....

=INFO REPORT==== 31-Aug-2012::18:40:42 ===
GET /main/depart_request/tag_order/close_time [helpdesk] 200 158ms

=INFO REPORT==== 31-Aug-2012::18:40:43 ===
Loading routes from "/home/simba/hacking/erlang/helpdesk/priv/helpdesk.routes" ....

=INFO REPORT==== 31-Aug-2012::18:40:44 ===
GET /main/depart_request/tag_order/note [helpdesk] 200 359ms

=INFO REPORT==== 31-Aug-2012::18:40:46 ===
Loading routes from "/home/simba/hacking/erlang/helpdesk/priv/helpdesk.routes" ....

=INFO REPORT==== 31-Aug-2012::18:40:46 ===
GET /main/depart_request/tag_order/cl_user_id [helpdesk] 200 161ms

=INFO REPORT==== 31-Aug-2012::18:40:48 ===
Loading routes from "/home/simba/hacking/erlang/helpdesk/priv/helpdesk.routes" ....

=INFO REPORT==== 31-Aug-2012::18:40:49 ===
GET /main/depart_request/tag_order/close_time [helpdesk] 200 168ms

=INFO REPORT==== 31-Aug-2012::18:42:03 ===
Loading routes from "/home/simba/hacking/erlang/helpdesk/priv/helpdesk.routes" ....

=INFO REPORT==== 31-Aug-2012::18:42:03 ===
GET /main/depart_request [helpdesk] 200 171ms

=INFO REPORT==== 31-Aug-2012::18:42:05 ===
Loading routes from "/home/simba/hacking/erlang/helpdesk/priv/helpdesk.routes" ....

=INFO REPORT==== 31-Aug-2012::18:42:05 ===
GET /main/depart_request [helpdesk] 200 162ms

=INFO REPORT==== 31-Aug-2012::18:42:06 ===
Loading routes from "/home/simba/hacking/erlang/helpdesk/priv/helpdesk.routes" ....

=INFO REPORT==== 31-Aug-2012::18:42:06 ===
GET /main/depart_request [helpdesk] 200 173ms

=INFO REPORT==== 31-Aug-2012::18:42:07 ===
Loading routes from "/home/simba/hacking/erlang/helpdesk/priv/helpdesk.routes" ....

=INFO REPORT==== 31-Aug-2012::18:42:07 ===
GET /main/depart_request [helpdesk] 200 174ms

=INFO REPORT==== 31-Aug-2012::18:42:29 ===
Loading routes from "/home/simba/hacking/erlang/helpdesk/priv/helpdesk.routes" ....

=INFO REPORT==== 31-Aug-2012::18:42:29 ===
GET /main/depart_request [helpdesk] 200 167ms

=INFO REPORT==== 31-Aug-2012::18:42:31 ===
Loading routes from "/home/simba/hacking/erlang/helpdesk/priv/helpdesk.routes" ....

=INFO REPORT==== 31-Aug-2012::18:42:31 ===
GET /request/show/request-33 [helpdesk] 200 140ms

=INFO REPORT==== 31-Aug-2012::18:43:17 ===
Loading routes from "/home/simba/hacking/erlang/helpdesk/priv/helpdesk.routes" ....

=INFO REPORT==== 31-Aug-2012::18:43:17 ===
GET /user/logout [helpdesk] 302 122ms

=INFO REPORT==== 31-Aug-2012::18:43:17 ===
Loading routes from "/home/simba/hacking/erlang/helpdesk/priv/helpdesk.routes" ....

=INFO REPORT==== 31-Aug-2012::18:43:17 ===
GET / [helpdesk] 200 123ms

=INFO REPORT==== 31-Aug-2012::18:43:19 ===
Loading routes from "/home/simba/hacking/erlang/helpdesk/priv/helpdesk.routes" ....

=INFO REPORT==== 31-Aug-2012::18:43:19 ===
GET /user/login [helpdesk] 200 141ms

=INFO REPORT==== 31-Aug-2012::18:43:22 ===
Loading routes from "/home/simba/hacking/erlang/helpdesk/priv/helpdesk.routes" ....

=INFO REPORT==== 31-Aug-2012::18:43:22 ===
POST /user/login [helpdesk] 302 118ms

=INFO REPORT==== 31-Aug-2012::18:43:22 ===
Loading routes from "/home/simba/hacking/erlang/helpdesk/priv/helpdesk.routes" ....

=INFO REPORT==== 31-Aug-2012::18:43:22 ===
GET / [helpdesk] 200 120ms

=INFO REPORT==== 31-Aug-2012::18:43:23 ===
Loading routes from "/home/simba/hacking/erlang/helpdesk/priv/helpdesk.routes" ....

=INFO REPORT==== 31-Aug-2012::18:43:23 ===
GET /depart/index [helpdesk] 200 150ms

=INFO REPORT==== 31-Aug-2012::18:43:27 ===
Loading routes from "/home/simba/hacking/erlang/helpdesk/priv/helpdesk.routes" ....

=INFO REPORT==== 31-Aug-2012::18:43:27 ===
GET /request/index [helpdesk] 200 246ms

=INFO REPORT==== 31-Aug-2012::18:43:35 ===
Loading routes from "/home/simba/hacking/erlang/helpdesk/priv/helpdesk.routes" ....

=INFO REPORT==== 31-Aug-2012::18:43:36 ===
GET /main/depart_request [helpdesk] 200 163ms

=INFO REPORT==== 31-Aug-2012::18:43:43 ===
Loading routes from "/home/simba/hacking/erlang/helpdesk/priv/helpdesk.routes" ....

=INFO REPORT==== 31-Aug-2012::18:43:43 ===
GET /about [helpdesk] 200 134ms

=INFO REPORT==== 31-Aug-2012::18:43:46 ===
Loading routes from "/home/simba/hacking/erlang/helpdesk/priv/helpdesk.routes" ....

=INFO REPORT==== 31-Aug-2012::18:43:46 ===
GET /main/depart_request [helpdesk] 200 172ms

=INFO REPORT==== 31-Aug-2012::18:43:54 ===
Loading routes from "/home/simba/hacking/erlang/helpdesk/priv/helpdesk.routes" ....

=INFO REPORT==== 31-Aug-2012::18:43:54 ===
GET /main/depart_request [helpdesk] 200 165ms

=INFO REPORT==== 31-Aug-2012::18:44:06 ===
Loading routes from "/home/simba/hacking/erlang/helpdesk/priv/helpdesk.routes" ....

=INFO REPORT==== 31-Aug-2012::18:44:06 ===
GET /depart/index [helpdesk] 200 154ms

=INFO REPORT==== 31-Aug-2012::18:44:07 ===
Loading routes from "/home/simba/hacking/erlang/helpdesk/priv/helpdesk.routes" ....

=INFO REPORT==== 31-Aug-2012::18:44:07 ===
GET / [helpdesk] 200 125ms

=INFO REPORT==== 31-Aug-2012::18:44:13 ===
Loading routes from "/home/simba/hacking/erlang/helpdesk/priv/helpdesk.routes" ....

=INFO REPORT==== 31-Aug-2012::18:44:13 ===
GET / [helpdesk] 200 129ms

=INFO REPORT==== 31-Aug-2012::18:44:14 ===
Loading routes from "/home/simba/hacking/erlang/helpdesk/priv/helpdesk.routes" ....

=INFO REPORT==== 31-Aug-2012::18:44:15 ===
GET / [helpdesk] 200 133ms

=INFO REPORT==== 31-Aug-2012::18:47:47 ===
Loading routes from "/home/simba/hacking/erlang/helpdesk/priv/helpdesk.routes" ....

=INFO REPORT==== 31-Aug-2012::18:47:47 ===
GET / [helpdesk] 200 167ms

=INFO REPORT==== 31-Aug-2012::18:49:43 ===
Loading routes from "/home/simba/hacking/erlang/helpdesk/priv/helpdesk.routes" ....

=INFO REPORT==== 31-Aug-2012::18:49:43 ===
GET / [helpdesk] 200 172ms

=INFO REPORT==== 31-Aug-2012::18:50:03 ===
Loading routes from "/home/simba/hacking/erlang/helpdesk/priv/helpdesk.routes" ....

=INFO REPORT==== 31-Aug-2012::18:50:03 ===
GET / [helpdesk] 200 125ms

=INFO REPORT==== 31-Aug-2012::18:50:04 ===
Loading routes from "/home/simba/hacking/erlang/helpdesk/priv/helpdesk.routes" ....

=INFO REPORT==== 31-Aug-2012::18:50:04 ===
GET / [helpdesk] 200 127ms

=INFO REPORT==== 31-Aug-2012::18:50:05 ===
Loading routes from "/home/simba/hacking/erlang/helpdesk/priv/helpdesk.routes" ....

=INFO REPORT==== 31-Aug-2012::18:50:05 ===
GET /main/depart_request [helpdesk] 200 280ms

=INFO REPORT==== 31-Aug-2012::18:50:07 ===
Loading routes from "/home/simba/hacking/erlang/helpdesk/priv/helpdesk.routes" ....

=INFO REPORT==== 31-Aug-2012::18:50:07 ===
GET / [helpdesk] 200 125ms

=INFO REPORT==== 31-Aug-2012::18:50:08 ===
Loading routes from "/home/simba/hacking/erlang/helpdesk/priv/helpdesk.routes" ....

=INFO REPORT==== 31-Aug-2012::18:50:09 ===
GET /main/depart_request [helpdesk] 200 174ms

=INFO REPORT==== 31-Aug-2012::18:50:09 ===
Loading routes from "/home/simba/hacking/erlang/helpdesk/priv/helpdesk.routes" ....

=INFO REPORT==== 31-Aug-2012::18:50:09 ===
GET /main/user_request [helpdesk] 200 225ms

=INFO REPORT==== 31-Aug-2012::18:50:11 ===
Loading routes from "/home/simba/hacking/erlang/helpdesk/priv/helpdesk.routes" ....

=INFO REPORT==== 31-Aug-2012::18:50:11 ===
GET / [helpdesk] 200 125ms

=INFO REPORT==== 31-Aug-2012::18:53:53 ===
Loading routes from "/home/simba/hacking/erlang/helpdesk/priv/helpdesk.routes" ....

=INFO REPORT==== 31-Aug-2012::18:53:54 ===
GET / [helpdesk] 200 166ms

=INFO REPORT==== 31-Aug-2012::18:55:30 ===
Loading routes from "/home/simba/hacking/erlang/helpdesk/priv/helpdesk.routes" ....

=INFO REPORT==== 31-Aug-2012::18:55:30 ===
GET / [helpdesk] 200 166ms

=INFO REPORT==== 31-Aug-2012::18:55:35 ===
Loading routes from "/home/simba/hacking/erlang/helpdesk/priv/helpdesk.routes" ....

=INFO REPORT==== 31-Aug-2012::18:55:35 ===
GET / [helpdesk] 200 141ms

=INFO REPORT==== 31-Aug-2012::18:55:43 ===
Loading routes from "/home/simba/hacking/erlang/helpdesk/priv/helpdesk.routes" ....

=INFO REPORT==== 31-Aug-2012::18:55:43 ===
GET /main/depart_request [helpdesk] 200 164ms

=INFO REPORT==== 31-Aug-2012::18:55:46 ===
Loading routes from "/home/simba/hacking/erlang/helpdesk/priv/helpdesk.routes" ....

=INFO REPORT==== 31-Aug-2012::18:55:46 ===
GET / [helpdesk] 200 147ms

=INFO REPORT==== 31-Aug-2012::18:56:19 ===
Loading routes from "/home/simba/hacking/erlang/helpdesk/priv/helpdesk.routes" ....

=INFO REPORT==== 31-Aug-2012::18:56:19 ===
GET /main/depart_request [helpdesk] 200 165ms

=INFO REPORT==== 31-Aug-2012::18:57:56 ===
Loading routes from "/home/simba/hacking/erlang/helpdesk/priv/helpdesk.routes" ....

=INFO REPORT==== 31-Aug-2012::18:57:56 ===
GET /main/depart_request [helpdesk] 200 278ms

=INFO REPORT==== 31-Aug-2012::18:58:08 ===
Loading routes from "/home/simba/hacking/erlang/helpdesk/priv/helpdesk.routes" ....

=INFO REPORT==== 31-Aug-2012::18:58:08 ===
GET / [helpdesk] 200 160ms

=INFO REPORT==== 31-Aug-2012::19:00:57 ===
Loading routes from "/home/simba/hacking/erlang/helpdesk/priv/helpdesk.routes" ....

=INFO REPORT==== 31-Aug-2012::19:00:57 ===
GET / [helpdesk] 200 269ms

=INFO REPORT==== 31-Aug-2012::19:01:18 ===
Loading routes from "/home/simba/hacking/erlang/helpdesk/priv/helpdesk.routes" ....

=INFO REPORT==== 31-Aug-2012::19:01:18 ===
GET / [helpdesk] 200 73ms

=INFO REPORT==== 31-Aug-2012::19:01:39 ===
Loading routes from "/home/simba/hacking/erlang/helpdesk/priv/helpdesk.routes" ....

=INFO REPORT==== 31-Aug-2012::19:01:39 ===
GET / [helpdesk] 200 177ms

=INFO REPORT==== 31-Aug-2012::19:01:46 ===
Loading routes from "/home/simba/hacking/erlang/helpdesk/priv/helpdesk.routes" ....

=INFO REPORT==== 31-Aug-2012::19:01:47 ===
GET /request/index [helpdesk] 200 358ms

=INFO REPORT==== 31-Aug-2012::19:01:58 ===
Loading routes from "/home/simba/hacking/erlang/helpdesk/priv/helpdesk.routes" ....

=INFO REPORT==== 31-Aug-2012::19:01:58 ===
GET / [helpdesk] 200 128ms

=INFO REPORT==== 31-Aug-2012::19:02:31 ===
Loading routes from "/home/simba/hacking/erlang/helpdesk/priv/helpdesk.routes" ....

=INFO REPORT==== 31-Aug-2012::19:02:31 ===
GET / [helpdesk] 200 126ms

=INFO REPORT==== 31-Aug-2012::19:02:37 ===
Loading routes from "/home/simba/hacking/erlang/helpdesk/priv/helpdesk.routes" ....

=INFO REPORT==== 31-Aug-2012::19:02:38 ===
GET /main/depart_request [helpdesk] 200 163ms

=INFO REPORT==== 31-Aug-2012::19:02:42 ===
Loading routes from "/home/simba/hacking/erlang/helpdesk/priv/helpdesk.routes" ....

=INFO REPORT==== 31-Aug-2012::19:02:42 ===
GET /request/show/request-18 [helpdesk] 200 258ms

=INFO REPORT==== 31-Aug-2012::19:02:48 ===
Loading routes from "/home/simba/hacking/erlang/helpdesk/priv/helpdesk.routes" ....

=INFO REPORT==== 31-Aug-2012::19:02:48 ===
GET /main/depart_request [helpdesk] 200 165ms

=INFO REPORT==== 31-Aug-2012::19:02:49 ===
Loading routes from "/home/simba/hacking/erlang/helpdesk/priv/helpdesk.routes" ....

=INFO REPORT==== 31-Aug-2012::19:02:49 ===
GET /main/user_request [helpdesk] 200 238ms

=INFO REPORT==== 31-Aug-2012::19:02:51 ===
Loading routes from "/home/simba/hacking/erlang/helpdesk/priv/helpdesk.routes" ....

=INFO REPORT==== 31-Aug-2012::19:02:51 ===
GET /request/show/request-19 [helpdesk] 200 139ms

=INFO REPORT==== 31-Aug-2012::19:02:54 ===
Loading routes from "/home/simba/hacking/erlang/helpdesk/priv/helpdesk.routes" ....

=INFO REPORT==== 31-Aug-2012::19:02:54 ===
GET / [helpdesk] 200 130ms

=INFO REPORT==== 31-Aug-2012::19:02:55 ===
Loading routes from "/home/simba/hacking/erlang/helpdesk/priv/helpdesk.routes" ....

=INFO REPORT==== 31-Aug-2012::19:02:55 ===
GET / [helpdesk] 200 123ms

=INFO REPORT==== 31-Aug-2012::19:02:56 ===
Loading routes from "/home/simba/hacking/erlang/helpdesk/priv/helpdesk.routes" ....

=INFO REPORT==== 31-Aug-2012::19:02:56 ===
GET /main/user_request [helpdesk] 200 136ms
