
=INFO REPORT==== 16-Aug-2012::14:20:28 ===
Starting Boss in development mode....

=INFO REPORT==== 16-Aug-2012::14:20:28 ===
Starting master services on 'helpdesk@simba-Aspire-4920'

=INFO REPORT==== 16-Aug-2012::14:20:28 ===
SSL:[]

=INFO REPORT==== 16-Aug-2012::14:20:28 ===
Loading routes from "../cb_admin/priv/cb_admin.routes" ....

=INFO REPORT==== 16-Aug-2012::14:20:28 ===
Loading routes from "/home/simba/hacking/erlang/helpdesk/priv/helpdesk.routes" ....

=INFO REPORT==== 16-Aug-2012::14:20:31 ===
GET /admin/model/model/depart [cb_admin] 200 49ms

=INFO REPORT==== 16-Aug-2012::14:20:35 ===
GET /admin/model/create/depart [cb_admin] 200 6ms

=ERROR REPORT==== 16-Aug-2012::14:20:45 ===
{function_clause,
    [{erlydtl_runtime,init_counter_stats,
         [{error,error,<<"42703">>,
              <<"column \"name\" of relation \"departs\" does not exist">>,
              [{position,<<"22">>}]},
          undefined]},
     {cb_admin_view_model_create_html,render_internal,4},
     {cb_admin_view_model_create_html,render,2},
     {boss_web_controller,render_view,6},
     {boss_web_controller,execute_action,5},
     {boss_web_controller,process_request,5},
     {timer,tc,3},
     {boss_web_controller,handle_request,3}]}

=ERROR REPORT==== 16-Aug-2012::14:20:45 ===
POST /admin/model/create/depart [cb_admin] 500 3ms

=ERROR REPORT==== 16-Aug-2012::14:21:15 ===
** Generic server <0.76.0> terminating 
** Last message in was {save_record,
                           {depart,id,
                               [84,101,115,116,32,208,152,208,188,209,143]}}
** When Server state == {state,boss_db_adapter_pgsql,<0.77.0>,[],
                               {dict,0,16,16,8,80,48,
                                     {[],[],[],[],[],[],[],[],[],[],[],[],[],
                                      [],[],[]},
                                     {{[],[],[],[],[],[],[],[],[],[],[],[],[],
                                       [],[],[]}}},
                               false,60,db,0}
** Reason for termination == 
** {badarg,[{erlang,integer_to_list,[null]},
            {boss_db_adapter_pgsql,save_record,2},
            {boss_db_controller,handle_call,3},
            {gen_server,handle_msg,5},
            {proc_lib,init_p_do_apply,3}]}

=ERROR REPORT==== 16-Aug-2012::14:21:15 ===
{{badarg,[{erlang,integer_to_list,[null]},
          {boss_db_adapter_pgsql,save_record,2},
          {boss_db_controller,handle_call,3},
          {gen_server,handle_msg,5},
          {proc_lib,init_p_do_apply,3}]},
 {gen_server,call,
             [<0.76.0>,
              {save_record,{depart,id,
                                   [84,101,115,116,32,208,152,208,188,209,
                                    143]}},
              30000]}}

=ERROR REPORT==== 16-Aug-2012::14:21:15 ===
POST /admin/model/create/depart [cb_admin] 500 29ms

=ERROR REPORT==== 16-Aug-2012::14:21:19 ===
** Generic server <0.79.0> terminating 
** Last message in was {save_record,
                           {depart,id,
                               [84,101,115,116,32,208,152,208,188,209,143]}}
** When Server state == {state,boss_db_adapter_pgsql,<0.80.0>,[],
                               {dict,0,16,16,8,80,48,
                                     {[],[],[],[],[],[],[],[],[],[],[],[],[],
                                      [],[],[]},
                                     {{[],[],[],[],[],[],[],[],[],[],[],[],[],
                                       [],[],[]}}},
                               false,60,db,0}
** Reason for termination == 
** {badarg,[{erlang,integer_to_list,[null]},
            {boss_db_adapter_pgsql,save_record,2},
            {boss_db_controller,handle_call,3},
            {gen_server,handle_msg,5},
            {proc_lib,init_p_do_apply,3}]}

=ERROR REPORT==== 16-Aug-2012::14:21:19 ===
{{badarg,[{erlang,integer_to_list,[null]},
          {boss_db_adapter_pgsql,save_record,2},
          {boss_db_controller,handle_call,3},
          {gen_server,handle_msg,5},
          {proc_lib,init_p_do_apply,3}]},
 {gen_server,call,
             [<0.79.0>,
              {save_record,{depart,id,
                                   [84,101,115,116,32,208,152,208,188,209,
                                    143]}},
              30000]}}

=ERROR REPORT==== 16-Aug-2012::14:21:19 ===
POST /admin/model/create/depart [cb_admin] 500 31ms

=INFO REPORT==== 16-Aug-2012::14:21:51 ===
GET /admin/model/model [cb_admin] 200 2ms

=ERROR REPORT==== 16-Aug-2012::14:21:52 ===
** Generic server <0.70.0> terminating 
** Last message in was {find,depart,[],100,0,id,descending}
** When Server state == {state,boss_db_adapter_pgsql,<0.71.0>,[],
                               {dict,0,16,16,8,80,48,
                                     {[],[],[],[],[],[],[],[],[],[],[],[],[],
                                      [],[],[]},
                                     {{[],[],[],[],[],[],[],[],[],[],[],[],[],
                                       [],[],[]}}},
                               false,60,db,0}
** Reason for termination == 
** {badarg,[{erlang,integer_to_list,[null]},
            {boss_db_adapter_pgsql,'-activate_record/3-fun-0-',5},
            {lists,map,2},
            {boss_db_adapter_pgsql,activate_record,3},
            {lists,map,2},
            {boss_db_controller,handle_call,3},
            {gen_server,handle_msg,5},
            {proc_lib,init_p_do_apply,3}]}

=ERROR REPORT==== 16-Aug-2012::14:21:52 ===
{{badarg,[{erlang,integer_to_list,[null]},
          {boss_db_adapter_pgsql,'-activate_record/3-fun-0-',5},
          {lists,map,2},
          {boss_db_adapter_pgsql,activate_record,3},
          {lists,map,2},
          {boss_db_controller,handle_call,3},
          {gen_server,handle_msg,5},
          {proc_lib,init_p_do_apply,3}]},
 {gen_server,call,[<0.70.0>,{find,depart,[],100,0,id,descending},30000]}}

=ERROR REPORT==== 16-Aug-2012::14:21:52 ===
GET /admin/model/model/depart [cb_admin] 500 20ms

=INFO REPORT==== 16-Aug-2012::14:22:39 ===
GET /admin/model/model/depart [cb_admin] 200 9ms

=INFO REPORT==== 16-Aug-2012::14:22:42 ===
GET /admin/model/create/depart [cb_admin] 200 2ms

=ERROR REPORT==== 16-Aug-2012::14:22:53 ===
** Generic server <0.159.0> terminating 
** Last message in was {save_record,
                           {depart,id,[208,162,208,181,209,129,209,130]}}
** When Server state == {state,boss_db_adapter_pgsql,<0.160.0>,[],
                               {dict,0,16,16,8,80,48,
                                     {[],[],[],[],[],[],[],[],[],[],[],[],[],
                                      [],[],[]},
                                     {{[],[],[],[],[],[],[],[],[],[],[],[],[],
                                       [],[],[]}}},
                               false,60,db,0}
** Reason for termination == 
** {badarg,[{erlang,integer_to_list,[null]},
            {boss_db_adapter_pgsql,save_record,2},
            {boss_db_controller,handle_call,3},
            {gen_server,handle_msg,5},
            {proc_lib,init_p_do_apply,3}]}

=ERROR REPORT==== 16-Aug-2012::14:22:53 ===
{{badarg,[{erlang,integer_to_list,[null]},
          {boss_db_adapter_pgsql,save_record,2},
          {boss_db_controller,handle_call,3},
          {gen_server,handle_msg,5},
          {proc_lib,init_p_do_apply,3}]},
 {gen_server,call,
             [<0.159.0>,
              {save_record,{depart,id,[208,162,208,181,209,129,209,130]}},
              30000]}}

=ERROR REPORT==== 16-Aug-2012::14:22:53 ===
POST /admin/model/create/depart [cb_admin] 500 21ms

=INFO REPORT==== 16-Aug-2012::14:26:38 ===
GET /admin/model/create/depart [cb_admin] 200 3ms

=ERROR REPORT==== 16-Aug-2012::14:26:41 ===
{function_clause,
    [{erlydtl_runtime,init_counter_stats,
         [{error,error,<<"23502">>,
              <<"null value in column \"id\" violates not-null constraint">>,
              []},
          undefined]},
     {cb_admin_view_model_create_html,render_internal,4},
     {cb_admin_view_model_create_html,render,2},
     {boss_web_controller,render_view,6},
     {boss_web_controller,execute_action,5},
     {boss_web_controller,process_request,5},
     {timer,tc,3},
     {boss_web_controller,handle_request,3}]}

=ERROR REPORT==== 16-Aug-2012::14:26:41 ===
POST /admin/model/create/depart [cb_admin] 500 4ms
