
=INFO REPORT==== 16-Aug-2012::21:49:35 ===
Starting Boss in development mode....

=INFO REPORT==== 16-Aug-2012::21:49:35 ===
Starting master services on 'helpdesk@simba-Aspire-4920'

=INFO REPORT==== 16-Aug-2012::21:49:35 ===
SSL:[]

=INFO REPORT==== 16-Aug-2012::21:49:35 ===
Loading routes from "../cb_admin/priv/cb_admin.routes" ....

=INFO REPORT==== 16-Aug-2012::21:49:36 ===
Loading routes from "/home/simba/hacking/erlang/helpdesk/priv/helpdesk.routes" ....

=INFO REPORT==== 16-Aug-2012::21:49:39 ===
GET /admin/model/model [cb_admin] 200 15ms

=INFO REPORT==== 16-Aug-2012::21:49:40 ===
GET /admin/model/model/request [cb_admin] 200 23ms

=INFO REPORT==== 16-Aug-2012::21:49:41 ===
GET /admin/model/create/request [cb_admin] 200 2ms

=ERROR REPORT==== 16-Aug-2012::21:49:44 ===
{function_clause,
    [{erlydtl_runtime,init_counter_stats,
         [{error,error,<<"42703">>,
              <<"column \"note\" of relation \"requests\" does not exist">>,
              [{position,<<"51">>}]},
          undefined]},
     {cb_admin_view_model_create_html,render_internal,4},
     {cb_admin_view_model_create_html,render,2},
     {boss_web_controller,render_view,6},
     {boss_web_controller,execute_action,5},
     {boss_web_controller,process_request,5},
     {timer,tc,3},
     {boss_web_controller,handle_request,3}]}

=ERROR REPORT==== 16-Aug-2012::21:49:44 ===
POST /admin/model/create/request [cb_admin] 500 5ms

=INFO REPORT==== 16-Aug-2012::21:50:16 ===
POST /admin/model/create/request [cb_admin] 302 10ms

=INFO REPORT==== 16-Aug-2012::21:50:16 ===
GET /admin/model/show/request-1 [cb_admin] 200 60ms

=INFO REPORT==== 16-Aug-2012::21:50:16 ===
POST /admin/model/watch [cb_admin] 200 4ms

=INFO REPORT==== 16-Aug-2012::21:50:18 ===
GET /admin/model/model/request [cb_admin] 200 7ms

=INFO REPORT==== 16-Aug-2012::21:50:18 ===
POST /admin/model/watch [cb_admin] 200 0ms

=INFO REPORT==== 16-Aug-2012::21:50:46 ===
GET /admin/model/events/1345132216565929 [cb_admin] 200 30001ms

=INFO REPORT==== 16-Aug-2012::21:50:48 ===
GET /admin/model/events/1345132218707152 [cb_admin] 200 30000ms

=INFO REPORT==== 16-Aug-2012::21:50:48 ===
POST /admin/model/heartbeat/1 [cb_admin] 200 0ms

=INFO REPORT==== 16-Aug-2012::21:51:18 ===
POST /admin/model/heartbeat/1 [cb_admin] 200 0ms

=INFO REPORT==== 16-Aug-2012::21:51:18 ===
GET /admin/model/events/1345132218862474 [cb_admin] 200 30001ms

=INFO REPORT==== 16-Aug-2012::21:51:48 ===
POST /admin/model/heartbeat/1 [cb_admin] 200 0ms

=INFO REPORT==== 16-Aug-2012::21:51:48 ===
GET /admin/model/events/1345132248878468 [cb_admin] 200 30001ms

=INFO REPORT==== 16-Aug-2012::21:52:18 ===
POST /admin/model/heartbeat/1 [cb_admin] 200 0ms

=INFO REPORT==== 16-Aug-2012::21:52:18 ===
GET /admin/model/events/1345132278926578 [cb_admin] 200 30001ms

=INFO REPORT==== 16-Aug-2012::21:52:48 ===
POST /admin/model/heartbeat/1 [cb_admin] 200 0ms

=INFO REPORT==== 16-Aug-2012::21:52:49 ===
GET /admin/model/events/1345132308976379 [cb_admin] 200 30001ms

=INFO REPORT==== 16-Aug-2012::21:53:18 ===
POST /admin/model/heartbeat/1 [cb_admin] 200 0ms

=INFO REPORT==== 16-Aug-2012::21:53:19 ===
GET /admin/model/events/1345132339022294 [cb_admin] 200 30000ms

=INFO REPORT==== 16-Aug-2012::21:53:48 ===
POST /admin/model/heartbeat/1 [cb_admin] 200 0ms

=INFO REPORT==== 16-Aug-2012::21:53:49 ===
GET /admin/model/events/1345132369069707 [cb_admin] 200 30001ms

=INFO REPORT==== 16-Aug-2012::21:54:18 ===
POST /admin/model/heartbeat/1 [cb_admin] 200 0ms

=INFO REPORT==== 16-Aug-2012::21:54:19 ===
GET /admin/model/events/1345132399116471 [cb_admin] 200 30001ms

=INFO REPORT==== 16-Aug-2012::21:54:48 ===
POST /admin/model/heartbeat/1 [cb_admin] 200 0ms

=INFO REPORT==== 16-Aug-2012::21:54:49 ===
GET /admin/model/events/1345132429163400 [cb_admin] 200 30001ms

=INFO REPORT==== 16-Aug-2012::21:55:18 ===
POST /admin/model/heartbeat/1 [cb_admin] 200 0ms

=INFO REPORT==== 16-Aug-2012::21:55:19 ===
GET /admin/model/events/1345132459209055 [cb_admin] 200 30001ms

=INFO REPORT==== 16-Aug-2012::21:55:48 ===
POST /admin/model/heartbeat/1 [cb_admin] 200 0ms

=INFO REPORT==== 16-Aug-2012::21:55:49 ===
GET /admin/model/events/1345132489253507 [cb_admin] 200 30001ms

=INFO REPORT==== 16-Aug-2012::21:56:18 ===
POST /admin/model/heartbeat/1 [cb_admin] 200 0ms

=INFO REPORT==== 16-Aug-2012::21:56:19 ===
GET /admin/model/events/1345132519297019 [cb_admin] 200 30001ms

=INFO REPORT==== 16-Aug-2012::21:56:48 ===
POST /admin/model/heartbeat/1 [cb_admin] 200 0ms

=INFO REPORT==== 16-Aug-2012::21:56:49 ===
GET /admin/model/events/1345132549341337 [cb_admin] 200 30000ms

=INFO REPORT==== 16-Aug-2012::21:57:18 ===
POST /admin/model/heartbeat/1 [cb_admin] 200 0ms

=INFO REPORT==== 16-Aug-2012::21:57:19 ===
GET /admin/model/events/1345132579385860 [cb_admin] 200 30001ms

=INFO REPORT==== 16-Aug-2012::21:57:48 ===
POST /admin/model/heartbeat/1 [cb_admin] 200 0ms

=INFO REPORT==== 16-Aug-2012::21:57:49 ===
GET /admin/model/events/1345132609429068 [cb_admin] 200 30001ms

=INFO REPORT==== 16-Aug-2012::21:58:18 ===
POST /admin/model/heartbeat/1 [cb_admin] 200 0ms

=INFO REPORT==== 16-Aug-2012::21:58:19 ===
GET /admin/model/events/1345132639473377 [cb_admin] 200 30000ms

=INFO REPORT==== 16-Aug-2012::21:58:48 ===
POST /admin/model/heartbeat/1 [cb_admin] 200 0ms

=INFO REPORT==== 16-Aug-2012::21:58:49 ===
GET /admin/model/events/1345132669516918 [cb_admin] 200 30001ms

=INFO REPORT==== 16-Aug-2012::21:59:18 ===
POST /admin/model/heartbeat/1 [cb_admin] 200 0ms

=INFO REPORT==== 16-Aug-2012::21:59:19 ===
GET /admin/model/events/1345132699561276 [cb_admin] 200 30000ms

=INFO REPORT==== 16-Aug-2012::21:59:48 ===
POST /admin/model/heartbeat/1 [cb_admin] 200 0ms

=INFO REPORT==== 16-Aug-2012::21:59:49 ===
GET /admin/model/events/1345132729604731 [cb_admin] 200 30001ms

=INFO REPORT==== 16-Aug-2012::22:00:18 ===
POST /admin/model/heartbeat/1 [cb_admin] 200 0ms

=INFO REPORT==== 16-Aug-2012::22:00:19 ===
GET /admin/model/events/1345132759649144 [cb_admin] 200 30000ms

=INFO REPORT==== 16-Aug-2012::22:00:48 ===
POST /admin/model/heartbeat/1 [cb_admin] 200 0ms

=INFO REPORT==== 16-Aug-2012::22:00:49 ===
GET /admin/model/events/1345132789696769 [cb_admin] 200 30001ms

=INFO REPORT==== 16-Aug-2012::22:01:18 ===
POST /admin/model/heartbeat/1 [cb_admin] 200 0ms

=INFO REPORT==== 16-Aug-2012::22:01:19 ===
GET /admin/model/events/1345132819739362 [cb_admin] 200 30001ms

=INFO REPORT==== 16-Aug-2012::22:01:48 ===
POST /admin/model/heartbeat/1 [cb_admin] 200 0ms

=INFO REPORT==== 16-Aug-2012::22:01:49 ===
GET /admin/model/events/1345132849785354 [cb_admin] 200 30001ms

=INFO REPORT==== 16-Aug-2012::22:02:18 ===
POST /admin/model/heartbeat/1 [cb_admin] 200 0ms

=INFO REPORT==== 16-Aug-2012::22:02:19 ===
GET /admin/model/events/1345132879829117 [cb_admin] 200 30001ms

=INFO REPORT==== 16-Aug-2012::22:02:48 ===
POST /admin/model/heartbeat/1 [cb_admin] 200 0ms

=INFO REPORT==== 16-Aug-2012::22:02:49 ===
GET /admin/model/events/1345132909873340 [cb_admin] 200 30000ms

=INFO REPORT==== 16-Aug-2012::22:03:18 ===
POST /admin/model/heartbeat/1 [cb_admin] 200 0ms

=INFO REPORT==== 16-Aug-2012::22:03:19 ===
GET /admin/model/events/1345132939916732 [cb_admin] 200 30000ms

=INFO REPORT==== 16-Aug-2012::22:03:48 ===
POST /admin/model/heartbeat/1 [cb_admin] 200 0ms

=INFO REPORT==== 16-Aug-2012::22:03:50 ===
GET /admin/model/events/1345132969960932 [cb_admin] 200 30001ms

=INFO REPORT==== 16-Aug-2012::22:04:18 ===
POST /admin/model/heartbeat/1 [cb_admin] 200 0ms

=INFO REPORT==== 16-Aug-2012::22:04:20 ===
GET /admin/model/events/1345133000005244 [cb_admin] 200 30000ms

=INFO REPORT==== 16-Aug-2012::22:04:48 ===
POST /admin/model/heartbeat/1 [cb_admin] 200 0ms

=INFO REPORT==== 16-Aug-2012::22:04:50 ===
GET /admin/model/events/1345133030049573 [cb_admin] 200 30001ms

=INFO REPORT==== 16-Aug-2012::22:05:18 ===
POST /admin/model/heartbeat/1 [cb_admin] 200 0ms

=INFO REPORT==== 16-Aug-2012::22:05:20 ===
GET /admin/model/events/1345133060093347 [cb_admin] 200 30000ms

=INFO REPORT==== 16-Aug-2012::22:05:48 ===
POST /admin/model/heartbeat/1 [cb_admin] 200 0ms

=INFO REPORT==== 16-Aug-2012::22:05:50 ===
GET /admin/model/events/1345133090136880 [cb_admin] 200 30000ms

=INFO REPORT==== 16-Aug-2012::22:06:18 ===
POST /admin/model/heartbeat/1 [cb_admin] 200 0ms

=INFO REPORT==== 16-Aug-2012::22:06:20 ===
GET /admin/model/events/1345133120180510 [cb_admin] 200 30001ms

=INFO REPORT==== 16-Aug-2012::22:06:48 ===
POST /admin/model/heartbeat/1 [cb_admin] 200 0ms

=INFO REPORT==== 16-Aug-2012::22:06:50 ===
GET /admin/model/events/1345133150225310 [cb_admin] 200 30001ms
