
=INFO REPORT==== 20-Aug-2012::15:27:38 ===
Starting Boss in development mode....

=INFO REPORT==== 20-Aug-2012::15:27:38 ===
Starting master services on 'helpdesk@simba-Aspire-4920'

=INFO REPORT==== 20-Aug-2012::15:27:38 ===
SSL:[]

=INFO REPORT==== 20-Aug-2012::15:27:38 ===
Loading routes from "../cb_admin/priv/cb_admin.routes" ....

=INFO REPORT==== 20-Aug-2012::15:27:38 ===
Loading routes from "/home/simba/hacking/erlang/helpdesk/priv/helpdesk.routes" ....

=INFO REPORT==== 20-Aug-2012::15:28:00 ===
GET /admin/model/model [cb_admin] 200 15ms

=INFO REPORT==== 20-Aug-2012::15:28:02 ===
GET /admin/model/model/test [cb_admin] 200 24ms

=INFO REPORT==== 20-Aug-2012::15:28:03 ===
GET /admin/model/create/test [cb_admin] 200 3ms

=INFO REPORT==== 20-Aug-2012::15:28:06 ===
POST /admin/model/create/test [cb_admin] 302 2ms

=INFO REPORT==== 20-Aug-2012::15:28:06 ===
GET /admin/model/show/test-50320326ded56638ea000001 [cb_admin] 200 5ms

=INFO REPORT==== 20-Aug-2012::15:28:06 ===
POST /admin/model/watch [cb_admin] 200 4ms

=INFO REPORT==== 20-Aug-2012::15:28:36 ===
GET /admin/model/events/1345454886751468 [cb_admin] 200 30000ms

=INFO REPORT==== 20-Aug-2012::15:28:36 ===
POST /admin/model/heartbeat/0 [cb_admin] 200 0ms

=INFO REPORT==== 20-Aug-2012::15:29:06 ===
POST /admin/model/heartbeat/0 [cb_admin] 200 0ms

=INFO REPORT==== 20-Aug-2012::15:29:07 ===
GET /admin/model/events/1345454886986819 [cb_admin] 200 30001ms

=INFO REPORT==== 20-Aug-2012::15:29:36 ===
POST /admin/model/heartbeat/0 [cb_admin] 200 0ms

=INFO REPORT==== 20-Aug-2012::15:29:37 ===
GET /admin/model/events/1345454917005422 [cb_admin] 200 30001ms

=INFO REPORT==== 20-Aug-2012::15:29:39 ===
GET /admin/model/model [cb_admin] 200 3ms

=INFO REPORT==== 20-Aug-2012::15:30:07 ===
GET /admin/model/events/1345454947054192 [cb_admin] 200 30001ms

=INFO REPORT==== 20-Aug-2012::15:30:57 ===
GET /admin/model/model/test [cb_admin] 200 7ms

=INFO REPORT==== 20-Aug-2012::15:30:57 ===
POST /admin/model/watch [cb_admin] 200 0ms

=INFO REPORT==== 20-Aug-2012::15:31:27 ===
GET /admin/model/events/1345455057704590 [cb_admin] 200 30001ms

=INFO REPORT==== 20-Aug-2012::15:31:27 ===
POST /admin/model/heartbeat/1 [cb_admin] 200 0ms

=INFO REPORT==== 20-Aug-2012::15:31:57 ===
POST /admin/model/heartbeat/1 [cb_admin] 200 0ms

=INFO REPORT==== 20-Aug-2012::15:31:57 ===
GET /admin/model/events/1345455057915648 [cb_admin] 200 30001ms

=INFO REPORT==== 20-Aug-2012::15:32:27 ===
POST /admin/model/heartbeat/1 [cb_admin] 200 0ms

=INFO REPORT==== 20-Aug-2012::15:32:27 ===
GET /admin/model/events/1345455087935013 [cb_admin] 200 30000ms

=INFO REPORT==== 20-Aug-2012::15:32:57 ===
POST /admin/model/heartbeat/1 [cb_admin] 200 0ms

=INFO REPORT==== 20-Aug-2012::15:32:58 ===
GET /admin/model/events/1345455117983799 [cb_admin] 200 30000ms

=INFO REPORT==== 20-Aug-2012::15:33:27 ===
POST /admin/model/heartbeat/1 [cb_admin] 200 0ms

=INFO REPORT==== 20-Aug-2012::15:33:28 ===
GET /admin/model/events/1345455148032778 [cb_admin] 200 30001ms

=INFO REPORT==== 20-Aug-2012::15:33:57 ===
POST /admin/model/heartbeat/1 [cb_admin] 200 0ms

=INFO REPORT==== 20-Aug-2012::15:33:58 ===
GET /admin/model/events/1345455178081360 [cb_admin] 200 30001ms

=INFO REPORT==== 20-Aug-2012::15:34:27 ===
POST /admin/model/heartbeat/1 [cb_admin] 200 0ms

=INFO REPORT==== 20-Aug-2012::15:34:28 ===
GET /admin/model/events/1345455208127152 [cb_admin] 200 30001ms

=INFO REPORT==== 20-Aug-2012::15:34:57 ===
POST /admin/model/heartbeat/1 [cb_admin] 200 0ms

=INFO REPORT==== 20-Aug-2012::15:34:58 ===
GET /admin/model/events/1345455238177195 [cb_admin] 200 30001ms

=INFO REPORT==== 20-Aug-2012::15:35:27 ===
POST /admin/model/heartbeat/1 [cb_admin] 200 0ms

=INFO REPORT==== 20-Aug-2012::15:35:28 ===
GET /admin/model/events/1345455268228273 [cb_admin] 200 30001ms

=INFO REPORT==== 20-Aug-2012::15:35:57 ===
POST /admin/model/heartbeat/1 [cb_admin] 200 0ms

=INFO REPORT==== 20-Aug-2012::15:35:58 ===
GET /admin/model/events/1345455298276532 [cb_admin] 200 30001ms

=INFO REPORT==== 20-Aug-2012::15:36:27 ===
POST /admin/model/heartbeat/1 [cb_admin] 200 0ms

=INFO REPORT==== 20-Aug-2012::15:36:28 ===
GET /admin/model/events/1345455328324063 [cb_admin] 200 30000ms

=INFO REPORT==== 20-Aug-2012::15:36:57 ===
POST /admin/model/heartbeat/1 [cb_admin] 200 0ms

=INFO REPORT==== 20-Aug-2012::15:36:58 ===
GET /admin/model/events/1345455358371674 [cb_admin] 200 30001ms

=INFO REPORT==== 20-Aug-2012::15:37:27 ===
POST /admin/model/heartbeat/1 [cb_admin] 200 0ms

=INFO REPORT==== 20-Aug-2012::15:37:28 ===
GET /admin/model/events/1345455388420125 [cb_admin] 200 30001ms

=INFO REPORT==== 20-Aug-2012::15:37:57 ===
POST /admin/model/heartbeat/1 [cb_admin] 200 0ms

=INFO REPORT==== 20-Aug-2012::15:37:58 ===
GET /admin/model/events/1345455418468366 [cb_admin] 200 30001ms

=INFO REPORT==== 20-Aug-2012::15:38:27 ===
POST /admin/model/heartbeat/1 [cb_admin] 200 0ms

=INFO REPORT==== 20-Aug-2012::15:38:28 ===
GET /admin/model/events/1345455448518987 [cb_admin] 200 30001ms

=INFO REPORT==== 20-Aug-2012::15:38:57 ===
POST /admin/model/heartbeat/1 [cb_admin] 200 0ms

=INFO REPORT==== 20-Aug-2012::15:38:58 ===
GET /admin/model/events/1345455478569465 [cb_admin] 200 30001ms

=INFO REPORT==== 20-Aug-2012::15:39:27 ===
POST /admin/model/heartbeat/1 [cb_admin] 200 0ms

=INFO REPORT==== 20-Aug-2012::15:39:28 ===
GET /admin/model/events/1345455508616094 [cb_admin] 200 30001ms

=INFO REPORT==== 20-Aug-2012::15:39:57 ===
POST /admin/model/heartbeat/1 [cb_admin] 200 0ms

=INFO REPORT==== 20-Aug-2012::15:39:58 ===
GET /admin/model/events/1345455538664355 [cb_admin] 200 30001ms

=INFO REPORT==== 20-Aug-2012::15:40:27 ===
POST /admin/model/heartbeat/1 [cb_admin] 200 0ms

=INFO REPORT==== 20-Aug-2012::15:40:28 ===
GET /admin/model/events/1345455568713349 [cb_admin] 200 30001ms

=INFO REPORT==== 20-Aug-2012::15:40:57 ===
POST /admin/model/heartbeat/1 [cb_admin] 200 0ms

=INFO REPORT==== 20-Aug-2012::15:40:58 ===
GET /admin/model/events/1345455598760386 [cb_admin] 200 30000ms

=INFO REPORT==== 20-Aug-2012::15:41:28 ===
POST /admin/model/heartbeat/1 [cb_admin] 200 0ms

=INFO REPORT==== 20-Aug-2012::15:41:28 ===
GET /admin/model/events/1345455628807708 [cb_admin] 200 30001ms

=INFO REPORT==== 20-Aug-2012::15:41:58 ===
POST /admin/model/heartbeat/1 [cb_admin] 200 0ms

=INFO REPORT==== 20-Aug-2012::15:41:58 ===
GET /admin/model/events/1345455658856177 [cb_admin] 200 30001ms

=INFO REPORT==== 20-Aug-2012::15:42:28 ===
POST /admin/model/heartbeat/1 [cb_admin] 200 0ms

=INFO REPORT==== 20-Aug-2012::15:42:28 ===
GET /admin/model/events/1345455688901247 [cb_admin] 200 30000ms

=INFO REPORT==== 20-Aug-2012::15:42:58 ===
POST /admin/model/heartbeat/1 [cb_admin] 200 0ms

=INFO REPORT==== 20-Aug-2012::15:42:58 ===
GET /admin/model/events/1345455718947828 [cb_admin] 200 30001ms

=INFO REPORT==== 20-Aug-2012::15:43:28 ===
POST /admin/model/heartbeat/1 [cb_admin] 200 0ms

=INFO REPORT==== 20-Aug-2012::15:43:29 ===
GET /admin/model/events/1345455748996101 [cb_admin] 200 30002ms

=INFO REPORT==== 20-Aug-2012::15:43:58 ===
POST /admin/model/heartbeat/1 [cb_admin] 200 0ms

=INFO REPORT==== 20-Aug-2012::15:43:59 ===
GET /admin/model/events/1345455779044000 [cb_admin] 200 30001ms

=INFO REPORT==== 20-Aug-2012::15:44:28 ===
POST /admin/model/heartbeat/1 [cb_admin] 200 0ms

=INFO REPORT==== 20-Aug-2012::15:44:29 ===
GET /admin/model/events/1345455809091960 [cb_admin] 200 30001ms

=INFO REPORT==== 20-Aug-2012::15:44:58 ===
POST /admin/model/heartbeat/1 [cb_admin] 200 0ms

=INFO REPORT==== 20-Aug-2012::15:44:59 ===
GET /admin/model/events/1345455839140081 [cb_admin] 200 30001ms

=INFO REPORT==== 20-Aug-2012::15:45:28 ===
POST /admin/model/heartbeat/1 [cb_admin] 200 0ms

=INFO REPORT==== 20-Aug-2012::15:45:29 ===
GET /admin/model/events/1345455869189722 [cb_admin] 200 30001ms

=INFO REPORT==== 20-Aug-2012::15:45:58 ===
POST /admin/model/heartbeat/1 [cb_admin] 200 0ms

=INFO REPORT==== 20-Aug-2012::15:45:59 ===
GET /admin/model/events/1345455899236343 [cb_admin] 200 30000ms

=INFO REPORT==== 20-Aug-2012::15:46:28 ===
POST /admin/model/heartbeat/1 [cb_admin] 200 0ms

=INFO REPORT==== 20-Aug-2012::15:46:29 ===
GET /admin/model/events/1345455929283781 [cb_admin] 200 30000ms

=INFO REPORT==== 20-Aug-2012::15:46:58 ===
POST /admin/model/heartbeat/1 [cb_admin] 200 0ms

=INFO REPORT==== 20-Aug-2012::15:46:59 ===
GET /admin/model/events/1345455959331794 [cb_admin] 200 30001ms

=INFO REPORT==== 20-Aug-2012::15:47:28 ===
POST /admin/model/heartbeat/1 [cb_admin] 200 0ms

=INFO REPORT==== 20-Aug-2012::15:47:29 ===
GET /admin/model/events/1345455989379540 [cb_admin] 200 30000ms

=INFO REPORT==== 20-Aug-2012::15:47:58 ===
POST /admin/model/heartbeat/1 [cb_admin] 200 0ms

=INFO REPORT==== 20-Aug-2012::15:47:59 ===
GET /admin/model/events/1345456019427724 [cb_admin] 200 30001ms

=INFO REPORT==== 20-Aug-2012::15:48:28 ===
POST /admin/model/heartbeat/1 [cb_admin] 200 0ms

=INFO REPORT==== 20-Aug-2012::15:48:29 ===
GET /admin/model/events/1345456049480063 [cb_admin] 200 30000ms

=INFO REPORT==== 20-Aug-2012::15:48:58 ===
POST /admin/model/heartbeat/1 [cb_admin] 200 0ms

=INFO REPORT==== 20-Aug-2012::15:48:59 ===
GET /admin/model/events/1345456079526504 [cb_admin] 200 30001ms

=INFO REPORT==== 20-Aug-2012::15:49:28 ===
POST /admin/model/heartbeat/1 [cb_admin] 200 0ms

=INFO REPORT==== 20-Aug-2012::15:49:29 ===
GET /admin/model/events/1345456109576318 [cb_admin] 200 30001ms

=INFO REPORT==== 20-Aug-2012::15:49:58 ===
POST /admin/model/heartbeat/1 [cb_admin] 200 0ms

=INFO REPORT==== 20-Aug-2012::15:49:59 ===
GET /admin/model/events/1345456139625554 [cb_admin] 200 30001ms

=INFO REPORT==== 20-Aug-2012::15:50:28 ===
POST /admin/model/heartbeat/1 [cb_admin] 200 0ms

=INFO REPORT==== 20-Aug-2012::15:50:29 ===
GET /admin/model/events/1345456169672603 [cb_admin] 200 30000ms

=INFO REPORT==== 20-Aug-2012::15:50:58 ===
POST /admin/model/heartbeat/1 [cb_admin] 200 0ms

=INFO REPORT==== 20-Aug-2012::15:50:59 ===
GET /admin/model/events/1345456199720647 [cb_admin] 200 30001ms

=INFO REPORT==== 20-Aug-2012::15:51:28 ===
POST /admin/model/heartbeat/1 [cb_admin] 200 0ms

=INFO REPORT==== 20-Aug-2012::15:51:29 ===
GET /admin/model/events/1345456229771006 [cb_admin] 200 30000ms

=INFO REPORT==== 20-Aug-2012::15:51:58 ===
POST /admin/model/heartbeat/1 [cb_admin] 200 0ms

=INFO REPORT==== 20-Aug-2012::15:51:59 ===
GET /admin/model/events/1345456259818656 [cb_admin] 200 30001ms

=INFO REPORT==== 20-Aug-2012::15:52:28 ===
POST /admin/model/heartbeat/1 [cb_admin] 200 0ms

=INFO REPORT==== 20-Aug-2012::15:52:29 ===
GET /admin/model/events/1345456289865016 [cb_admin] 200 30001ms

=INFO REPORT==== 20-Aug-2012::15:52:58 ===
POST /admin/model/heartbeat/1 [cb_admin] 200 0ms

=INFO REPORT==== 20-Aug-2012::15:52:59 ===
GET /admin/model/events/1345456319912546 [cb_admin] 200 30001ms

=INFO REPORT==== 20-Aug-2012::15:53:28 ===
POST /admin/model/heartbeat/1 [cb_admin] 200 0ms

=INFO REPORT==== 20-Aug-2012::15:53:30 ===
GET /admin/model/events/1345456349960185 [cb_admin] 200 30001ms

=INFO REPORT==== 20-Aug-2012::15:53:58 ===
POST /admin/model/heartbeat/1 [cb_admin] 200 0ms

=INFO REPORT==== 20-Aug-2012::15:54:00 ===
GET /admin/model/events/1345456380008076 [cb_admin] 200 30001ms

=INFO REPORT==== 20-Aug-2012::15:54:28 ===
POST /admin/model/heartbeat/1 [cb_admin] 200 0ms

=INFO REPORT==== 20-Aug-2012::15:54:30 ===
GET /admin/model/events/1345456410056176 [cb_admin] 200 30001ms

=INFO REPORT==== 20-Aug-2012::15:54:58 ===
POST /admin/model/heartbeat/1 [cb_admin] 200 0ms

=INFO REPORT==== 20-Aug-2012::15:55:00 ===
GET /admin/model/events/1345456440105021 [cb_admin] 200 30001ms

=INFO REPORT==== 20-Aug-2012::15:55:28 ===
POST /admin/model/heartbeat/1 [cb_admin] 200 0ms

=INFO REPORT==== 20-Aug-2012::15:55:30 ===
GET /admin/model/events/1345456470149271 [cb_admin] 200 30001ms

=INFO REPORT==== 20-Aug-2012::15:55:58 ===
POST /admin/model/heartbeat/1 [cb_admin] 200 0ms

=INFO REPORT==== 20-Aug-2012::15:56:00 ===
GET /admin/model/events/1345456500193430 [cb_admin] 200 30000ms

=INFO REPORT==== 20-Aug-2012::15:56:28 ===
POST /admin/model/heartbeat/1 [cb_admin] 200 0ms

=INFO REPORT==== 20-Aug-2012::15:56:30 ===
GET /admin/model/events/1345456530239637 [cb_admin] 200 30001ms

=INFO REPORT==== 20-Aug-2012::15:56:58 ===
POST /admin/model/heartbeat/1 [cb_admin] 200 0ms

=INFO REPORT==== 20-Aug-2012::15:57:00 ===
GET /admin/model/events/1345456560288172 [cb_admin] 200 30001ms

=INFO REPORT==== 20-Aug-2012::15:57:28 ===
POST /admin/model/heartbeat/1 [cb_admin] 200 0ms

=INFO REPORT==== 20-Aug-2012::15:57:30 ===
GET /admin/model/events/1345456590336075 [cb_admin] 200 30000ms

=INFO REPORT==== 20-Aug-2012::15:57:58 ===
POST /admin/model/heartbeat/1 [cb_admin] 200 0ms

=INFO REPORT==== 20-Aug-2012::15:58:00 ===
GET /admin/model/events/1345456620382830 [cb_admin] 200 30001ms

=INFO REPORT==== 20-Aug-2012::15:58:28 ===
POST /admin/model/heartbeat/1 [cb_admin] 200 0ms

=INFO REPORT==== 20-Aug-2012::15:58:30 ===
GET /admin/model/events/1345456650428386 [cb_admin] 200 30001ms

=INFO REPORT==== 20-Aug-2012::15:58:58 ===
POST /admin/model/heartbeat/1 [cb_admin] 200 0ms

=INFO REPORT==== 20-Aug-2012::15:59:00 ===
GET /admin/model/events/1345456680482237 [cb_admin] 200 30001ms

=INFO REPORT==== 20-Aug-2012::15:59:28 ===
POST /admin/model/heartbeat/1 [cb_admin] 200 0ms

=INFO REPORT==== 20-Aug-2012::15:59:30 ===
GET /admin/model/events/1345456710525423 [cb_admin] 200 30001ms

=INFO REPORT==== 20-Aug-2012::15:59:58 ===
POST /admin/model/heartbeat/1 [cb_admin] 200 0ms

=INFO REPORT==== 20-Aug-2012::16:00:00 ===
GET /admin/model/events/1345456740572271 [cb_admin] 200 30001ms

=INFO REPORT==== 20-Aug-2012::16:00:28 ===
POST /admin/model/heartbeat/1 [cb_admin] 200 0ms

=INFO REPORT==== 20-Aug-2012::16:00:30 ===
GET /admin/model/events/1345456770617381 [cb_admin] 200 30000ms

=INFO REPORT==== 20-Aug-2012::16:00:58 ===
POST /admin/model/heartbeat/1 [cb_admin] 200 0ms

=INFO REPORT==== 20-Aug-2012::16:01:00 ===
GET /admin/model/events/1345456800661503 [cb_admin] 200 30001ms

=INFO REPORT==== 20-Aug-2012::16:01:28 ===
POST /admin/model/heartbeat/1 [cb_admin] 200 0ms

=INFO REPORT==== 20-Aug-2012::16:01:30 ===
GET /admin/model/events/1345456830709374 [cb_admin] 200 30000ms

=INFO REPORT==== 20-Aug-2012::16:01:58 ===
POST /admin/model/heartbeat/1 [cb_admin] 200 0ms

=INFO REPORT==== 20-Aug-2012::16:02:00 ===
GET /admin/model/events/1345456860754697 [cb_admin] 200 30001ms

=INFO REPORT==== 20-Aug-2012::16:02:28 ===
POST /admin/model/heartbeat/1 [cb_admin] 200 0ms

=INFO REPORT==== 20-Aug-2012::16:02:30 ===
GET /admin/model/events/1345456890797200 [cb_admin] 200 30000ms

=INFO REPORT==== 20-Aug-2012::16:02:58 ===
POST /admin/model/heartbeat/1 [cb_admin] 200 0ms

=INFO REPORT==== 20-Aug-2012::16:03:00 ===
GET /admin/model/events/1345456920841520 [cb_admin] 200 30001ms

=INFO REPORT==== 20-Aug-2012::16:03:28 ===
POST /admin/model/heartbeat/1 [cb_admin] 200 0ms

=INFO REPORT==== 20-Aug-2012::16:03:30 ===
GET /admin/model/events/1345456950888300 [cb_admin] 200 30000ms
