
=INFO REPORT==== 27-Aug-2012::17:00:53 ===
Starting Boss in development mode....

=INFO REPORT==== 27-Aug-2012::17:00:53 ===
Starting master services on 'helpdesk@simba-Aspire-4920'

=INFO REPORT==== 27-Aug-2012::17:00:53 ===
SSL:[]

=INFO REPORT==== 27-Aug-2012::17:00:53 ===
Loading routes from "../cb_admin/priv/cb_admin.routes" ....

=INFO REPORT==== 27-Aug-2012::17:00:53 ===
Loading routes from "/home/simba/hacking/erlang/helpdesk/priv/helpdesk.routes" ....

=ERROR REPORT==== 27-Aug-2012::17:00:54 ===
Compilation of "/home/simba/hacking/erlang/helpdesk/priv/init/helpdesk_01_news.erl" failed: {error,
                                                                                             [{"/home/simba/hacking/erlang/helpdesk/priv/init/helpdesk_01_news.erl",
                                                                                               [{{14,
                                                                                                  10},
                                                                                                 erl_parse,
                                                                                                 ["syntax error before: ",
                                                                                                  "':'"]}]}],
                                                                                             []}

=INFO REPORT==== 27-Aug-2012::17:01:18 ===
POST /admin/model/heartbeat/5 [cb_admin] 200 1ms

=INFO REPORT==== 27-Aug-2012::17:01:42 ===
GET /admin/model/edit/depart-4 [cb_admin] 200 144ms

=INFO REPORT==== 27-Aug-2012::17:01:46 ===
POST /admin/model/edit/depart-4 [cb_admin] 302 53ms

=INFO REPORT==== 27-Aug-2012::17:01:46 ===
GET /admin/model/show/depart-4 [cb_admin] 200 13ms

=INFO REPORT==== 27-Aug-2012::17:01:46 ===
POST /admin/model/watch [cb_admin] 200 30ms

=INFO REPORT==== 27-Aug-2012::17:01:48 ===
GET /admin/model/model/depart [cb_admin] 200 20ms

=INFO REPORT==== 27-Aug-2012::17:01:48 ===
POST /admin/model/watch [cb_admin] 200 0ms

=INFO REPORT==== 27-Aug-2012::17:02:16 ===
GET /admin/model/events/1346065306602405 [cb_admin] 200 30001ms

=INFO REPORT==== 27-Aug-2012::17:02:18 ===
GET /admin/model/events/1346065308675669 [cb_admin] 200 30000ms

=INFO REPORT==== 27-Aug-2012::17:02:18 ===
POST /admin/model/heartbeat/1 [cb_admin] 200 0ms

=INFO REPORT==== 27-Aug-2012::17:02:48 ===
POST /admin/model/heartbeat/1 [cb_admin] 200 0ms

=INFO REPORT==== 27-Aug-2012::17:02:48 ===
GET /admin/model/events/1346065308877838 [cb_admin] 200 30001ms

=INFO REPORT==== 27-Aug-2012::17:03:18 ===
POST /admin/model/heartbeat/1 [cb_admin] 200 0ms

=INFO REPORT==== 27-Aug-2012::17:03:18 ===
GET /admin/model/events/1346065338891349 [cb_admin] 200 30001ms

=INFO REPORT==== 27-Aug-2012::17:03:48 ===
POST /admin/model/heartbeat/1 [cb_admin] 200 0ms

=INFO REPORT==== 27-Aug-2012::17:03:48 ===
GET /admin/model/events/1346065368943274 [cb_admin] 200 30000ms
