
=INFO REPORT==== 20-Aug-2012::10:17:46 ===
Starting Boss in development mode....

=INFO REPORT==== 20-Aug-2012::10:17:46 ===
Starting master services on 'helpdesk@simba-Aspire-4920'

=INFO REPORT==== 20-Aug-2012::10:17:46 ===
SSL:[]

=INFO REPORT==== 20-Aug-2012::10:17:46 ===
Loading routes from "../cb_admin/priv/cb_admin.routes" ....

=INFO REPORT==== 20-Aug-2012::10:17:46 ===
Loading routes from "/home/simba/hacking/erlang/helpdesk/priv/helpdesk.routes" ....

=INFO REPORT==== 20-Aug-2012::10:17:50 ===
GET /admin/model/model [cb_admin] 200 27ms

=INFO REPORT==== 20-Aug-2012::10:17:52 ===
GET /admin/model/model/request [cb_admin] 200 68ms

=INFO REPORT==== 20-Aug-2012::10:17:55 ===
GET /admin/model/create/request [cb_admin] 200 25ms

=INFO REPORT==== 20-Aug-2012::10:18:06 ===
POST /admin/model/create/request [cb_admin] 302 1084ms

=INFO REPORT==== 20-Aug-2012::10:18:06 ===
GET /admin/model/show/request-5031ba7dded5660ea2000001 [cb_admin] 200 56ms

=INFO REPORT==== 20-Aug-2012::10:18:06 ===
POST /admin/model/watch [cb_admin] 200 4ms

=INFO REPORT==== 20-Aug-2012::10:18:11 ===
GET /admin/model/edit/request-5031ba7dded5660ea2000001 [cb_admin] 200 6ms

=INFO REPORT==== 20-Aug-2012::10:18:19 ===
GET /admin/model/events/1345436286602825 [cb_admin] 200 12324ms

=INFO REPORT==== 20-Aug-2012::10:18:19 ===
POST /admin/model/edit/request-5031ba7dded5660ea2000001 [cb_admin] 302 4ms

=INFO REPORT==== 20-Aug-2012::10:18:19 ===
GET /admin/model/show/request-5031ba7dded5660ea2000001 [cb_admin] 200 4ms

=INFO REPORT==== 20-Aug-2012::10:18:19 ===
POST /admin/model/watch [cb_admin] 200 0ms

=INFO REPORT==== 20-Aug-2012::10:18:27 ===
GET /admin/model/model/request [cb_admin] 200 8ms

=INFO REPORT==== 20-Aug-2012::10:18:27 ===
POST /admin/model/watch [cb_admin] 200 0ms

=INFO REPORT==== 20-Aug-2012::10:18:49 ===
GET /admin/model/events/1345436299143140 [cb_admin] 200 30001ms

=INFO REPORT==== 20-Aug-2012::10:18:57 ===
GET /admin/model/events/1345436307480951 [cb_admin] 200 30000ms

=INFO REPORT==== 20-Aug-2012::10:18:57 ===
POST /admin/model/heartbeat/2 [cb_admin] 200 0ms

=INFO REPORT==== 20-Aug-2012::10:19:27 ===
POST /admin/model/heartbeat/2 [cb_admin] 200 0ms

=INFO REPORT==== 20-Aug-2012::10:19:27 ===
GET /admin/model/events/1345436307663660 [cb_admin] 200 30002ms

=INFO REPORT==== 20-Aug-2012::10:19:57 ===
POST /admin/model/heartbeat/2 [cb_admin] 200 0ms

=INFO REPORT==== 20-Aug-2012::10:19:57 ===
GET /admin/model/events/1345436337671917 [cb_admin] 200 30001ms

=INFO REPORT==== 20-Aug-2012::10:20:27 ===
POST /admin/model/heartbeat/2 [cb_admin] 200 0ms

=INFO REPORT==== 20-Aug-2012::10:20:27 ===
GET /admin/model/events/1345436367723121 [cb_admin] 200 30001ms

=INFO REPORT==== 20-Aug-2012::10:20:57 ===
POST /admin/model/heartbeat/2 [cb_admin] 200 0ms

=INFO REPORT==== 20-Aug-2012::10:20:57 ===
GET /admin/model/events/1345436397775155 [cb_admin] 200 30000ms

=INFO REPORT==== 20-Aug-2012::10:21:27 ===
POST /admin/model/heartbeat/2 [cb_admin] 200 0ms

=INFO REPORT==== 20-Aug-2012::10:21:27 ===
GET /admin/model/events/1345436427822633 [cb_admin] 200 30001ms

=INFO REPORT==== 20-Aug-2012::10:21:57 ===
POST /admin/model/heartbeat/2 [cb_admin] 200 0ms

=INFO REPORT==== 20-Aug-2012::10:21:57 ===
GET /admin/model/events/1345436457869231 [cb_admin] 200 30000ms

=INFO REPORT==== 20-Aug-2012::10:22:27 ===
POST /admin/model/heartbeat/2 [cb_admin] 200 0ms

=INFO REPORT==== 20-Aug-2012::10:22:27 ===
GET /admin/model/events/1345436487918697 [cb_admin] 200 30000ms

=INFO REPORT==== 20-Aug-2012::10:22:57 ===
POST /admin/model/heartbeat/2 [cb_admin] 200 0ms

=INFO REPORT==== 20-Aug-2012::10:22:58 ===
GET /admin/model/events/1345436517964646 [cb_admin] 200 30001ms

=INFO REPORT==== 20-Aug-2012::10:23:27 ===
POST /admin/model/heartbeat/2 [cb_admin] 200 0ms

=INFO REPORT==== 20-Aug-2012::10:23:28 ===
GET /admin/model/events/1345436548011359 [cb_admin] 200 30001ms

=INFO REPORT==== 20-Aug-2012::10:23:57 ===
POST /admin/model/heartbeat/2 [cb_admin] 200 0ms

=INFO REPORT==== 20-Aug-2012::10:23:58 ===
GET /admin/model/events/1345436578056568 [cb_admin] 200 30001ms

=INFO REPORT==== 20-Aug-2012::10:24:27 ===
POST /admin/model/heartbeat/2 [cb_admin] 200 0ms

=INFO REPORT==== 20-Aug-2012::10:24:28 ===
GET /admin/model/events/1345436608100417 [cb_admin] 200 30000ms

=INFO REPORT==== 20-Aug-2012::10:24:57 ===
POST /admin/model/heartbeat/2 [cb_admin] 200 0ms

=INFO REPORT==== 20-Aug-2012::10:24:58 ===
GET /admin/model/events/1345436638144584 [cb_admin] 200 30001ms

=INFO REPORT==== 20-Aug-2012::10:25:27 ===
POST /admin/model/heartbeat/2 [cb_admin] 200 0ms

=INFO REPORT==== 20-Aug-2012::10:25:28 ===
GET /admin/model/events/1345436668192289 [cb_admin] 200 30001ms

=INFO REPORT==== 20-Aug-2012::10:25:57 ===
POST /admin/model/heartbeat/2 [cb_admin] 200 0ms

=INFO REPORT==== 20-Aug-2012::10:25:58 ===
GET /admin/model/events/1345436698306417 [cb_admin] 200 30001ms

=INFO REPORT==== 20-Aug-2012::10:26:27 ===
POST /admin/model/heartbeat/2 [cb_admin] 200 0ms

=INFO REPORT==== 20-Aug-2012::10:26:28 ===
GET /admin/model/events/1345436728318115 [cb_admin] 200 30000ms

=INFO REPORT==== 20-Aug-2012::10:26:57 ===
POST /admin/model/heartbeat/2 [cb_admin] 200 0ms

=INFO REPORT==== 20-Aug-2012::10:26:58 ===
GET /admin/model/events/1345436758365822 [cb_admin] 200 30000ms

=INFO REPORT==== 20-Aug-2012::10:27:27 ===
POST /admin/model/heartbeat/2 [cb_admin] 200 0ms

=INFO REPORT==== 20-Aug-2012::10:27:28 ===
GET /admin/model/events/1345436788415869 [cb_admin] 200 30001ms

=INFO REPORT==== 20-Aug-2012::10:27:57 ===
POST /admin/model/heartbeat/2 [cb_admin] 200 0ms

=INFO REPORT==== 20-Aug-2012::10:27:58 ===
GET /admin/model/events/1345436818458481 [cb_admin] 200 30001ms

=INFO REPORT==== 20-Aug-2012::10:28:27 ===
POST /admin/model/heartbeat/2 [cb_admin] 200 0ms

=INFO REPORT==== 20-Aug-2012::10:28:28 ===
GET /admin/model/events/1345436848503993 [cb_admin] 200 30001ms

=INFO REPORT==== 20-Aug-2012::10:28:57 ===
POST /admin/model/heartbeat/2 [cb_admin] 200 0ms

=INFO REPORT==== 20-Aug-2012::10:28:58 ===
GET /admin/model/events/1345436878549174 [cb_admin] 200 30001ms

=INFO REPORT==== 20-Aug-2012::10:29:27 ===
POST /admin/model/heartbeat/2 [cb_admin] 200 0ms

=INFO REPORT==== 20-Aug-2012::10:29:28 ===
GET /admin/model/events/1345436908600019 [cb_admin] 200 30000ms

=INFO REPORT==== 20-Aug-2012::10:29:57 ===
POST /admin/model/heartbeat/2 [cb_admin] 200 0ms

=INFO REPORT==== 20-Aug-2012::10:29:58 ===
GET /admin/model/events/1345436938644751 [cb_admin] 200 30001ms

=INFO REPORT==== 20-Aug-2012::10:30:27 ===
POST /admin/model/heartbeat/2 [cb_admin] 200 0ms

=INFO REPORT==== 20-Aug-2012::10:30:28 ===
GET /admin/model/events/1345436968689257 [cb_admin] 200 30001ms

=INFO REPORT==== 20-Aug-2012::10:30:57 ===
POST /admin/model/heartbeat/2 [cb_admin] 200 0ms

=INFO REPORT==== 20-Aug-2012::10:30:58 ===
GET /admin/model/events/1345436998736447 [cb_admin] 200 30000ms

=INFO REPORT==== 20-Aug-2012::10:31:27 ===
POST /admin/model/heartbeat/2 [cb_admin] 200 0ms

=INFO REPORT==== 20-Aug-2012::10:31:28 ===
GET /admin/model/events/1345437028780456 [cb_admin] 200 30000ms

=INFO REPORT==== 20-Aug-2012::10:31:57 ===
POST /admin/model/heartbeat/2 [cb_admin] 200 0ms

=INFO REPORT==== 20-Aug-2012::10:31:58 ===
GET /admin/model/events/1345437058824925 [cb_admin] 200 30001ms

=INFO REPORT==== 20-Aug-2012::10:32:27 ===
POST /admin/model/heartbeat/2 [cb_admin] 200 0ms

=INFO REPORT==== 20-Aug-2012::10:32:28 ===
GET /admin/model/events/1345437088868361 [cb_admin] 200 30001ms

=INFO REPORT==== 20-Aug-2012::10:32:57 ===
POST /admin/model/heartbeat/2 [cb_admin] 200 0ms

=INFO REPORT==== 20-Aug-2012::10:32:58 ===
GET /admin/model/events/1345437118912436 [cb_admin] 200 30000ms
