
=INFO REPORT==== 16-Oct-2012::18:03:55 ===
Starting Boss in development mode....

=INFO REPORT==== 16-Oct-2012::18:03:55 ===
Starting master services on 'helpdesk@simba-Aspire-4920'

=INFO REPORT==== 16-Oct-2012::18:03:55 ===
SSL:[]

=INFO REPORT==== 16-Oct-2012::18:03:55 ===
Loading routes from "../cb_admin/priv/cb_admin.routes" ....

=INFO REPORT==== 16-Oct-2012::18:03:55 ===
Loading routes from "/home/simba/hacking/erlang/helpdesk/priv/helpdesk.routes" ....

=INFO REPORT==== 16-Oct-2012::18:03:57 ===
Loading routes from "/home/simba/hacking/erlang/helpdesk/priv/helpdesk.routes" ....

=INFO REPORT==== 16-Oct-2012::18:03:58 ===
GET /depart/index [helpdesk] 200 285ms

=INFO REPORT==== 16-Oct-2012::18:04:04 ===
Loading routes from "/home/simba/hacking/erlang/helpdesk/priv/helpdesk.routes" ....

=INFO REPORT==== 16-Oct-2012::18:04:04 ===
GET / [helpdesk] 200 217ms

=INFO REPORT==== 16-Oct-2012::18:04:06 ===
Loading routes from "/home/simba/hacking/erlang/helpdesk/priv/helpdesk.routes" ....

=INFO REPORT==== 16-Oct-2012::18:04:07 ===
GET /main/depart_request [helpdesk] 200 641ms

=INFO REPORT==== 16-Oct-2012::18:04:09 ===
Loading routes from "/home/simba/hacking/erlang/helpdesk/priv/helpdesk.routes" ....

=INFO REPORT==== 16-Oct-2012::18:04:09 ===
GET /main/user_request [helpdesk] 200 216ms

=INFO REPORT==== 16-Oct-2012::18:04:11 ===
Loading routes from "/home/simba/hacking/erlang/helpdesk/priv/helpdesk.routes" ....

=INFO REPORT==== 16-Oct-2012::18:04:11 ===
GET /depart/index [helpdesk] 200 312ms

=INFO REPORT==== 16-Oct-2012::18:04:13 ===
Loading routes from "/home/simba/hacking/erlang/helpdesk/priv/helpdesk.routes" ....

=INFO REPORT==== 16-Oct-2012::18:04:19 ===
GET /request/index [helpdesk] 200 6461ms

=INFO REPORT==== 16-Oct-2012::18:04:23 ===
Loading routes from "/home/simba/hacking/erlang/helpdesk/priv/helpdesk.routes" ....

=INFO REPORT==== 16-Oct-2012::18:04:23 ===
GET /about [helpdesk] 200 264ms

=INFO REPORT==== 16-Oct-2012::18:04:30 ===
GET /admin [cb_admin] 200 9ms
