
=INFO REPORT==== 16-Aug-2012::18:14:51 ===
Starting Boss in development mode....

=INFO REPORT==== 16-Aug-2012::18:14:51 ===
Starting master services on 'helpdesk@simba-Aspire-4920'

=INFO REPORT==== 16-Aug-2012::18:14:51 ===
SSL:[]

=INFO REPORT==== 16-Aug-2012::18:14:51 ===
Loading routes from "../cb_admin/priv/cb_admin.routes" ....

=INFO REPORT==== 16-Aug-2012::18:14:52 ===
Loading routes from "/home/simba/hacking/erlang/helpdesk/priv/helpdesk.routes" ....

=INFO REPORT==== 16-Aug-2012::18:14:56 ===
GET /admin/model/model [cb_admin] 200 15ms

=INFO REPORT==== 16-Aug-2012::18:14:57 ===
GET /admin/model/model/depart [cb_admin] 200 31ms

=INFO REPORT==== 16-Aug-2012::18:14:57 ===
POST /admin/model/watch [cb_admin] 200 4ms

=INFO REPORT==== 16-Aug-2012::18:14:59 ===
GET /admin/model/model [cb_admin] 200 3ms

=ERROR REPORT==== 16-Aug-2012::18:15:00 ===
** Generic server <0.73.0> terminating 
** Last message in was {count,person,[]}
** When Server state == {state,boss_db_adapter_pgsql,<0.74.0>,[],
                               {dict,0,16,16,8,80,48,
                                     {[],[],[],[],[],[],[],[],[],[],[],[],[],
                                      [],[],[]},
                                     {{[],[],[],[],[],[],[],[],[],[],[],[],[],
                                       [],[],[]}}},
                               false,60,db,0}
** Reason for termination == 
** {{badmatch,{error,{error,error,<<"42P01">>,
                            <<"relation \"people\" does not exist">>,
                            [{position,<<"31">>}]}}},
    [{boss_db_adapter_pgsql,count,3},
     {boss_db_controller,handle_call,3},
     {gen_server,handle_msg,5},
     {proc_lib,init_p_do_apply,3}]}

=ERROR REPORT==== 16-Aug-2012::18:15:00 ===
{{{badmatch,{error,{error,error,<<"42P01">>,
                          <<"relation \"people\" does not exist">>,
                          [{position,<<"31">>}]}}},
  [{boss_db_adapter_pgsql,count,3},
   {boss_db_controller,handle_call,3},
   {gen_server,handle_msg,5},
   {proc_lib,init_p_do_apply,3}]},
 {gen_server,call,[<0.73.0>,{count,person,[]},30000]}}

=ERROR REPORT==== 16-Aug-2012::18:15:00 ===
GET /admin/model/model/person [cb_admin] 500 3ms

=INFO REPORT==== 16-Aug-2012::18:15:27 ===
GET /admin/model/events/1345119297471900 [cb_admin] 200 30000ms
