
=INFO REPORT==== 16-Aug-2012::15:36:28 ===
Starting Boss in development mode....

=INFO REPORT==== 16-Aug-2012::15:36:28 ===
Starting master services on 'helpdesk@simba-Aspire-4920'

=INFO REPORT==== 16-Aug-2012::15:36:28 ===
SSL:[]

=INFO REPORT==== 16-Aug-2012::15:36:28 ===
Loading routes from "../cb_admin/priv/cb_admin.routes" ....

=INFO REPORT==== 16-Aug-2012::15:36:29 ===
Loading routes from "/home/simba/hacking/erlang/helpdesk/priv/helpdesk.routes" ....

=INFO REPORT==== 16-Aug-2012::15:36:30 ===
GET /admin/model/model [cb_admin] 200 15ms

=ERROR REPORT==== 16-Aug-2012::15:36:32 ===
** Generic server <0.70.0> terminating 
** Last message in was {find,depart,[],100,0,id,descending}
** When Server state == {state,boss_db_adapter_pgsql,<0.71.0>,[],
                               {dict,0,16,16,8,80,48,
                                     {[],[],[],[],[],[],[],[],[],[],[],[],[],
                                      [],[],[]},
                                     {{[],[],[],[],[],[],[],[],[],[],[],[],[],
                                       [],[],[]}}},
                               false,60,db,0}
** Reason for termination == 
** {bad_return_value,{error,"Expected attribute 'creation_time' was not found in Postgres query results. Synchronise your model and data'"}}

=ERROR REPORT==== 16-Aug-2012::15:36:32 ===
{{bad_return_value,{error,"Expected attribute 'creation_time' was not found in Postgres query results. Synchronise your model and data'"}},
 {gen_server,call,[<0.70.0>,{find,depart,[],100,0,id,descending},30000]}}

=ERROR REPORT==== 16-Aug-2012::15:36:32 ===
GET /admin/model/model/depart [cb_admin] 500 21ms

=INFO REPORT==== 16-Aug-2012::15:37:13 ===
GET /admin/model/model/depart [cb_admin] 200 22ms

=INFO REPORT==== 16-Aug-2012::15:37:14 ===
POST /admin/model/watch [cb_admin] 200 5ms

=INFO REPORT==== 16-Aug-2012::15:37:16 ===
GET /admin/model/show/depart-2 [cb_admin] 200 13ms

=INFO REPORT==== 16-Aug-2012::15:37:16 ===
POST /admin/model/watch [cb_admin] 200 0ms

=ERROR REPORT==== 16-Aug-2012::15:37:19 ===
{function_clause,
    [{erlydtl_filters,date,[null,"F j, Y"]},
     {cb_admin_view_model_edit_html,'-render_internal/4-fun-2-',2},
     {lists,mapfoldl,3},
     {lists,mapfoldl,3},
     {erlydtl_runtime,forloop,3},
     {cb_admin_view_model_edit_html,render_internal,4},
     {cb_admin_view_model_edit_html,render,2},
     {boss_web_controller,render_view,6}]}

=ERROR REPORT==== 16-Aug-2012::15:37:19 ===
GET /admin/model/edit/depart-2 [cb_admin] 500 22ms

=INFO REPORT==== 16-Aug-2012::15:37:25 ===
POST /admin/model/watch [cb_admin] 200 0ms

=INFO REPORT==== 16-Aug-2012::15:37:28 ===
GET /admin/model/model/depart [cb_admin] 200 7ms

=INFO REPORT==== 16-Aug-2012::15:37:28 ===
POST /admin/model/watch [cb_admin] 200 0ms

=INFO REPORT==== 16-Aug-2012::15:37:30 ===
GET /admin/model/show/depart-1 [cb_admin] 200 8ms

=INFO REPORT==== 16-Aug-2012::15:37:30 ===
POST /admin/model/watch [cb_admin] 200 0ms

=INFO REPORT==== 16-Aug-2012::15:37:31 ===
GET /admin/model/delete/depart-1 [cb_admin] 200 26ms

=INFO REPORT==== 16-Aug-2012::15:37:32 ===
POST /admin/model/delete/depart-1 [cb_admin] 302 35ms

=INFO REPORT==== 16-Aug-2012::15:37:32 ===
GET /admin/model/model/depart [cb_admin] 200 4ms

=INFO REPORT==== 16-Aug-2012::15:37:32 ===
POST /admin/model/watch [cb_admin] 200 0ms

=INFO REPORT==== 16-Aug-2012::15:37:33 ===
GET /admin/model/show/depart-2 [cb_admin] 200 7ms

=INFO REPORT==== 16-Aug-2012::15:37:33 ===
POST /admin/model/watch [cb_admin] 200 0ms

=INFO REPORT==== 16-Aug-2012::15:37:34 ===
GET /admin/model/delete/depart-2 [cb_admin] 200 4ms

=INFO REPORT==== 16-Aug-2012::15:37:36 ===
POST /admin/model/delete/depart-2 [cb_admin] 302 36ms

=INFO REPORT==== 16-Aug-2012::15:37:36 ===
GET /admin/model/model/depart [cb_admin] 200 5ms

=INFO REPORT==== 16-Aug-2012::15:37:37 ===
GET /admin/model/create/depart [cb_admin] 200 5ms

=INFO REPORT==== 16-Aug-2012::15:37:42 ===
POST /admin/model/create/depart [cb_admin] 302 47ms

=INFO REPORT==== 16-Aug-2012::15:37:42 ===
GET /admin/model/show/depart-3 [cb_admin] 200 25ms

=INFO REPORT==== 16-Aug-2012::15:37:42 ===
POST /admin/model/watch [cb_admin] 200 0ms

=INFO REPORT==== 16-Aug-2012::15:37:44 ===
GET /admin/model/events/1345109833931221 [cb_admin] 200 30001ms

=INFO REPORT==== 16-Aug-2012::15:37:45 ===
GET /admin/model/model/depart [cb_admin] 200 10ms

=INFO REPORT==== 16-Aug-2012::15:37:45 ===
POST /admin/model/watch [cb_admin] 200 0ms

=INFO REPORT==== 16-Aug-2012::15:37:46 ===
GET /admin/model/events/1345109836744902 [cb_admin] 200 30001ms

=INFO REPORT==== 16-Aug-2012::15:37:51 ===
GET /admin/model/show/depart-3 [cb_admin] 200 4ms

=INFO REPORT==== 16-Aug-2012::15:37:51 ===
POST /admin/model/watch [cb_admin] 200 0ms

=INFO REPORT==== 16-Aug-2012::15:37:52 ===
GET /admin/model/edit/depart-3 [cb_admin] 200 4ms

=INFO REPORT==== 16-Aug-2012::15:37:55 ===
GET /admin/model/events/1345109836744902 [cb_admin] 200 30001ms

=INFO REPORT==== 16-Aug-2012::15:37:58 ===
GET /admin/model/events/1345109848064411 [cb_admin] 200 30000ms

=INFO REPORT==== 16-Aug-2012::15:38:00 ===
GET /admin/model/events/1345109850393337 [cb_admin] 200 30001ms

=INFO REPORT==== 16-Aug-2012::15:38:02 ===
GET /admin/model/events/1345109852787818 [cb_admin] 200 30000ms

=INFO REPORT==== 16-Aug-2012::15:38:03 ===
GET /admin/model/events/1345109853828085 [cb_admin] 200 30001ms

=INFO REPORT==== 16-Aug-2012::15:38:07 ===
GET /admin/model/events/1345109862094226 [cb_admin] 200 25239ms

=INFO REPORT==== 16-Aug-2012::15:38:07 ===
POST /admin/model/edit/depart-3 [cb_admin] 302 23ms

=INFO REPORT==== 16-Aug-2012::15:38:07 ===
GET /admin/model/events/1345109871062854 [cb_admin] 200 16290ms

=INFO REPORT==== 16-Aug-2012::15:38:07 ===
GET /admin/model/events/1345109865186170 [cb_admin] 200 22170ms

=INFO REPORT==== 16-Aug-2012::15:38:07 ===
GET /admin/model/show/depart-3 [cb_admin] 200 8ms

=INFO REPORT==== 16-Aug-2012::15:38:07 ===
POST /admin/model/watch [cb_admin] 200 0ms

=INFO REPORT==== 16-Aug-2012::15:38:15 ===
GET /admin/model/model/depart [cb_admin] 200 7ms

=INFO REPORT==== 16-Aug-2012::15:38:15 ===
POST /admin/model/watch [cb_admin] 200 0ms

=INFO REPORT==== 16-Aug-2012::15:38:17 ===
GET /admin/model/show/depart-3 [cb_admin] 200 6ms

=INFO REPORT==== 16-Aug-2012::15:38:17 ===
POST /admin/model/watch [cb_admin] 200 0ms

=INFO REPORT==== 16-Aug-2012::15:38:18 ===
GET /admin/model/delete/depart-3 [cb_admin] 200 4ms

=INFO REPORT==== 16-Aug-2012::15:38:19 ===
POST /admin/model/delete/depart-3 [cb_admin] 302 36ms

=INFO REPORT==== 16-Aug-2012::15:38:19 ===
GET /admin/model/model/depart [cb_admin] 200 4ms

=INFO REPORT==== 16-Aug-2012::15:38:37 ===
GET /admin/model/events/1345109887560201 [cb_admin] 200 30000ms

=INFO REPORT==== 16-Aug-2012::15:38:45 ===
GET /admin/model/events/1345109895401731 [cb_admin] 200 30001ms

=INFO REPORT==== 16-Aug-2012::15:38:47 ===
GET /admin/model/events/1345109897663552 [cb_admin] 200 30000ms

=INFO REPORT==== 16-Aug-2012::15:39:11 ===
GET /admin/ [cb_admin] 200 4ms

=INFO REPORT==== 16-Aug-2012::15:39:13 ===
GET /admin/model/model [cb_admin] 200 2ms

=INFO REPORT==== 16-Aug-2012::15:39:14 ===
GET /admin/model/model/depart [cb_admin] 200 6ms

=INFO REPORT==== 16-Aug-2012::15:39:15 ===
GET /admin/model/create/depart [cb_admin] 200 1ms

=ERROR REPORT==== 16-Aug-2012::15:39:48 ===
{function_clause,
    [{erlydtl_runtime,init_counter_stats,
         [{error,error,<<"22007">>,
              <<"invalid input syntax for type timestamp: \"\"">>,
              [{position,<<"103">>}]},
          undefined]},
     {cb_admin_view_model_create_html,render_internal,4},
     {cb_admin_view_model_create_html,render,2},
     {boss_web_controller,render_view,6},
     {boss_web_controller,execute_action,5},
     {boss_web_controller,process_request,5},
     {timer,tc,3},
     {boss_web_controller,handle_request,3}]}

=ERROR REPORT==== 16-Aug-2012::15:39:48 ===
POST /admin/model/create/depart [cb_admin] 500 5ms

=INFO REPORT==== 16-Aug-2012::15:40:02 ===
POST /admin/model/create/depart [cb_admin] 302 40ms

=INFO REPORT==== 16-Aug-2012::15:40:02 ===
GET /admin/model/show/depart-4 [cb_admin] 200 4ms

=INFO REPORT==== 16-Aug-2012::15:40:02 ===
POST /admin/model/watch [cb_admin] 200 0ms

=INFO REPORT==== 16-Aug-2012::15:40:10 ===
GET /admin/model/model/depart [cb_admin] 200 9ms

=INFO REPORT==== 16-Aug-2012::15:40:10 ===
POST /admin/model/watch [cb_admin] 200 0ms

=INFO REPORT==== 16-Aug-2012::15:40:28 ===
GET /admin/model/show/depart-4 [cb_admin] 200 7ms

=INFO REPORT==== 16-Aug-2012::15:40:28 ===
POST /admin/model/watch [cb_admin] 200 0ms

=INFO REPORT==== 16-Aug-2012::15:40:29 ===
GET /admin/model/delete/depart-4 [cb_admin] 200 2ms

=INFO REPORT==== 16-Aug-2012::15:40:30 ===
POST /admin/model/delete/depart-4 [cb_admin] 302 96ms

=INFO REPORT==== 16-Aug-2012::15:40:30 ===
GET /admin/model/model/depart [cb_admin] 200 4ms

=INFO REPORT==== 16-Aug-2012::15:40:32 ===
GET /admin/model/events/1345110002408835 [cb_admin] 200 30000ms

=INFO REPORT==== 16-Aug-2012::15:40:40 ===
GET /admin/model/events/1345110010658396 [cb_admin] 200 30001ms

=INFO REPORT==== 16-Aug-2012::15:40:58 ===
GET /admin/model/events/1345110028379308 [cb_admin] 200 30001ms

=INFO REPORT==== 16-Aug-2012::15:41:00 ===
GET /admin/model/create/depart [cb_admin] 200 3ms

=INFO REPORT==== 16-Aug-2012::15:41:16 ===
POST /admin/model/watch [cb_admin] 200 0ms

=INFO REPORT==== 16-Aug-2012::15:41:20 ===
GET /admin/model/model/depart [cb_admin] 200 4ms

=INFO REPORT==== 16-Aug-2012::15:41:21 ===
GET /admin/model/create/depart [cb_admin] 200 2ms

=INFO REPORT==== 16-Aug-2012::15:41:32 ===
POST /admin/model/watch [cb_admin] 200 0ms

=ERROR REPORT==== 16-Aug-2012::15:41:34 ===
{function_clause,[{erlydtl_runtime,init_counter_stats,[undefined,undefined]},
                  {cb_admin_view_model_edit_html,render_internal,4},
                  {cb_admin_view_model_edit_html,render,2},
                  {boss_web_controller,render_view,6},
                  {boss_web_controller,execute_action,5},
                  {boss_web_controller,process_request,5},
                  {timer,tc,3},
                  {boss_web_controller,handle_request,3}]}

=ERROR REPORT==== 16-Aug-2012::15:41:34 ===
GET /admin/model/edit/depart-4 [cb_admin] 500 4ms

=INFO REPORT==== 16-Aug-2012::15:41:36 ===
POST /admin/model/watch [cb_admin] 200 0ms

=INFO REPORT==== 16-Aug-2012::15:41:37 ===
GET /admin/model/model/depart [cb_admin] 200 6ms

=INFO REPORT==== 16-Aug-2012::15:41:38 ===
GET /admin/model/create/depart [cb_admin] 200 2ms

=INFO REPORT==== 16-Aug-2012::15:41:46 ===
GET /admin/model/events/1345110028379308 [cb_admin] 200 30000ms

=INFO REPORT==== 16-Aug-2012::15:41:53 ===
POST /admin/model/create/depart [cb_admin] 302 21ms

=INFO REPORT==== 16-Aug-2012::15:41:53 ===
GET /admin/model/show/depart-2 [cb_admin] 200 6ms

=INFO REPORT==== 16-Aug-2012::15:41:53 ===
POST /admin/model/watch [cb_admin] 200 0ms

=INFO REPORT==== 16-Aug-2012::15:41:55 ===
GET /admin/model/edit/depart-2 [cb_admin] 200 3ms

=INFO REPORT==== 16-Aug-2012::15:41:57 ===
GET /admin/model/show/depart-2 [cb_admin] 200 8ms

=INFO REPORT==== 16-Aug-2012::15:41:57 ===
POST /admin/model/watch [cb_admin] 200 0ms

=INFO REPORT==== 16-Aug-2012::15:41:58 ===
GET /admin/model/model/depart [cb_admin] 200 12ms

=INFO REPORT==== 16-Aug-2012::15:41:58 ===
POST /admin/model/watch [cb_admin] 200 0ms

=INFO REPORT==== 16-Aug-2012::15:42:02 ===
GET /admin/model/events/1345110028379308 [cb_admin] 200 30001ms

=INFO REPORT==== 16-Aug-2012::15:42:05 ===
GET /doc/depart [helpdesk] 200 125ms

=ERROR REPORT==== 16-Aug-2012::15:42:05 ===
GET /doc/stylesheet.css [helpdesk] 404 0ms

=ERROR REPORT==== 16-Aug-2012::15:42:05 ===
GET /doc/erlang.png [helpdesk] 404 0ms

=INFO REPORT==== 16-Aug-2012::15:42:06 ===
GET /admin/model/events/1345110028379308 [cb_admin] 200 30001ms

=INFO REPORT==== 16-Aug-2012::15:42:07 ===
POST /admin/model/watch [cb_admin] 200 0ms

=INFO REPORT==== 16-Aug-2012::15:42:08 ===
GET /admin/model/show/depart-2 [cb_admin] 200 8ms

=INFO REPORT==== 16-Aug-2012::15:42:08 ===
POST /admin/model/watch [cb_admin] 200 0ms

=INFO REPORT==== 16-Aug-2012::15:42:09 ===
GET /admin/model/delete/depart-2 [cb_admin] 200 4ms

=INFO REPORT==== 16-Aug-2012::15:42:10 ===
POST /admin/model/delete/depart-2 [cb_admin] 302 25ms

=INFO REPORT==== 16-Aug-2012::15:42:10 ===
GET /admin/model/model/depart [cb_admin] 200 5ms

=INFO REPORT==== 16-Aug-2012::15:42:24 ===
GET /admin/model/events/1345110113841147 [cb_admin] 200 30000ms

=INFO REPORT==== 16-Aug-2012::15:42:27 ===
GET /admin/model/events/1345110117213682 [cb_admin] 200 30001ms

=INFO REPORT==== 16-Aug-2012::15:42:28 ===
GET /admin/model/events/1345110118180153 [cb_admin] 200 30000ms

=INFO REPORT==== 16-Aug-2012::15:42:37 ===
GET /admin/model/events/1345110118180153 [cb_admin] 200 30001ms

=INFO REPORT==== 16-Aug-2012::15:42:38 ===
GET /admin/model/events/1345110128192941 [cb_admin] 200 30000ms

=INFO REPORT==== 16-Aug-2012::15:43:12 ===
GET /admin/model/create/depart [cb_admin] 200 2ms

=INFO REPORT==== 16-Aug-2012::15:43:19 ===
POST /admin/model/create/depart [cb_admin] 302 57ms

=INFO REPORT==== 16-Aug-2012::15:43:19 ===
GET /admin/model/show/depart-2 [cb_admin] 200 5ms

=INFO REPORT==== 16-Aug-2012::15:43:20 ===
POST /admin/model/watch [cb_admin] 200 0ms

=INFO REPORT==== 16-Aug-2012::15:43:22 ===
GET /admin/model/model/depart [cb_admin] 200 7ms

=INFO REPORT==== 16-Aug-2012::15:43:22 ===
POST /admin/model/watch [cb_admin] 200 0ms

=INFO REPORT==== 16-Aug-2012::15:43:50 ===
GET /admin/model/events/1345110199905355 [cb_admin] 200 30001ms

=INFO REPORT==== 16-Aug-2012::15:43:52 ===
POST /admin/model/heartbeat/25 [cb_admin] 200 0ms

=INFO REPORT==== 16-Aug-2012::15:43:52 ===
GET /admin/model/events/1345110202309494 [cb_admin] 200 30001ms

=INFO REPORT==== 16-Aug-2012::15:44:00 ===
GET /admin/upgrade/upgrade [cb_admin] 200 26ms

=INFO REPORT==== 16-Aug-2012::15:44:12 ===
GET /admin/model/model [cb_admin] 200 3ms

=INFO REPORT==== 16-Aug-2012::15:44:13 ===
GET /admin/model/model/depart [cb_admin] 200 7ms

=INFO REPORT==== 16-Aug-2012::15:44:13 ===
POST /admin/model/watch [cb_admin] 200 0ms

=INFO REPORT==== 16-Aug-2012::15:44:22 ===
GET /admin/model/events/1345110202499206 [cb_admin] 200 30001ms

=INFO REPORT==== 16-Aug-2012::15:44:43 ===
GET /admin/model/events/1345110253822282 [cb_admin] 200 30000ms

=INFO REPORT==== 16-Aug-2012::15:44:43 ===
POST /admin/model/heartbeat/26 [cb_admin] 200 0ms

=INFO REPORT==== 16-Aug-2012::15:45:14 ===
POST /admin/model/heartbeat/26 [cb_admin] 200 0ms

=INFO REPORT==== 16-Aug-2012::15:45:14 ===
GET /admin/model/events/1345110253993664 [cb_admin] 200 30000ms

=INFO REPORT==== 16-Aug-2012::15:45:44 ===
POST /admin/model/heartbeat/26 [cb_admin] 200 0ms

=INFO REPORT==== 16-Aug-2012::15:45:44 ===
GET /admin/model/events/1345110284042669 [cb_admin] 200 30000ms

=INFO REPORT==== 16-Aug-2012::15:46:14 ===
POST /admin/model/heartbeat/26 [cb_admin] 200 0ms

=INFO REPORT==== 16-Aug-2012::15:46:14 ===
GET /admin/model/events/1345110314089621 [cb_admin] 200 30000ms

=INFO REPORT==== 16-Aug-2012::15:46:44 ===
POST /admin/model/heartbeat/26 [cb_admin] 200 0ms

=INFO REPORT==== 16-Aug-2012::15:46:44 ===
GET /admin/model/events/1345110344140910 [cb_admin] 200 30000ms

=INFO REPORT==== 16-Aug-2012::15:47:14 ===
POST /admin/model/heartbeat/26 [cb_admin] 200 0ms

=INFO REPORT==== 16-Aug-2012::15:47:14 ===
GET /admin/model/events/1345110374184500 [cb_admin] 200 30001ms

=INFO REPORT==== 16-Aug-2012::15:47:16 ===
GET /admin/model/show/depart-2 [cb_admin] 200 9ms

=INFO REPORT==== 16-Aug-2012::15:47:16 ===
POST /admin/model/watch [cb_admin] 200 0ms

=INFO REPORT==== 16-Aug-2012::15:47:19 ===
GET /admin/model/edit/depart-2 [cb_admin] 200 5ms

=INFO REPORT==== 16-Aug-2012::15:47:22 ===
GET /admin/model/events/1345110404230204 [cb_admin] 200 8149ms

=INFO REPORT==== 16-Aug-2012::15:47:22 ===
GET /admin/model/events/1345110436392197 [cb_admin] 200 5838ms

=INFO REPORT==== 16-Aug-2012::15:47:22 ===
POST /admin/model/edit/depart-2 [cb_admin] 302 38ms

=INFO REPORT==== 16-Aug-2012::15:47:22 ===
GET /admin/model/show/depart-2 [cb_admin] 200 6ms

=INFO REPORT==== 16-Aug-2012::15:47:22 ===
POST /admin/model/watch [cb_admin] 200 0ms

=INFO REPORT==== 16-Aug-2012::15:47:52 ===
POST /admin/model/heartbeat/28 [cb_admin] 200 0ms

=INFO REPORT==== 16-Aug-2012::15:47:52 ===
GET /admin/model/events/1345110442439220 [cb_admin] 200 30001ms

=INFO REPORT==== 16-Aug-2012::15:48:22 ===
POST /admin/model/heartbeat/28 [cb_admin] 200 0ms

=INFO REPORT==== 16-Aug-2012::15:48:22 ===
GET /admin/model/events/1345110442632364 [cb_admin] 200 30000ms

=INFO REPORT==== 16-Aug-2012::15:48:52 ===
POST /admin/model/heartbeat/28 [cb_admin] 200 0ms

=INFO REPORT==== 16-Aug-2012::15:48:52 ===
GET /admin/model/events/1345110472681808 [cb_admin] 200 30000ms

=INFO REPORT==== 16-Aug-2012::15:49:22 ===
POST /admin/model/heartbeat/28 [cb_admin] 200 0ms

=INFO REPORT==== 16-Aug-2012::15:49:22 ===
GET /admin/model/events/1345110502725968 [cb_admin] 200 30000ms

=INFO REPORT==== 16-Aug-2012::15:49:52 ===
POST /admin/model/heartbeat/28 [cb_admin] 200 0ms

=INFO REPORT==== 16-Aug-2012::15:49:52 ===
GET /admin/model/events/1345110532776858 [cb_admin] 200 30001ms

=INFO REPORT==== 16-Aug-2012::15:50:22 ===
POST /admin/model/heartbeat/28 [cb_admin] 200 0ms

=INFO REPORT==== 16-Aug-2012::15:50:22 ===
GET /admin/model/events/1345110562823239 [cb_admin] 200 30001ms

=INFO REPORT==== 16-Aug-2012::15:50:52 ===
POST /admin/model/heartbeat/28 [cb_admin] 200 0ms

=INFO REPORT==== 16-Aug-2012::15:50:52 ===
GET /admin/model/events/1345110592872441 [cb_admin] 200 30001ms

=INFO REPORT==== 16-Aug-2012::15:51:22 ===
POST /admin/model/heartbeat/28 [cb_admin] 200 0ms

=INFO REPORT==== 16-Aug-2012::15:51:22 ===
GET /admin/model/events/1345110622917600 [cb_admin] 200 30001ms

=INFO REPORT==== 16-Aug-2012::15:51:52 ===
POST /admin/model/heartbeat/28 [cb_admin] 200 0ms

=INFO REPORT==== 16-Aug-2012::15:51:53 ===
GET /admin/model/events/1345110652965594 [cb_admin] 200 30001ms

=INFO REPORT==== 16-Aug-2012::15:52:22 ===
POST /admin/model/heartbeat/28 [cb_admin] 200 0ms

=INFO REPORT==== 16-Aug-2012::15:52:23 ===
GET /admin/model/events/1345110683016038 [cb_admin] 200 30000ms

=INFO REPORT==== 16-Aug-2012::15:52:52 ===
POST /admin/model/heartbeat/28 [cb_admin] 200 0ms

=INFO REPORT==== 16-Aug-2012::15:52:53 ===
GET /admin/model/events/1345110713064555 [cb_admin] 200 30000ms

=INFO REPORT==== 16-Aug-2012::15:53:22 ===
POST /admin/model/heartbeat/28 [cb_admin] 200 0ms

=INFO REPORT==== 16-Aug-2012::15:53:23 ===
GET /admin/model/events/1345110743109692 [cb_admin] 200 30001ms

=INFO REPORT==== 16-Aug-2012::15:53:52 ===
POST /admin/model/heartbeat/28 [cb_admin] 200 0ms

=INFO REPORT==== 16-Aug-2012::15:53:53 ===
GET /admin/model/events/1345110773158256 [cb_admin] 200 30000ms

=INFO REPORT==== 16-Aug-2012::15:54:22 ===
POST /admin/model/heartbeat/28 [cb_admin] 200 0ms

=INFO REPORT==== 16-Aug-2012::15:54:23 ===
GET /admin/model/events/1345110803205626 [cb_admin] 200 30001ms

=INFO REPORT==== 16-Aug-2012::15:54:52 ===
POST /admin/model/heartbeat/28 [cb_admin] 200 0ms

=INFO REPORT==== 16-Aug-2012::15:54:53 ===
GET /admin/model/events/1345110833253354 [cb_admin] 200 30000ms

=INFO REPORT==== 16-Aug-2012::15:55:22 ===
POST /admin/model/heartbeat/28 [cb_admin] 200 0ms

=INFO REPORT==== 16-Aug-2012::15:55:23 ===
GET /admin/model/events/1345110863301714 [cb_admin] 200 30001ms

=INFO REPORT==== 16-Aug-2012::15:55:52 ===
POST /admin/model/heartbeat/28 [cb_admin] 200 0ms

=INFO REPORT==== 16-Aug-2012::15:55:53 ===
GET /admin/model/events/1345110893349424 [cb_admin] 200 30001ms

=INFO REPORT==== 16-Aug-2012::15:56:22 ===
POST /admin/model/heartbeat/28 [cb_admin] 200 0ms

=INFO REPORT==== 16-Aug-2012::15:56:23 ===
GET /admin/model/events/1345110923398465 [cb_admin] 200 30001ms

=INFO REPORT==== 16-Aug-2012::15:56:52 ===
POST /admin/model/heartbeat/28 [cb_admin] 200 0ms

=INFO REPORT==== 16-Aug-2012::15:56:53 ===
GET /admin/model/events/1345110953446660 [cb_admin] 200 30001ms

=INFO REPORT==== 16-Aug-2012::15:57:22 ===
POST /admin/model/heartbeat/28 [cb_admin] 200 0ms

=INFO REPORT==== 16-Aug-2012::15:57:23 ===
GET /admin/model/events/1345110983493513 [cb_admin] 200 30001ms

=INFO REPORT==== 16-Aug-2012::15:57:52 ===
POST /admin/model/heartbeat/28 [cb_admin] 200 0ms

=INFO REPORT==== 16-Aug-2012::15:57:53 ===
GET /admin/model/events/1345111013541167 [cb_admin] 200 30001ms

=INFO REPORT==== 16-Aug-2012::15:58:22 ===
POST /admin/model/heartbeat/28 [cb_admin] 200 0ms

=INFO REPORT==== 16-Aug-2012::15:58:23 ===
GET /admin/model/events/1345111043589161 [cb_admin] 200 30000ms

=INFO REPORT==== 16-Aug-2012::15:58:52 ===
POST /admin/model/heartbeat/28 [cb_admin] 200 0ms

=INFO REPORT==== 16-Aug-2012::15:58:53 ===
GET /admin/model/events/1345111073637888 [cb_admin] 200 30000ms

=INFO REPORT==== 16-Aug-2012::15:59:22 ===
POST /admin/model/heartbeat/28 [cb_admin] 200 0ms

=INFO REPORT==== 16-Aug-2012::15:59:23 ===
GET /admin/model/events/1345111103683504 [cb_admin] 200 30000ms

=INFO REPORT==== 16-Aug-2012::15:59:52 ===
POST /admin/model/heartbeat/28 [cb_admin] 200 0ms

=INFO REPORT==== 16-Aug-2012::15:59:53 ===
GET /admin/model/events/1345111133729748 [cb_admin] 200 30000ms

=INFO REPORT==== 16-Aug-2012::16:00:22 ===
POST /admin/model/heartbeat/28 [cb_admin] 200 0ms

=INFO REPORT==== 16-Aug-2012::16:00:23 ===
GET /admin/model/events/1345111163783973 [cb_admin] 200 30000ms

=INFO REPORT==== 16-Aug-2012::16:00:52 ===
POST /admin/model/heartbeat/28 [cb_admin] 200 0ms

=INFO REPORT==== 16-Aug-2012::16:00:53 ===
GET /admin/model/events/1345111193831929 [cb_admin] 200 30000ms

=INFO REPORT==== 16-Aug-2012::16:01:22 ===
POST /admin/model/heartbeat/28 [cb_admin] 200 0ms

=INFO REPORT==== 16-Aug-2012::16:01:23 ===
GET /admin/model/events/1345111223879608 [cb_admin] 200 30001ms

=INFO REPORT==== 16-Aug-2012::16:01:52 ===
POST /admin/model/heartbeat/28 [cb_admin] 200 0ms

=INFO REPORT==== 16-Aug-2012::16:01:53 ===
GET /admin/model/events/1345111253926402 [cb_admin] 200 30000ms

=INFO REPORT==== 16-Aug-2012::16:02:22 ===
POST /admin/model/heartbeat/28 [cb_admin] 200 0ms

=INFO REPORT==== 16-Aug-2012::16:02:24 ===
GET /admin/model/events/1345111283977725 [cb_admin] 200 30000ms

=INFO REPORT==== 16-Aug-2012::16:02:52 ===
POST /admin/model/heartbeat/28 [cb_admin] 200 0ms

=INFO REPORT==== 16-Aug-2012::16:02:54 ===
GET /admin/model/events/1345111314025531 [cb_admin] 200 30000ms

=INFO REPORT==== 16-Aug-2012::16:03:22 ===
POST /admin/model/heartbeat/28 [cb_admin] 200 0ms

=INFO REPORT==== 16-Aug-2012::16:03:24 ===
GET /admin/model/events/1345111344074872 [cb_admin] 200 30000ms

=INFO REPORT==== 16-Aug-2012::16:03:52 ===
POST /admin/model/heartbeat/28 [cb_admin] 200 0ms

=INFO REPORT==== 16-Aug-2012::16:03:54 ===
GET /admin/model/events/1345111374121956 [cb_admin] 200 30001ms

=INFO REPORT==== 16-Aug-2012::16:04:22 ===
GET /admin/model/model/depart [cb_admin] 200 8ms

=INFO REPORT==== 16-Aug-2012::16:04:23 ===
POST /admin/model/watch [cb_admin] 200 0ms

=INFO REPORT==== 16-Aug-2012::16:04:24 ===
GET /admin/model/events/1345111404171303 [cb_admin] 200 30001ms

=INFO REPORT==== 16-Aug-2012::16:04:53 ===
GET /admin/model/events/1345111462890515 [cb_admin] 200 30001ms

=INFO REPORT==== 16-Aug-2012::16:04:53 ===
POST /admin/model/heartbeat/29 [cb_admin] 200 0ms

=INFO REPORT==== 16-Aug-2012::16:05:23 ===
POST /admin/model/heartbeat/29 [cb_admin] 200 0ms

=INFO REPORT==== 16-Aug-2012::16:05:23 ===
GET /admin/model/events/1345111463077338 [cb_admin] 200 30001ms

=INFO REPORT==== 16-Aug-2012::16:05:53 ===
POST /admin/model/heartbeat/29 [cb_admin] 200 0ms

=INFO REPORT==== 16-Aug-2012::16:05:53 ===
GET /admin/model/events/1345111493123415 [cb_admin] 200 30000ms

=INFO REPORT==== 16-Aug-2012::16:06:23 ===
POST /admin/model/heartbeat/29 [cb_admin] 200 0ms

=INFO REPORT==== 16-Aug-2012::16:06:23 ===
GET /admin/model/events/1345111523172590 [cb_admin] 200 30000ms

=INFO REPORT==== 16-Aug-2012::16:06:53 ===
POST /admin/model/heartbeat/29 [cb_admin] 200 0ms

=INFO REPORT==== 16-Aug-2012::16:06:53 ===
GET /admin/model/events/1345111553220506 [cb_admin] 200 30001ms

=INFO REPORT==== 16-Aug-2012::16:07:23 ===
POST /admin/model/heartbeat/29 [cb_admin] 200 0ms

=INFO REPORT==== 16-Aug-2012::16:07:23 ===
GET /admin/model/events/1345111583265308 [cb_admin] 200 30001ms

=INFO REPORT==== 16-Aug-2012::16:07:53 ===
POST /admin/model/heartbeat/29 [cb_admin] 200 0ms

=INFO REPORT==== 16-Aug-2012::16:07:53 ===
GET /admin/model/events/1345111613314022 [cb_admin] 200 30001ms

=INFO REPORT==== 16-Aug-2012::16:08:23 ===
POST /admin/model/heartbeat/29 [cb_admin] 200 0ms

=INFO REPORT==== 16-Aug-2012::16:08:23 ===
GET /admin/model/events/1345111643364020 [cb_admin] 200 30001ms

=INFO REPORT==== 16-Aug-2012::16:08:53 ===
POST /admin/model/heartbeat/29 [cb_admin] 200 0ms

=INFO REPORT==== 16-Aug-2012::16:08:53 ===
GET /admin/model/events/1345111673413086 [cb_admin] 200 30000ms

=INFO REPORT==== 16-Aug-2012::16:09:23 ===
POST /admin/model/heartbeat/29 [cb_admin] 200 0ms

=INFO REPORT==== 16-Aug-2012::16:09:23 ===
GET /admin/model/events/1345111703460572 [cb_admin] 200 30001ms

=INFO REPORT==== 16-Aug-2012::16:09:53 ===
POST /admin/model/heartbeat/29 [cb_admin] 200 0ms

=INFO REPORT==== 16-Aug-2012::16:09:53 ===
GET /admin/model/events/1345111733505465 [cb_admin] 200 30001ms

=INFO REPORT==== 16-Aug-2012::16:10:23 ===
POST /admin/model/heartbeat/29 [cb_admin] 200 0ms

=INFO REPORT==== 16-Aug-2012::16:10:23 ===
GET /admin/model/events/1345111763553574 [cb_admin] 200 30000ms

=INFO REPORT==== 16-Aug-2012::16:10:53 ===
POST /admin/model/heartbeat/29 [cb_admin] 200 0ms

=INFO REPORT==== 16-Aug-2012::16:10:53 ===
GET /admin/model/events/1345111793603762 [cb_admin] 200 30000ms

=INFO REPORT==== 16-Aug-2012::16:11:23 ===
POST /admin/model/heartbeat/29 [cb_admin] 200 0ms

=INFO REPORT==== 16-Aug-2012::16:11:23 ===
GET /admin/model/events/1345111823651831 [cb_admin] 200 30000ms

=INFO REPORT==== 16-Aug-2012::16:11:53 ===
POST /admin/model/heartbeat/29 [cb_admin] 200 0ms

=INFO REPORT==== 16-Aug-2012::16:11:53 ===
GET /admin/model/events/1345111853706879 [cb_admin] 200 30001ms

=INFO REPORT==== 16-Aug-2012::16:12:23 ===
POST /admin/model/heartbeat/29 [cb_admin] 200 0ms

=INFO REPORT==== 16-Aug-2012::16:12:23 ===
GET /admin/model/events/1345111883754227 [cb_admin] 200 30001ms

=INFO REPORT==== 16-Aug-2012::16:12:53 ===
POST /admin/model/heartbeat/29 [cb_admin] 200 0ms

=INFO REPORT==== 16-Aug-2012::16:12:53 ===
GET /admin/model/events/1345111913808141 [cb_admin] 200 30000ms

=INFO REPORT==== 16-Aug-2012::16:13:23 ===
POST /admin/model/heartbeat/29 [cb_admin] 200 0ms

=INFO REPORT==== 16-Aug-2012::16:13:23 ===
GET /admin/model/events/1345111943876901 [cb_admin] 200 30001ms

=INFO REPORT==== 16-Aug-2012::16:13:53 ===
POST /admin/model/heartbeat/29 [cb_admin] 200 0ms

=INFO REPORT==== 16-Aug-2012::16:13:53 ===
GET /admin/model/events/1345111973927423 [cb_admin] 200 30000ms

=INFO REPORT==== 16-Aug-2012::16:14:23 ===
POST /admin/model/heartbeat/29 [cb_admin] 200 0ms

=INFO REPORT==== 16-Aug-2012::16:14:24 ===
GET /admin/model/events/1345112003976776 [cb_admin] 200 30001ms

=INFO REPORT==== 16-Aug-2012::16:14:53 ===
POST /admin/model/heartbeat/29 [cb_admin] 200 0ms

=INFO REPORT==== 16-Aug-2012::16:14:54 ===
GET /admin/model/events/1345112034023401 [cb_admin] 200 30001ms

=INFO REPORT==== 16-Aug-2012::16:15:23 ===
POST /admin/model/heartbeat/29 [cb_admin] 200 0ms

=INFO REPORT==== 16-Aug-2012::16:15:24 ===
GET /admin/model/events/1345112064072277 [cb_admin] 200 30001ms

=INFO REPORT==== 16-Aug-2012::16:15:53 ===
POST /admin/model/heartbeat/29 [cb_admin] 200 0ms

=INFO REPORT==== 16-Aug-2012::16:15:54 ===
GET /admin/model/events/1345112094117565 [cb_admin] 200 30001ms

=INFO REPORT==== 16-Aug-2012::16:16:23 ===
POST /admin/model/heartbeat/29 [cb_admin] 200 0ms

=INFO REPORT==== 16-Aug-2012::16:16:24 ===
GET /admin/model/events/1345112124293380 [cb_admin] 200 30001ms

=INFO REPORT==== 16-Aug-2012::16:16:53 ===
POST /admin/model/heartbeat/29 [cb_admin] 200 0ms

=INFO REPORT==== 16-Aug-2012::16:16:54 ===
GET /admin/model/events/1345112154303595 [cb_admin] 200 30000ms

=INFO REPORT==== 16-Aug-2012::16:17:23 ===
POST /admin/model/heartbeat/29 [cb_admin] 200 0ms

=INFO REPORT==== 16-Aug-2012::16:17:24 ===
GET /admin/model/events/1345112184352851 [cb_admin] 200 30000ms

=INFO REPORT==== 16-Aug-2012::16:17:53 ===
POST /admin/model/heartbeat/29 [cb_admin] 200 0ms

=INFO REPORT==== 16-Aug-2012::16:17:54 ===
GET /admin/model/events/1345112214399733 [cb_admin] 200 30001ms

=INFO REPORT==== 16-Aug-2012::16:18:23 ===
POST /admin/model/heartbeat/29 [cb_admin] 200 0ms

=INFO REPORT==== 16-Aug-2012::16:18:24 ===
GET /admin/model/events/1345112244452201 [cb_admin] 200 30001ms

=INFO REPORT==== 16-Aug-2012::16:18:53 ===
POST /admin/model/heartbeat/29 [cb_admin] 200 0ms

=INFO REPORT==== 16-Aug-2012::16:18:54 ===
GET /admin/model/events/1345112274496081 [cb_admin] 200 30000ms

=INFO REPORT==== 16-Aug-2012::16:19:23 ===
POST /admin/model/heartbeat/29 [cb_admin] 200 0ms

=INFO REPORT==== 16-Aug-2012::16:19:24 ===
GET /admin/model/events/1345112304542623 [cb_admin] 200 30001ms

=ERROR REPORT==== 16-Aug-2012::16:19:50 ===
** Generic server <0.67.0> terminating 
** Last message in was {tcp_closed,#Port<0.4080>}
** When Server state == {state,<0.66.0>,gen_tcp,#Port<0.4080>,<<>>}
** Reason for termination == 
** sock_closed

=ERROR REPORT==== 16-Aug-2012::16:19:50 ===
** State machine <0.66.0> terminating 
** Last message in was {'EXIT',<0.67.0>,sock_closed}
** When State == ready
**      Data  == {state,undefined,<0.67.0>,5000,
                        [{<<"application_name">>,<<>>},
                         {<<"client_encoding">>,<<"UTF8">>},
                         {<<"DateStyle">>,<<"ISO, DMY">>},
                         {<<"integer_datetimes">>,<<"on">>},
                         {<<"IntervalStyle">>,<<"postgres">>},
                         {<<"is_superuser">>,<<"off">>},
                         {<<"server_encoding">>,<<"UTF8">>},
                         {<<"server_version">>,<<"9.1.4">>},
                         {<<"session_authorization">>,<<"helpdesk">>},
                         {<<"standard_conforming_strings">>,<<"on">>},
                         {<<"TimeZone">>,<<"localtime">>}],
                        undefined,undefined,undefined,
                        {17089,610083983},
                        {statement,[],[{column,<<"count">>,int8,8,-1,1}],[]},
                        73}
** Reason for termination = 
** sock_closed

=ERROR REPORT==== 16-Aug-2012::16:19:50 ===
** Generic server <0.75.0> terminating 
** Last message in was {tcp_closed,#Port<0.4082>}
** When Server state == {state,<0.74.0>,gen_tcp,#Port<0.4082>,<<>>}
** Reason for termination == 
** sock_closed

=ERROR REPORT==== 16-Aug-2012::16:19:50 ===
** Generic server <0.78.0> terminating 
** Last message in was {tcp_closed,#Port<0.4083>}
** When Server state == {state,<0.77.0>,gen_tcp,#Port<0.4083>,<<>>}
** Reason for termination == 
** sock_closed

=ERROR REPORT==== 16-Aug-2012::16:19:50 ===
** State machine <0.77.0> terminating 
** Last message in was {'EXIT',<0.78.0>,sock_closed}
** When State == ready
**      Data  == {state,undefined,<0.78.0>,5000,
                     [{<<"application_name">>,<<>>},
                      {<<"client_encoding">>,<<"UTF8">>},
                      {<<"DateStyle">>,<<"ISO, DMY">>},
                      {<<"integer_datetimes">>,<<"on">>},
                      {<<"IntervalStyle">>,<<"postgres">>},
                      {<<"is_superuser">>,<<"off">>},
                      {<<"server_encoding">>,<<"UTF8">>},
                      {<<"server_version">>,<<"9.1.4">>},
                      {<<"session_authorization">>,<<"helpdesk">>},
                      {<<"standard_conforming_strings">>,<<"on">>},
                      {<<"TimeZone">>,<<"localtime">>}],
                     undefined,undefined,undefined,
                     {17092,1226558086},
                     {statement,[],
                         [{column,<<"id">>,int4,4,-1,1},
                          {column,<<"name">>,varchar,-1,49,1},
                          {column,<<"note">>,varchar,-1,259,1},
                          {column,<<"creation_time">>,timestamp,8,-1,1},
                          {column,<<"change_time">>,timestamp,8,-1,1}],
                         [int4]},
                     73}
** Reason for termination = 
** sock_closed

=ERROR REPORT==== 16-Aug-2012::16:19:50 ===
** Generic server <0.81.0> terminating 
** Last message in was {tcp_closed,#Port<0.4084>}
** When Server state == {state,<0.80.0>,gen_tcp,#Port<0.4084>,<<>>}
** Reason for termination == 
** sock_closed

=ERROR REPORT==== 16-Aug-2012::16:19:50 ===
** State machine <0.74.0> terminating 
** Last message in was {'EXIT',<0.75.0>,sock_closed}
** When State == ready
**      Data  == {state,undefined,<0.75.0>,5000,
                        [{<<"application_name">>,<<>>},
                         {<<"client_encoding">>,<<"UTF8">>},
                         {<<"DateStyle">>,<<"ISO, DMY">>},
                         {<<"integer_datetimes">>,<<"on">>},
                         {<<"IntervalStyle">>,<<"postgres">>},
                         {<<"is_superuser">>,<<"off">>},
                         {<<"server_encoding">>,<<"UTF8">>},
                         {<<"server_version">>,<<"9.1.4">>},
                         {<<"session_authorization">>,<<"helpdesk">>},
                         {<<"standard_conforming_strings">>,<<"on">>},
                         {<<"TimeZone">>,<<"localtime">>}],
                        undefined,undefined,undefined,
                        {17091,1823676462},
                        {statement,[],[],[]},
                        73}
** Reason for termination = 
** sock_closed

=ERROR REPORT==== 16-Aug-2012::16:19:50 ===
** Generic server <0.154.0> terminating 
** Last message in was {tcp_closed,#Port<0.8665>}
** When Server state == {state,<0.153.0>,gen_tcp,#Port<0.8665>,<<>>}
** Reason for termination == 
** sock_closed

=ERROR REPORT==== 16-Aug-2012::16:19:50 ===
** State machine <0.153.0> terminating 
** Last message in was {'EXIT',<0.154.0>,sock_closed}
** When State == ready
**      Data  == {state,undefined,<0.154.0>,5000,
                     [{<<"application_name">>,<<>>},
                      {<<"client_encoding">>,<<"UTF8">>},
                      {<<"DateStyle">>,<<"ISO, DMY">>},
                      {<<"integer_datetimes">>,<<"on">>},
                      {<<"IntervalStyle">>,<<"postgres">>},
                      {<<"is_superuser">>,<<"off">>},
                      {<<"server_encoding">>,<<"UTF8">>},
                      {<<"server_version">>,<<"9.1.4">>},
                      {<<"session_authorization">>,<<"helpdesk">>},
                      {<<"standard_conforming_strings">>,<<"on">>},
                      {<<"TimeZone">>,<<"localtime">>}],
                     undefined,undefined,undefined,
                     {17094,771026112},
                     {statement,[],
                         [{column,<<"id">>,int4,4,-1,1},
                          {column,<<"name">>,varchar,-1,49,1},
                          {column,<<"note">>,varchar,-1,259,1},
                          {column,<<"creation_time">>,timestamp,8,-1,1},
                          {column,<<"change_time">>,timestamp,8,-1,1}],
                         []},
                     73}
** Reason for termination = 
** sock_closed

=ERROR REPORT==== 16-Aug-2012::16:19:50 ===
** State machine <0.80.0> terminating 
** Last message in was {'EXIT',<0.81.0>,sock_closed}
** When State == ready
**      Data  == {state,undefined,<0.81.0>,5000,
                     [{<<"application_name">>,<<>>},
                      {<<"client_encoding">>,<<"UTF8">>},
                      {<<"DateStyle">>,<<"ISO, DMY">>},
                      {<<"integer_datetimes">>,<<"on">>},
                      {<<"IntervalStyle">>,<<"postgres">>},
                      {<<"is_superuser">>,<<"off">>},
                      {<<"server_encoding">>,<<"UTF8">>},
                      {<<"server_version">>,<<"9.1.4">>},
                      {<<"session_authorization">>,<<"helpdesk">>},
                      {<<"standard_conforming_strings">>,<<"on">>},
                      {<<"TimeZone">>,<<"localtime">>}],
                     undefined,undefined,undefined,
                     {17093,1466837617},
                     {statement,[],
                         [{column,<<"id">>,int4,4,-1,1},
                          {column,<<"name">>,varchar,-1,49,1},
                          {column,<<"note">>,varchar,-1,259,1},
                          {column,<<"creation_time">>,timestamp,8,-1,1},
                          {column,<<"change_time">>,timestamp,8,-1,1}],
                         [int4]},
                     73}
** Reason for termination = 
** sock_closed

=ERROR REPORT==== 16-Aug-2012::16:19:50 ===
** Generic server <0.210.0> terminating 
** Last message in was {tcp_closed,#Port<0.10073>}
** When Server state == {state,<0.209.0>,gen_tcp,#Port<0.10073>,<<>>}
** Reason for termination == 
** sock_closed

=ERROR REPORT==== 16-Aug-2012::16:19:50 ===
** State machine boss_db_pool terminating 
** Last message in was {'EXIT',<0.76.0>,shutdown}
** When State == ready
**      Data  == {state,{[<0.152.0>,<0.65.0>,<0.79.0>,<0.76.0>],[<0.73.0>]},
                        <0.64.0>,
                        {[],[]},
                        [],5,0,10,#Fun<poolboy.0.67742198>,
                        #Fun<poolboy.1.84040303>}
** Reason for termination = 
** {{badmatch,{error,{{badmatch,{error,<<"57P03">>}},
                      [{boss_db_controller,init,1},
                       {gen_server,init_it,6},
                       {proc_lib,init_p_do_apply,3}]}}},
    [{poolboy,new_worker,2},
     {poolboy,handle_info,3},
     {gen_fsm,handle_msg,7},
     {proc_lib,init_p_do_apply,3}]}

=ERROR REPORT==== 16-Aug-2012::16:19:50 ===
** Generic server <0.64.0> terminating 
** Last message in was {'EXIT',<0.63.0>,
                           {{badmatch,
                                {error,
                                    {{badmatch,{error,<<"57P03">>}},
                                     [{boss_db_controller,init,1},
                                      {gen_server,init_it,6},
                                      {proc_lib,init_p_do_apply,3}]}}},
                            [{poolboy,new_worker,2},
                             {poolboy,handle_info,3},
                             {gen_fsm,handle_msg,7},
                             {proc_lib,init_p_do_apply,3}]}}
** When Server state == {state,
                            {<0.64.0>,poolboy_sup},
                            simple_one_for_one,
                            [{child,undefined,boss_db_controller,
                                 {boss_db_controller,start_link,
                                     [[{size,5},
                                       {max_overflow,10},
                                       {adapter,pgsql},
                                       {cache_enable,false},
                                       {shards,[]},
                                       {is_master_node,true},
                                       {db_database,"helpdesk"},
                                       {db_password,"qwerty"},
                                       {db_username,"helpdesk"},
                                       {db_host,"localhost"},
                                       {db_port,5432}]]},
                                 temporary,brutal_kill,worker,
                                 [boss_db_controller]}],
                            {set,0,16,16,8,80,48,
                                {[],[],[],[],[],[],[],[],[],[],[],[],[],[],[],
                                 []},
                                {{[],[],[],[],[],[],[],[],[],[],[],[],[],[],
                                  [],[]}}},
                            0,1,[],poolboy_sup,
                            {boss_db_controller,
                                [{size,5},
                                 {max_overflow,10},
                                 {adapter,pgsql},
                                 {cache_enable,false},
                                 {shards,[]},
                                 {is_master_node,true},
                                 {db_database,"helpdesk"},
                                 {db_password,"qwerty"},
                                 {db_username,"helpdesk"},
                                 {db_host,"localhost"},
                                 {db_port,5432}]}}
** Reason for termination == 
** {{badmatch,{error,{{badmatch,{error,<<"57P03">>}},
                      [{boss_db_controller,init,1},
                       {gen_server,init_it,6},
                       {proc_lib,init_p_do_apply,3}]}}},
    [{poolboy,new_worker,2},
     {poolboy,handle_info,3},
     {gen_fsm,handle_msg,7},
     {proc_lib,init_p_do_apply,3}]}

=ERROR REPORT==== 16-Aug-2012::16:19:50 ===
** Generic server <0.212.0> terminating 
** Last message in was {'EXIT',<0.211.0>,
                           {{badmatch,
                                {error,
                                    {{badmatch,{error,<<"57P03">>}},
                                     [{boss_db_controller,init,1},
                                      {gen_server,init_it,6},
                                      {proc_lib,init_p_do_apply,3}]}}},
                            [{poolboy,new_worker,2},
                             {poolboy,prepopulate,4},
                             {poolboy,init,2},
                             {gen_fsm,init_it,6},
                             {proc_lib,init_p_do_apply,3}]}}
** When Server state == {state,
                            {<0.212.0>,poolboy_sup},
                            simple_one_for_one,
                            [{child,undefined,boss_db_controller,
                                 {boss_db_controller,start_link,
                                     [[{size,5},
                                       {max_overflow,10},
                                       {adapter,pgsql},
                                       {cache_enable,false},
                                       {shards,[]},
                                       {is_master_node,true},
                                       {db_database,"helpdesk"},
                                       {db_password,"qwerty"},
                                       {db_username,"helpdesk"},
                                       {db_host,"localhost"},
                                       {db_port,5432}]]},
                                 temporary,brutal_kill,worker,
                                 [boss_db_controller]}],
                            {set,0,16,16,8,80,48,
                                {[],[],[],[],[],[],[],[],[],[],[],[],[],[],[],
                                 []},
                                {{[],[],[],[],[],[],[],[],[],[],[],[],[],[],
                                  [],[]}}},
                            0,1,[],poolboy_sup,
                            {boss_db_controller,
                                [{size,5},
                                 {max_overflow,10},
                                 {adapter,pgsql},
                                 {cache_enable,false},
                                 {shards,[]},
                                 {is_master_node,true},
                                 {db_database,"helpdesk"},
                                 {db_password,"qwerty"},
                                 {db_username,"helpdesk"},
                                 {db_host,"localhost"},
                                 {db_port,5432}]}}
** Reason for termination == 
** {{badmatch,{error,{{badmatch,{error,<<"57P03">>}},
                      [{boss_db_controller,init,1},
                       {gen_server,init_it,6},
                       {proc_lib,init_p_do_apply,3}]}}},
    [{poolboy,new_worker,2},
     {poolboy,prepopulate,4},
     {poolboy,init,2},
     {gen_fsm,init_it,6},
     {proc_lib,init_p_do_apply,3}]}

=ERROR REPORT==== 16-Aug-2012::16:19:50 ===
** Generic server <0.217.0> terminating 
** Last message in was {'EXIT',<0.216.0>,
                           {{badmatch,
                                {error,
                                    {{badmatch,{error,<<"57P03">>}},
                                     [{boss_db_controller,init,1},
                                      {gen_server,init_it,6},
                                      {proc_lib,init_p_do_apply,3}]}}},
                            [{poolboy,new_worker,2},
                             {poolboy,prepopulate,4},
                             {poolboy,init,2},
                             {gen_fsm,init_it,6},
                             {proc_lib,init_p_do_apply,3}]}}
** When Server state == {state,
                            {<0.217.0>,poolboy_sup},
                            simple_one_for_one,
                            [{child,undefined,boss_db_controller,
                                 {boss_db_controller,start_link,
                                     [[{size,5},
                                       {max_overflow,10},
                                       {adapter,pgsql},
                                       {cache_enable,false},
                                       {shards,[]},
                                       {is_master_node,true},
                                       {db_database,"helpdesk"},
                                       {db_password,"qwerty"},
                                       {db_username,"helpdesk"},
                                       {db_host,"localhost"},
                                       {db_port,5432}]]},
                                 temporary,brutal_kill,worker,
                                 [boss_db_controller]}],
                            {set,0,16,16,8,80,48,
                                {[],[],[],[],[],[],[],[],[],[],[],[],[],[],[],
                                 []},
                                {{[],[],[],[],[],[],[],[],[],[],[],[],[],[],
                                  [],[]}}},
                            0,1,[],poolboy_sup,
                            {boss_db_controller,
                                [{size,5},
                                 {max_overflow,10},
                                 {adapter,pgsql},
                                 {cache_enable,false},
                                 {shards,[]},
                                 {is_master_node,true},
                                 {db_database,"helpdesk"},
                                 {db_password,"qwerty"},
                                 {db_username,"helpdesk"},
                                 {db_host,"localhost"},
                                 {db_port,5432}]}}
** Reason for termination == 
** {{badmatch,{error,{{badmatch,{error,<<"57P03">>}},
                      [{boss_db_controller,init,1},
                       {gen_server,init_it,6},
                       {proc_lib,init_p_do_apply,3}]}}},
    [{poolboy,new_worker,2},
     {poolboy,prepopulate,4},
     {poolboy,init,2},
     {gen_fsm,init_it,6},
     {proc_lib,init_p_do_apply,3}]}

=ERROR REPORT==== 16-Aug-2012::16:19:50 ===
** Generic server <0.222.0> terminating 
** Last message in was {'EXIT',<0.221.0>,
                           {{badmatch,
                                {error,
                                    {{badmatch,{error,<<"57P03">>}},
                                     [{boss_db_controller,init,1},
                                      {gen_server,init_it,6},
                                      {proc_lib,init_p_do_apply,3}]}}},
                            [{poolboy,new_worker,2},
                             {poolboy,prepopulate,4},
                             {poolboy,init,2},
                             {gen_fsm,init_it,6},
                             {proc_lib,init_p_do_apply,3}]}}
** When Server state == {state,
                            {<0.222.0>,poolboy_sup},
                            simple_one_for_one,
                            [{child,undefined,boss_db_controller,
                                 {boss_db_controller,start_link,
                                     [[{size,5},
                                       {max_overflow,10},
                                       {adapter,pgsql},
                                       {cache_enable,false},
                                       {shards,[]},
                                       {is_master_node,true},
                                       {db_database,"helpdesk"},
                                       {db_password,"qwerty"},
                                       {db_username,"helpdesk"},
                                       {db_host,"localhost"},
                                       {db_port,5432}]]},
                                 temporary,brutal_kill,worker,
                                 [boss_db_controller]}],
                            {set,0,16,16,8,80,48,
                                {[],[],[],[],[],[],[],[],[],[],[],[],[],[],[],
                                 []},
                                {{[],[],[],[],[],[],[],[],[],[],[],[],[],[],
                                  [],[]}}},
                            0,1,[],poolboy_sup,
                            {boss_db_controller,
                                [{size,5},
                                 {max_overflow,10},
                                 {adapter,pgsql},
                                 {cache_enable,false},
                                 {shards,[]},
                                 {is_master_node,true},
                                 {db_database,"helpdesk"},
                                 {db_password,"qwerty"},
                                 {db_username,"helpdesk"},
                                 {db_host,"localhost"},
                                 {db_port,5432}]}}
** Reason for termination == 
** {{badmatch,{error,{{badmatch,{error,<<"57P03">>}},
                      [{boss_db_controller,init,1},
                       {gen_server,init_it,6},
                       {proc_lib,init_p_do_apply,3}]}}},
    [{poolboy,new_worker,2},
     {poolboy,prepopulate,4},
     {poolboy,init,2},
     {gen_fsm,init_it,6},
     {proc_lib,init_p_do_apply,3}]}

=ERROR REPORT==== 16-Aug-2012::16:19:50 ===
** Generic server <0.227.0> terminating 
** Last message in was {'EXIT',<0.226.0>,
                           {{badmatch,
                                {error,
                                    {{badmatch,{error,<<"57P03">>}},
                                     [{boss_db_controller,init,1},
                                      {gen_server,init_it,6},
                                      {proc_lib,init_p_do_apply,3}]}}},
                            [{poolboy,new_worker,2},
                             {poolboy,prepopulate,4},
                             {poolboy,init,2},
                             {gen_fsm,init_it,6},
                             {proc_lib,init_p_do_apply,3}]}}
** When Server state == {state,
                            {<0.227.0>,poolboy_sup},
                            simple_one_for_one,
                            [{child,undefined,boss_db_controller,
                                 {boss_db_controller,start_link,
                                     [[{size,5},
                                       {max_overflow,10},
                                       {adapter,pgsql},
                                       {cache_enable,false},
                                       {shards,[]},
                                       {is_master_node,true},
                                       {db_database,"helpdesk"},
                                       {db_password,"qwerty"},
                                       {db_username,"helpdesk"},
                                       {db_host,"localhost"},
                                       {db_port,5432}]]},
                                 temporary,brutal_kill,worker,
                                 [boss_db_controller]}],
                            {set,0,16,16,8,80,48,
                                {[],[],[],[],[],[],[],[],[],[],[],[],[],[],[],
                                 []},
                                {{[],[],[],[],[],[],[],[],[],[],[],[],[],[],
                                  [],[]}}},
                            0,1,[],poolboy_sup,
                            {boss_db_controller,
                                [{size,5},
                                 {max_overflow,10},
                                 {adapter,pgsql},
                                 {cache_enable,false},
                                 {shards,[]},
                                 {is_master_node,true},
                                 {db_database,"helpdesk"},
                                 {db_password,"qwerty"},
                                 {db_username,"helpdesk"},
                                 {db_host,"localhost"},
                                 {db_port,5432}]}}
** Reason for termination == 
** {{badmatch,{error,{{badmatch,{error,<<"57P03">>}},
                      [{boss_db_controller,init,1},
                       {gen_server,init_it,6},
                       {proc_lib,init_p_do_apply,3}]}}},
    [{poolboy,new_worker,2},
     {poolboy,prepopulate,4},
     {poolboy,init,2},
     {gen_fsm,init_it,6},
     {proc_lib,init_p_do_apply,3}]}

=ERROR REPORT==== 16-Aug-2012::16:19:50 ===
** Generic server <0.232.0> terminating 
** Last message in was {'EXIT',<0.231.0>,
                           {{badmatch,
                                {error,
                                    {{badmatch,{error,<<"57P03">>}},
                                     [{boss_db_controller,init,1},
                                      {gen_server,init_it,6},
                                      {proc_lib,init_p_do_apply,3}]}}},
                            [{poolboy,new_worker,2},
                             {poolboy,prepopulate,4},
                             {poolboy,init,2},
                             {gen_fsm,init_it,6},
                             {proc_lib,init_p_do_apply,3}]}}
** When Server state == {state,
                            {<0.232.0>,poolboy_sup},
                            simple_one_for_one,
                            [{child,undefined,boss_db_controller,
                                 {boss_db_controller,start_link,
                                     [[{size,5},
                                       {max_overflow,10},
                                       {adapter,pgsql},
                                       {cache_enable,false},
                                       {shards,[]},
                                       {is_master_node,true},
                                       {db_database,"helpdesk"},
                                       {db_password,"qwerty"},
                                       {db_username,"helpdesk"},
                                       {db_host,"localhost"},
                                       {db_port,5432}]]},
                                 temporary,brutal_kill,worker,
                                 [boss_db_controller]}],
                            {set,0,16,16,8,80,48,
                                {[],[],[],[],[],[],[],[],[],[],[],[],[],[],[],
                                 []},
                                {{[],[],[],[],[],[],[],[],[],[],[],[],[],[],
                                  [],[]}}},
                            0,1,[],poolboy_sup,
                            {boss_db_controller,
                                [{size,5},
                                 {max_overflow,10},
                                 {adapter,pgsql},
                                 {cache_enable,false},
                                 {shards,[]},
                                 {is_master_node,true},
                                 {db_database,"helpdesk"},
                                 {db_password,"qwerty"},
                                 {db_username,"helpdesk"},
                                 {db_host,"localhost"},
                                 {db_port,5432}]}}
** Reason for termination == 
** {{badmatch,{error,{{badmatch,{error,<<"57P03">>}},
                      [{boss_db_controller,init,1},
                       {gen_server,init_it,6},
                       {proc_lib,init_p_do_apply,3}]}}},
    [{poolboy,new_worker,2},
     {poolboy,prepopulate,4},
     {poolboy,init,2},
     {gen_fsm,init_it,6},
     {proc_lib,init_p_do_apply,3}]}

=ERROR REPORT==== 16-Aug-2012::16:19:50 ===
** Generic server <0.240.0> terminating 
** Last message in was {'$gen_cast',{send,<<88,0,0,0,4>>}}
** When Server state == {state,<0.239.0>,gen_tcp,#Port<0.10079>,<<>>}
** Reason for termination == 
** {{badmatch,{error,closed}},
    [{pgsql_sock,handle_cast,2},
     {gen_server,handle_msg,5},
     {proc_lib,init_p_do_apply,3}]}

=ERROR REPORT==== 16-Aug-2012::16:19:50 ===
** Generic server <0.237.0> terminating 
** Last message in was {'EXIT',<0.236.0>,
                           {{badmatch,
                                {error,
                                    {{badmatch,{error,<<"57P03">>}},
                                     [{boss_db_controller,init,1},
                                      {gen_server,init_it,6},
                                      {proc_lib,init_p_do_apply,3}]}}},
                            [{poolboy,new_worker,2},
                             {poolboy,prepopulate,4},
                             {poolboy,init,2},
                             {gen_fsm,init_it,6},
                             {proc_lib,init_p_do_apply,3}]}}
** When Server state == {state,
                            {<0.237.0>,poolboy_sup},
                            simple_one_for_one,
                            [{child,undefined,boss_db_controller,
                                 {boss_db_controller,start_link,
                                     [[{size,5},
                                       {max_overflow,10},
                                       {adapter,pgsql},
                                       {cache_enable,false},
                                       {shards,[]},
                                       {is_master_node,true},
                                       {db_database,"helpdesk"},
                                       {db_password,"qwerty"},
                                       {db_username,"helpdesk"},
                                       {db_host,"localhost"},
                                       {db_port,5432}]]},
                                 temporary,brutal_kill,worker,
                                 [boss_db_controller]}],
                            {set,0,16,16,8,80,48,
                                {[],[],[],[],[],[],[],[],[],[],[],[],[],[],[],
                                 []},
                                {{[],[],[],[],[],[],[],[],[],[],[],[],[],[],
                                  [],[]}}},
                            0,1,[],poolboy_sup,
                            {boss_db_controller,
                                [{size,5},
                                 {max_overflow,10},
                                 {adapter,pgsql},
                                 {cache_enable,false},
                                 {shards,[]},
                                 {is_master_node,true},
                                 {db_database,"helpdesk"},
                                 {db_password,"qwerty"},
                                 {db_username,"helpdesk"},
                                 {db_host,"localhost"},
                                 {db_port,5432}]}}
** Reason for termination == 
** {{badmatch,{error,{{badmatch,{error,<<"57P03">>}},
                      [{boss_db_controller,init,1},
                       {gen_server,init_it,6},
                       {proc_lib,init_p_do_apply,3}]}}},
    [{poolboy,new_worker,2},
     {poolboy,prepopulate,4},
     {poolboy,init,2},
     {gen_fsm,init_it,6},
     {proc_lib,init_p_do_apply,3}]}

=ERROR REPORT==== 16-Aug-2012::16:19:50 ===
** Generic server <0.242.0> terminating 
** Last message in was {'EXIT',<0.241.0>,
                           {{badmatch,
                                {error,
                                    {{badmatch,{error,<<"57P03">>}},
                                     [{boss_db_controller,init,1},
                                      {gen_server,init_it,6},
                                      {proc_lib,init_p_do_apply,3}]}}},
                            [{poolboy,new_worker,2},
                             {poolboy,prepopulate,4},
                             {poolboy,init,2},
                             {gen_fsm,init_it,6},
                             {proc_lib,init_p_do_apply,3}]}}
** When Server state == {state,
                            {<0.242.0>,poolboy_sup},
                            simple_one_for_one,
                            [{child,undefined,boss_db_controller,
                                 {boss_db_controller,start_link,
                                     [[{size,5},
                                       {max_overflow,10},
                                       {adapter,pgsql},
                                       {cache_enable,false},
                                       {shards,[]},
                                       {is_master_node,true},
                                       {db_database,"helpdesk"},
                                       {db_password,"qwerty"},
                                       {db_username,"helpdesk"},
                                       {db_host,"localhost"},
                                       {db_port,5432}]]},
                                 temporary,brutal_kill,worker,
                                 [boss_db_controller]}],
                            {set,0,16,16,8,80,48,
                                {[],[],[],[],[],[],[],[],[],[],[],[],[],[],[],
                                 []},
                                {{[],[],[],[],[],[],[],[],[],[],[],[],[],[],
                                  [],[]}}},
                            0,1,[],poolboy_sup,
                            {boss_db_controller,
                                [{size,5},
                                 {max_overflow,10},
                                 {adapter,pgsql},
                                 {cache_enable,false},
                                 {shards,[]},
                                 {is_master_node,true},
                                 {db_database,"helpdesk"},
                                 {db_password,"qwerty"},
                                 {db_username,"helpdesk"},
                                 {db_host,"localhost"},
                                 {db_port,5432}]}}
** Reason for termination == 
** {{badmatch,{error,{{badmatch,{error,<<"57P03">>}},
                      [{boss_db_controller,init,1},
                       {gen_server,init_it,6},
                       {proc_lib,init_p_do_apply,3}]}}},
    [{poolboy,new_worker,2},
     {poolboy,prepopulate,4},
     {poolboy,init,2},
     {gen_fsm,init_it,6},
     {proc_lib,init_p_do_apply,3}]}

=ERROR REPORT==== 16-Aug-2012::16:19:50 ===
** Generic server <0.247.0> terminating 
** Last message in was {'EXIT',<0.246.0>,
                           {{badmatch,
                                {error,
                                    {{badmatch,{error,<<"57P03">>}},
                                     [{boss_db_controller,init,1},
                                      {gen_server,init_it,6},
                                      {proc_lib,init_p_do_apply,3}]}}},
                            [{poolboy,new_worker,2},
                             {poolboy,prepopulate,4},
                             {poolboy,init,2},
                             {gen_fsm,init_it,6},
                             {proc_lib,init_p_do_apply,3}]}}
** When Server state == {state,
                            {<0.247.0>,poolboy_sup},
                            simple_one_for_one,
                            [{child,undefined,boss_db_controller,
                                 {boss_db_controller,start_link,
                                     [[{size,5},
                                       {max_overflow,10},
                                       {adapter,pgsql},
                                       {cache_enable,false},
                                       {shards,[]},
                                       {is_master_node,true},
                                       {db_database,"helpdesk"},
                                       {db_password,"qwerty"},
                                       {db_username,"helpdesk"},
                                       {db_host,"localhost"},
                                       {db_port,5432}]]},
                                 temporary,brutal_kill,worker,
                                 [boss_db_controller]}],
                            {set,0,16,16,8,80,48,
                                {[],[],[],[],[],[],[],[],[],[],[],[],[],[],[],
                                 []},
                                {{[],[],[],[],[],[],[],[],[],[],[],[],[],[],
                                  [],[]}}},
                            0,1,[],poolboy_sup,
                            {boss_db_controller,
                                [{size,5},
                                 {max_overflow,10},
                                 {adapter,pgsql},
                                 {cache_enable,false},
                                 {shards,[]},
                                 {is_master_node,true},
                                 {db_database,"helpdesk"},
                                 {db_password,"qwerty"},
                                 {db_username,"helpdesk"},
                                 {db_host,"localhost"},
                                 {db_port,5432}]}}
** Reason for termination == 
** {{badmatch,{error,{{badmatch,{error,<<"57P03">>}},
                      [{boss_db_controller,init,1},
                       {gen_server,init_it,6},
                       {proc_lib,init_p_do_apply,3}]}}},
    [{poolboy,new_worker,2},
     {poolboy,prepopulate,4},
     {poolboy,init,2},
     {gen_fsm,init_it,6},
     {proc_lib,init_p_do_apply,3}]}

=ERROR REPORT==== 16-Aug-2012::16:19:50 ===
** Generic server <0.252.0> terminating 
** Last message in was {'EXIT',<0.251.0>,
                           {{badmatch,
                                {error,
                                    {{badmatch,{error,<<"57P03">>}},
                                     [{boss_db_controller,init,1},
                                      {gen_server,init_it,6},
                                      {proc_lib,init_p_do_apply,3}]}}},
                            [{poolboy,new_worker,2},
                             {poolboy,prepopulate,4},
                             {poolboy,init,2},
                             {gen_fsm,init_it,6},
                             {proc_lib,init_p_do_apply,3}]}}
** When Server state == {state,
                            {<0.252.0>,poolboy_sup},
                            simple_one_for_one,
                            [{child,undefined,boss_db_controller,
                                 {boss_db_controller,start_link,
                                     [[{size,5},
                                       {max_overflow,10},
                                       {adapter,pgsql},
                                       {cache_enable,false},
                                       {shards,[]},
                                       {is_master_node,true},
                                       {db_database,"helpdesk"},
                                       {db_password,"qwerty"},
                                       {db_username,"helpdesk"},
                                       {db_host,"localhost"},
                                       {db_port,5432}]]},
                                 temporary,brutal_kill,worker,
                                 [boss_db_controller]}],
                            {set,0,16,16,8,80,48,
                                {[],[],[],[],[],[],[],[],[],[],[],[],[],[],[],
                                 []},
                                {{[],[],[],[],[],[],[],[],[],[],[],[],[],[],
                                  [],[]}}},
                            0,1,[],poolboy_sup,
                            {boss_db_controller,
                                [{size,5},
                                 {max_overflow,10},
                                 {adapter,pgsql},
                                 {cache_enable,false},
                                 {shards,[]},
                                 {is_master_node,true},
                                 {db_database,"helpdesk"},
                                 {db_password,"qwerty"},
                                 {db_username,"helpdesk"},
                                 {db_host,"localhost"},
                                 {db_port,5432}]}}
** Reason for termination == 
** {{badmatch,{error,{{badmatch,{error,<<"57P03">>}},
                      [{boss_db_controller,init,1},
                       {gen_server,init_it,6},
                       {proc_lib,init_p_do_apply,3}]}}},
    [{poolboy,new_worker,2},
     {poolboy,prepopulate,4},
     {poolboy,init,2},
     {gen_fsm,init_it,6},
     {proc_lib,init_p_do_apply,3}]}

=ERROR REPORT==== 16-Aug-2012::16:19:50 ===
** Generic server <0.257.0> terminating 
** Last message in was {'EXIT',<0.256.0>,
                           {{badmatch,
                                {error,
                                    {{badmatch,{error,<<"57P03">>}},
                                     [{boss_db_controller,init,1},
                                      {gen_server,init_it,6},
                                      {proc_lib,init_p_do_apply,3}]}}},
                            [{poolboy,new_worker,2},
                             {poolboy,prepopulate,4},
                             {poolboy,init,2},
                             {gen_fsm,init_it,6},
                             {proc_lib,init_p_do_apply,3}]}}
** When Server state == {state,
                            {<0.257.0>,poolboy_sup},
                            simple_one_for_one,
                            [{child,undefined,boss_db_controller,
                                 {boss_db_controller,start_link,
                                     [[{size,5},
                                       {max_overflow,10},
                                       {adapter,pgsql},
                                       {cache_enable,false},
                                       {shards,[]},
                                       {is_master_node,true},
                                       {db_database,"helpdesk"},
                                       {db_password,"qwerty"},
                                       {db_username,"helpdesk"},
                                       {db_host,"localhost"},
                                       {db_port,5432}]]},
                                 temporary,brutal_kill,worker,
                                 [boss_db_controller]}],
                            {set,0,16,16,8,80,48,
                                {[],[],[],[],[],[],[],[],[],[],[],[],[],[],[],
                                 []},
                                {{[],[],[],[],[],[],[],[],[],[],[],[],[],[],
                                  [],[]}}},
                            0,1,[],poolboy_sup,
                            {boss_db_controller,
                                [{size,5},
                                 {max_overflow,10},
                                 {adapter,pgsql},
                                 {cache_enable,false},
                                 {shards,[]},
                                 {is_master_node,true},
                                 {db_database,"helpdesk"},
                                 {db_password,"qwerty"},
                                 {db_username,"helpdesk"},
                                 {db_host,"localhost"},
                                 {db_port,5432}]}}
** Reason for termination == 
** {{badmatch,{error,{{badmatch,{error,<<"57P03">>}},
                      [{boss_db_controller,init,1},
                       {gen_server,init_it,6},
                       {proc_lib,init_p_do_apply,3}]}}},
    [{poolboy,new_worker,2},
     {poolboy,prepopulate,4},
     {poolboy,init,2},
     {gen_fsm,init_it,6},
     {proc_lib,init_p_do_apply,3}]}
