
=INFO REPORT==== 16-Aug-2012::22:09:10 ===
Starting Boss in development mode....

=INFO REPORT==== 16-Aug-2012::22:09:10 ===
Starting master services on 'helpdesk@simba-Aspire-4920'

=INFO REPORT==== 16-Aug-2012::22:09:10 ===
SSL:[]

=INFO REPORT==== 16-Aug-2012::22:09:10 ===
Loading routes from "../cb_admin/priv/cb_admin.routes" ....

=INFO REPORT==== 16-Aug-2012::22:09:11 ===
Loading routes from "/home/simba/hacking/erlang/helpdesk/priv/helpdesk.routes" ....

=INFO REPORT==== 16-Aug-2012::22:09:15 ===
GET /admin/model/model [cb_admin] 200 16ms

=INFO REPORT==== 16-Aug-2012::22:09:16 ===
GET /admin/model/model/request [cb_admin] 200 16ms

=INFO REPORT==== 16-Aug-2012::22:09:17 ===
GET /admin/model/create/request [cb_admin] 200 2ms

=INFO REPORT==== 16-Aug-2012::22:09:21 ===
POST /admin/model/create/request [cb_admin] 302 27ms

=INFO REPORT==== 16-Aug-2012::22:09:21 ===
GET /admin/model/show/request-2 [cb_admin] 200 10ms

=INFO REPORT==== 16-Aug-2012::22:09:21 ===
POST /admin/model/watch [cb_admin] 200 4ms

=INFO REPORT==== 16-Aug-2012::22:09:33 ===
GET /admin/ [cb_admin] 200 20ms
