
=INFO REPORT==== 20-Aug-2012::17:48:07 ===
Starting Boss in development mode....

=INFO REPORT==== 20-Aug-2012::17:48:07 ===
Starting master services on 'helpdesk@simba-Aspire-4920'

=INFO REPORT==== 20-Aug-2012::17:48:07 ===
SSL:[]

=INFO REPORT==== 20-Aug-2012::17:48:07 ===
Loading routes from "../cb_admin/priv/cb_admin.routes" ....

=INFO REPORT==== 20-Aug-2012::17:48:07 ===
Loading routes from "/home/simba/hacking/erlang/helpdesk/priv/helpdesk.routes" ....

=INFO REPORT==== 20-Aug-2012::17:48:10 ===
Loading routes from "/home/simba/hacking/erlang/helpdesk/priv/helpdesk.routes" ....

=INFO REPORT==== 20-Aug-2012::17:48:10 ===
POST /user/login [helpdesk] 200 197ms

=INFO REPORT==== 20-Aug-2012::17:48:15 ===
Loading routes from "/home/simba/hacking/erlang/helpdesk/priv/helpdesk.routes" ....

=INFO REPORT==== 20-Aug-2012::17:48:15 ===
POST /user/login [helpdesk] 200 217ms

=INFO REPORT==== 20-Aug-2012::17:48:23 ===
Loading routes from "/home/simba/hacking/erlang/helpdesk/priv/helpdesk.routes" ....

=INFO REPORT==== 20-Aug-2012::17:48:23 ===
POST /user/login [helpdesk] 200 218ms

=INFO REPORT==== 20-Aug-2012::17:48:26 ===
Loading routes from "/home/simba/hacking/erlang/helpdesk/priv/helpdesk.routes" ....

=INFO REPORT==== 20-Aug-2012::17:48:26 ===
GET /user/logout [helpdesk] 302 230ms

=INFO REPORT==== 20-Aug-2012::17:48:26 ===
Loading routes from "/home/simba/hacking/erlang/helpdesk/priv/helpdesk.routes" ....

=INFO REPORT==== 20-Aug-2012::17:48:26 ===
GET / [helpdesk] 200 223ms

=INFO REPORT==== 20-Aug-2012::17:48:27 ===
Loading routes from "/home/simba/hacking/erlang/helpdesk/priv/helpdesk.routes" ....

=INFO REPORT==== 20-Aug-2012::17:48:27 ===
GET /user/login [helpdesk] 200 230ms

=INFO REPORT==== 20-Aug-2012::17:48:35 ===
Loading routes from "/home/simba/hacking/erlang/helpdesk/priv/helpdesk.routes" ....

=INFO REPORT==== 20-Aug-2012::17:48:35 ===
POST /user/login [helpdesk] 200 219ms
