
=INFO REPORT==== 20-Aug-2012::17:52:02 ===
Starting Boss in development mode....

=INFO REPORT==== 20-Aug-2012::17:52:02 ===
Starting master services on 'helpdesk@simba-Aspire-4920'

=INFO REPORT==== 20-Aug-2012::17:52:02 ===
SSL:[]

=INFO REPORT==== 20-Aug-2012::17:52:02 ===
Loading routes from "../cb_admin/priv/cb_admin.routes" ....

=INFO REPORT==== 20-Aug-2012::17:52:03 ===
Loading routes from "/home/simba/hacking/erlang/helpdesk/priv/helpdesk.routes" ....

=INFO REPORT==== 20-Aug-2012::17:52:04 ===
Loading routes from "/home/simba/hacking/erlang/helpdesk/priv/helpdesk.routes" ....

=INFO REPORT==== 20-Aug-2012::17:52:05 ===
GET / [helpdesk] 200 200ms

=INFO REPORT==== 20-Aug-2012::17:52:13 ===
Loading routes from "/home/simba/hacking/erlang/helpdesk/priv/helpdesk.routes" ....

=INFO REPORT==== 20-Aug-2012::17:52:13 ===
GET /depart/index [helpdesk] 200 249ms

=INFO REPORT==== 20-Aug-2012::17:52:20 ===
Loading routes from "/home/simba/hacking/erlang/helpdesk/priv/helpdesk.routes" ....

=INFO REPORT==== 20-Aug-2012::17:52:21 ===
GET /depart/edit/depart-1 [helpdesk] 200 232ms

=INFO REPORT==== 20-Aug-2012::17:52:27 ===
Loading routes from "/home/simba/hacking/erlang/helpdesk/priv/helpdesk.routes" ....

=INFO REPORT==== 20-Aug-2012::17:52:28 ===
POST /depart/edit/depart-1 [helpdesk] 302 270ms

=INFO REPORT==== 20-Aug-2012::17:52:28 ===
Loading routes from "/home/simba/hacking/erlang/helpdesk/priv/helpdesk.routes" ....

=ERROR REPORT==== 20-Aug-2012::17:52:28 ===
{function_clause,
    [{erlydtl_filters,date,[undefined,<<"j N Y, H:i">>]},
     {helpdesk_view_depart_index_html,'-render_internal/4-fun-2-',3},
     {lists,mapfoldl,3},
     {erlydtl_runtime,forloop,3},
     {helpdesk_view_depart_index_html,render_internal,4},
     {helpdesk_view_depart_index_html,render,2},
     {boss_web_controller,render_view,6},
     {boss_web_controller,execute_action,5}]}

=ERROR REPORT==== 20-Aug-2012::17:52:28 ===
GET /depart/index [helpdesk] 500 234ms

=INFO REPORT==== 20-Aug-2012::17:52:41 ===
Loading routes from "/home/simba/hacking/erlang/helpdesk/priv/helpdesk.routes" ....

=ERROR REPORT==== 20-Aug-2012::17:52:41 ===
{function_clause,
    [{erlydtl_filters,date,[undefined,<<"j N Y, H:i">>]},
     {helpdesk_view_depart_index_html,'-render_internal/4-fun-2-',3},
     {lists,mapfoldl,3},
     {erlydtl_runtime,forloop,3},
     {helpdesk_view_depart_index_html,render_internal,4},
     {helpdesk_view_depart_index_html,render,2},
     {boss_web_controller,render_view,6},
     {boss_web_controller,execute_action,5}]}

=ERROR REPORT==== 20-Aug-2012::17:52:41 ===
GET /depart/index [helpdesk] 500 242ms

=INFO REPORT==== 20-Aug-2012::17:52:44 ===
Loading routes from "/home/simba/hacking/erlang/helpdesk/priv/helpdesk.routes" ....

=ERROR REPORT==== 20-Aug-2012::17:52:44 ===
{function_clause,
    [{erlydtl_filters,date,[undefined,<<"j N Y, H:i">>]},
     {helpdesk_view_depart_index_html,'-render_internal/4-fun-2-',3},
     {lists,mapfoldl,3},
     {erlydtl_runtime,forloop,3},
     {helpdesk_view_depart_index_html,render_internal,4},
     {helpdesk_view_depart_index_html,render,2},
     {boss_web_controller,render_view,6},
     {boss_web_controller,execute_action,5}]}

=ERROR REPORT==== 20-Aug-2012::17:52:44 ===
GET /depart/index [helpdesk] 500 242ms

=INFO REPORT==== 20-Aug-2012::17:52:51 ===
Loading routes from "/home/simba/hacking/erlang/helpdesk/priv/helpdesk.routes" ....

=ERROR REPORT==== 20-Aug-2012::17:52:52 ===
{function_clause,
    [{erlydtl_filters,date,[undefined,<<"j N Y, H:i">>]},
     {helpdesk_view_depart_index_html,'-render_internal/4-fun-2-',3},
     {lists,mapfoldl,3},
     {erlydtl_runtime,forloop,3},
     {helpdesk_view_depart_index_html,render_internal,4},
     {helpdesk_view_depart_index_html,render,2},
     {boss_web_controller,render_view,6},
     {boss_web_controller,execute_action,5}]}

=ERROR REPORT==== 20-Aug-2012::17:52:52 ===
GET /depart/index [helpdesk] 500 250ms

=INFO REPORT==== 20-Aug-2012::17:53:16 ===
Loading routes from "/home/simba/hacking/erlang/helpdesk/priv/helpdesk.routes" ....

=ERROR REPORT==== 20-Aug-2012::17:53:17 ===
{function_clause,
    [{erlydtl_filters,date,[undefined,<<"j N Y, H:i">>]},
     {helpdesk_view_depart_index_html,'-render_internal/4-fun-2-',3},
     {lists,mapfoldl,3},
     {erlydtl_runtime,forloop,3},
     {helpdesk_view_depart_index_html,render_internal,4},
     {helpdesk_view_depart_index_html,render,2},
     {boss_web_controller,render_view,6},
     {boss_web_controller,execute_action,5}]}

=ERROR REPORT==== 20-Aug-2012::17:53:17 ===
GET /depart/index [helpdesk] 500 239ms

=INFO REPORT==== 20-Aug-2012::17:53:24 ===
GET /admin [cb_admin] 200 7ms

=INFO REPORT==== 20-Aug-2012::17:53:26 ===
GET /admin/model/model [cb_admin] 200 7ms

=INFO REPORT==== 20-Aug-2012::17:53:27 ===
GET /admin/model/model/depart [cb_admin] 200 14ms

=INFO REPORT==== 20-Aug-2012::17:53:27 ===
POST /admin/model/watch [cb_admin] 200 4ms

=INFO REPORT==== 20-Aug-2012::17:53:30 ===
GET /admin/model/show/depart-1 [cb_admin] 200 6ms

=INFO REPORT==== 20-Aug-2012::17:53:30 ===
POST /admin/model/watch [cb_admin] 200 0ms

=INFO REPORT==== 20-Aug-2012::17:53:33 ===
GET /admin/model/edit/depart-1 [cb_admin] 200 6ms

=INFO REPORT==== 20-Aug-2012::17:53:36 ===
POST /admin/model/edit/depart-1 [cb_admin] 302 42ms

=INFO REPORT==== 20-Aug-2012::17:53:36 ===
GET /admin/model/events/1345463607429885 [cb_admin] 200 8447ms

=INFO REPORT==== 20-Aug-2012::17:53:36 ===
GET /admin/model/events/1345463610405875 [cb_admin] 200 5459ms

=INFO REPORT==== 20-Aug-2012::17:53:36 ===
GET /admin/model/show/depart-1 [cb_admin] 200 4ms

=INFO REPORT==== 20-Aug-2012::17:53:36 ===
POST /admin/model/watch [cb_admin] 200 0ms

=INFO REPORT==== 20-Aug-2012::17:53:39 ===
GET /admin/model/model [cb_admin] 200 4ms

=INFO REPORT==== 20-Aug-2012::17:54:06 ===
GET /admin/model/events/1345463616067382 [cb_admin] 200 30001ms

=INFO REPORT==== 20-Aug-2012::17:54:14 ===
GET /admin/model/model/cl_user [cb_admin] 200 8ms

=INFO REPORT==== 20-Aug-2012::17:54:14 ===
POST /admin/model/watch [cb_admin] 200 0ms

=INFO REPORT==== 20-Aug-2012::17:54:19 ===
GET /admin/model/model/depart [cb_admin] 200 5ms

=INFO REPORT==== 20-Aug-2012::17:54:19 ===
POST /admin/model/watch [cb_admin] 200 0ms

=INFO REPORT==== 20-Aug-2012::17:54:44 ===
GET /admin/model/events/1345463654451680 [cb_admin] 200 30001ms

=INFO REPORT==== 20-Aug-2012::17:54:49 ===
GET /admin/model/events/1345463659386167 [cb_admin] 200 30000ms

=INFO REPORT==== 20-Aug-2012::17:54:49 ===
POST /admin/model/heartbeat/4 [cb_admin] 200 0ms

=INFO REPORT==== 20-Aug-2012::17:55:13 ===
GET /admin/model/model [cb_admin] 200 4ms

=INFO REPORT==== 20-Aug-2012::17:55:16 ===
Loading routes from "/home/simba/hacking/erlang/helpdesk/priv/helpdesk.routes" ....

=INFO REPORT==== 20-Aug-2012::17:55:17 ===
GET / [helpdesk] 200 241ms

=INFO REPORT==== 20-Aug-2012::17:55:18 ===
Loading routes from "/home/simba/hacking/erlang/helpdesk/priv/helpdesk.routes" ....

=INFO REPORT==== 20-Aug-2012::17:55:18 ===
GET /depart/index [helpdesk] 200 251ms

=INFO REPORT==== 20-Aug-2012::17:55:19 ===
GET /admin/model/events/1345463659571823 [cb_admin] 200 30001ms

=INFO REPORT==== 20-Aug-2012::17:55:25 ===
Loading routes from "/home/simba/hacking/erlang/helpdesk/priv/helpdesk.routes" ....

=INFO REPORT==== 20-Aug-2012::17:55:25 ===
GET /depart/edit/depart-2 [helpdesk] 200 239ms

=INFO REPORT==== 20-Aug-2012::17:55:30 ===
Loading routes from "/home/simba/hacking/erlang/helpdesk/priv/helpdesk.routes" ....

=INFO REPORT==== 20-Aug-2012::17:55:30 ===
POST /depart/edit/depart-2 [helpdesk] 302 311ms

=INFO REPORT==== 20-Aug-2012::17:55:30 ===
Loading routes from "/home/simba/hacking/erlang/helpdesk/priv/helpdesk.routes" ....

=INFO REPORT==== 20-Aug-2012::17:55:30 ===
GET /depart/index [helpdesk] 200 243ms

=INFO REPORT==== 20-Aug-2012::17:55:37 ===
Loading routes from "/home/simba/hacking/erlang/helpdesk/priv/helpdesk.routes" ....

=INFO REPORT==== 20-Aug-2012::17:55:37 ===
GET /depart/edit/depart-1 [helpdesk] 200 249ms

=INFO REPORT==== 20-Aug-2012::17:55:39 ===
Loading routes from "/home/simba/hacking/erlang/helpdesk/priv/helpdesk.routes" ....

=ERROR REPORT==== 20-Aug-2012::17:55:39 ===
** Generic server boss_news terminating 
** Last message in was {updated,"depart-1",
                           [{id,"depart-1"},
                            {name,
                                [208,158,209,130,208,180,208,181,208,187,32,
                                 208,152,208,162]},
                            {note,
                                [208,158,209,130,208,180,208,181,208,187,32,
                                 208,184,208,189,209,132,208,190,209,128,208,
                                 188,208,176,209,134,208,184,208,190,208,189,
                                 208,189,209,139,209,133,32,209,130,208,181,
                                 209,133,208,189,208,190,208,187,208,190,208,
                                 179,208,184,208,185,46]},
                            {creation_time,{{2012,8,20},{11,53,36}}},
                            {change_time,{{2012,8,20},{17,52,28}}}],
                           [{id,"depart-1"},
                            {name,
                                [208,158,209,130,208,180,208,181,208,187,32,
                                 208,152,208,162]},
                            {note,
                                [208,158,209,130,208,180,208,181,208,187,32,
                                 208,184,208,189,209,132,208,190,209,128,208,
                                 188,208,176,209,134,208,184,208,190,208,189,
                                 208,189,209,139,209,133,32,209,130,208,181,
                                 209,133,208,189,208,190,208,187,208,190,208,
                                 179,208,184,208,185,46]},
                            {creation_time,{{2012,8,20},{11,53,36}}},
                            {change_time,{{2012,8,20},{17,55,39}}}]}
** When Server state == {state,
                         {dict,1,16,16,8,80,48,
                          {[],[],[],[],[],[],[],[],[],[],[],[],[],[],[],[]},
                          {{[],[],[],[],[],[],[],[],[],[],[],[],
                            [[4|
                              {watch,
                               [{id_attr,"depart-2","*"},
                                {id_attr,"depart-1","*"}],
                               #Fun<cb_admin_lib.push_update.3>,
                               "admindc1f61abbc2f6f90b9c330631fa90d0e83753ce0",
                               1345463749,60}]],
                            [],[],[]}}},
                         {1,{1345463749,[4],nil,nil}},
                         {dict,0,16,16,8,80,48,
                          {[],[],[],[],[],[],[],[],[],[],[],[],[],[],[],[]},
                          {{[],[],[],[],[],[],[],[],[],[],[],[],[],[],[],[]}}},
                         {dict,0,16,16,8,80,48,
                          {[],[],[],[],[],[],[],[],[],[],[],[],[],[],[],[]},
                          {{[],[],[],[],[],[],[],[],[],[],[],[],[],[],[],[]}}},
                         {dict,0,16,16,8,80,48,
                          {[],[],[],[],[],[],[],[],[],[],[],[],[],[],[],[]},
                          {{[],[],[],[],[],[],[],[],[],[],[],[],[],[],[],[]}}},
                         {dict,2,16,16,8,80,48,
                          {[],[],[],[],[],[],[],[],[],[],[],[],[],[],[],[]},
                          {{[],[],[],[],[],
                            [["depart-1",4,0]],
                            [],[],[],[],
                            [["depart-2",4]],
                            [],[],[],[],[]}}},
                         5}
** Reason for termination == 
** {badarg,[{dict,fetch,
                  [0,
                   {dict,1,16,16,8,80,48,
                         {[],[],[],[],[],[],[],[],[],[],[],[],[],[],[],[]},
                         {{[],[],[],[],[],[],[],[],[],[],[],[],
                           [[4|
                             {watch,[{id_attr,"depart-2","*"},
                                     {id_attr,"depart-1","*"}],
                                    #Fun<cb_admin_lib.push_update.3>,
                                    "admindc1f61abbc2f6f90b9c330631fa90d0e83753ce0",
                                    1345463749,60}]],
                           [],[],[]}}}]},
            {boss_news_controller,'-handle_call/3-fun-6-',10},
            {lists,foldr,3},
            {boss_news_controller,handle_call,3},
            {gen_server,handle_msg,5},
            {proc_lib,init_p_do_apply,3}]}

=ERROR REPORT==== 20-Aug-2012::17:55:39 ===
{{badarg,[{dict,fetch,
                [0,
                 {dict,1,16,16,8,80,48,
                       {[],[],[],[],[],[],[],[],[],[],[],[],[],[],[],[]},
                       {{[],[],[],[],[],[],[],[],[],[],[],[],
                         [[4|
                           {watch,[{id_attr,"depart-2","*"},
                                   {id_attr,"depart-1","*"}],
                                  #Fun<cb_admin_lib.push_update.3>,
                                  "admindc1f61abbc2f6f90b9c330631fa90d0e83753ce0",
                                  1345463749,60}]],
                         [],[],[]}}}]},
          {boss_news_controller,'-handle_call/3-fun-6-',10},
          {lists,foldr,3},
          {boss_news_controller,handle_call,3},
          {gen_server,handle_msg,5},
          {proc_lib,init_p_do_apply,3}]},
 {gen_server,call,
             [{global,boss_news},
              {updated,"depart-1",
                       [{id,"depart-1"},
                        {name,[208,158,209,130,208,180,208,181,208,187,32,208,
                               152,208,162]},
                        {note,[208,158,209,130,208,180,208,181,208,187,32,208,
                               184,208,189,209,132,208,190,209,128,208,188,
                               208,176,209,134,208,184,208,190,208,189,208,
                               189,209,139,209,133,32,209,130,208,181,209,133,
                               208,189,208,190,208,187,208,190,208,179,208,
                               184,208,185,46]},
                        {creation_time,{{2012,8,20},{11,53,36}}},
                        {change_time,{{2012,8,20},{17,52,28}}}],
                       [{id,"depart-1"},
                        {name,[208,158,209,130,208,180,208,181,208,187,32,208,
                               152,208,162]},
                        {note,[208,158,209,130,208,180,208,181,208,187,32,208,
                               184,208,189,209,132,208,190,209,128,208,188,
                               208,176,209,134,208,184,208,190,208,189,208,
                               189,209,139,209,133,32,209,130,208,181,209,133,
                               208,189,208,190,208,187,208,190,208,179,208,
                               184,208,185,46]},
                        {creation_time,{{2012,8,20},{11,53,36}}},
                        {change_time,{{2012,8,20},{17,55,39}}}]}]}}

=ERROR REPORT==== 20-Aug-2012::17:55:39 ===
POST /depart/edit/depart-1 [helpdesk] 500 315ms

=INFO REPORT==== 20-Aug-2012::17:55:59 ===
Loading routes from "/home/simba/hacking/erlang/helpdesk/priv/helpdesk.routes" ....

=INFO REPORT==== 20-Aug-2012::17:55:59 ===
GET /depart/index [helpdesk] 200 249ms

=INFO REPORT==== 20-Aug-2012::17:56:02 ===
Loading routes from "/home/simba/hacking/erlang/helpdesk/priv/helpdesk.routes" ....

=INFO REPORT==== 20-Aug-2012::17:56:02 ===
GET /depart/show/depart-1 [helpdesk] 200 251ms

=INFO REPORT==== 20-Aug-2012::17:56:08 ===
Loading routes from "/home/simba/hacking/erlang/helpdesk/priv/helpdesk.routes" ....

=INFO REPORT==== 20-Aug-2012::17:56:08 ===
GET /depart/edit/depart-2 [helpdesk] 200 250ms

=INFO REPORT==== 20-Aug-2012::17:56:11 ===
Loading routes from "/home/simba/hacking/erlang/helpdesk/priv/helpdesk.routes" ....

=INFO REPORT==== 20-Aug-2012::17:56:11 ===
GET /depart/show/depart-2 [helpdesk] 200 260ms

=INFO REPORT==== 20-Aug-2012::17:56:15 ===
Loading routes from "/home/simba/hacking/erlang/helpdesk/priv/helpdesk.routes" ....

=INFO REPORT==== 20-Aug-2012::17:56:15 ===
GET /depart/show/depart-1 [helpdesk] 200 262ms

=INFO REPORT==== 20-Aug-2012::17:56:22 ===
Loading routes from "/home/simba/hacking/erlang/helpdesk/priv/helpdesk.routes" ....

=INFO REPORT==== 20-Aug-2012::17:56:23 ===
GET /depart/show/depart-2 [helpdesk] 200 250ms

=INFO REPORT==== 20-Aug-2012::17:56:29 ===
Loading routes from "/home/simba/hacking/erlang/helpdesk/priv/helpdesk.routes" ....

=INFO REPORT==== 20-Aug-2012::17:56:30 ===
GET /depart/edit/depart-1 [helpdesk] 200 244ms

=INFO REPORT==== 20-Aug-2012::17:56:31 ===
Loading routes from "/home/simba/hacking/erlang/helpdesk/priv/helpdesk.routes" ....

=INFO REPORT==== 20-Aug-2012::17:56:31 ===
POST /depart/edit/depart-1 [helpdesk] 302 273ms

=INFO REPORT==== 20-Aug-2012::17:56:31 ===
Loading routes from "/home/simba/hacking/erlang/helpdesk/priv/helpdesk.routes" ....

=INFO REPORT==== 20-Aug-2012::17:56:31 ===
GET /depart/index [helpdesk] 200 242ms

=INFO REPORT==== 20-Aug-2012::17:56:34 ===
Loading routes from "/home/simba/hacking/erlang/helpdesk/priv/helpdesk.routes" ....

=INFO REPORT==== 20-Aug-2012::17:56:34 ===
GET /depart/edit/depart-2 [helpdesk] 200 252ms

=INFO REPORT==== 20-Aug-2012::17:56:35 ===
Loading routes from "/home/simba/hacking/erlang/helpdesk/priv/helpdesk.routes" ....

=INFO REPORT==== 20-Aug-2012::17:56:36 ===
POST /depart/edit/depart-2 [helpdesk] 302 333ms

=INFO REPORT==== 20-Aug-2012::17:56:36 ===
Loading routes from "/home/simba/hacking/erlang/helpdesk/priv/helpdesk.routes" ....

=INFO REPORT==== 20-Aug-2012::17:56:36 ===
GET /depart/index [helpdesk] 200 244ms

=INFO REPORT==== 20-Aug-2012::17:56:38 ===
Loading routes from "/home/simba/hacking/erlang/helpdesk/priv/helpdesk.routes" ....

=INFO REPORT==== 20-Aug-2012::17:56:38 ===
GET /depart/edit/depart-2 [helpdesk] 200 265ms

=INFO REPORT==== 20-Aug-2012::17:56:39 ===
Loading routes from "/home/simba/hacking/erlang/helpdesk/priv/helpdesk.routes" ....

=INFO REPORT==== 20-Aug-2012::17:56:40 ===
POST /depart/edit/depart-2 [helpdesk] 302 295ms

=INFO REPORT==== 20-Aug-2012::17:56:40 ===
Loading routes from "/home/simba/hacking/erlang/helpdesk/priv/helpdesk.routes" ....

=INFO REPORT==== 20-Aug-2012::17:56:40 ===
GET /depart/index [helpdesk] 200 243ms

=INFO REPORT==== 20-Aug-2012::17:56:41 ===
Loading routes from "/home/simba/hacking/erlang/helpdesk/priv/helpdesk.routes" ....

=INFO REPORT==== 20-Aug-2012::17:56:42 ===
GET /depart/edit/depart-1 [helpdesk] 200 249ms

=INFO REPORT==== 20-Aug-2012::17:56:42 ===
Loading routes from "/home/simba/hacking/erlang/helpdesk/priv/helpdesk.routes" ....

=INFO REPORT==== 20-Aug-2012::17:56:43 ===
POST /depart/edit/depart-1 [helpdesk] 302 305ms

=INFO REPORT==== 20-Aug-2012::17:56:43 ===
Loading routes from "/home/simba/hacking/erlang/helpdesk/priv/helpdesk.routes" ....

=INFO REPORT==== 20-Aug-2012::17:56:43 ===
GET /depart/index [helpdesk] 200 241ms

=INFO REPORT==== 20-Aug-2012::17:56:50 ===
Loading routes from "/home/simba/hacking/erlang/helpdesk/priv/helpdesk.routes" ....

=ERROR REPORT==== 20-Aug-2012::17:56:50 ===
{function_clause,
    [{erlydtl_filters,date,[undefined,<<"j N Y, H:i">>]},
     {helpdesk_view_request_index_html,'-render_internal/4-fun-2-',3},
     {lists,mapfoldl,3},
     {erlydtl_runtime,forloop,3},
     {helpdesk_view_request_index_html,render_internal,4},
     {helpdesk_view_request_index_html,render,2},
     {boss_web_controller,render_view,6},
     {boss_web_controller,execute_action,5}]}

=ERROR REPORT==== 20-Aug-2012::17:56:50 ===
GET /request/index [helpdesk] 500 252ms

=INFO REPORT==== 20-Aug-2012::18:00:24 ===
Loading routes from "/home/simba/hacking/erlang/helpdesk/priv/helpdesk.routes" ....

=ERROR REPORT==== 20-Aug-2012::18:00:24 ===
{function_clause,
    [{erlydtl_filters,date,[undefined,<<"j N Y, H:i">>]},
     {helpdesk_view_request_index_html,'-render_internal/4-fun-2-',3},
     {lists,mapfoldl,3},
     {erlydtl_runtime,forloop,3},
     {helpdesk_view_request_index_html,render_internal,4},
     {helpdesk_view_request_index_html,render,2},
     {boss_web_controller,render_view,6},
     {boss_web_controller,execute_action,5}]}

=ERROR REPORT==== 20-Aug-2012::18:00:24 ===
GET /request/index [helpdesk] 500 250ms

=INFO REPORT==== 20-Aug-2012::18:01:21 ===
Loading routes from "/home/simba/hacking/erlang/helpdesk/priv/helpdesk.routes" ....

=ERROR REPORT==== 20-Aug-2012::18:01:21 ===
{function_clause,
    [{erlydtl_filters,date,[undefined,<<"j N Y, H:i">>]},
     {helpdesk_view_request_index_html,'-render_internal/4-fun-2-',3},
     {lists,mapfoldl,3},
     {erlydtl_runtime,forloop,3},
     {helpdesk_view_request_index_html,render_internal,4},
     {helpdesk_view_request_index_html,render,2},
     {boss_web_controller,render_view,6},
     {boss_web_controller,execute_action,5}]}

=ERROR REPORT==== 20-Aug-2012::18:01:21 ===
GET /request/index [helpdesk] 500 346ms

=INFO REPORT==== 20-Aug-2012::18:01:43 ===
GET /admin [cb_admin] 200 2ms

=INFO REPORT==== 20-Aug-2012::18:01:45 ===
GET /admin/model/model [cb_admin] 200 4ms

=INFO REPORT==== 20-Aug-2012::18:01:46 ===
GET /admin/model/model/request [cb_admin] 200 8ms

=INFO REPORT==== 20-Aug-2012::18:01:46 ===
POST /admin/model/watch [cb_admin] 200 0ms

=INFO REPORT==== 20-Aug-2012::18:01:54 ===
GET /admin/model/show/request-1 [cb_admin] 200 5ms

=INFO REPORT==== 20-Aug-2012::18:01:54 ===
POST /admin/model/watch [cb_admin] 200 0ms

=INFO REPORT==== 20-Aug-2012::18:01:58 ===
GET /admin/model/edit/request-1 [cb_admin] 200 5ms

=INFO REPORT==== 20-Aug-2012::18:02:03 ===
POST /admin/model/edit/request-1 [cb_admin] 302 43ms

=INFO REPORT==== 20-Aug-2012::18:02:03 ===
GET /admin/model/events/1345464106576374 [cb_admin] 200 16719ms

=INFO REPORT==== 20-Aug-2012::18:02:03 ===
GET /admin/model/events/1345464114138525 [cb_admin] 200 9099ms

=INFO REPORT==== 20-Aug-2012::18:02:03 ===
GET /admin/model/show/request-1 [cb_admin] 200 4ms

=INFO REPORT==== 20-Aug-2012::18:02:03 ===
POST /admin/model/watch [cb_admin] 200 0ms

=INFO REPORT==== 20-Aug-2012::18:02:33 ===
GET /admin/model/events/1345464123485515 [cb_admin] 200 30001ms

=INFO REPORT==== 20-Aug-2012::18:02:33 ===
POST /admin/model/heartbeat/2 [cb_admin] 200 0ms

=INFO REPORT==== 20-Aug-2012::18:03:03 ===
POST /admin/model/heartbeat/2 [cb_admin] 200 0ms

=INFO REPORT==== 20-Aug-2012::18:03:03 ===
GET /admin/model/events/1345464123724000 [cb_admin] 200 30001ms

=INFO REPORT==== 20-Aug-2012::18:03:33 ===
POST /admin/model/heartbeat/2 [cb_admin] 200 0ms

=INFO REPORT==== 20-Aug-2012::18:03:33 ===
GET /admin/model/events/1345464153741106 [cb_admin] 200 30001ms

=INFO REPORT==== 20-Aug-2012::18:04:03 ===
POST /admin/model/heartbeat/2 [cb_admin] 200 0ms

=INFO REPORT==== 20-Aug-2012::18:04:03 ===
GET /admin/model/events/1345464183794339 [cb_admin] 200 30002ms

=INFO REPORT==== 20-Aug-2012::18:04:33 ===
POST /admin/model/heartbeat/2 [cb_admin] 200 0ms

=INFO REPORT==== 20-Aug-2012::18:04:33 ===
GET /admin/model/events/1345464213845113 [cb_admin] 200 30001ms

=INFO REPORT==== 20-Aug-2012::18:05:03 ===
POST /admin/model/heartbeat/2 [cb_admin] 200 0ms

=INFO REPORT==== 20-Aug-2012::18:05:03 ===
GET /admin/model/events/1345464243893281 [cb_admin] 200 30000ms

=INFO REPORT==== 20-Aug-2012::18:05:33 ===
POST /admin/model/heartbeat/2 [cb_admin] 200 0ms

=INFO REPORT==== 20-Aug-2012::18:05:33 ===
GET /admin/model/events/1345464273939841 [cb_admin] 200 30000ms

=INFO REPORT==== 20-Aug-2012::18:06:03 ===
POST /admin/model/heartbeat/2 [cb_admin] 200 0ms

=INFO REPORT==== 20-Aug-2012::18:06:04 ===
GET /admin/model/events/1345464303990678 [cb_admin] 200 30000ms

=INFO REPORT==== 20-Aug-2012::18:06:33 ===
POST /admin/model/heartbeat/2 [cb_admin] 200 0ms

=INFO REPORT==== 20-Aug-2012::18:06:34 ===
GET /admin/model/events/1345464334039925 [cb_admin] 200 30001ms

=INFO REPORT==== 20-Aug-2012::18:07:03 ===
POST /admin/model/heartbeat/2 [cb_admin] 200 0ms

=INFO REPORT==== 20-Aug-2012::18:07:04 ===
GET /admin/model/events/1345464364088430 [cb_admin] 200 30001ms

=INFO REPORT==== 20-Aug-2012::18:07:33 ===
POST /admin/model/heartbeat/2 [cb_admin] 200 0ms

=INFO REPORT==== 20-Aug-2012::18:07:34 ===
GET /admin/model/events/1345464394136298 [cb_admin] 200 30001ms

=INFO REPORT==== 20-Aug-2012::18:08:03 ===
POST /admin/model/heartbeat/2 [cb_admin] 200 0ms

=INFO REPORT==== 20-Aug-2012::18:08:04 ===
GET /admin/model/events/1345464424184336 [cb_admin] 200 30000ms
