
=INFO REPORT==== 15-Aug-2012::16:15:13 ===
Starting Boss in development mode....

=INFO REPORT==== 15-Aug-2012::16:15:13 ===
Starting master services on 'helpdesk@simba-Aspire-4920'

=INFO REPORT==== 15-Aug-2012::16:15:13 ===
SSL:[]

=INFO REPORT==== 15-Aug-2012::16:15:13 ===
Loading routes from "../cb_admin/priv/cb_admin.routes" ....

=INFO REPORT==== 15-Aug-2012::16:15:13 ===
Loading routes from "/home/simba/hacking/erlang/helpdesk/priv/helpdesk.routes" ....

=INFO REPORT==== 15-Aug-2012::16:15:17 ===
GET /admin/ [cb_admin] 200 15ms

=INFO REPORT==== 15-Aug-2012::16:22:46 ===
GET /admin/model/model [cb_admin] 200 5ms

=INFO REPORT==== 15-Aug-2012::16:22:48 ===
GET /admin/model/model/request [cb_admin] 200 65ms

=INFO REPORT==== 15-Aug-2012::16:22:48 ===
GET /admin/model/create/request [cb_admin] 200 3ms

=INFO REPORT==== 15-Aug-2012::16:23:17 ===
POST /admin/model/create/request [cb_admin] 302 1141ms

=INFO REPORT==== 15-Aug-2012::16:23:17 ===
GET /admin/model/show/request-502b7894ded5660ba4000001 [cb_admin] 200 105ms

=INFO REPORT==== 15-Aug-2012::16:23:17 ===
POST /admin/model/watch [cb_admin] 200 5ms

=INFO REPORT==== 15-Aug-2012::16:23:19 ===
GET /admin/model/model/request [cb_admin] 200 7ms

=INFO REPORT==== 15-Aug-2012::16:23:19 ===
POST /admin/model/watch [cb_admin] 200 0ms

=INFO REPORT==== 15-Aug-2012::16:23:28 ===
GET /doc/request [helpdesk] 200 308ms

=ERROR REPORT==== 15-Aug-2012::16:23:28 ===
GET /doc/stylesheet.css [helpdesk] 404 0ms

=ERROR REPORT==== 15-Aug-2012::16:23:28 ===
GET /doc/erlang.png [helpdesk] 404 0ms

=INFO REPORT==== 15-Aug-2012::16:23:30 ===
POST /admin/model/watch [cb_admin] 200 0ms

=INFO REPORT==== 15-Aug-2012::16:23:33 ===
GET /admin/model/show/request-502b7894ded5660ba4000001 [cb_admin] 200 6ms

=INFO REPORT==== 15-Aug-2012::16:23:33 ===
POST /admin/model/watch [cb_admin] 200 0ms

=INFO REPORT==== 15-Aug-2012::16:23:41 ===
GET /admin/model/edit/request-502b7894ded5660ba4000001 [cb_admin] 200 5ms

=INFO REPORT==== 15-Aug-2012::16:23:45 ===
GET /admin/model/events/1345026197455444 [cb_admin] 200 27451ms

=INFO REPORT==== 15-Aug-2012::16:23:45 ===
GET /admin/model/events/1345026199377620 [cb_admin] 200 25595ms

=INFO REPORT==== 15-Aug-2012::16:23:45 ===
GET /admin/model/events/1345026199377620 [cb_admin] 200 14375ms

=INFO REPORT==== 15-Aug-2012::16:23:45 ===
GET /admin/model/events/1345026213585499 [cb_admin] 200 11354ms

=INFO REPORT==== 15-Aug-2012::16:23:45 ===
POST /admin/model/edit/request-502b7894ded5660ba4000001 [cb_admin] 302 10ms

=INFO REPORT==== 15-Aug-2012::16:23:45 ===
GET /admin/model/show/request-502b7894ded5660ba4000001 [cb_admin] 200 4ms

=INFO REPORT==== 15-Aug-2012::16:23:45 ===
POST /admin/model/watch [cb_admin] 200 0ms

=INFO REPORT==== 15-Aug-2012::16:23:48 ===
GET /admin/model/show/request-502b7894ded5660ba4000001 [cb_admin] 200 8ms

=INFO REPORT==== 15-Aug-2012::16:23:48 ===
POST /admin/model/watch [cb_admin] 200 0ms

=INFO REPORT==== 15-Aug-2012::16:24:15 ===
GET /admin/model/events/1345026225143345 [cb_admin] 200 30001ms

=INFO REPORT==== 15-Aug-2012::16:24:18 ===
POST /admin/model/heartbeat/5 [cb_admin] 200 0ms

=INFO REPORT==== 15-Aug-2012::16:24:18 ===
GET /admin/model/events/1345026228850512 [cb_admin] 200 30000ms

=INFO REPORT==== 15-Aug-2012::16:24:48 ===
POST /admin/model/heartbeat/5 [cb_admin] 200 0ms

=INFO REPORT==== 15-Aug-2012::16:24:48 ===
GET /admin/model/events/1345026228987510 [cb_admin] 200 30000ms

=INFO REPORT==== 15-Aug-2012::16:25:18 ===
POST /admin/model/heartbeat/5 [cb_admin] 200 0ms

=INFO REPORT==== 15-Aug-2012::16:25:19 ===
GET /admin/model/events/1345026258999837 [cb_admin] 200 30000ms

=INFO REPORT==== 15-Aug-2012::16:25:48 ===
POST /admin/model/heartbeat/5 [cb_admin] 200 0ms

=INFO REPORT==== 15-Aug-2012::16:25:49 ===
GET /admin/model/events/1345026289046834 [cb_admin] 200 30000ms

=INFO REPORT==== 15-Aug-2012::16:26:18 ===
POST /admin/model/heartbeat/5 [cb_admin] 200 0ms

=INFO REPORT==== 15-Aug-2012::16:26:19 ===
GET /admin/model/events/1345026319093611 [cb_admin] 200 30001ms

=INFO REPORT==== 15-Aug-2012::16:26:49 ===
POST /admin/model/heartbeat/5 [cb_admin] 200 0ms

=INFO REPORT==== 15-Aug-2012::16:26:49 ===
GET /admin/model/events/1345026349141645 [cb_admin] 200 30001ms

=INFO REPORT==== 15-Aug-2012::16:27:19 ===
POST /admin/model/heartbeat/5 [cb_admin] 200 0ms

=INFO REPORT==== 15-Aug-2012::16:27:19 ===
GET /admin/model/events/1345026379186454 [cb_admin] 200 30001ms

=INFO REPORT==== 15-Aug-2012::16:27:49 ===
POST /admin/model/heartbeat/5 [cb_admin] 200 0ms

=INFO REPORT==== 15-Aug-2012::16:27:49 ===
GET /admin/model/events/1345026409234369 [cb_admin] 200 30000ms

=INFO REPORT==== 15-Aug-2012::16:28:19 ===
POST /admin/model/heartbeat/5 [cb_admin] 200 0ms

=INFO REPORT==== 15-Aug-2012::16:28:19 ===
GET /admin/model/events/1345026439278682 [cb_admin] 200 30000ms
